{"/home/blackohma/Epitech/msc2026/T9/remindy_esp/frontend_mobile/app/_layout.tsx": {"path":"/home/blackohma/Epitech/msc2026/T9/remindy_esp/frontend_mobile/app/_layout.tsx","statementMap":{"0":{"start":{"line":7,"column":2},"end":{"line":32,"column":4}}},"fnMap":{"0":{"name":"RootLayout","decl":{"start":{"line":6,"column":24},"end":{"line":6,"column":34}},"loc":{"start":{"line":6,"column":37},"end":{"line":33,"column":1}},"line":6}},"branchMap":{},"s":{"0":0},"f":{"0":0},"b":{}}
,"/home/blackohma/Epitech/msc2026/T9/remindy_esp/frontend_mobile/app/index.tsx": {"path":"/home/blackohma/Epitech/msc2026/T9/remindy_esp/frontend_mobile/app/index.tsx","statementMap":{"0":{"start":{"line":18,"column":32},"end":{"line":18,"column":46}},"1":{"start":{"line":19,"column":28},"end":{"line":19,"column":40}},"2":{"start":{"line":20,"column":34},"end":{"line":20,"column":46}},"3":{"start":{"line":21,"column":48},"end":{"line":21,"column":60}},"4":{"start":{"line":22,"column":36},"end":{"line":22,"column":48}},"5":{"start":{"line":23,"column":34},"end":{"line":23,"column":46}},"6":{"start":{"line":24,"column":32},"end":{"line":24,"column":47}},"7":{"start":{"line":25,"column":28},"end":{"line":25,"column":40}},"8":{"start":{"line":27,"column":17},"end":{"line":27,"column":28}},"9":{"start":{"line":28,"column":71},"end":{"line":28,"column":80}},"10":{"start":{"line":30,"column":2},"end":{"line":34,"column":37}},"11":{"start":{"line":31,"column":4},"end":{"line":33,"column":5}},"12":{"start":{"line":32,"column":6},"end":{"line":32,"column":42}},"13":{"start":{"line":36,"column":24},"end":{"line":39,"column":3}},"14":{"start":{"line":37,"column":23},"end":{"line":37,"column":51}},"15":{"start":{"line":38,"column":4},"end":{"line":38,"column":34}},"16":{"start":{"line":41,"column":23},"end":{"line":77,"column":3}},"17":{"start":{"line":42,"column":4},"end":{"line":44,"column":5}},"18":{"start":{"line":43,"column":6},"end":{"line":43,"column":33}},"19":{"start":{"line":46,"column":4},"end":{"line":48,"column":5}},"20":{"start":{"line":47,"column":6},"end":{"line":47,"column":50}},"21":{"start":{"line":50,"column":4},"end":{"line":52,"column":5}},"22":{"start":{"line":51,"column":6},"end":{"line":51,"column":36}},"23":{"start":{"line":54,"column":4},"end":{"line":56,"column":5}},"24":{"start":{"line":55,"column":6},"end":{"line":55,"column":54}},"25":{"start":{"line":58,"column":4},"end":{"line":74,"column":5}},"26":{"start":{"line":59,"column":6},"end":{"line":61,"column":7}},"27":{"start":{"line":60,"column":8},"end":{"line":60,"column":40}},"28":{"start":{"line":63,"column":6},"end":{"line":65,"column":7}},"29":{"start":{"line":64,"column":8},"end":{"line":64,"column":39}},"30":{"start":{"line":67,"column":6},"end":{"line":69,"column":7}},"31":{"start":{"line":68,"column":8},"end":{"line":68,"column":46}},"32":{"start":{"line":71,"column":6},"end":{"line":73,"column":7}},"33":{"start":{"line":72,"column":8},"end":{"line":72,"column":40}},"34":{"start":{"line":76,"column":4},"end":{"line":76,"column":16}},"35":{"start":{"line":79,"column":21},"end":{"line":117,"column":3}},"36":{"start":{"line":80,"column":4},"end":{"line":80,"column":17}},"37":{"start":{"line":82,"column":28},"end":{"line":82,"column":42}},"38":{"start":{"line":83,"column":4},"end":{"line":86,"column":5}},"39":{"start":{"line":84,"column":6},"end":{"line":84,"column":32}},"40":{"start":{"line":85,"column":6},"end":{"line":85,"column":13}},"41":{"start":{"line":88,"column":4},"end":{"line":88,"column":21}},"42":{"start":{"line":90,"column":4},"end":{"line":116,"column":5}},"43":{"start":{"line":91,"column":6},"end":{"line":100,"column":7}},"44":{"start":{"line":92,"column":8},"end":{"line":92,"column":44}},"45":{"start":{"line":94,"column":8},"end":{"line":99,"column":10}},"46":{"start":{"line":103,"column":6},"end":{"line":103,"column":40}},"47":{"start":{"line":104,"column":27},"end":{"line":107,"column":7}},"48":{"start":{"line":109,"column":6},"end":{"line":109,"column":29}},"49":{"start":{"line":110,"column":6},"end":{"line":113,"column":8}},"50":{"start":{"line":115,"column":6},"end":{"line":115,"column":24}},"51":{"start":{"line":119,"column":2},"end":{"line":126,"column":3}},"52":{"start":{"line":120,"column":4},"end":{"line":125,"column":6}},"53":{"start":{"line":128,"column":2},"end":{"line":240,"column":4}},"54":{"start":{"line":225,"column":14},"end":{"line":225,"column":35}},"55":{"start":{"line":226,"column":14},"end":{"line":226,"column":27}},"56":{"start":{"line":243,"column":15},"end":{"line":314,"column":2}}},"fnMap":{"0":{"name":"AuthScreen","decl":{"start":{"line":17,"column":24},"end":{"line":17,"column":34}},"loc":{"start":{"line":17,"column":37},"end":{"line":241,"column":1}},"line":17},"1":{"name":"(anonymous_1)","decl":{"start":{"line":30,"column":12},"end":{"line":30,"column":13}},"loc":{"start":{"line":30,"column":18},"end":{"line":34,"column":3}},"line":30},"2":{"name":"(anonymous_2)","decl":{"start":{"line":36,"column":24},"end":{"line":36,"column":25}},"loc":{"start":{"line":36,"column":52},"end":{"line":39,"column":3}},"line":36},"3":{"name":"(anonymous_3)","decl":{"start":{"line":41,"column":23},"end":{"line":41,"column":24}},"loc":{"start":{"line":41,"column":44},"end":{"line":77,"column":3}},"line":41},"4":{"name":"(anonymous_4)","decl":{"start":{"line":79,"column":21},"end":{"line":79,"column":22}},"loc":{"start":{"line":79,"column":33},"end":{"line":117,"column":3}},"line":79},"5":{"name":"(anonymous_5)","decl":{"start":{"line":224,"column":21},"end":{"line":224,"column":22}},"loc":{"start":{"line":224,"column":27},"end":{"line":227,"column":13}},"line":224}},"branchMap":{"0":{"loc":{"start":{"line":31,"column":4},"end":{"line":33,"column":5}},"type":"if","locations":[{"start":{"line":31,"column":4},"end":{"line":33,"column":5}},{"start":{},"end":{}}],"line":31},"1":{"loc":{"start":{"line":31,"column":8},"end":{"line":31,"column":39}},"type":"binary-expr","locations":[{"start":{"line":31,"column":8},"end":{"line":31,"column":23}},{"start":{"line":31,"column":27},"end":{"line":31,"column":39}}],"line":31},"2":{"loc":{"start":{"line":42,"column":4},"end":{"line":44,"column":5}},"type":"if","locations":[{"start":{"line":42,"column":4},"end":{"line":44,"column":5}},{"start":{},"end":{}}],"line":42},"3":{"loc":{"start":{"line":46,"column":4},"end":{"line":48,"column":5}},"type":"if","locations":[{"start":{"line":46,"column":4},"end":{"line":48,"column":5}},{"start":{},"end":{}}],"line":46},"4":{"loc":{"start":{"line":50,"column":4},"end":{"line":52,"column":5}},"type":"if","locations":[{"start":{"line":50,"column":4},"end":{"line":52,"column":5}},{"start":{},"end":{}}],"line":50},"5":{"loc":{"start":{"line":54,"column":4},"end":{"line":56,"column":5}},"type":"if","locations":[{"start":{"line":54,"column":4},"end":{"line":56,"column":5}},{"start":{},"end":{}}],"line":54},"6":{"loc":{"start":{"line":58,"column":4},"end":{"line":74,"column":5}},"type":"if","locations":[{"start":{"line":58,"column":4},"end":{"line":74,"column":5}},{"start":{},"end":{}}],"line":58},"7":{"loc":{"start":{"line":59,"column":6},"end":{"line":61,"column":7}},"type":"if","locations":[{"start":{"line":59,"column":6},"end":{"line":61,"column":7}},{"start":{},"end":{}}],"line":59},"8":{"loc":{"start":{"line":63,"column":6},"end":{"line":65,"column":7}},"type":"if","locations":[{"start":{"line":63,"column":6},"end":{"line":65,"column":7}},{"start":{},"end":{}}],"line":63},"9":{"loc":{"start":{"line":67,"column":6},"end":{"line":69,"column":7}},"type":"if","locations":[{"start":{"line":67,"column":6},"end":{"line":69,"column":7}},{"start":{},"end":{}}],"line":67},"10":{"loc":{"start":{"line":71,"column":6},"end":{"line":73,"column":7}},"type":"if","locations":[{"start":{"line":71,"column":6},"end":{"line":73,"column":7}},{"start":{},"end":{}}],"line":71},"11":{"loc":{"start":{"line":83,"column":4},"end":{"line":86,"column":5}},"type":"if","locations":[{"start":{"line":83,"column":4},"end":{"line":86,"column":5}},{"start":{},"end":{}}],"line":83},"12":{"loc":{"start":{"line":91,"column":6},"end":{"line":100,"column":7}},"type":"if","locations":[{"start":{"line":91,"column":6},"end":{"line":100,"column":7}},{"start":{"line":93,"column":13},"end":{"line":100,"column":7}}],"line":91},"13":{"loc":{"start":{"line":106,"column":11},"end":{"line":106,"column":45}},"type":"cond-expr","locations":[{"start":{"line":106,"column":21},"end":{"line":106,"column":28}},{"start":{"line":106,"column":31},"end":{"line":106,"column":45}}],"line":106},"14":{"loc":{"start":{"line":111,"column":8},"end":{"line":111,"column":56}},"type":"cond-expr","locations":[{"start":{"line":111,"column":18},"end":{"line":111,"column":32}},{"start":{"line":111,"column":35},"end":{"line":111,"column":56}}],"line":111},"15":{"loc":{"start":{"line":119,"column":2},"end":{"line":126,"column":3}},"type":"if","locations":[{"start":{"line":119,"column":2},"end":{"line":126,"column":3}},{"start":{},"end":{}}],"line":119},"16":{"loc":{"start":{"line":130,"column":16},"end":{"line":130,"column":60}},"type":"cond-expr","locations":[{"start":{"line":130,"column":40},"end":{"line":130,"column":49}},{"start":{"line":130,"column":52},"end":{"line":130,"column":60}}],"line":130},"17":{"loc":{"start":{"line":136,"column":11},"end":{"line":136,"column":52}},"type":"cond-expr","locations":[{"start":{"line":136,"column":21},"end":{"line":136,"column":32}},{"start":{"line":136,"column":35},"end":{"line":136,"column":52}}],"line":136},"18":{"loc":{"start":{"line":140,"column":11},"end":{"line":144,"column":18}},"type":"cond-expr","locations":[{"start":{"line":141,"column":12},"end":{"line":143,"column":19}},{"start":{"line":144,"column":14},"end":{"line":144,"column":18}}],"line":140},"19":{"loc":{"start":{"line":146,"column":11},"end":{"line":170,"column":11}},"type":"binary-expr","locations":[{"start":{"line":146,"column":11},"end":{"line":146,"column":19}},{"start":{"line":147,"column":12},"end":{"line":169,"column":15}}],"line":146},"20":{"loc":{"start":{"line":195,"column":11},"end":{"line":206,"column":11}},"type":"binary-expr","locations":[{"start":{"line":195,"column":11},"end":{"line":195,"column":19}},{"start":{"line":196,"column":12},"end":{"line":205,"column":14}}],"line":195},"21":{"loc":{"start":{"line":209,"column":35},"end":{"line":209,"column":67}},"type":"binary-expr","locations":[{"start":{"line":209,"column":35},"end":{"line":209,"column":42}},{"start":{"line":209,"column":46},"end":{"line":209,"column":67}}],"line":209},"22":{"loc":{"start":{"line":214,"column":13},"end":{"line":220,"column":13}},"type":"cond-expr","locations":[{"start":{"line":215,"column":14},"end":{"line":215,"column":48}},{"start":{"line":217,"column":14},"end":{"line":219,"column":21}}],"line":214},"23":{"loc":{"start":{"line":218,"column":17},"end":{"line":218,"column":56}},"type":"cond-expr","locations":[{"start":{"line":218,"column":27},"end":{"line":218,"column":41}},{"start":{"line":218,"column":44},"end":{"line":218,"column":56}}],"line":218},"24":{"loc":{"start":{"line":231,"column":45},"end":{"line":231,"column":81}},"type":"binary-expr","locations":[{"start":{"line":231,"column":45},"end":{"line":231,"column":52}},{"start":{"line":231,"column":56},"end":{"line":231,"column":81}}],"line":231},"25":{"loc":{"start":{"line":232,"column":15},"end":{"line":234,"column":49}},"type":"cond-expr","locations":[{"start":{"line":233,"column":18},"end":{"line":233,"column":46}},{"start":{"line":234,"column":18},"end":{"line":234,"column":49}}],"line":232}},"s":{"0":20,"1":20,"2":20,"3":20,"4":20,"5":20,"6":20,"7":20,"8":20,"9":20,"10":20,"11":7,"12":0,"13":20,"14":1,"15":1,"16":20,"17":1,"18":0,"19":1,"20":0,"21":1,"22":0,"23":1,"24":0,"25":1,"26":1,"27":0,"28":1,"29":0,"30":1,"31":0,"32":1,"33":0,"34":1,"35":20,"36":1,"37":1,"38":1,"39":0,"40":0,"41":1,"42":1,"43":1,"44":0,"45":1,"46":0,"47":0,"48":0,"49":0,"50":1,"51":20,"52":0,"53":20,"54":4,"55":4,"56":1},"f":{"0":20,"1":7,"2":1,"3":1,"4":1,"5":4},"b":{"0":[0,7],"1":[7,0],"2":[0,1],"3":[0,1],"4":[0,1],"5":[0,1],"6":[1,0],"7":[0,1],"8":[0,1],"9":[0,1],"10":[0,1],"11":[0,1],"12":[0,1],"13":[0,0],"14":[0,0],"15":[0,20],"16":[20,0],"17":[10,10],"18":[0,20],"19":[20,10],"20":[20,10],"21":[20,1],"22":[1,19],"23":[10,9],"24":[20,1],"25":[10,10]},"_coverageSchema":"1a1c01bbd47fc00a2c39e90264f33305004495a9","hash":"eb47def63edae026e9db973df939b7f3692473cd"}
,"/home/blackohma/Epitech/msc2026/T9/remindy_esp/frontend_mobile/app/(tabs)/_layout.tsx": {"path":"/home/blackohma/Epitech/msc2026/T9/remindy_esp/frontend_mobile/app/(tabs)/_layout.tsx","statementMap":{"0":{"start":{"line":12,"column":19},"end":{"line":12,"column":30}},"1":{"start":{"line":13,"column":43},"end":{"line":13,"column":52}},"2":{"start":{"line":15,"column":4},"end":{"line":19,"column":37}},"3":{"start":{"line":16,"column":8},"end":{"line":18,"column":9}},"4":{"start":{"line":17,"column":12},"end":{"line":17,"column":32}},"5":{"start":{"line":21,"column":4},"end":{"line":27,"column":5}},"6":{"start":{"line":22,"column":8},"end":{"line":26,"column":10}},"7":{"start":{"line":29,"column":4},"end":{"line":29,"column":38}},"8":{"start":{"line":29,"column":26},"end":{"line":29,"column":38}},"9":{"start":{"line":31,"column":25},"end":{"line":31,"column":63}},"10":{"start":{"line":31,"column":48},"end":{"line":31,"column":62}},"11":{"start":{"line":32,"column":25},"end":{"line":32,"column":64}},"12":{"start":{"line":32,"column":48},"end":{"line":32,"column":63}},"13":{"start":{"line":34,"column":4},"end":{"line":79,"column":6}},"14":{"start":{"line":53,"column":20},"end":{"line":67,"column":22}},"15":{"start":{"line":60,"column":32},"end":{"line":64,"column":34}},"16":{"start":{"line":70,"column":20},"end":{"line":74,"column":22}}},"fnMap":{"0":{"name":"TabLayout","decl":{"start":{"line":11,"column":24},"end":{"line":11,"column":33}},"loc":{"start":{"line":11,"column":36},"end":{"line":80,"column":1}},"line":11},"1":{"name":"(anonymous_1)","decl":{"start":{"line":15,"column":14},"end":{"line":15,"column":15}},"loc":{"start":{"line":15,"column":20},"end":{"line":19,"column":5}},"line":15},"2":{"name":"(anonymous_2)","decl":{"start":{"line":31,"column":43},"end":{"line":31,"column":44}},"loc":{"start":{"line":31,"column":48},"end":{"line":31,"column":62}},"line":31},"3":{"name":"(anonymous_3)","decl":{"start":{"line":32,"column":43},"end":{"line":32,"column":44}},"loc":{"start":{"line":32,"column":48},"end":{"line":32,"column":63}},"line":32},"4":{"name":"(anonymous_4)","decl":{"start":{"line":52,"column":34},"end":{"line":52,"column":35}},"loc":{"start":{"line":53,"column":20},"end":{"line":67,"column":22}},"line":53},"5":{"name":"(anonymous_5)","decl":{"start":{"line":59,"column":40},"end":{"line":59,"column":41}},"loc":{"start":{"line":60,"column":32},"end":{"line":64,"column":34}},"line":60},"6":{"name":"(anonymous_6)","decl":{"start":{"line":69,"column":34},"end":{"line":69,"column":35}},"loc":{"start":{"line":70,"column":20},"end":{"line":74,"column":22}},"line":70}},"branchMap":{"0":{"loc":{"start":{"line":16,"column":8},"end":{"line":18,"column":9}},"type":"if","locations":[{"start":{"line":16,"column":8},"end":{"line":18,"column":9}},{"start":{},"end":{}}],"line":16},"1":{"loc":{"start":{"line":16,"column":12},"end":{"line":16,"column":42}},"type":"binary-expr","locations":[{"start":{"line":16,"column":12},"end":{"line":16,"column":22}},{"start":{"line":16,"column":26},"end":{"line":16,"column":42}}],"line":16},"2":{"loc":{"start":{"line":21,"column":4},"end":{"line":27,"column":5}},"type":"if","locations":[{"start":{"line":21,"column":4},"end":{"line":27,"column":5}},{"start":{},"end":{}}],"line":21},"3":{"loc":{"start":{"line":29,"column":4},"end":{"line":29,"column":38}},"type":"if","locations":[{"start":{"line":29,"column":4},"end":{"line":29,"column":38}},{"start":{},"end":{}}],"line":29}},"s":{"0":0,"1":0,"2":0,"3":0,"4":0,"5":0,"6":0,"7":0,"8":0,"9":0,"10":0,"11":0,"12":0,"13":0,"14":0,"15":0,"16":0},"f":{"0":0,"1":0,"2":0,"3":0,"4":0,"5":0,"6":0},"b":{"0":[0,0],"1":[0,0],"2":[0,0],"3":[0,0]}}
,"/home/blackohma/Epitech/msc2026/T9/remindy_esp/frontend_mobile/app/(tabs)/cloud.tsx": {"path":"/home/blackohma/Epitech/msc2026/T9/remindy_esp/frontend_mobile/app/(tabs)/cloud.tsx","statementMap":{"0":{"start":{"line":5,"column":4},"end":{"line":17,"column":6}},"1":{"start":{"line":20,"column":15},"end":{"line":49,"column":2}}},"fnMap":{"0":{"name":"NotificationsScreen","decl":{"start":{"line":4,"column":24},"end":{"line":4,"column":43}},"loc":{"start":{"line":4,"column":46},"end":{"line":18,"column":1}},"line":4}},"branchMap":{},"s":{"0":5,"1":1},"f":{"0":5},"b":{},"_coverageSchema":"1a1c01bbd47fc00a2c39e90264f33305004495a9","hash":"46830a51d455333477f264eecb89851a1beb1278"}
,"/home/blackohma/Epitech/msc2026/T9/remindy_esp/frontend_mobile/app/(tabs)/dashboard.tsx": {"path":"/home/blackohma/Epitech/msc2026/T9/remindy_esp/frontend_mobile/app/(tabs)/dashboard.tsx","statementMap":{"0":{"start":{"line":12,"column":0},"end":{"line":31,"column":2}},"1":{"start":{"line":32,"column":0},"end":{"line":32,"column":34}},"2":{"start":{"line":53,"column":6},"end":{"line":53,"column":20}},"3":{"start":{"line":55,"column":22},"end":{"line":55,"column":31}},"4":{"start":{"line":56,"column":4},"end":{"line":56,"column":43}},"5":{"start":{"line":58,"column":2},"end":{"line":62,"column":4}},"6":{"start":{"line":60,"column":6},"end":{"line":60,"column":27}},"7":{"start":{"line":64,"column":29},"end":{"line":64,"column":71}},"8":{"start":{"line":65,"column":25},"end":{"line":67,"column":12}},"9":{"start":{"line":69,"column":22},"end":{"line":96,"column":32}},"10":{"start":{"line":70,"column":23},"end":{"line":70,"column":25}},"11":{"start":{"line":72,"column":4},"end":{"line":85,"column":7}},"12":{"start":{"line":73,"column":6},"end":{"line":73,"column":33}},"13":{"start":{"line":73,"column":26},"end":{"line":73,"column":33}},"14":{"start":{"line":74,"column":6},"end":{"line":84,"column":7}},"15":{"start":{"line":75,"column":29},"end":{"line":75,"column":52}},"16":{"start":{"line":76,"column":8},"end":{"line":76,"column":50}},"17":{"start":{"line":76,"column":43},"end":{"line":76,"column":50}},"18":{"start":{"line":77,"column":24},"end":{"line":77,"column":64}},"19":{"start":{"line":78,"column":8},"end":{"line":81,"column":10}},"20":{"start":{"line":83,"column":8},"end":{"line":83,"column":58}},"21":{"start":{"line":87,"column":4},"end":{"line":93,"column":5}},"22":{"start":{"line":88,"column":6},"end":{"line":92,"column":8}},"23":{"start":{"line":95,"column":4},"end":{"line":95,"column":17}},"24":{"start":{"line":99,"column":2},"end":{"line":106,"column":3}},"25":{"start":{"line":100,"column":4},"end":{"line":105,"column":6}},"26":{"start":{"line":109,"column":2},"end":{"line":120,"column":3}},"27":{"start":{"line":110,"column":4},"end":{"line":119,"column":6}},"28":{"start":{"line":122,"column":2},"end":{"line":296,"column":4}},"29":{"start":{"line":128,"column":25},"end":{"line":128,"column":59}},"30":{"start":{"line":144,"column":20},"end":{"line":144,"column":46}},"31":{"start":{"line":145,"column":20},"end":{"line":145,"column":45}},"32":{"start":{"line":152,"column":18},"end":{"line":164,"column":37}},"33":{"start":{"line":156,"column":22},"end":{"line":156,"column":57}},"34":{"start":{"line":157,"column":22},"end":{"line":157,"column":47}},"35":{"start":{"line":175,"column":14},"end":{"line":175,"column":42}},"36":{"start":{"line":214,"column":16},"end":{"line":248,"column":23}},"37":{"start":{"line":258,"column":14},"end":{"line":280,"column":33}},"38":{"start":{"line":267,"column":31},"end":{"line":267,"column":58}},"39":{"start":{"line":293,"column":25},"end":{"line":293,"column":61}},"40":{"start":{"line":299,"column":15},"end":{"line":444,"column":2}}},"fnMap":{"0":{"name":"DashboardScreen","decl":{"start":{"line":34,"column":24},"end":{"line":34,"column":39}},"loc":{"start":{"line":34,"column":42},"end":{"line":297,"column":1}},"line":34},"1":{"name":"(anonymous_1)","decl":{"start":{"line":59,"column":22},"end":{"line":59,"column":23}},"loc":{"start":{"line":59,"column":28},"end":{"line":61,"column":5}},"line":59},"2":{"name":"(anonymous_2)","decl":{"start":{"line":69,"column":36},"end":{"line":69,"column":37}},"loc":{"start":{"line":69,"column":42},"end":{"line":96,"column":3}},"line":69},"3":{"name":"(anonymous_3)","decl":{"start":{"line":72,"column":27},"end":{"line":72,"column":28}},"loc":{"start":{"line":72,"column":38},"end":{"line":85,"column":5}},"line":72},"4":{"name":"(anonymous_4)","decl":{"start":{"line":128,"column":19},"end":{"line":128,"column":20}},"loc":{"start":{"line":128,"column":25},"end":{"line":128,"column":59}},"line":128},"5":{"name":"(anonymous_5)","decl":{"start":{"line":143,"column":27},"end":{"line":143,"column":28}},"loc":{"start":{"line":143,"column":33},"end":{"line":146,"column":19}},"line":143},"6":{"name":"(anonymous_6)","decl":{"start":{"line":151,"column":32},"end":{"line":151,"column":33}},"loc":{"start":{"line":152,"column":18},"end":{"line":164,"column":37}},"line":152},"7":{"name":"(anonymous_7)","decl":{"start":{"line":155,"column":29},"end":{"line":155,"column":30}},"loc":{"start":{"line":155,"column":35},"end":{"line":158,"column":21}},"line":155},"8":{"name":"(anonymous_8)","decl":{"start":{"line":174,"column":24},"end":{"line":174,"column":25}},"loc":{"start":{"line":174,"column":33},"end":{"line":176,"column":13}},"line":174},"9":{"name":"(anonymous_9)","decl":{"start":{"line":213,"column":37},"end":{"line":213,"column":38}},"loc":{"start":{"line":214,"column":16},"end":{"line":248,"column":23}},"line":214},"10":{"name":"(anonymous_10)","decl":{"start":{"line":257,"column":29},"end":{"line":257,"column":30}},"loc":{"start":{"line":258,"column":14},"end":{"line":280,"column":33}},"line":258},"11":{"name":"(anonymous_11)","decl":{"start":{"line":267,"column":25},"end":{"line":267,"column":26}},"loc":{"start":{"line":267,"column":31},"end":{"line":267,"column":58}},"line":267},"12":{"name":"(anonymous_12)","decl":{"start":{"line":293,"column":17},"end":{"line":293,"column":18}},"loc":{"start":{"line":293,"column":23},"end":{"line":293,"column":63}},"line":293}},"branchMap":{"0":{"loc":{"start":{"line":64,"column":29},"end":{"line":64,"column":71}},"type":"cond-expr","locations":[{"start":{"line":64,"column":40},"end":{"line":64,"column":66}},{"start":{"line":64,"column":69},"end":{"line":64,"column":71}}],"line":64},"1":{"loc":{"start":{"line":65,"column":25},"end":{"line":67,"column":12}},"type":"cond-expr","locations":[{"start":{"line":66,"column":6},"end":{"line":66,"column":43}},{"start":{"line":67,"column":6},"end":{"line":67,"column":12}}],"line":65},"2":{"loc":{"start":{"line":73,"column":6},"end":{"line":73,"column":33}},"type":"if","locations":[{"start":{"line":73,"column":6},"end":{"line":73,"column":33}},{"start":{},"end":{}}],"line":73},"3":{"loc":{"start":{"line":76,"column":8},"end":{"line":76,"column":50}},"type":"if","locations":[{"start":{"line":76,"column":8},"end":{"line":76,"column":50}},{"start":{},"end":{}}],"line":76},"4":{"loc":{"start":{"line":87,"column":4},"end":{"line":93,"column":5}},"type":"if","locations":[{"start":{"line":87,"column":4},"end":{"line":93,"column":5}},{"start":{},"end":{}}],"line":87},"5":{"loc":{"start":{"line":99,"column":2},"end":{"line":106,"column":3}},"type":"if","locations":[{"start":{"line":99,"column":2},"end":{"line":106,"column":3}},{"start":{},"end":{}}],"line":99},"6":{"loc":{"start":{"line":109,"column":2},"end":{"line":120,"column":3}},"type":"if","locations":[{"start":{"line":109,"column":2},"end":{"line":120,"column":3}},{"start":{},"end":{}}],"line":109},"7":{"loc":{"start":{"line":129,"column":17},"end":{"line":129,"column":49}},"type":"binary-expr","locations":[{"start":{"line":129,"column":17},"end":{"line":129,"column":33}},{"start":{"line":129,"column":37},"end":{"line":129,"column":49}}],"line":129},"8":{"loc":{"start":{"line":133,"column":9},"end":{"line":169,"column":9}},"type":"binary-expr","locations":[{"start":{"line":133,"column":9},"end":{"line":133,"column":23}},{"start":{"line":134,"column":10},"end":{"line":168,"column":17}}],"line":133},"9":{"loc":{"start":{"line":135,"column":13},"end":{"line":167,"column":13}},"type":"cond-expr","locations":[{"start":{"line":136,"column":14},"end":{"line":138,"column":21}},{"start":{"line":140,"column":14},"end":{"line":166,"column":17}}],"line":135},"10":{"loc":{"start":{"line":203,"column":9},"end":{"line":252,"column":9}},"type":"binary-expr","locations":[{"start":{"line":203,"column":9},"end":{"line":203,"column":17}},{"start":{"line":204,"column":10},"end":{"line":251,"column":17}}],"line":203},"11":{"loc":{"start":{"line":208,"column":13},"end":{"line":250,"column":13}},"type":"cond-expr","locations":[{"start":{"line":209,"column":14},"end":{"line":211,"column":21}},{"start":{"line":213,"column":14},"end":{"line":249,"column":16}}],"line":208},"12":{"loc":{"start":{"line":228,"column":19},"end":{"line":232,"column":19}},"type":"binary-expr","locations":[{"start":{"line":228,"column":19},"end":{"line":228,"column":36}},{"start":{"line":229,"column":20},"end":{"line":231,"column":27}}],"line":228},"13":{"loc":{"start":{"line":233,"column":19},"end":{"line":237,"column":19}},"type":"binary-expr","locations":[{"start":{"line":233,"column":19},"end":{"line":233,"column":37}},{"start":{"line":234,"column":20},"end":{"line":236,"column":27}}],"line":233},"14":{"loc":{"start":{"line":263,"column":18},"end":{"line":265,"column":50}},"type":"cond-expr","locations":[{"start":{"line":264,"column":22},"end":{"line":264,"column":48}},{"start":{"line":265,"column":22},"end":{"line":265,"column":50}}],"line":263},"15":{"loc":{"start":{"line":273,"column":20},"end":{"line":275,"column":56}},"type":"cond-expr","locations":[{"start":{"line":274,"column":24},"end":{"line":274,"column":54}},{"start":{"line":275,"column":24},"end":{"line":275,"column":56}}],"line":273}},"s":{"0":1,"1":1,"2":6,"3":6,"4":6,"5":6,"6":0,"7":6,"8":6,"9":6,"10":6,"11":6,"12":0,"13":0,"14":0,"15":0,"16":0,"17":0,"18":0,"19":0,"20":0,"21":6,"22":0,"23":6,"24":6,"25":0,"26":6,"27":0,"28":6,"29":1,"30":0,"31":0,"32":0,"33":0,"34":0,"35":0,"36":0,"37":24,"38":0,"39":0,"40":1},"f":{"0":6,"1":0,"2":6,"3":0,"4":1,"5":0,"6":0,"7":0,"8":0,"9":0,"10":24,"11":0,"12":0},"b":{"0":[0,6],"1":[0,6],"2":[0,0],"3":[0,0],"4":[0,6],"5":[0,6],"6":[0,6],"7":[6,6],"8":[6,0],"9":[0,0],"10":[6,0],"11":[0,0],"12":[0,0],"13":[0,0],"14":[6,18],"15":[6,18]},"_coverageSchema":"1a1c01bbd47fc00a2c39e90264f33305004495a9","hash":"a2b67f913e03fc3b2897d988f796b858b0d40b80"}
,"/home/blackohma/Epitech/msc2026/T9/remindy_esp/frontend_mobile/app/(tabs)/legal.tsx": {"path":"/home/blackohma/Epitech/msc2026/T9/remindy_esp/frontend_mobile/app/(tabs)/legal.tsx","statementMap":{"0":{"start":{"line":5,"column":4},"end":{"line":17,"column":6}},"1":{"start":{"line":20,"column":15},"end":{"line":49,"column":2}}},"fnMap":{"0":{"name":"NotificationsScreen","decl":{"start":{"line":4,"column":24},"end":{"line":4,"column":43}},"loc":{"start":{"line":4,"column":46},"end":{"line":18,"column":1}},"line":4}},"branchMap":{},"s":{"0":5,"1":1},"f":{"0":5},"b":{},"_coverageSchema":"1a1c01bbd47fc00a2c39e90264f33305004495a9","hash":"5a4b8258f2b26978c1234a0fb35456341b20100f"}
,"/home/blackohma/Epitech/msc2026/T9/remindy_esp/frontend_mobile/app/(tabs)/notifications.tsx": {"path":"/home/blackohma/Epitech/msc2026/T9/remindy_esp/frontend_mobile/app/(tabs)/notifications.tsx","statementMap":{"0":{"start":{"line":5,"column":4},"end":{"line":17,"column":6}},"1":{"start":{"line":20,"column":15},"end":{"line":49,"column":2}}},"fnMap":{"0":{"name":"NotificationsScreen","decl":{"start":{"line":4,"column":24},"end":{"line":4,"column":43}},"loc":{"start":{"line":4,"column":46},"end":{"line":18,"column":1}},"line":4}},"branchMap":{},"s":{"0":5,"1":1},"f":{"0":5},"b":{},"_coverageSchema":"1a1c01bbd47fc00a2c39e90264f33305004495a9","hash":"107f9c5e0ec7d1901711d26697cedafe0a916f55"}
,"/home/blackohma/Epitech/msc2026/T9/remindy_esp/frontend_mobile/app/(tabs)/profile.tsx": {"path":"/home/blackohma/Epitech/msc2026/T9/remindy_esp/frontend_mobile/app/(tabs)/profile.tsx","statementMap":{"0":{"start":{"line":16,"column":17},"end":{"line":16,"column":28}},"1":{"start":{"line":17,"column":38},"end":{"line":17,"column":47}},"2":{"start":{"line":18,"column":38},"end":{"line":18,"column":53}},"3":{"start":{"line":20,"column":23},"end":{"line":47,"column":3}},"4":{"start":{"line":21,"column":4},"end":{"line":46,"column":6}},"5":{"start":{"line":33,"column":12},"end":{"line":42,"column":13}},"6":{"start":{"line":34,"column":14},"end":{"line":34,"column":34}},"7":{"start":{"line":35,"column":14},"end":{"line":35,"column":29}},"8":{"start":{"line":36,"column":14},"end":{"line":36,"column":34}},"9":{"start":{"line":38,"column":14},"end":{"line":38,"column":52}},"10":{"start":{"line":39,"column":14},"end":{"line":39,"column":84}},"11":{"start":{"line":41,"column":14},"end":{"line":41,"column":35}},"12":{"start":{"line":50,"column":2},"end":{"line":57,"column":3}},"13":{"start":{"line":51,"column":4},"end":{"line":56,"column":6}},"14":{"start":{"line":60,"column":22},"end":{"line":65,"column":3}},"15":{"start":{"line":61,"column":4},"end":{"line":61,"column":26}},"16":{"start":{"line":61,"column":15},"end":{"line":61,"column":26}},"17":{"start":{"line":62,"column":25},"end":{"line":62,"column":65}},"18":{"start":{"line":63,"column":24},"end":{"line":63,"column":63}},"19":{"start":{"line":64,"column":4},"end":{"line":64,"column":50}},"20":{"start":{"line":67,"column":2},"end":{"line":158,"column":4}},"21":{"start":{"line":161,"column":15},"end":{"line":262,"column":2}}},"fnMap":{"0":{"name":"ProfileScreen","decl":{"start":{"line":15,"column":24},"end":{"line":15,"column":37}},"loc":{"start":{"line":15,"column":40},"end":{"line":159,"column":1}},"line":15},"1":{"name":"(anonymous_1)","decl":{"start":{"line":20,"column":23},"end":{"line":20,"column":24}},"loc":{"start":{"line":20,"column":35},"end":{"line":47,"column":3}},"line":20},"2":{"name":"(anonymous_2)","decl":{"start":{"line":32,"column":19},"end":{"line":32,"column":20}},"loc":{"start":{"line":32,"column":31},"end":{"line":43,"column":11}},"line":32},"3":{"name":"(anonymous_3)","decl":{"start":{"line":60,"column":22},"end":{"line":60,"column":23}},"loc":{"start":{"line":60,"column":28},"end":{"line":65,"column":3}},"line":60}},"branchMap":{"0":{"loc":{"start":{"line":50,"column":2},"end":{"line":57,"column":3}},"type":"if","locations":[{"start":{"line":50,"column":2},"end":{"line":57,"column":3}},{"start":{},"end":{}}],"line":50},"1":{"loc":{"start":{"line":61,"column":4},"end":{"line":61,"column":26}},"type":"if","locations":[{"start":{"line":61,"column":4},"end":{"line":61,"column":26}},{"start":{},"end":{}}],"line":61},"2":{"loc":{"start":{"line":62,"column":25},"end":{"line":62,"column":65}},"type":"binary-expr","locations":[{"start":{"line":62,"column":25},"end":{"line":62,"column":59}},{"start":{"line":62,"column":63},"end":{"line":62,"column":65}}],"line":62},"3":{"loc":{"start":{"line":63,"column":24},"end":{"line":63,"column":63}},"type":"binary-expr","locations":[{"start":{"line":63,"column":24},"end":{"line":63,"column":57}},{"start":{"line":63,"column":61},"end":{"line":63,"column":63}}],"line":63},"4":{"loc":{"start":{"line":64,"column":11},"end":{"line":64,"column":49}},"type":"binary-expr","locations":[{"start":{"line":64,"column":11},"end":{"line":64,"column":42}},{"start":{"line":64,"column":46},"end":{"line":64,"column":49}}],"line":64},"5":{"loc":{"start":{"line":71,"column":11},"end":{"line":77,"column":11}},"type":"cond-expr","locations":[{"start":{"line":72,"column":12},"end":{"line":74,"column":19}},{"start":{"line":76,"column":12},"end":{"line":76,"column":72}}],"line":71},"6":{"loc":{"start":{"line":80,"column":11},"end":{"line":80,"column":70}},"type":"cond-expr","locations":[{"start":{"line":80,"column":18},"end":{"line":80,"column":54}},{"start":{"line":80,"column":57},"end":{"line":80,"column":70}}],"line":80},"7":{"loc":{"start":{"line":82,"column":36},"end":{"line":82,"column":76}},"type":"binary-expr","locations":[{"start":{"line":82,"column":36},"end":{"line":82,"column":47}},{"start":{"line":82,"column":51},"end":{"line":82,"column":76}}],"line":82},"8":{"loc":{"start":{"line":83,"column":9},"end":{"line":87,"column":9}},"type":"binary-expr","locations":[{"start":{"line":83,"column":9},"end":{"line":83,"column":13}},{"start":{"line":84,"column":10},"end":{"line":86,"column":17}}],"line":83},"9":{"loc":{"start":{"line":143,"column":37},"end":{"line":143,"column":78}},"type":"binary-expr","locations":[{"start":{"line":143,"column":37},"end":{"line":143,"column":47}},{"start":{"line":143,"column":51},"end":{"line":143,"column":78}}],"line":143},"10":{"loc":{"start":{"line":148,"column":9},"end":{"line":155,"column":9}},"type":"cond-expr","locations":[{"start":{"line":149,"column":10},"end":{"line":149,"column":44}},{"start":{"line":151,"column":10},"end":{"line":154,"column":13}}],"line":148}},"s":{"0":9,"1":9,"2":9,"3":9,"4":1,"5":1,"6":1,"7":1,"8":1,"9":0,"10":0,"11":1,"12":9,"13":0,"14":9,"15":9,"16":0,"17":9,"18":9,"19":9,"20":9,"21":1},"f":{"0":9,"1":1,"2":1,"3":9},"b":{"0":[0,9],"1":[0,9],"2":[9,0],"3":[9,0],"4":[9,0],"5":[9,0],"6":[9,0],"7":[9,0],"8":[9,9],"9":[9,1],"10":[1,8]},"_coverageSchema":"1a1c01bbd47fc00a2c39e90264f33305004495a9","hash":"3da0c94fd4c3e3e9512a6292abddec6adcbac2dc"}
,"/home/blackohma/Epitech/msc2026/T9/remindy_esp/frontend_mobile/app/(tabs)/promotion.tsx": {"path":"/home/blackohma/Epitech/msc2026/T9/remindy_esp/frontend_mobile/app/(tabs)/promotion.tsx","statementMap":{"0":{"start":{"line":5,"column":4},"end":{"line":17,"column":6}},"1":{"start":{"line":20,"column":15},"end":{"line":49,"column":2}}},"fnMap":{"0":{"name":"NotificationsScreen","decl":{"start":{"line":4,"column":24},"end":{"line":4,"column":43}},"loc":{"start":{"line":4,"column":46},"end":{"line":18,"column":1}},"line":4}},"branchMap":{},"s":{"0":5,"1":1},"f":{"0":5},"b":{},"_coverageSchema":"1a1c01bbd47fc00a2c39e90264f33305004495a9","hash":"e2be017f6c8a85d514e7c1184897e683c0b18158"}
,"/home/blackohma/Epitech/msc2026/T9/remindy_esp/frontend_mobile/app/(tabs)/statistics.tsx": {"path":"/home/blackohma/Epitech/msc2026/T9/remindy_esp/frontend_mobile/app/(tabs)/statistics.tsx","statementMap":{"0":{"start":{"line":7,"column":2},"end":{"line":19,"column":4}},"1":{"start":{"line":22,"column":15},"end":{"line":51,"column":2}}},"fnMap":{"0":{"name":"StatsScreen","decl":{"start":{"line":5,"column":24},"end":{"line":5,"column":35}},"loc":{"start":{"line":5,"column":38},"end":{"line":20,"column":1}},"line":5}},"branchMap":{},"s":{"0":5,"1":1},"f":{"0":5},"b":{},"_coverageSchema":"1a1c01bbd47fc00a2c39e90264f33305004495a9","hash":"6071eb2ef81854b14ce61997f2d7f28261a3a1ea"}
,"/home/blackohma/Epitech/msc2026/T9/remindy_esp/frontend_mobile/app/(tabs)/subscription.tsx": {"path":"/home/blackohma/Epitech/msc2026/T9/remindy_esp/frontend_mobile/app/(tabs)/subscription.tsx","statementMap":{"0":{"start":{"line":32,"column":44},"end":{"line":32,"column":72}},"1":{"start":{"line":33,"column":38},"end":{"line":33,"column":62}},"2":{"start":{"line":34,"column":32},"end":{"line":34,"column":46}},"3":{"start":{"line":35,"column":38},"end":{"line":35,"column":53}},"4":{"start":{"line":36,"column":28},"end":{"line":36,"column":57}},"5":{"start":{"line":38,"column":42},"end":{"line":38,"column":57}},"6":{"start":{"line":39,"column":56},"end":{"line":39,"column":91}},"7":{"start":{"line":42,"column":48},"end":{"line":42,"column":68}},"8":{"start":{"line":43,"column":50},"end":{"line":43,"column":70}},"9":{"start":{"line":45,"column":34},"end":{"line":53,"column":4}},"10":{"start":{"line":54,"column":38},"end":{"line":54,"column":74}},"11":{"start":{"line":56,"column":38},"end":{"line":56,"column":58}},"12":{"start":{"line":58,"column":2},"end":{"line":60,"column":9}},"13":{"start":{"line":59,"column":4},"end":{"line":59,"column":16}},"14":{"start":{"line":62,"column":2},"end":{"line":67,"column":42}},"15":{"start":{"line":64,"column":4},"end":{"line":66,"column":5}},"16":{"start":{"line":65,"column":6},"end":{"line":65,"column":18}},"17":{"start":{"line":69,"column":20},"end":{"line":95,"column":3}},"18":{"start":{"line":70,"column":4},"end":{"line":94,"column":5}},"19":{"start":{"line":71,"column":6},"end":{"line":71,"column":23}},"20":{"start":{"line":72,"column":6},"end":{"line":72,"column":21}},"21":{"start":{"line":75,"column":67},"end":{"line":75,"column":69}},"22":{"start":{"line":76,"column":6},"end":{"line":78,"column":7}},"23":{"start":{"line":77,"column":8},"end":{"line":77,"column":44}},"24":{"start":{"line":79,"column":6},"end":{"line":81,"column":7}},"25":{"start":{"line":80,"column":8},"end":{"line":80,"column":46}},"26":{"start":{"line":83,"column":50},"end":{"line":86,"column":8}},"27":{"start":{"line":87,"column":6},"end":{"line":87,"column":42}},"28":{"start":{"line":88,"column":6},"end":{"line":88,"column":36}},"29":{"start":{"line":90,"column":6},"end":{"line":90,"column":49}},"30":{"start":{"line":91,"column":6},"end":{"line":91,"column":69}},"31":{"start":{"line":93,"column":6},"end":{"line":93,"column":24}},"32":{"start":{"line":97,"column":20},"end":{"line":101,"column":3}},"33":{"start":{"line":98,"column":4},"end":{"line":98,"column":24}},"34":{"start":{"line":99,"column":4},"end":{"line":99,"column":22}},"35":{"start":{"line":100,"column":4},"end":{"line":100,"column":25}},"36":{"start":{"line":103,"column":26},"end":{"line":123,"column":3}},"37":{"start":{"line":104,"column":4},"end":{"line":106,"column":5}},"38":{"start":{"line":105,"column":6},"end":{"line":105,"column":18}},"39":{"start":{"line":109,"column":23},"end":{"line":109,"column":53}},"40":{"start":{"line":112,"column":23},"end":{"line":112,"column":42}},"41":{"start":{"line":113,"column":4},"end":{"line":115,"column":5}},"42":{"start":{"line":114,"column":6},"end":{"line":114,"column":18}},"43":{"start":{"line":117,"column":19},"end":{"line":117,"column":41}},"44":{"start":{"line":118,"column":4},"end":{"line":120,"column":5}},"45":{"start":{"line":119,"column":6},"end":{"line":119,"column":18}},"46":{"start":{"line":122,"column":4},"end":{"line":122,"column":18}},"47":{"start":{"line":125,"column":23},"end":{"line":143,"column":3}},"48":{"start":{"line":126,"column":43},"end":{"line":126,"column":45}},"49":{"start":{"line":128,"column":4},"end":{"line":130,"column":5}},"50":{"start":{"line":129,"column":6},"end":{"line":129,"column":40}},"51":{"start":{"line":132,"column":24},"end":{"line":132,"column":51}},"52":{"start":{"line":133,"column":4},"end":{"line":135,"column":5}},"53":{"start":{"line":134,"column":6},"end":{"line":134,"column":77}},"54":{"start":{"line":137,"column":4},"end":{"line":139,"column":5}},"55":{"start":{"line":138,"column":6},"end":{"line":138,"column":55}},"56":{"start":{"line":141,"column":4},"end":{"line":141,"column":26}},"57":{"start":{"line":142,"column":4},"end":{"line":142,"column":44}},"58":{"start":{"line":145,"column":23},"end":{"line":159,"column":3}},"59":{"start":{"line":146,"column":4},"end":{"line":146,"column":33}},"60":{"start":{"line":147,"column":4},"end":{"line":147,"column":22}},"61":{"start":{"line":148,"column":4},"end":{"line":156,"column":7}},"62":{"start":{"line":157,"column":4},"end":{"line":157,"column":22}},"63":{"start":{"line":158,"column":4},"end":{"line":158,"column":26}},"64":{"start":{"line":161,"column":24},"end":{"line":185,"column":3}},"65":{"start":{"line":162,"column":4},"end":{"line":162,"column":41}},"66":{"start":{"line":163,"column":4},"end":{"line":163,"column":58}},"67":{"start":{"line":165,"column":112},"end":{"line":171,"column":5}},"68":{"start":{"line":173,"column":4},"end":{"line":182,"column":7}},"69":{"start":{"line":183,"column":4},"end":{"line":183,"column":22}},"70":{"start":{"line":184,"column":4},"end":{"line":184,"column":26}},"71":{"start":{"line":190,"column":37},"end":{"line":199,"column":3}},"72":{"start":{"line":191,"column":96},"end":{"line":197,"column":5}},"73":{"start":{"line":198,"column":4},"end":{"line":198,"column":39}},"74":{"start":{"line":201,"column":23},"end":{"line":255,"column":3}},"75":{"start":{"line":202,"column":4},"end":{"line":204,"column":5}},"76":{"start":{"line":203,"column":6},"end":{"line":203,"column":13}},"77":{"start":{"line":207,"column":24},"end":{"line":207,"column":51}},"78":{"start":{"line":208,"column":4},"end":{"line":211,"column":5}},"79":{"start":{"line":209,"column":6},"end":{"line":209,"column":51}},"80":{"start":{"line":210,"column":6},"end":{"line":210,"column":13}},"81":{"start":{"line":213,"column":4},"end":{"line":254,"column":5}},"82":{"start":{"line":215,"column":53},"end":{"line":222,"column":7}},"83":{"start":{"line":224,"column":6},"end":{"line":226,"column":7}},"84":{"start":{"line":225,"column":8},"end":{"line":225,"column":51}},"85":{"start":{"line":227,"column":6},"end":{"line":230,"column":7}},"86":{"start":{"line":228,"column":8},"end":{"line":228,"column":49}},"87":{"start":{"line":229,"column":8},"end":{"line":229,"column":49}},"88":{"start":{"line":231,"column":6},"end":{"line":235,"column":7}},"89":{"start":{"line":232,"column":8},"end":{"line":232,"column":98}},"90":{"start":{"line":233,"column":13},"end":{"line":235,"column":7}},"91":{"start":{"line":234,"column":8},"end":{"line":234,"column":76}},"92":{"start":{"line":238,"column":6},"end":{"line":240,"column":7}},"93":{"start":{"line":239,"column":8},"end":{"line":239,"column":53}},"94":{"start":{"line":242,"column":6},"end":{"line":248,"column":7}},"95":{"start":{"line":243,"column":8},"end":{"line":243,"column":78}},"96":{"start":{"line":244,"column":8},"end":{"line":244,"column":63}},"97":{"start":{"line":246,"column":8},"end":{"line":246,"column":54}},"98":{"start":{"line":247,"column":8},"end":{"line":247,"column":60}},"99":{"start":{"line":249,"column":6},"end":{"line":249,"column":29}},"100":{"start":{"line":250,"column":6},"end":{"line":250,"column":24}},"101":{"start":{"line":252,"column":27},"end":{"line":252,"column":93}},"102":{"start":{"line":253,"column":6},"end":{"line":253,"column":42}},"103":{"start":{"line":257,"column":23},"end":{"line":278,"column":3}},"104":{"start":{"line":258,"column":4},"end":{"line":277,"column":6}},"105":{"start":{"line":267,"column":12},"end":{"line":273,"column":13}},"106":{"start":{"line":268,"column":14},"end":{"line":268,"column":64}},"107":{"start":{"line":269,"column":14},"end":{"line":269,"column":70}},"108":{"start":{"line":270,"column":14},"end":{"line":270,"column":32}},"109":{"start":{"line":272,"column":14},"end":{"line":272,"column":101}},"110":{"start":{"line":280,"column":28},"end":{"line":292,"column":3}},"111":{"start":{"line":281,"column":4},"end":{"line":291,"column":5}},"112":{"start":{"line":282,"column":6},"end":{"line":286,"column":7}},"113":{"start":{"line":283,"column":8},"end":{"line":283,"column":57}},"114":{"start":{"line":285,"column":8},"end":{"line":285,"column":58}},"115":{"start":{"line":287,"column":6},"end":{"line":287,"column":117}},"116":{"start":{"line":288,"column":6},"end":{"line":288,"column":24}},"117":{"start":{"line":290,"column":6},"end":{"line":290,"column":93}},"118":{"start":{"line":294,"column":25},"end":{"line":303,"column":3}},"119":{"start":{"line":295,"column":24},"end":{"line":295,"column":45}},"120":{"start":{"line":296,"column":4},"end":{"line":302,"column":5}},"121":{"start":{"line":297,"column":21},"end":{"line":297,"column":38}},"122":{"start":{"line":298,"column":21},"end":{"line":298,"column":38}},"123":{"start":{"line":299,"column":24},"end":{"line":299,"column":41}},"124":{"start":{"line":300,"column":20},"end":{"line":300,"column":37}},"125":{"start":{"line":301,"column":15},"end":{"line":301,"column":32}},"126":{"start":{"line":305,"column":31},"end":{"line":315,"column":3}},"127":{"start":{"line":306,"column":23},"end":{"line":306,"column":43}},"128":{"start":{"line":307,"column":4},"end":{"line":314,"column":5}},"129":{"start":{"line":308,"column":23},"end":{"line":308,"column":45}},"130":{"start":{"line":309,"column":22},"end":{"line":309,"column":39}},"131":{"start":{"line":310,"column":21},"end":{"line":310,"column":37}},"132":{"start":{"line":311,"column":21},"end":{"line":311,"column":43}},"133":{"start":{"line":312,"column":24},"end":{"line":312,"column":45}},"134":{"start":{"line":313,"column":15},"end":{"line":313,"column":28}},"135":{"start":{"line":317,"column":21},"end":{"line":333,"column":3}},"136":{"start":{"line":318,"column":4},"end":{"line":320,"column":5}},"137":{"start":{"line":319,"column":6},"end":{"line":319,"column":19}},"138":{"start":{"line":322,"column":4},"end":{"line":332,"column":5}},"139":{"start":{"line":323,"column":19},"end":{"line":323,"column":39}},"140":{"start":{"line":325,"column":6},"end":{"line":327,"column":7}},"141":{"start":{"line":326,"column":8},"end":{"line":326,"column":30}},"142":{"start":{"line":328,"column":6},"end":{"line":328,"column":39}},"143":{"start":{"line":330,"column":6},"end":{"line":330,"column":53}},"144":{"start":{"line":331,"column":6},"end":{"line":331,"column":28}},"145":{"start":{"line":335,"column":33},"end":{"line":397,"column":3}},"146":{"start":{"line":336,"column":4},"end":{"line":396,"column":11}},"147":{"start":{"line":376,"column":27},"end":{"line":376,"column":50}},"148":{"start":{"line":384,"column":27},"end":{"line":384,"column":46}},"149":{"start":{"line":390,"column":27},"end":{"line":390,"column":45}},"150":{"start":{"line":399,"column":2},"end":{"line":411,"column":3}},"151":{"start":{"line":400,"column":4},"end":{"line":410,"column":6}},"152":{"start":{"line":413,"column":2},"end":{"line":427,"column":3}},"153":{"start":{"line":414,"column":4},"end":{"line":426,"column":6}},"154":{"start":{"line":429,"column":2},"end":{"line":650,"column":4}},"155":{"start":{"line":450,"column":40},"end":{"line":450,"column":65}},"156":{"start":{"line":469,"column":40},"end":{"line":469,"column":66}},"157":{"start":{"line":475,"column":16},"end":{"line":475,"column":93}},"158":{"start":{"line":491,"column":34},"end":{"line":491,"column":41}},"159":{"start":{"line":503,"column":30},"end":{"line":503,"column":52}},"160":{"start":{"line":512,"column":49},"end":{"line":512,"column":71}},"161":{"start":{"line":522,"column":42},"end":{"line":522,"column":82}},"162":{"start":{"line":534,"column":42},"end":{"line":534,"column":89}},"163":{"start":{"line":548,"column":44},"end":{"line":548,"column":63}},"164":{"start":{"line":561,"column":48},"end":{"line":561,"column":97}},"165":{"start":{"line":580,"column":46},"end":{"line":580,"column":93}},"166":{"start":{"line":586,"column":22},"end":{"line":586,"column":99}},"167":{"start":{"line":598,"column":44},"end":{"line":598,"column":89}},"168":{"start":{"line":610,"column":44},"end":{"line":610,"column":100}},"169":{"start":{"line":622,"column":42},"end":{"line":622,"column":105}},"170":{"start":{"line":632,"column":33},"end":{"line":632,"column":55}},"171":{"start":{"line":653,"column":15},"end":{"line":968,"column":2}}},"fnMap":{"0":{"name":"SubscriptionScreen","decl":{"start":{"line":31,"column":24},"end":{"line":31,"column":42}},"loc":{"start":{"line":31,"column":45},"end":{"line":651,"column":1}},"line":31},"1":{"name":"(anonymous_1)","decl":{"start":{"line":58,"column":12},"end":{"line":58,"column":13}},"loc":{"start":{"line":58,"column":18},"end":{"line":60,"column":3}},"line":58},"2":{"name":"(anonymous_2)","decl":{"start":{"line":62,"column":12},"end":{"line":62,"column":13}},"loc":{"start":{"line":62,"column":18},"end":{"line":67,"column":3}},"line":62},"3":{"name":"(anonymous_3)","decl":{"start":{"line":69,"column":20},"end":{"line":69,"column":21}},"loc":{"start":{"line":69,"column":32},"end":{"line":95,"column":3}},"line":69},"4":{"name":"(anonymous_4)","decl":{"start":{"line":97,"column":20},"end":{"line":97,"column":21}},"loc":{"start":{"line":97,"column":32},"end":{"line":101,"column":3}},"line":97},"5":{"name":"(anonymous_5)","decl":{"start":{"line":103,"column":26},"end":{"line":103,"column":27}},"loc":{"start":{"line":103,"column":60},"end":{"line":123,"column":3}},"line":103},"6":{"name":"(anonymous_6)","decl":{"start":{"line":125,"column":23},"end":{"line":125,"column":24}},"loc":{"start":{"line":125,"column":38},"end":{"line":143,"column":3}},"line":125},"7":{"name":"(anonymous_7)","decl":{"start":{"line":145,"column":23},"end":{"line":145,"column":24}},"loc":{"start":{"line":145,"column":29},"end":{"line":159,"column":3}},"line":145},"8":{"name":"(anonymous_8)","decl":{"start":{"line":161,"column":24},"end":{"line":161,"column":25}},"loc":{"start":{"line":161,"column":56},"end":{"line":185,"column":3}},"line":161},"9":{"name":"(anonymous_9)","decl":{"start":{"line":190,"column":37},"end":{"line":190,"column":38}},"loc":{"start":{"line":190,"column":116},"end":{"line":199,"column":3}},"line":190},"10":{"name":"(anonymous_10)","decl":{"start":{"line":201,"column":23},"end":{"line":201,"column":24}},"loc":{"start":{"line":201,"column":35},"end":{"line":255,"column":3}},"line":201},"11":{"name":"(anonymous_11)","decl":{"start":{"line":257,"column":23},"end":{"line":257,"column":24}},"loc":{"start":{"line":257,"column":55},"end":{"line":278,"column":3}},"line":257},"12":{"name":"(anonymous_12)","decl":{"start":{"line":266,"column":19},"end":{"line":266,"column":20}},"loc":{"start":{"line":266,"column":31},"end":{"line":274,"column":11}},"line":266},"13":{"name":"(anonymous_13)","decl":{"start":{"line":280,"column":28},"end":{"line":280,"column":29}},"loc":{"start":{"line":280,"column":66},"end":{"line":292,"column":3}},"line":280},"14":{"name":"(anonymous_14)","decl":{"start":{"line":294,"column":25},"end":{"line":294,"column":26}},"loc":{"start":{"line":294,"column":45},"end":{"line":303,"column":3}},"line":294},"15":{"name":"(anonymous_15)","decl":{"start":{"line":305,"column":31},"end":{"line":305,"column":32}},"loc":{"start":{"line":305,"column":50},"end":{"line":315,"column":3}},"line":305},"16":{"name":"(anonymous_16)","decl":{"start":{"line":317,"column":21},"end":{"line":317,"column":22}},"loc":{"start":{"line":317,"column":65},"end":{"line":333,"column":3}},"line":317},"17":{"name":"(anonymous_17)","decl":{"start":{"line":335,"column":33},"end":{"line":335,"column":34}},"loc":{"start":{"line":336,"column":4},"end":{"line":396,"column":11}},"line":336},"18":{"name":"(anonymous_18)","decl":{"start":{"line":376,"column":21},"end":{"line":376,"column":22}},"loc":{"start":{"line":376,"column":27},"end":{"line":376,"column":50}},"line":376},"19":{"name":"(anonymous_19)","decl":{"start":{"line":384,"column":21},"end":{"line":384,"column":22}},"loc":{"start":{"line":384,"column":27},"end":{"line":384,"column":46}},"line":384},"20":{"name":"(anonymous_20)","decl":{"start":{"line":390,"column":21},"end":{"line":390,"column":22}},"loc":{"start":{"line":390,"column":27},"end":{"line":390,"column":45}},"line":390},"21":{"name":"(anonymous_21)","decl":{"start":{"line":450,"column":29},"end":{"line":450,"column":30}},"loc":{"start":{"line":450,"column":40},"end":{"line":450,"column":65}},"line":450},"22":{"name":"(anonymous_22)","decl":{"start":{"line":469,"column":29},"end":{"line":469,"column":30}},"loc":{"start":{"line":469,"column":40},"end":{"line":469,"column":66}},"line":469},"23":{"name":"(anonymous_23)","decl":{"start":{"line":474,"column":30},"end":{"line":474,"column":31}},"loc":{"start":{"line":475,"column":16},"end":{"line":475,"column":93}},"line":475},"24":{"name":"(anonymous_24)","decl":{"start":{"line":491,"column":24},"end":{"line":491,"column":25}},"loc":{"start":{"line":491,"column":34},"end":{"line":491,"column":41}},"line":491},"25":{"name":"(anonymous_25)","decl":{"start":{"line":503,"column":24},"end":{"line":503,"column":25}},"loc":{"start":{"line":503,"column":30},"end":{"line":503,"column":52}},"line":503},"26":{"name":"(anonymous_26)","decl":{"start":{"line":512,"column":43},"end":{"line":512,"column":44}},"loc":{"start":{"line":512,"column":49},"end":{"line":512,"column":71}},"line":512},"27":{"name":"(anonymous_27)","decl":{"start":{"line":522,"column":32},"end":{"line":522,"column":33}},"loc":{"start":{"line":522,"column":42},"end":{"line":522,"column":82}},"line":522},"28":{"name":"(anonymous_28)","decl":{"start":{"line":534,"column":32},"end":{"line":534,"column":33}},"loc":{"start":{"line":534,"column":42},"end":{"line":534,"column":89}},"line":534},"29":{"name":"(anonymous_29)","decl":{"start":{"line":548,"column":34},"end":{"line":548,"column":35}},"loc":{"start":{"line":548,"column":44},"end":{"line":548,"column":63}},"line":548},"30":{"name":"(anonymous_30)","decl":{"start":{"line":561,"column":37},"end":{"line":561,"column":38}},"loc":{"start":{"line":561,"column":48},"end":{"line":561,"column":97}},"line":561},"31":{"name":"(anonymous_31)","decl":{"start":{"line":580,"column":35},"end":{"line":580,"column":36}},"loc":{"start":{"line":580,"column":46},"end":{"line":580,"column":93}},"line":580},"32":{"name":"(anonymous_32)","decl":{"start":{"line":585,"column":36},"end":{"line":585,"column":37}},"loc":{"start":{"line":586,"column":22},"end":{"line":586,"column":99}},"line":586},"33":{"name":"(anonymous_33)","decl":{"start":{"line":598,"column":34},"end":{"line":598,"column":35}},"loc":{"start":{"line":598,"column":44},"end":{"line":598,"column":89}},"line":598},"34":{"name":"(anonymous_34)","decl":{"start":{"line":610,"column":34},"end":{"line":610,"column":35}},"loc":{"start":{"line":610,"column":44},"end":{"line":610,"column":100}},"line":610},"35":{"name":"(anonymous_35)","decl":{"start":{"line":622,"column":32},"end":{"line":622,"column":33}},"loc":{"start":{"line":622,"column":42},"end":{"line":622,"column":105}},"line":622},"36":{"name":"(anonymous_36)","decl":{"start":{"line":632,"column":27},"end":{"line":632,"column":28}},"loc":{"start":{"line":632,"column":33},"end":{"line":632,"column":55}},"line":632}},"branchMap":{"0":{"loc":{"start":{"line":64,"column":4},"end":{"line":66,"column":5}},"type":"if","locations":[{"start":{"line":64,"column":4},"end":{"line":66,"column":5}},{"start":{},"end":{}}],"line":64},"1":{"loc":{"start":{"line":76,"column":6},"end":{"line":78,"column":7}},"type":"if","locations":[{"start":{"line":76,"column":6},"end":{"line":78,"column":7}},{"start":{},"end":{}}],"line":76},"2":{"loc":{"start":{"line":79,"column":6},"end":{"line":81,"column":7}},"type":"if","locations":[{"start":{"line":79,"column":6},"end":{"line":81,"column":7}},{"start":{},"end":{}}],"line":79},"3":{"loc":{"start":{"line":84,"column":35},"end":{"line":84,"column":88}},"type":"cond-expr","locations":[{"start":{"line":84,"column":69},"end":{"line":84,"column":76}},{"start":{"line":84,"column":79},"end":{"line":84,"column":88}}],"line":84},"4":{"loc":{"start":{"line":104,"column":4},"end":{"line":106,"column":5}},"type":"if","locations":[{"start":{"line":104,"column":4},"end":{"line":106,"column":5}},{"start":{},"end":{}}],"line":104},"5":{"loc":{"start":{"line":104,"column":8},"end":{"line":104,"column":37}},"type":"binary-expr","locations":[{"start":{"line":104,"column":8},"end":{"line":104,"column":14}},{"start":{"line":104,"column":18},"end":{"line":104,"column":37}}],"line":104},"6":{"loc":{"start":{"line":113,"column":4},"end":{"line":115,"column":5}},"type":"if","locations":[{"start":{"line":113,"column":4},"end":{"line":115,"column":5}},{"start":{},"end":{}}],"line":113},"7":{"loc":{"start":{"line":118,"column":4},"end":{"line":120,"column":5}},"type":"if","locations":[{"start":{"line":118,"column":4},"end":{"line":120,"column":5}},{"start":{},"end":{}}],"line":118},"8":{"loc":{"start":{"line":118,"column":8},"end":{"line":118,"column":36}},"type":"binary-expr","locations":[{"start":{"line":118,"column":8},"end":{"line":118,"column":21}},{"start":{"line":118,"column":25},"end":{"line":118,"column":36}}],"line":118},"9":{"loc":{"start":{"line":128,"column":4},"end":{"line":130,"column":5}},"type":"if","locations":[{"start":{"line":128,"column":4},"end":{"line":130,"column":5}},{"start":{},"end":{}}],"line":128},"10":{"loc":{"start":{"line":133,"column":4},"end":{"line":135,"column":5}},"type":"if","locations":[{"start":{"line":133,"column":4},"end":{"line":135,"column":5}},{"start":{},"end":{}}],"line":133},"11":{"loc":{"start":{"line":137,"column":4},"end":{"line":139,"column":5}},"type":"if","locations":[{"start":{"line":137,"column":4},"end":{"line":139,"column":5}},{"start":{},"end":{}}],"line":137},"12":{"loc":{"start":{"line":154,"column":18},"end":{"line":154,"column":63}},"type":"cond-expr","locations":[{"start":{"line":154,"column":42},"end":{"line":154,"column":58}},{"start":{"line":154,"column":61},"end":{"line":154,"column":63}}],"line":154},"13":{"loc":{"start":{"line":163,"column":18},"end":{"line":163,"column":56}},"type":"binary-expr","locations":[{"start":{"line":163,"column":18},"end":{"line":163,"column":49}},{"start":{"line":163,"column":53},"end":{"line":163,"column":56}}],"line":163},"14":{"loc":{"start":{"line":175,"column":19},"end":{"line":175,"column":43}},"type":"binary-expr","locations":[{"start":{"line":175,"column":19},"end":{"line":175,"column":37}},{"start":{"line":175,"column":41},"end":{"line":175,"column":43}}],"line":175},"15":{"loc":{"start":{"line":176,"column":13},"end":{"line":176,"column":37}},"type":"binary-expr","locations":[{"start":{"line":176,"column":13},"end":{"line":176,"column":32}},{"start":{"line":176,"column":36},"end":{"line":176,"column":37}}],"line":176},"16":{"loc":{"start":{"line":177,"column":20},"end":{"line":177,"column":80}},"type":"binary-expr","locations":[{"start":{"line":177,"column":20},"end":{"line":177,"column":67}},{"start":{"line":177,"column":71},"end":{"line":177,"column":80}}],"line":177},"17":{"loc":{"start":{"line":178,"column":17},"end":{"line":178,"column":119}},"type":"cond-expr","locations":[{"start":{"line":178,"column":42},"end":{"line":178,"column":78}},{"start":{"line":178,"column":81},"end":{"line":178,"column":119}}],"line":178},"18":{"loc":{"start":{"line":179,"column":15},"end":{"line":179,"column":92}},"type":"cond-expr","locations":[{"start":{"line":179,"column":42},"end":{"line":179,"column":80}},{"start":{"line":179,"column":83},"end":{"line":179,"column":92}}],"line":179},"19":{"loc":{"start":{"line":180,"column":18},"end":{"line":180,"column":47}},"type":"binary-expr","locations":[{"start":{"line":180,"column":18},"end":{"line":180,"column":41}},{"start":{"line":180,"column":45},"end":{"line":180,"column":47}}],"line":180},"20":{"loc":{"start":{"line":198,"column":11},"end":{"line":198,"column":38}},"type":"binary-expr","locations":[{"start":{"line":198,"column":11},"end":{"line":198,"column":25}},{"start":{"line":198,"column":29},"end":{"line":198,"column":38}}],"line":198},"21":{"loc":{"start":{"line":202,"column":4},"end":{"line":204,"column":5}},"type":"if","locations":[{"start":{"line":202,"column":4},"end":{"line":204,"column":5}},{"start":{},"end":{}}],"line":202},"22":{"loc":{"start":{"line":208,"column":4},"end":{"line":211,"column":5}},"type":"if","locations":[{"start":{"line":208,"column":4},"end":{"line":211,"column":5}},{"start":{},"end":{}}],"line":208},"23":{"loc":{"start":{"line":224,"column":6},"end":{"line":226,"column":7}},"type":"if","locations":[{"start":{"line":224,"column":6},"end":{"line":226,"column":7}},{"start":{},"end":{}}],"line":224},"24":{"loc":{"start":{"line":227,"column":6},"end":{"line":230,"column":7}},"type":"if","locations":[{"start":{"line":227,"column":6},"end":{"line":230,"column":7}},{"start":{},"end":{}}],"line":227},"25":{"loc":{"start":{"line":231,"column":6},"end":{"line":235,"column":7}},"type":"if","locations":[{"start":{"line":231,"column":6},"end":{"line":235,"column":7}},{"start":{"line":233,"column":13},"end":{"line":235,"column":7}}],"line":231},"26":{"loc":{"start":{"line":231,"column":10},"end":{"line":231,"column":52}},"type":"binary-expr","locations":[{"start":{"line":231,"column":10},"end":{"line":231,"column":31}},{"start":{"line":231,"column":35},"end":{"line":231,"column":52}}],"line":231},"27":{"loc":{"start":{"line":233,"column":13},"end":{"line":235,"column":7}},"type":"if","locations":[{"start":{"line":233,"column":13},"end":{"line":235,"column":7}},{"start":{},"end":{}}],"line":233},"28":{"loc":{"start":{"line":238,"column":6},"end":{"line":240,"column":7}},"type":"if","locations":[{"start":{"line":238,"column":6},"end":{"line":240,"column":7}},{"start":{},"end":{}}],"line":238},"29":{"loc":{"start":{"line":238,"column":10},"end":{"line":238,"column":66}},"type":"binary-expr","locations":[{"start":{"line":238,"column":10},"end":{"line":238,"column":29}},{"start":{"line":238,"column":33},"end":{"line":238,"column":66}}],"line":238},"30":{"loc":{"start":{"line":242,"column":6},"end":{"line":248,"column":7}},"type":"if","locations":[{"start":{"line":242,"column":6},"end":{"line":248,"column":7}},{"start":{"line":245,"column":13},"end":{"line":248,"column":7}}],"line":242},"31":{"loc":{"start":{"line":282,"column":6},"end":{"line":286,"column":7}},"type":"if","locations":[{"start":{"line":282,"column":6},"end":{"line":286,"column":7}},{"start":{"line":284,"column":13},"end":{"line":286,"column":7}}],"line":282},"32":{"loc":{"start":{"line":287,"column":41},"end":{"line":287,"column":101}},"type":"cond-expr","locations":[{"start":{"line":287,"column":76},"end":{"line":287,"column":90}},{"start":{"line":287,"column":93},"end":{"line":287,"column":101}}],"line":287},"33":{"loc":{"start":{"line":296,"column":4},"end":{"line":302,"column":5}},"type":"switch","locations":[{"start":{"line":297,"column":6},"end":{"line":297,"column":38}},{"start":{"line":298,"column":6},"end":{"line":298,"column":38}},{"start":{"line":299,"column":6},"end":{"line":299,"column":41}},{"start":{"line":300,"column":6},"end":{"line":300,"column":37}},{"start":{"line":301,"column":6},"end":{"line":301,"column":32}}],"line":296},"34":{"loc":{"start":{"line":307,"column":4},"end":{"line":314,"column":5}},"type":"switch","locations":[{"start":{"line":308,"column":6},"end":{"line":308,"column":45}},{"start":{"line":309,"column":6},"end":{"line":309,"column":39}},{"start":{"line":310,"column":6},"end":{"line":310,"column":37}},{"start":{"line":311,"column":6},"end":{"line":311,"column":43}},{"start":{"line":312,"column":6},"end":{"line":312,"column":45}},{"start":{"line":313,"column":6},"end":{"line":313,"column":28}}],"line":307},"35":{"loc":{"start":{"line":318,"column":4},"end":{"line":320,"column":5}},"type":"if","locations":[{"start":{"line":318,"column":4},"end":{"line":320,"column":5}},{"start":{},"end":{}}],"line":318},"36":{"loc":{"start":{"line":325,"column":6},"end":{"line":327,"column":7}},"type":"if","locations":[{"start":{"line":325,"column":6},"end":{"line":327,"column":7}},{"start":{},"end":{}}],"line":325},"37":{"loc":{"start":{"line":340,"column":13},"end":{"line":340,"column":83}},"type":"cond-expr","locations":[{"start":{"line":340,"column":37},"end":{"line":340,"column":71}},{"start":{"line":340,"column":74},"end":{"line":340,"column":83}}],"line":340},"38":{"loc":{"start":{"line":347,"column":11},"end":{"line":347,"column":31}},"type":"binary-expr","locations":[{"start":{"line":347,"column":11},"end":{"line":347,"column":24}},{"start":{"line":347,"column":28},"end":{"line":347,"column":31}}],"line":347},"39":{"loc":{"start":{"line":347,"column":33},"end":{"line":347,"column":66}},"type":"binary-expr","locations":[{"start":{"line":347,"column":33},"end":{"line":347,"column":56}},{"start":{"line":347,"column":60},"end":{"line":347,"column":66}}],"line":347},"40":{"loc":{"start":{"line":351,"column":7},"end":{"line":353,"column":7}},"type":"binary-expr","locations":[{"start":{"line":351,"column":7},"end":{"line":351,"column":17}},{"start":{"line":352,"column":8},"end":{"line":352,"column":64}}],"line":351},"41":{"loc":{"start":{"line":361,"column":9},"end":{"line":366,"column":9}},"type":"binary-expr","locations":[{"start":{"line":361,"column":9},"end":{"line":361,"column":22}},{"start":{"line":362,"column":10},"end":{"line":365,"column":17}}],"line":361},"42":{"loc":{"start":{"line":379,"column":15},"end":{"line":379,"column":52}},"type":"cond-expr","locations":[{"start":{"line":379,"column":42},"end":{"line":379,"column":45}},{"start":{"line":379,"column":48},"end":{"line":379,"column":52}}],"line":379},"43":{"loc":{"start":{"line":399,"column":2},"end":{"line":411,"column":3}},"type":"if","locations":[{"start":{"line":399,"column":2},"end":{"line":411,"column":3}},{"start":{},"end":{}}],"line":399},"44":{"loc":{"start":{"line":413,"column":2},"end":{"line":427,"column":3}},"type":"if","locations":[{"start":{"line":413,"column":2},"end":{"line":427,"column":3}},{"start":{},"end":{}}],"line":413},"45":{"loc":{"start":{"line":435,"column":45},"end":{"line":435,"column":82}},"type":"cond-expr","locations":[{"start":{"line":435,"column":74},"end":{"line":435,"column":77}},{"start":{"line":435,"column":80},"end":{"line":435,"column":82}}],"line":435},"46":{"loc":{"start":{"line":482,"column":7},"end":{"line":497,"column":7}},"type":"cond-expr","locations":[{"start":{"line":483,"column":8},"end":{"line":486,"column":15}},{"start":{"line":488,"column":8},"end":{"line":496,"column":10}}],"line":482},"47":{"loc":{"start":{"line":510,"column":19},"end":{"line":510,"column":89}},"type":"cond-expr","locations":[{"start":{"line":510,"column":41},"end":{"line":510,"column":64}},{"start":{"line":510,"column":67},"end":{"line":510,"column":89}}],"line":510},"48":{"loc":{"start":{"line":520,"column":40},"end":{"line":520,"column":76}},"type":"binary-expr","locations":[{"start":{"line":520,"column":40},"end":{"line":520,"column":55}},{"start":{"line":520,"column":59},"end":{"line":520,"column":76}}],"line":520},"49":{"loc":{"start":{"line":526,"column":17},"end":{"line":526,"column":92}},"type":"binary-expr","locations":[{"start":{"line":526,"column":17},"end":{"line":526,"column":32}},{"start":{"line":526,"column":36},"end":{"line":526,"column":92}}],"line":526},"50":{"loc":{"start":{"line":546,"column":42},"end":{"line":546,"column":79}},"type":"binary-expr","locations":[{"start":{"line":546,"column":42},"end":{"line":546,"column":58}},{"start":{"line":546,"column":62},"end":{"line":546,"column":79}}],"line":546},"51":{"loc":{"start":{"line":553,"column":19},"end":{"line":553,"column":96}},"type":"binary-expr","locations":[{"start":{"line":553,"column":19},"end":{"line":553,"column":35}},{"start":{"line":553,"column":39},"end":{"line":553,"column":96}}],"line":553},"52":{"loc":{"start":{"line":596,"column":42},"end":{"line":596,"column":83}},"type":"binary-expr","locations":[{"start":{"line":596,"column":42},"end":{"line":596,"column":62}},{"start":{"line":596,"column":66},"end":{"line":596,"column":83}}],"line":596},"53":{"loc":{"start":{"line":602,"column":19},"end":{"line":602,"column":104}},"type":"binary-expr","locations":[{"start":{"line":602,"column":19},"end":{"line":602,"column":39}},{"start":{"line":602,"column":43},"end":{"line":602,"column":104}}],"line":602},"54":{"loc":{"start":{"line":609,"column":27},"end":{"line":609,"column":49}},"type":"binary-expr","locations":[{"start":{"line":609,"column":27},"end":{"line":609,"column":43}},{"start":{"line":609,"column":47},"end":{"line":609,"column":49}}],"line":609},"55":{"loc":{"start":{"line":610,"column":80},"end":{"line":610,"column":97}},"type":"binary-expr","locations":[{"start":{"line":610,"column":80},"end":{"line":610,"column":84}},{"start":{"line":610,"column":88},"end":{"line":610,"column":97}}],"line":610},"56":{"loc":{"start":{"line":621,"column":25},"end":{"line":621,"column":65}},"type":"binary-expr","locations":[{"start":{"line":621,"column":25},"end":{"line":621,"column":58}},{"start":{"line":621,"column":62},"end":{"line":621,"column":65}}],"line":621},"57":{"loc":{"start":{"line":622,"column":83},"end":{"line":622,"column":102}},"type":"binary-expr","locations":[{"start":{"line":622,"column":83},"end":{"line":622,"column":97}},{"start":{"line":622,"column":101},"end":{"line":622,"column":102}}],"line":622},"58":{"loc":{"start":{"line":641,"column":21},"end":{"line":641,"column":68}},"type":"cond-expr","locations":[{"start":{"line":641,"column":43},"end":{"line":641,"column":58}},{"start":{"line":641,"column":61},"end":{"line":641,"column":68}}],"line":641}},"s":{"0":0,"1":0,"2":0,"3":0,"4":0,"5":0,"6":0,"7":0,"8":0,"9":0,"10":0,"11":0,"12":0,"13":0,"14":0,"15":0,"16":0,"17":0,"18":0,"19":0,"20":0,"21":0,"22":0,"23":0,"24":0,"25":0,"26":0,"27":0,"28":0,"29":0,"30":0,"31":0,"32":0,"33":0,"34":0,"35":0,"36":0,"37":0,"38":0,"39":0,"40":0,"41":0,"42":0,"43":0,"44":0,"45":0,"46":0,"47":0,"48":0,"49":0,"50":0,"51":0,"52":0,"53":0,"54":0,"55":0,"56":0,"57":0,"58":0,"59":0,"60":0,"61":0,"62":0,"63":0,"64":0,"65":0,"66":0,"67":0,"68":0,"69":0,"70":0,"71":0,"72":0,"73":0,"74":0,"75":0,"76":0,"77":0,"78":0,"79":0,"80":0,"81":0,"82":0,"83":0,"84":0,"85":0,"86":0,"87":0,"88":0,"89":0,"90":0,"91":0,"92":0,"93":0,"94":0,"95":0,"96":0,"97":0,"98":0,"99":0,"100":0,"101":0,"102":0,"103":0,"104":0,"105":0,"106":0,"107":0,"108":0,"109":0,"110":0,"111":0,"112":0,"113":0,"114":0,"115":0,"116":0,"117":0,"118":0,"119":0,"120":0,"121":0,"122":0,"123":0,"124":0,"125":0,"126":0,"127":0,"128":0,"129":0,"130":0,"131":0,"132":0,"133":0,"134":0,"135":0,"136":0,"137":0,"138":0,"139":0,"140":0,"141":0,"142":0,"143":0,"144":0,"145":0,"146":0,"147":0,"148":0,"149":0,"150":0,"151":0,"152":0,"153":0,"154":0,"155":0,"156":0,"157":0,"158":0,"159":0,"160":0,"161":0,"162":0,"163":0,"164":0,"165":0,"166":0,"167":0,"168":0,"169":0,"170":0,"171":0},"f":{"0":0,"1":0,"2":0,"3":0,"4":0,"5":0,"6":0,"7":0,"8":0,"9":0,"10":0,"11":0,"12":0,"13":0,"14":0,"15":0,"16":0,"17":0,"18":0,"19":0,"20":0,"21":0,"22":0,"23":0,"24":0,"25":0,"26":0,"27":0,"28":0,"29":0,"30":0,"31":0,"32":0,"33":0,"34":0,"35":0,"36":0},"b":{"0":[0,0],"1":[0,0],"2":[0,0],"3":[0,0],"4":[0,0],"5":[0,0],"6":[0,0],"7":[0,0],"8":[0,0],"9":[0,0],"10":[0,0],"11":[0,0],"12":[0,0],"13":[0,0],"14":[0,0],"15":[0,0],"16":[0,0],"17":[0,0],"18":[0,0],"19":[0,0],"20":[0,0],"21":[0,0],"22":[0,0],"23":[0,0],"24":[0,0],"25":[0,0],"26":[0,0],"27":[0,0],"28":[0,0],"29":[0,0],"30":[0,0],"31":[0,0],"32":[0,0],"33":[0,0,0,0,0],"34":[0,0,0,0,0,0],"35":[0,0],"36":[0,0],"37":[0,0],"38":[0,0],"39":[0,0],"40":[0,0],"41":[0,0],"42":[0,0],"43":[0,0],"44":[0,0],"45":[0,0],"46":[0,0],"47":[0,0],"48":[0,0],"49":[0,0],"50":[0,0],"51":[0,0],"52":[0,0],"53":[0,0],"54":[0,0],"55":[0,0],"56":[0,0],"57":[0,0],"58":[0,0]}}
}
