TN:
SF:app/_layout.tsx
FN:6,RootLayout
FNF:1
FNH:0
FNDA:0,RootLayout
DA:7,0
LF:1
LH:0
BRF:0
BRH:0
end_of_record
TN:
SF:app/index.tsx
FN:17,AuthScreen
FN:30,(anonymous_1)
FN:36,(anonymous_2)
FN:41,(anonymous_3)
FN:79,(anonymous_4)
FN:224,(anonymous_5)
FNF:6
FNH:6
FNDA:20,AuthScreen
FNDA:7,(anonymous_1)
FNDA:1,(anonymous_2)
FNDA:1,(anonymous_3)
FNDA:1,(anonymous_4)
FNDA:4,(anonymous_5)
DA:18,20
DA:19,20
DA:20,20
DA:21,20
DA:22,20
DA:23,20
DA:24,20
DA:25,20
DA:27,20
DA:28,20
DA:30,20
DA:31,7
DA:32,0
DA:36,20
DA:37,1
DA:38,1
DA:41,20
DA:42,1
DA:43,0
DA:46,1
DA:47,0
DA:50,1
DA:51,0
DA:54,1
DA:55,0
DA:58,1
DA:59,1
DA:60,0
DA:63,1
DA:64,0
DA:67,1
DA:68,0
DA:71,1
DA:72,0
DA:76,1
DA:79,20
DA:80,1
DA:82,1
DA:83,1
DA:84,0
DA:85,0
DA:88,1
DA:90,1
DA:91,1
DA:92,0
DA:94,1
DA:103,0
DA:104,0
DA:109,0
DA:110,0
DA:115,1
DA:119,20
DA:120,0
DA:128,20
DA:225,4
DA:226,4
DA:243,1
LF:57
LH:40
BRDA:31,0,0,0
BRDA:31,0,1,7
BRDA:31,1,0,7
BRDA:31,1,1,0
BRDA:42,2,0,0
BRDA:42,2,1,1
BRDA:46,3,0,0
BRDA:46,3,1,1
BRDA:50,4,0,0
BRDA:50,4,1,1
BRDA:54,5,0,0
BRDA:54,5,1,1
BRDA:58,6,0,1
BRDA:58,6,1,0
BRDA:59,7,0,0
BRDA:59,7,1,1
BRDA:63,8,0,0
BRDA:63,8,1,1
BRDA:67,9,0,0
BRDA:67,9,1,1
BRDA:71,10,0,0
BRDA:71,10,1,1
BRDA:83,11,0,0
BRDA:83,11,1,1
BRDA:91,12,0,0
BRDA:91,12,1,1
BRDA:106,13,0,0
BRDA:106,13,1,0
BRDA:111,14,0,0
BRDA:111,14,1,0
BRDA:119,15,0,0
BRDA:119,15,1,20
BRDA:130,16,0,20
BRDA:130,16,1,0
BRDA:136,17,0,10
BRDA:136,17,1,10
BRDA:140,18,0,0
BRDA:140,18,1,20
BRDA:146,19,0,20
BRDA:146,19,1,10
BRDA:195,20,0,20
BRDA:195,20,1,10
BRDA:209,21,0,20
BRDA:209,21,1,1
BRDA:214,22,0,1
BRDA:214,22,1,19
BRDA:218,23,0,10
BRDA:218,23,1,9
BRDA:231,24,0,20
BRDA:231,24,1,1
BRDA:232,25,0,10
BRDA:232,25,1,10
BRF:52
BRH:32
end_of_record
TN:
SF:app/(tabs)/_layout.tsx
FN:11,TabLayout
FN:15,(anonymous_1)
FN:31,(anonymous_2)
FN:32,(anonymous_3)
FN:52,(anonymous_4)
FN:59,(anonymous_5)
FN:69,(anonymous_6)
FNF:7
FNH:0
FNDA:0,TabLayout
FNDA:0,(anonymous_1)
FNDA:0,(anonymous_2)
FNDA:0,(anonymous_3)
FNDA:0,(anonymous_4)
FNDA:0,(anonymous_5)
FNDA:0,(anonymous_6)
DA:12,0
DA:13,0
DA:15,0
DA:16,0
DA:17,0
DA:21,0
DA:22,0
DA:29,0
DA:31,0
DA:32,0
DA:34,0
DA:53,0
DA:60,0
DA:70,0
LF:14
LH:0
BRDA:16,0,0,0
BRDA:16,0,1,0
BRDA:16,1,0,0
BRDA:16,1,1,0
BRDA:21,2,0,0
BRDA:21,2,1,0
BRDA:29,3,0,0
BRDA:29,3,1,0
BRF:8
BRH:0
end_of_record
TN:
SF:app/(tabs)/cloud.tsx
FN:4,NotificationsScreen
FNF:1
FNH:1
FNDA:5,NotificationsScreen
DA:5,5
DA:20,1
LF:2
LH:2
BRF:0
BRH:0
end_of_record
TN:
SF:app/(tabs)/dashboard.tsx
FN:34,DashboardScreen
FN:59,(anonymous_1)
FN:69,(anonymous_2)
FN:72,(anonymous_3)
FN:128,(anonymous_4)
FN:143,(anonymous_5)
FN:151,(anonymous_6)
FN:155,(anonymous_7)
FN:174,(anonymous_8)
FN:213,(anonymous_9)
FN:257,(anonymous_10)
FN:267,(anonymous_11)
FN:293,(anonymous_12)
FNF:13
FNH:4
FNDA:6,DashboardScreen
FNDA:0,(anonymous_1)
FNDA:6,(anonymous_2)
FNDA:0,(anonymous_3)
FNDA:1,(anonymous_4)
FNDA:0,(anonymous_5)
FNDA:0,(anonymous_6)
FNDA:0,(anonymous_7)
FNDA:0,(anonymous_8)
FNDA:0,(anonymous_9)
FNDA:24,(anonymous_10)
FNDA:0,(anonymous_11)
FNDA:0,(anonymous_12)
DA:12,1
DA:32,1
DA:53,6
DA:55,6
DA:56,6
DA:58,6
DA:60,0
DA:64,6
DA:65,6
DA:69,6
DA:70,6
DA:72,6
DA:73,0
DA:74,0
DA:75,0
DA:76,0
DA:77,0
DA:78,0
DA:83,0
DA:87,6
DA:88,0
DA:95,6
DA:99,6
DA:100,0
DA:109,6
DA:110,0
DA:122,6
DA:128,1
DA:144,0
DA:145,0
DA:152,0
DA:156,0
DA:157,0
DA:175,0
DA:214,0
DA:258,24
DA:267,0
DA:293,0
DA:299,1
LF:39
LH:19
BRDA:64,0,0,0
BRDA:64,0,1,6
BRDA:65,1,0,0
BRDA:65,1,1,6
BRDA:73,2,0,0
BRDA:73,2,1,0
BRDA:76,3,0,0
BRDA:76,3,1,0
BRDA:87,4,0,0
BRDA:87,4,1,6
BRDA:99,5,0,0
BRDA:99,5,1,6
BRDA:109,6,0,0
BRDA:109,6,1,6
BRDA:129,7,0,6
BRDA:129,7,1,6
BRDA:133,8,0,6
BRDA:133,8,1,0
BRDA:135,9,0,0
BRDA:135,9,1,0
BRDA:203,10,0,6
BRDA:203,10,1,0
BRDA:208,11,0,0
BRDA:208,11,1,0
BRDA:228,12,0,0
BRDA:228,12,1,0
BRDA:233,13,0,0
BRDA:233,13,1,0
BRDA:263,14,0,6
BRDA:263,14,1,18
BRDA:273,15,0,6
BRDA:273,15,1,18
BRF:32
BRH:13
end_of_record
TN:
SF:app/(tabs)/legal.tsx
FN:4,NotificationsScreen
FNF:1
FNH:1
FNDA:5,NotificationsScreen
DA:5,5
DA:20,1
LF:2
LH:2
BRF:0
BRH:0
end_of_record
TN:
SF:app/(tabs)/notifications.tsx
FN:4,NotificationsScreen
FNF:1
FNH:1
FNDA:5,NotificationsScreen
DA:5,5
DA:20,1
LF:2
LH:2
BRF:0
BRH:0
end_of_record
TN:
SF:app/(tabs)/profile.tsx
FN:15,ProfileScreen
FN:20,(anonymous_1)
FN:32,(anonymous_2)
FN:60,(anonymous_3)
FNF:4
FNH:4
FNDA:9,ProfileScreen
FNDA:1,(anonymous_1)
FNDA:1,(anonymous_2)
FNDA:9,(anonymous_3)
DA:16,9
DA:17,9
DA:18,9
DA:20,9
DA:21,1
DA:33,1
DA:34,1
DA:35,1
DA:36,1
DA:38,0
DA:39,0
DA:41,1
DA:50,9
DA:51,0
DA:60,9
DA:61,9
DA:62,9
DA:63,9
DA:64,9
DA:67,9
DA:161,1
LF:21
LH:18
BRDA:50,0,0,0
BRDA:50,0,1,9
BRDA:61,1,0,0
BRDA:61,1,1,9
BRDA:62,2,0,9
BRDA:62,2,1,0
BRDA:63,3,0,9
BRDA:63,3,1,0
BRDA:64,4,0,9
BRDA:64,4,1,0
BRDA:71,5,0,9
BRDA:71,5,1,0
BRDA:80,6,0,9
BRDA:80,6,1,0
BRDA:82,7,0,9
BRDA:82,7,1,0
BRDA:83,8,0,9
BRDA:83,8,1,9
BRDA:143,9,0,9
BRDA:143,9,1,1
BRDA:148,10,0,1
BRDA:148,10,1,8
BRF:22
BRH:14
end_of_record
TN:
SF:app/(tabs)/promotion.tsx
FN:4,NotificationsScreen
FNF:1
FNH:1
FNDA:5,NotificationsScreen
DA:5,5
DA:20,1
LF:2
LH:2
BRF:0
BRH:0
end_of_record
TN:
SF:app/(tabs)/statistics.tsx
FN:5,StatsScreen
FNF:1
FNH:1
FNDA:5,StatsScreen
DA:7,5
DA:22,1
LF:2
LH:2
BRF:0
BRH:0
end_of_record
TN:
SF:app/(tabs)/subscription.tsx
FN:31,SubscriptionScreen
FN:58,(anonymous_1)
FN:62,(anonymous_2)
FN:69,(anonymous_3)
FN:97,(anonymous_4)
FN:103,(anonymous_5)
FN:125,(anonymous_6)
FN:145,(anonymous_7)
FN:161,(anonymous_8)
FN:190,(anonymous_9)
FN:201,(anonymous_10)
FN:257,(anonymous_11)
FN:266,(anonymous_12)
FN:280,(anonymous_13)
FN:294,(anonymous_14)
FN:305,(anonymous_15)
FN:317,(anonymous_16)
FN:335,(anonymous_17)
FN:376,(anonymous_18)
FN:384,(anonymous_19)
FN:390,(anonymous_20)
FN:450,(anonymous_21)
FN:469,(anonymous_22)
FN:474,(anonymous_23)
FN:491,(anonymous_24)
FN:503,(anonymous_25)
FN:512,(anonymous_26)
FN:522,(anonymous_27)
FN:534,(anonymous_28)
FN:548,(anonymous_29)
FN:561,(anonymous_30)
FN:580,(anonymous_31)
FN:585,(anonymous_32)
FN:598,(anonymous_33)
FN:610,(anonymous_34)
FN:622,(anonymous_35)
FN:632,(anonymous_36)
FNF:37
FNH:0
FNDA:0,SubscriptionScreen
FNDA:0,(anonymous_1)
FNDA:0,(anonymous_2)
FNDA:0,(anonymous_3)
FNDA:0,(anonymous_4)
FNDA:0,(anonymous_5)
FNDA:0,(anonymous_6)
FNDA:0,(anonymous_7)
FNDA:0,(anonymous_8)
FNDA:0,(anonymous_9)
FNDA:0,(anonymous_10)
FNDA:0,(anonymous_11)
FNDA:0,(anonymous_12)
FNDA:0,(anonymous_13)
FNDA:0,(anonymous_14)
FNDA:0,(anonymous_15)
FNDA:0,(anonymous_16)
FNDA:0,(anonymous_17)
FNDA:0,(anonymous_18)
FNDA:0,(anonymous_19)
FNDA:0,(anonymous_20)
FNDA:0,(anonymous_21)
FNDA:0,(anonymous_22)
FNDA:0,(anonymous_23)
FNDA:0,(anonymous_24)
FNDA:0,(anonymous_25)
FNDA:0,(anonymous_26)
FNDA:0,(anonymous_27)
FNDA:0,(anonymous_28)
FNDA:0,(anonymous_29)
FNDA:0,(anonymous_30)
FNDA:0,(anonymous_31)
FNDA:0,(anonymous_32)
FNDA:0,(anonymous_33)
FNDA:0,(anonymous_34)
FNDA:0,(anonymous_35)
FNDA:0,(anonymous_36)
DA:32,0
DA:33,0
DA:34,0
DA:35,0
DA:36,0
DA:38,0
DA:39,0
DA:42,0
DA:43,0
DA:45,0
DA:54,0
DA:56,0
DA:58,0
DA:59,0
DA:62,0
DA:64,0
DA:65,0
DA:69,0
DA:70,0
DA:71,0
DA:72,0
DA:75,0
DA:76,0
DA:77,0
DA:79,0
DA:80,0
DA:83,0
DA:87,0
DA:88,0
DA:90,0
DA:91,0
DA:93,0
DA:97,0
DA:98,0
DA:99,0
DA:100,0
DA:103,0
DA:104,0
DA:105,0
DA:109,0
DA:112,0
DA:113,0
DA:114,0
DA:117,0
DA:118,0
DA:119,0
DA:122,0
DA:125,0
DA:126,0
DA:128,0
DA:129,0
DA:132,0
DA:133,0
DA:134,0
DA:137,0
DA:138,0
DA:141,0
DA:142,0
DA:145,0
DA:146,0
DA:147,0
DA:148,0
DA:157,0
DA:158,0
DA:161,0
DA:162,0
DA:163,0
DA:165,0
DA:173,0
DA:183,0
DA:184,0
DA:190,0
DA:191,0
DA:198,0
DA:201,0
DA:202,0
DA:203,0
DA:207,0
DA:208,0
DA:209,0
DA:210,0
DA:213,0
DA:215,0
DA:224,0
DA:225,0
DA:227,0
DA:228,0
DA:229,0
DA:231,0
DA:232,0
DA:233,0
DA:234,0
DA:238,0
DA:239,0
DA:242,0
DA:243,0
DA:244,0
DA:246,0
DA:247,0
DA:249,0
DA:250,0
DA:252,0
DA:253,0
DA:257,0
DA:258,0
DA:267,0
DA:268,0
DA:269,0
DA:270,0
DA:272,0
DA:280,0
DA:281,0
DA:282,0
DA:283,0
DA:285,0
DA:287,0
DA:288,0
DA:290,0
DA:294,0
DA:295,0
DA:296,0
DA:297,0
DA:298,0
DA:299,0
DA:300,0
DA:301,0
DA:305,0
DA:306,0
DA:307,0
DA:308,0
DA:309,0
DA:310,0
DA:311,0
DA:312,0
DA:313,0
DA:317,0
DA:318,0
DA:319,0
DA:322,0
DA:323,0
DA:325,0
DA:326,0
DA:328,0
DA:330,0
DA:331,0
DA:335,0
DA:336,0
DA:376,0
DA:384,0
DA:390,0
DA:399,0
DA:400,0
DA:413,0
DA:414,0
DA:429,0
DA:450,0
DA:469,0
DA:475,0
DA:491,0
DA:503,0
DA:512,0
DA:522,0
DA:534,0
DA:548,0
DA:561,0
DA:580,0
DA:586,0
DA:598,0
DA:610,0
DA:622,0
DA:632,0
DA:653,0
LF:172
LH:0
BRDA:64,0,0,0
BRDA:64,0,1,0
BRDA:76,1,0,0
BRDA:76,1,1,0
BRDA:79,2,0,0
BRDA:79,2,1,0
BRDA:84,3,0,0
BRDA:84,3,1,0
BRDA:104,4,0,0
BRDA:104,4,1,0
BRDA:104,5,0,0
BRDA:104,5,1,0
BRDA:113,6,0,0
BRDA:113,6,1,0
BRDA:118,7,0,0
BRDA:118,7,1,0
BRDA:118,8,0,0
BRDA:118,8,1,0
BRDA:128,9,0,0
BRDA:128,9,1,0
BRDA:133,10,0,0
BRDA:133,10,1,0
BRDA:137,11,0,0
BRDA:137,11,1,0
BRDA:154,12,0,0
BRDA:154,12,1,0
BRDA:163,13,0,0
BRDA:163,13,1,0
BRDA:175,14,0,0
BRDA:175,14,1,0
BRDA:176,15,0,0
BRDA:176,15,1,0
BRDA:177,16,0,0
BRDA:177,16,1,0
BRDA:178,17,0,0
BRDA:178,17,1,0
BRDA:179,18,0,0
BRDA:179,18,1,0
BRDA:180,19,0,0
BRDA:180,19,1,0
BRDA:198,20,0,0
BRDA:198,20,1,0
BRDA:202,21,0,0
BRDA:202,21,1,0
BRDA:208,22,0,0
BRDA:208,22,1,0
BRDA:224,23,0,0
BRDA:224,23,1,0
BRDA:227,24,0,0
BRDA:227,24,1,0
BRDA:231,25,0,0
BRDA:231,25,1,0
BRDA:231,26,0,0
BRDA:231,26,1,0
BRDA:233,27,0,0
BRDA:233,27,1,0
BRDA:238,28,0,0
BRDA:238,28,1,0
BRDA:238,29,0,0
BRDA:238,29,1,0
BRDA:242,30,0,0
BRDA:242,30,1,0
BRDA:282,31,0,0
BRDA:282,31,1,0
BRDA:287,32,0,0
BRDA:287,32,1,0
BRDA:296,33,0,0
BRDA:296,33,1,0
BRDA:296,33,2,0
BRDA:296,33,3,0
BRDA:296,33,4,0
BRDA:307,34,0,0
BRDA:307,34,1,0
BRDA:307,34,2,0
BRDA:307,34,3,0
BRDA:307,34,4,0
BRDA:307,34,5,0
BRDA:318,35,0,0
BRDA:318,35,1,0
BRDA:325,36,0,0
BRDA:325,36,1,0
BRDA:340,37,0,0
BRDA:340,37,1,0
BRDA:347,38,0,0
BRDA:347,38,1,0
BRDA:347,39,0,0
BRDA:347,39,1,0
BRDA:351,40,0,0
BRDA:351,40,1,0
BRDA:361,41,0,0
BRDA:361,41,1,0
BRDA:379,42,0,0
BRDA:379,42,1,0
BRDA:399,43,0,0
BRDA:399,43,1,0
BRDA:413,44,0,0
BRDA:413,44,1,0
BRDA:435,45,0,0
BRDA:435,45,1,0
BRDA:482,46,0,0
BRDA:482,46,1,0
BRDA:510,47,0,0
BRDA:510,47,1,0
BRDA:520,48,0,0
BRDA:520,48,1,0
BRDA:526,49,0,0
BRDA:526,49,1,0
BRDA:546,50,0,0
BRDA:546,50,1,0
BRDA:553,51,0,0
BRDA:553,51,1,0
BRDA:596,52,0,0
BRDA:596,52,1,0
BRDA:602,53,0,0
BRDA:602,53,1,0
BRDA:609,54,0,0
BRDA:609,54,1,0
BRDA:610,55,0,0
BRDA:610,55,1,0
BRDA:621,56,0,0
BRDA:621,56,1,0
BRDA:622,57,0,0
BRDA:622,57,1,0
BRDA:641,58,0,0
BRDA:641,58,1,0
BRF:125
BRH:0
end_of_record
