{"/home/blackohma/Epitech/msc2026/T9/remindy_esp/backend/src/app.controller.ts": {"path":"/home/blackohma/Epitech/msc2026/T9/remindy_esp/backend/src/app.controller.ts","statementMap":{"0":{"start":{"line":1,"column":0},"end":{"line":1,"column":49}},"1":{"start":{"line":2,"column":0},"end":{"line":2,"column":43}},"2":{"start":{"line":5,"column":7},"end":{"line":12,"column":null}},"3":{"start":{"line":6,"column":31},"end":{"line":6,"column":43}},"4":{"start":{"line":10,"column":4},"end":{"line":10,"column":38}},"5":{"start":{"line":5,"column":13},"end":{"line":5,"column":26}},"6":{"start":{"line":9,"column":2},"end":{"line":11,"column":null}},"7":{"start":{"line":5,"column":13},"end":{"line":12,"column":null}}},"fnMap":{"0":{"name":"(anonymous_2)","decl":{"start":{"line":6,"column":2},"end":{"line":6,"column":31}},"loc":{"start":{"line":6,"column":53},"end":{"line":6,"column":57}}},"1":{"name":"(anonymous_3)","decl":{"start":{"line":9,"column":2},"end":{"line":9,"column":10}},"loc":{"start":{"line":9,"column":10},"end":{"line":11,"column":3}}}},"branchMap":{"0":{"loc":{"start":{"line":6,"column":43},"end":{"line":6,"column":56}},"type":"cond-expr","locations":[{"start":{"line":6,"column":53},"end":{"line":6,"column":56}},{"start":{"line":6,"column":53},"end":{"line":6,"column":56}}]},"1":{"loc":{"start":{"line":6,"column":43},"end":{"line":6,"column":53}},"type":"binary-expr","locations":[{"start":{"line":6,"column":43},"end":{"line":6,"column":56}},{"start":{"line":6,"column":43},"end":{"line":6,"column":53}}]}},"s":{"0":0,"1":0,"2":0,"3":0,"4":0,"5":0,"6":0,"7":0},"f":{"0":0,"1":0},"b":{"0":[0,0],"1":[0,0]}}
,"/home/blackohma/Epitech/msc2026/T9/remindy_esp/backend/src/app.module.ts": {"path":"/home/blackohma/Epitech/msc2026/T9/remindy_esp/backend/src/app.module.ts","statementMap":{"0":{"start":{"line":1,"column":0},"end":{"line":1,"column":40}},"1":{"start":{"line":2,"column":0},"end":{"line":2,"column":49}},"2":{"start":{"line":3,"column":0},"end":{"line":3,"column":43}},"3":{"start":{"line":4,"column":0},"end":{"line":4,"column":46}},"4":{"start":{"line":5,"column":0},"end":{"line":5,"column":48}},"5":{"start":{"line":6,"column":0},"end":{"line":6,"column":52}},"6":{"start":{"line":7,"column":0},"end":{"line":7,"column":77}},"7":{"start":{"line":8,"column":0},"end":{"line":8,"column":78}},"8":{"start":{"line":9,"column":0},"end":{"line":9,"column":57}},"9":{"start":{"line":10,"column":0},"end":{"line":10,"column":56}},"10":{"start":{"line":11,"column":0},"end":{"line":11,"column":59}},"11":{"start":{"line":12,"column":0},"end":{"line":12,"column":80}},"12":{"start":{"line":13,"column":0},"end":{"line":13,"column":59}},"13":{"start":{"line":14,"column":0},"end":{"line":14,"column":59}},"14":{"start":{"line":15,"column":0},"end":{"line":15,"column":79}},"15":{"start":{"line":16,"column":0},"end":{"line":16,"column":68}},"16":{"start":{"line":17,"column":0},"end":{"line":17,"column":80}},"17":{"start":{"line":18,"column":0},"end":{"line":18,"column":68}},"18":{"start":{"line":19,"column":0},"end":{"line":19,"column":68}},"19":{"start":{"line":20,"column":0},"end":{"line":20,"column":71}},"20":{"start":{"line":21,"column":0},"end":{"line":21,"column":56}},"21":{"start":{"line":54,"column":7},"end":{"line":54,"column":null}},"22":{"start":{"line":54,"column":13},"end":{"line":54,"column":22}},"23":{"start":{"line":54,"column":13},"end":{"line":54,"column":null}}},"fnMap":{},"branchMap":{},"s":{"0":0,"1":0,"2":0,"3":0,"4":0,"5":0,"6":0,"7":0,"8":0,"9":0,"10":0,"11":0,"12":0,"13":0,"14":0,"15":0,"16":0,"17":0,"18":0,"19":0,"20":0,"21":0,"22":0,"23":0},"f":{},"b":{}}
,"/home/blackohma/Epitech/msc2026/T9/remindy_esp/backend/src/app.service.ts": {"path":"/home/blackohma/Epitech/msc2026/T9/remindy_esp/backend/src/app.service.ts","statementMap":{"0":{"start":{"line":1,"column":0},"end":{"line":1,"column":44}},"1":{"start":{"line":4,"column":7},"end":{"line":8,"column":null}},"2":{"start":{"line":6,"column":4},"end":{"line":6,"column":26}},"3":{"start":{"line":4,"column":13},"end":{"line":4,"column":23}},"4":{"start":{"line":4,"column":13},"end":{"line":8,"column":null}}},"fnMap":{"0":{"name":"(anonymous_1)","decl":{"start":{"line":5,"column":2},"end":{"line":5,"column":10}},"loc":{"start":{"line":5,"column":10},"end":{"line":7,"column":3}}}},"branchMap":{},"s":{"0":0,"1":0,"2":0,"3":0,"4":0},"f":{"0":0},"b":{}}
,"/home/blackohma/Epitech/msc2026/T9/remindy_esp/backend/src/main.ts": {"path":"/home/blackohma/Epitech/msc2026/T9/remindy_esp/backend/src/main.ts","statementMap":{"0":{"start":{"line":1,"column":0},"end":{"line":1,"column":43}},"1":{"start":{"line":2,"column":0},"end":{"line":2,"column":41}},"2":{"start":{"line":3,"column":0},"end":{"line":3,"column":65}},"3":{"start":{"line":5,"column":0},"end":{"line":5,"column":41}},"4":{"start":{"line":6,"column":0},"end":{"line":6,"column":48}},"5":{"start":{"line":9,"column":14},"end":{"line":9,"column":49}},"6":{"start":{"line":12,"column":2},"end":{"line":17,"column":5}},"7":{"start":{"line":19,"column":2},"end":{"line":19,"column":26}},"8":{"start":{"line":21,"column":2},"end":{"line":27,"column":4}},"9":{"start":{"line":29,"column":31},"end":{"line":39,"column":null}},"10":{"start":{"line":42,"column":17},"end":{"line":42,"column":45}},"11":{"start":{"line":44,"column":34},"end":{"line":44,"column":92}},"12":{"start":{"line":46,"column":2},"end":{"line":46,"column":51}},"13":{"start":{"line":48,"column":2},"end":{"line":48,"column":25}},"14":{"start":{"line":49,"column":2},"end":{"line":49,"column":56}},"15":{"start":{"line":52,"column":0},"end":{"line":55,"column":3}},"16":{"start":{"line":53,"column":2},"end":{"line":53,"column":56}},"17":{"start":{"line":54,"column":2},"end":{"line":54,"column":18}}},"fnMap":{"0":{"name":"bootstrap","decl":{"start":{"line":8,"column":15},"end":{"line":8,"column":24}},"loc":{"start":{"line":8,"column":24},"end":{"line":50,"column":1}}},"1":{"name":"(anonymous_2)","decl":{"start":{"line":52,"column":18},"end":{"line":52,"column":21}},"loc":{"start":{"line":52,"column":24},"end":{"line":55,"column":1}}}},"branchMap":{},"s":{"0":0,"1":0,"2":0,"3":0,"4":0,"5":0,"6":0,"7":0,"8":0,"9":0,"10":0,"11":0,"12":0,"13":0,"14":0,"15":0,"16":0,"17":0},"f":{"0":0,"1":0},"b":{}}
,"/home/blackohma/Epitech/msc2026/T9/remindy_esp/backend/src/infrastructure/infrastructure.module.ts": {"path":"/home/blackohma/Epitech/msc2026/T9/remindy_esp/backend/src/infrastructure/infrastructure.module.ts","statementMap":{"0":{"start":{"line":1,"column":0},"end":{"line":1,"column":40}},"1":{"start":{"line":2,"column":0},"end":{"line":2,"column":48}},"2":{"start":{"line":3,"column":0},"end":{"line":3,"column":56}},"3":{"start":{"line":4,"column":0},"end":{"line":4,"column":69}},"4":{"start":{"line":5,"column":0},"end":{"line":5,"column":89}},"5":{"start":{"line":6,"column":0},"end":{"line":6,"column":74}},"6":{"start":{"line":7,"column":0},"end":{"line":7,"column":61}},"7":{"start":{"line":8,"column":0},"end":{"line":8,"column":82}},"8":{"start":{"line":9,"column":0},"end":{"line":9,"column":76}},"9":{"start":{"line":25,"column":7},"end":{"line":25,"column":null}},"10":{"start":{"line":25,"column":13},"end":{"line":25,"column":33}},"11":{"start":{"line":25,"column":13},"end":{"line":25,"column":null}}},"fnMap":{},"branchMap":{},"s":{"0":0,"1":0,"2":0,"3":0,"4":0,"5":0,"6":0,"7":0,"8":0,"9":0,"10":0,"11":0},"f":{},"b":{}}
,"/home/blackohma/Epitech/msc2026/T9/remindy_esp/backend/src/infrastructure/config/database.config.ts": {"path":"/home/blackohma/Epitech/msc2026/T9/remindy_esp/backend/src/infrastructure/config/database.config.ts","statementMap":{"0":{"start":{"line":2,"column":0},"end":{"line":2,"column":61}},"1":{"start":{"line":4,"column":13},"end":{"line":35,"column":2}},"2":{"start":{"line":8,"column":40},"end":{"line":8,"column":86}},"3":{"start":{"line":9,"column":35},"end":{"line":9,"column":60}},"4":{"start":{"line":10,"column":28},"end":{"line":10,"column":46}},"5":{"start":{"line":12,"column":31},"end":{"line":12,"column":52}},"6":{"start":{"line":15,"column":34},"end":{"line":15,"column":58}},"7":{"start":{"line":17,"column":6},"end":{"line":20,"column":49}},"8":{"start":{"line":22,"column":4},"end":{"line":33,"column":6}}},"fnMap":{"0":{"name":"(anonymous_0)","decl":{"start":{"line":7,"column":14},"end":{"line":7,"column":15}},"loc":{"start":{"line":7,"column":69},"end":{"line":34,"column":3}}}},"branchMap":{"0":{"loc":{"start":{"line":8,"column":40},"end":{"line":8,"column":86}},"type":"binary-expr","locations":[{"start":{"line":8,"column":40},"end":{"line":8,"column":69}},{"start":{"line":8,"column":73},"end":{"line":8,"column":86}}]},"1":{"loc":{"start":{"line":17,"column":6},"end":{"line":20,"column":49}},"type":"binary-expr","locations":[{"start":{"line":17,"column":6},"end":{"line":17,"column":39}},{"start":{"line":18,"column":6},"end":{"line":18,"column":48}},{"start":{"line":19,"column":6},"end":{"line":19,"column":52}},{"start":{"line":20,"column":6},"end":{"line":20,"column":49}}]}},"s":{"0":0,"1":0,"2":0,"3":0,"4":0,"5":0,"6":0,"7":0,"8":0},"f":{"0":0},"b":{"0":[0,0],"1":[0,0,0,0]}}
,"/home/blackohma/Epitech/msc2026/T9/remindy_esp/backend/src/infrastructure/config/typeorm.config.ts": {"path":"/home/blackohma/Epitech/msc2026/T9/remindy_esp/backend/src/infrastructure/config/typeorm.config.ts","statementMap":{"0":{"start":{"line":1,"column":0},"end":{"line":1,"column":37}},"1":{"start":{"line":2,"column":0},"end":{"line":2,"column":32}},"2":{"start":{"line":4,"column":12},"end":{"line":4,"column":49}},"3":{"start":{"line":6,"column":2},"end":{"line":6,"column":96}},"4":{"start":{"line":7,"column":0},"end":{"line":7,"column":26}},"5":{"start":{"line":9,"column":2},"end":{"line":12,"column":36}},"6":{"start":{"line":14,"column":15},"end":{"line":14,"column":46}},"7":{"start":{"line":16,"column":13},"end":{"line":24,"column":3}}},"fnMap":{},"branchMap":{"0":{"loc":{"start":{"line":4,"column":12},"end":{"line":4,"column":49}},"type":"binary-expr","locations":[{"start":{"line":4,"column":12},"end":{"line":4,"column":32}},{"start":{"line":4,"column":36},"end":{"line":4,"column":49}}]},"1":{"loc":{"start":{"line":6,"column":2},"end":{"line":6,"column":96}},"type":"cond-expr","locations":[{"start":{"line":6,"column":25},"end":{"line":6,"column":42}},{"start":{"line":6,"column":45},"end":{"line":6,"column":96}}]},"2":{"loc":{"start":{"line":6,"column":45},"end":{"line":6,"column":96}},"type":"cond-expr","locations":[{"start":{"line":6,"column":65},"end":{"line":6,"column":79}},{"start":{"line":6,"column":82},"end":{"line":6,"column":96}}]},"3":{"loc":{"start":{"line":9,"column":2},"end":{"line":12,"column":36}},"type":"binary-expr","locations":[{"start":{"line":9,"column":2},"end":{"line":9,"column":26}},{"start":{"line":10,"column":2},"end":{"line":10,"column":35}},{"start":{"line":11,"column":2},"end":{"line":11,"column":39}},{"start":{"line":12,"column":2},"end":{"line":12,"column":36}}]}},"s":{"0":0,"1":0,"2":0,"3":0,"4":0,"5":0,"6":0,"7":0},"f":{},"b":{"0":[0,0],"1":[0,0],"2":[0,0],"3":[0,0,0,0]}}
,"/home/blackohma/Epitech/msc2026/T9/remindy_esp/backend/src/infrastructure/database/entities/admin-audit-log.entity.ts": {"path":"/home/blackohma/Epitech/msc2026/T9/remindy_esp/backend/src/infrastructure/database/entities/admin-audit-log.entity.ts","statementMap":{"0":{"start":{"line":1,"column":0},"end":{"line":1,"column":null}},"1":{"start":{"line":10,"column":0},"end":{"line":10,"column":38}},"2":{"start":{"line":11,"column":0},"end":{"line":11,"column":72}},"3":{"start":{"line":20,"column":7},"end":{"line":69,"column":null}},"4":{"start":{"line":20,"column":13},"end":{"line":20,"column":32}},"5":{"start":{"line":22,"column":2},"end":{"line":22,"column":null}},"6":{"start":{"line":25,"column":2},"end":{"line":25,"column":null}},"7":{"start":{"line":28,"column":2},"end":{"line":28,"column":null}},"8":{"start":{"line":31,"column":2},"end":{"line":31,"column":null}},"9":{"start":{"line":34,"column":2},"end":{"line":34,"column":null}},"10":{"start":{"line":37,"column":2},"end":{"line":37,"column":null}},"11":{"start":{"line":40,"column":2},"end":{"line":40,"column":null}},"12":{"start":{"line":43,"column":2},"end":{"line":43,"column":null}},"13":{"start":{"line":46,"column":2},"end":{"line":46,"column":null}},"14":{"start":{"line":54,"column":2},"end":{"line":54,"column":null}},"15":{"start":{"line":57,"column":2},"end":{"line":57,"column":null}},"16":{"start":{"line":60,"column":2},"end":{"line":60,"column":null}},"17":{"start":{"line":63,"column":2},"end":{"line":63,"column":null}},"18":{"start":{"line":62,"column":78},"end":{"line":62,"column":85}},"19":{"start":{"line":68,"column":2},"end":{"line":68,"column":null}},"20":{"start":{"line":66,"column":19},"end":{"line":66,"column":24}},"21":{"start":{"line":20,"column":13},"end":{"line":69,"column":null}}},"fnMap":{"0":{"name":"(anonymous_2)","decl":{"start":{"line":62,"column":72},"end":{"line":62,"column":75}},"loc":{"start":{"line":62,"column":78},"end":{"line":62,"column":85}}},"1":{"name":"(anonymous_3)","decl":{"start":{"line":66,"column":13},"end":{"line":66,"column":16}},"loc":{"start":{"line":66,"column":19},"end":{"line":66,"column":24}}}},"branchMap":{"0":{"loc":{"start":{"line":54,"column":12},"end":{"line":54,"column":21}},"type":"cond-expr","locations":[{"start":{"line":54,"column":20},"end":{"line":54,"column":21}},{"start":{"line":54,"column":20},"end":{"line":54,"column":21}}]},"1":{"loc":{"start":{"line":54,"column":12},"end":{"line":54,"column":20}},"type":"binary-expr","locations":[{"start":{"line":54,"column":12},"end":{"line":54,"column":21}},{"start":{"line":54,"column":12},"end":{"line":54,"column":20}}]},"2":{"loc":{"start":{"line":63,"column":13},"end":{"line":63,"column":18}},"type":"cond-expr","locations":[{"start":{"line":63,"column":17},"end":{"line":63,"column":18}},{"start":{"line":63,"column":17},"end":{"line":63,"column":18}}]},"3":{"loc":{"start":{"line":63,"column":13},"end":{"line":63,"column":17}},"type":"binary-expr","locations":[{"start":{"line":63,"column":13},"end":{"line":63,"column":18}},{"start":{"line":63,"column":13},"end":{"line":63,"column":17}}]}},"s":{"0":0,"1":0,"2":0,"3":0,"4":0,"5":0,"6":0,"7":0,"8":0,"9":0,"10":0,"11":0,"12":0,"13":0,"14":0,"15":0,"16":0,"17":0,"18":0,"19":0,"20":0,"21":0},"f":{"0":0,"1":0},"b":{"0":[0,0],"1":[0,0],"2":[0,0],"3":[0,0]}}
,"/home/blackohma/Epitech/msc2026/T9/remindy_esp/backend/src/infrastructure/database/entities/contract.entity.ts": {"path":"/home/blackohma/Epitech/msc2026/T9/remindy_esp/backend/src/infrastructure/database/entities/contract.entity.ts","statementMap":{"0":{"start":{"line":1,"column":0},"end":{"line":1,"column":null}},"1":{"start":{"line":10,"column":7},"end":{"line":34,"column":null}},"2":{"start":{"line":10,"column":13},"end":{"line":10,"column":27}},"3":{"start":{"line":12,"column":2},"end":{"line":12,"column":null}},"4":{"start":{"line":15,"column":2},"end":{"line":15,"column":null}},"5":{"start":{"line":18,"column":2},"end":{"line":18,"column":null}},"6":{"start":{"line":21,"column":2},"end":{"line":21,"column":null}},"7":{"start":{"line":24,"column":2},"end":{"line":24,"column":null}},"8":{"start":{"line":27,"column":2},"end":{"line":27,"column":null}},"9":{"start":{"line":30,"column":2},"end":{"line":30,"column":null}},"10":{"start":{"line":33,"column":2},"end":{"line":33,"column":null}},"11":{"start":{"line":10,"column":13},"end":{"line":34,"column":null}}},"fnMap":{},"branchMap":{"0":{"loc":{"start":{"line":30,"column":13},"end":{"line":30,"column":18}},"type":"cond-expr","locations":[{"start":{"line":30,"column":17},"end":{"line":30,"column":18}},{"start":{"line":30,"column":17},"end":{"line":30,"column":18}}]},"1":{"loc":{"start":{"line":30,"column":13},"end":{"line":30,"column":17}},"type":"binary-expr","locations":[{"start":{"line":30,"column":13},"end":{"line":30,"column":18}},{"start":{"line":30,"column":13},"end":{"line":30,"column":17}}]},"2":{"loc":{"start":{"line":33,"column":13},"end":{"line":33,"column":18}},"type":"cond-expr","locations":[{"start":{"line":33,"column":17},"end":{"line":33,"column":18}},{"start":{"line":33,"column":17},"end":{"line":33,"column":18}}]},"3":{"loc":{"start":{"line":33,"column":13},"end":{"line":33,"column":17}},"type":"binary-expr","locations":[{"start":{"line":33,"column":13},"end":{"line":33,"column":18}},{"start":{"line":33,"column":13},"end":{"line":33,"column":17}}]}},"s":{"0":0,"1":0,"2":0,"3":0,"4":0,"5":0,"6":0,"7":0,"8":0,"9":0,"10":0,"11":0},"f":{},"b":{"0":[0,0],"1":[0,0],"2":[0,0],"3":[0,0]}}
,"/home/blackohma/Epitech/msc2026/T9/remindy_esp/backend/src/infrastructure/database/entities/index.ts": {"path":"/home/blackohma/Epitech/msc2026/T9/remindy_esp/backend/src/infrastructure/database/entities/index.ts","statementMap":{"0":{"start":{"line":2,"column":0},"end":{"line":2,"column":9}},"1":{"start":{"line":2,"column":9},"end":{"line":2,"column":38}},"2":{"start":{"line":5,"column":0},"end":{"line":5,"column":9}},"3":{"start":{"line":5,"column":9},"end":{"line":5,"column":64}},"4":{"start":{"line":7,"column":0},"end":{"line":7,"column":9}},"5":{"start":{"line":7,"column":9},"end":{"line":7,"column":58}},"6":{"start":{"line":9,"column":0},"end":{"line":9,"column":9}},"7":{"start":{"line":9,"column":9},"end":{"line":9,"column":56}},"8":{"start":{"line":17,"column":0},"end":{"line":17,"column":9}},"9":{"start":{"line":17,"column":9},"end":{"line":17,"column":43}},"10":{"start":{"line":18,"column":0},"end":{"line":18,"column":9}},"11":{"start":{"line":18,"column":9},"end":{"line":18,"column":51}},"12":{"start":{"line":21,"column":0},"end":{"line":21,"column":9}},"13":{"start":{"line":21,"column":9},"end":{"line":21,"column":63}}},"fnMap":{"0":{"name":"(anonymous_0)","decl":{"start":{"line":2,"column":9},"end":{"line":2,"column":14}},"loc":{"start":{"line":2,"column":9},"end":{"line":2,"column":38}}},"1":{"name":"(anonymous_1)","decl":{"start":{"line":5,"column":9},"end":{"line":5,"column":29}},"loc":{"start":{"line":5,"column":9},"end":{"line":5,"column":64}}},"2":{"name":"(anonymous_2)","decl":{"start":{"line":7,"column":9},"end":{"line":7,"column":26}},"loc":{"start":{"line":7,"column":9},"end":{"line":7,"column":58}}},"3":{"name":"(anonymous_3)","decl":{"start":{"line":9,"column":9},"end":{"line":9,"column":25}},"loc":{"start":{"line":9,"column":9},"end":{"line":9,"column":56}}},"4":{"name":"(anonymous_4)","decl":{"start":{"line":17,"column":9},"end":{"line":17,"column":19}},"loc":{"start":{"line":17,"column":9},"end":{"line":17,"column":43}}},"5":{"name":"(anonymous_5)","decl":{"start":{"line":18,"column":9},"end":{"line":18,"column":23}},"loc":{"start":{"line":18,"column":9},"end":{"line":18,"column":51}}},"6":{"name":"(anonymous_6)","decl":{"start":{"line":21,"column":9},"end":{"line":21,"column":28}},"loc":{"start":{"line":21,"column":9},"end":{"line":21,"column":63}}}},"branchMap":{},"s":{"0":0,"1":0,"2":0,"3":0,"4":0,"5":0,"6":0,"7":0,"8":0,"9":0,"10":0,"11":0,"12":0,"13":0},"f":{"0":0,"1":0,"2":0,"3":0,"4":0,"5":0,"6":0},"b":{}}
,"/home/blackohma/Epitech/msc2026/T9/remindy_esp/backend/src/infrastructure/database/entities/rgpd-export.entity.ts": {"path":"/home/blackohma/Epitech/msc2026/T9/remindy_esp/backend/src/infrastructure/database/entities/rgpd-export.entity.ts","statementMap":{"0":{"start":{"line":1,"column":0},"end":{"line":1,"column":null}},"1":{"start":{"line":9,"column":0},"end":{"line":9,"column":38}},"2":{"start":{"line":16,"column":7},"end":{"line":59,"column":null}},"3":{"start":{"line":16,"column":13},"end":{"line":16,"column":29}},"4":{"start":{"line":18,"column":2},"end":{"line":18,"column":null}},"5":{"start":{"line":21,"column":2},"end":{"line":21,"column":null}},"6":{"start":{"line":25,"column":2},"end":{"line":25,"column":null}},"7":{"start":{"line":23,"column":19},"end":{"line":23,"column":24}},"8":{"start":{"line":28,"column":2},"end":{"line":28,"column":null}},"9":{"start":{"line":31,"column":2},"end":{"line":31,"column":null}},"10":{"start":{"line":34,"column":2},"end":{"line":34,"column":null}},"11":{"start":{"line":37,"column":2},"end":{"line":37,"column":null}},"12":{"start":{"line":40,"column":2},"end":{"line":40,"column":null}},"13":{"start":{"line":43,"column":2},"end":{"line":43,"column":null}},"14":{"start":{"line":46,"column":2},"end":{"line":46,"column":null}},"15":{"start":{"line":49,"column":2},"end":{"line":49,"column":null}},"16":{"start":{"line":52,"column":2},"end":{"line":52,"column":null}},"17":{"start":{"line":55,"column":2},"end":{"line":55,"column":null}},"18":{"start":{"line":58,"column":2},"end":{"line":58,"column":null}},"19":{"start":{"line":16,"column":13},"end":{"line":59,"column":null}}},"fnMap":{"0":{"name":"(anonymous_2)","decl":{"start":{"line":23,"column":13},"end":{"line":23,"column":16}},"loc":{"start":{"line":23,"column":19},"end":{"line":23,"column":24}}}},"branchMap":{"0":{"loc":{"start":{"line":25,"column":8},"end":{"line":25,"column":14}},"type":"cond-expr","locations":[{"start":{"line":25,"column":13},"end":{"line":25,"column":14}},{"start":{"line":25,"column":13},"end":{"line":25,"column":14}}]},"1":{"loc":{"start":{"line":25,"column":8},"end":{"line":25,"column":13}},"type":"binary-expr","locations":[{"start":{"line":25,"column":8},"end":{"line":25,"column":14}},{"start":{"line":25,"column":8},"end":{"line":25,"column":13}}]},"2":{"loc":{"start":{"line":43,"column":14},"end":{"line":43,"column":19}},"type":"cond-expr","locations":[{"start":{"line":43,"column":18},"end":{"line":43,"column":19}},{"start":{"line":43,"column":18},"end":{"line":43,"column":19}}]},"3":{"loc":{"start":{"line":43,"column":14},"end":{"line":43,"column":18}},"type":"binary-expr","locations":[{"start":{"line":43,"column":14},"end":{"line":43,"column":19}},{"start":{"line":43,"column":14},"end":{"line":43,"column":18}}]},"4":{"loc":{"start":{"line":55,"column":13},"end":{"line":55,"column":18}},"type":"cond-expr","locations":[{"start":{"line":55,"column":17},"end":{"line":55,"column":18}},{"start":{"line":55,"column":17},"end":{"line":55,"column":18}}]},"5":{"loc":{"start":{"line":55,"column":13},"end":{"line":55,"column":17}},"type":"binary-expr","locations":[{"start":{"line":55,"column":13},"end":{"line":55,"column":18}},{"start":{"line":55,"column":13},"end":{"line":55,"column":17}}]},"6":{"loc":{"start":{"line":58,"column":16},"end":{"line":58,"column":21}},"type":"cond-expr","locations":[{"start":{"line":58,"column":20},"end":{"line":58,"column":21}},{"start":{"line":58,"column":20},"end":{"line":58,"column":21}}]},"7":{"loc":{"start":{"line":58,"column":16},"end":{"line":58,"column":20}},"type":"binary-expr","locations":[{"start":{"line":58,"column":16},"end":{"line":58,"column":21}},{"start":{"line":58,"column":16},"end":{"line":58,"column":20}}]}},"s":{"0":0,"1":0,"2":0,"3":0,"4":0,"5":0,"6":0,"7":0,"8":0,"9":0,"10":0,"11":0,"12":0,"13":0,"14":0,"15":0,"16":0,"17":0,"18":0,"19":0},"f":{"0":0},"b":{"0":[0,0],"1":[0,0],"2":[0,0],"3":[0,0],"4":[0,0],"5":[0,0],"6":[0,0],"7":[0,0]}}
,"/home/blackohma/Epitech/msc2026/T9/remindy_esp/backend/src/infrastructure/database/entities/role-limit.entity.ts": {"path":"/home/blackohma/Epitech/msc2026/T9/remindy_esp/backend/src/infrastructure/database/entities/role-limit.entity.ts","statementMap":{"0":{"start":{"line":1,"column":0},"end":{"line":1,"column":null}},"1":{"start":{"line":11,"column":0},"end":{"line":11,"column":43}},"2":{"start":{"line":20,"column":7},"end":{"line":54,"column":null}},"3":{"start":{"line":20,"column":13},"end":{"line":20,"column":28}},"4":{"start":{"line":22,"column":2},"end":{"line":22,"column":null}},"5":{"start":{"line":25,"column":2},"end":{"line":25,"column":null}},"6":{"start":{"line":28,"column":2},"end":{"line":28,"column":null}},"7":{"start":{"line":31,"column":2},"end":{"line":31,"column":null}},"8":{"start":{"line":34,"column":2},"end":{"line":34,"column":null}},"9":{"start":{"line":37,"column":2},"end":{"line":37,"column":null}},"10":{"start":{"line":40,"column":2},"end":{"line":40,"column":null}},"11":{"start":{"line":43,"column":2},"end":{"line":43,"column":null}},"12":{"start":{"line":42,"column":58},"end":{"line":42,"column":65}},"13":{"start":{"line":46,"column":2},"end":{"line":46,"column":null}},"14":{"start":{"line":45,"column":58},"end":{"line":45,"column":65}},"15":{"start":{"line":53,"column":2},"end":{"line":53,"column":null}},"16":{"start":{"line":49,"column":18},"end":{"line":49,"column":28}},"17":{"start":{"line":49,"column":38},"end":{"line":49,"column":52}},"18":{"start":{"line":20,"column":13},"end":{"line":54,"column":null}}},"fnMap":{"0":{"name":"(anonymous_2)","decl":{"start":{"line":42,"column":52},"end":{"line":42,"column":55}},"loc":{"start":{"line":42,"column":58},"end":{"line":42,"column":65}}},"1":{"name":"(anonymous_3)","decl":{"start":{"line":45,"column":52},"end":{"line":45,"column":55}},"loc":{"start":{"line":45,"column":58},"end":{"line":45,"column":65}}},"2":{"name":"(anonymous_4)","decl":{"start":{"line":49,"column":12},"end":{"line":49,"column":15}},"loc":{"start":{"line":49,"column":18},"end":{"line":49,"column":28}}},"3":{"name":"(anonymous_5)","decl":{"start":{"line":49,"column":30},"end":{"line":49,"column":34}},"loc":{"start":{"line":49,"column":38},"end":{"line":49,"column":52}}}},"branchMap":{"0":{"loc":{"start":{"line":43,"column":13},"end":{"line":43,"column":18}},"type":"cond-expr","locations":[{"start":{"line":43,"column":17},"end":{"line":43,"column":18}},{"start":{"line":43,"column":17},"end":{"line":43,"column":18}}]},"1":{"loc":{"start":{"line":43,"column":13},"end":{"line":43,"column":17}},"type":"binary-expr","locations":[{"start":{"line":43,"column":13},"end":{"line":43,"column":18}},{"start":{"line":43,"column":13},"end":{"line":43,"column":17}}]},"2":{"loc":{"start":{"line":46,"column":13},"end":{"line":46,"column":18}},"type":"cond-expr","locations":[{"start":{"line":46,"column":17},"end":{"line":46,"column":18}},{"start":{"line":46,"column":17},"end":{"line":46,"column":18}}]},"3":{"loc":{"start":{"line":46,"column":13},"end":{"line":46,"column":17}},"type":"binary-expr","locations":[{"start":{"line":46,"column":13},"end":{"line":46,"column":18}},{"start":{"line":46,"column":13},"end":{"line":46,"column":17}}]},"4":{"loc":{"start":{"line":53,"column":14},"end":{"line":53,"column":25}},"type":"cond-expr","locations":[{"start":{"line":53,"column":24},"end":{"line":53,"column":25}},{"start":{"line":53,"column":24},"end":{"line":53,"column":25}}]},"5":{"loc":{"start":{"line":53,"column":14},"end":{"line":53,"column":24}},"type":"binary-expr","locations":[{"start":{"line":53,"column":14},"end":{"line":53,"column":25}},{"start":{"line":53,"column":14},"end":{"line":53,"column":24}}]}},"s":{"0":2,"1":2,"2":2,"3":2,"4":2,"5":2,"6":2,"7":2,"8":2,"9":2,"10":2,"11":2,"12":0,"13":2,"14":0,"15":2,"16":0,"17":0,"18":2},"f":{"0":0,"1":0,"2":0,"3":0},"b":{"0":[2,0],"1":[2,2],"2":[2,0],"3":[2,2],"4":[0,2],"5":[2,0]}}
,"/home/blackohma/Epitech/msc2026/T9/remindy_esp/backend/src/infrastructure/database/entities/role.entity.ts": {"path":"/home/blackohma/Epitech/msc2026/T9/remindy_esp/backend/src/infrastructure/database/entities/role.entity.ts","statementMap":{"0":{"start":{"line":1,"column":0},"end":{"line":1,"column":95}},"1":{"start":{"line":2,"column":0},"end":{"line":2,"column":38}},"2":{"start":{"line":3,"column":0},"end":{"line":3,"column":54}},"3":{"start":{"line":6,"column":7},"end":{"line":25,"column":null}},"4":{"start":{"line":6,"column":13},"end":{"line":6,"column":23}},"5":{"start":{"line":8,"column":2},"end":{"line":8,"column":null}},"6":{"start":{"line":11,"column":2},"end":{"line":11,"column":null}},"7":{"start":{"line":14,"column":2},"end":{"line":14,"column":null}},"8":{"start":{"line":17,"column":2},"end":{"line":17,"column":null}},"9":{"start":{"line":16,"column":58},"end":{"line":16,"column":65}},"10":{"start":{"line":21,"column":2},"end":{"line":21,"column":null}},"11":{"start":{"line":20,"column":19},"end":{"line":20,"column":24}},"12":{"start":{"line":20,"column":34},"end":{"line":20,"column":47}},"13":{"start":{"line":24,"column":2},"end":{"line":24,"column":null}},"14":{"start":{"line":23,"column":18},"end":{"line":23,"column":33}},"15":{"start":{"line":23,"column":48},"end":{"line":23,"column":62}},"16":{"start":{"line":6,"column":13},"end":{"line":25,"column":null}}},"fnMap":{"0":{"name":"(anonymous_2)","decl":{"start":{"line":16,"column":52},"end":{"line":16,"column":55}},"loc":{"start":{"line":16,"column":58},"end":{"line":16,"column":65}}},"1":{"name":"(anonymous_3)","decl":{"start":{"line":20,"column":13},"end":{"line":20,"column":16}},"loc":{"start":{"line":20,"column":19},"end":{"line":20,"column":24}}},"2":{"name":"(anonymous_4)","decl":{"start":{"line":20,"column":26},"end":{"line":20,"column":30}},"loc":{"start":{"line":20,"column":34},"end":{"line":20,"column":47}}},"3":{"name":"(anonymous_5)","decl":{"start":{"line":23,"column":12},"end":{"line":23,"column":15}},"loc":{"start":{"line":23,"column":18},"end":{"line":23,"column":33}}},"4":{"name":"(anonymous_6)","decl":{"start":{"line":23,"column":35},"end":{"line":23,"column":44}},"loc":{"start":{"line":23,"column":48},"end":{"line":23,"column":62}}}},"branchMap":{"0":{"loc":{"start":{"line":17,"column":13},"end":{"line":17,"column":18}},"type":"cond-expr","locations":[{"start":{"line":17,"column":17},"end":{"line":17,"column":18}},{"start":{"line":17,"column":17},"end":{"line":17,"column":18}}]},"1":{"loc":{"start":{"line":17,"column":13},"end":{"line":17,"column":17}},"type":"binary-expr","locations":[{"start":{"line":17,"column":13},"end":{"line":17,"column":18}},{"start":{"line":17,"column":13},"end":{"line":17,"column":17}}]},"2":{"loc":{"start":{"line":24,"column":13},"end":{"line":24,"column":29}},"type":"cond-expr","locations":[{"start":{"line":24,"column":28},"end":{"line":24,"column":29}},{"start":{"line":24,"column":28},"end":{"line":24,"column":29}}]},"3":{"loc":{"start":{"line":24,"column":13},"end":{"line":24,"column":28}},"type":"binary-expr","locations":[{"start":{"line":24,"column":13},"end":{"line":24,"column":29}},{"start":{"line":24,"column":13},"end":{"line":24,"column":28}}]}},"s":{"0":2,"1":2,"2":2,"3":2,"4":2,"5":2,"6":2,"7":2,"8":2,"9":0,"10":2,"11":0,"12":0,"13":2,"14":0,"15":0,"16":2},"f":{"0":0,"1":0,"2":0,"3":0,"4":0},"b":{"0":[2,0],"1":[2,2],"2":[2,0],"3":[2,2]}}
,"/home/blackohma/Epitech/msc2026/T9/remindy_esp/backend/src/infrastructure/database/entities/user-preference.entity.ts": {"path":"/home/blackohma/Epitech/msc2026/T9/remindy_esp/backend/src/infrastructure/database/entities/user-preference.entity.ts","statementMap":{"0":{"start":{"line":1,"column":0},"end":{"line":1,"column":null}},"1":{"start":{"line":12,"column":0},"end":{"line":12,"column":38}},"2":{"start":{"line":14,"column":0},"end":{"line":14,"column":null}},"3":{"start":{"line":15,"column":2},"end":{"line":15,"column":null}},"4":{"start":{"line":16,"column":2},"end":{"line":16,"column":null}},"5":{"start":{"line":17,"column":2},"end":{"line":17,"column":null}},"6":{"start":{"line":22,"column":7},"end":{"line":66,"column":null}},"7":{"start":{"line":22,"column":13},"end":{"line":22,"column":33}},"8":{"start":{"line":24,"column":2},"end":{"line":24,"column":null}},"9":{"start":{"line":31,"column":2},"end":{"line":31,"column":null}},"10":{"start":{"line":34,"column":2},"end":{"line":34,"column":null}},"11":{"start":{"line":37,"column":2},"end":{"line":37,"column":null}},"12":{"start":{"line":40,"column":2},"end":{"line":40,"column":null}},"13":{"start":{"line":43,"column":2},"end":{"line":43,"column":null}},"14":{"start":{"line":46,"column":2},"end":{"line":46,"column":null}},"15":{"start":{"line":49,"column":2},"end":{"line":49,"column":null}},"16":{"start":{"line":52,"column":2},"end":{"line":52,"column":null}},"17":{"start":{"line":51,"column":58},"end":{"line":51,"column":65}},"18":{"start":{"line":55,"column":2},"end":{"line":55,"column":null}},"19":{"start":{"line":54,"column":58},"end":{"line":54,"column":65}},"20":{"start":{"line":58,"column":2},"end":{"line":58,"column":null}},"21":{"start":{"line":65,"column":2},"end":{"line":65,"column":null}},"22":{"start":{"line":61,"column":18},"end":{"line":61,"column":23}},"23":{"start":{"line":61,"column":33},"end":{"line":61,"column":49}},"24":{"start":{"line":22,"column":13},"end":{"line":66,"column":null}}},"fnMap":{"0":{"name":"(anonymous_2)","decl":{"start":{"line":14,"column":0},"end":{"line":14,"column":12}},"loc":{"start":{"line":14,"column":17},"end":{"line":18,"column":1}}},"1":{"name":"(anonymous_3)","decl":{"start":{"line":51,"column":52},"end":{"line":51,"column":55}},"loc":{"start":{"line":51,"column":58},"end":{"line":51,"column":65}}},"2":{"name":"(anonymous_4)","decl":{"start":{"line":54,"column":52},"end":{"line":54,"column":55}},"loc":{"start":{"line":54,"column":58},"end":{"line":54,"column":65}}},"3":{"name":"(anonymous_5)","decl":{"start":{"line":61,"column":12},"end":{"line":61,"column":15}},"loc":{"start":{"line":61,"column":18},"end":{"line":61,"column":23}}},"4":{"name":"(anonymous_6)","decl":{"start":{"line":61,"column":25},"end":{"line":61,"column":29}},"loc":{"start":{"line":61,"column":33},"end":{"line":61,"column":49}}}},"branchMap":{"0":{"loc":{"start":{"line":14,"column":12},"end":{"line":14,"column":null}},"type":"binary-expr","locations":[{"start":{"line":14,"column":12},"end":{"line":14,"column":17}},{"start":{"line":14,"column":17},"end":{"line":14,"column":null}}]},"1":{"loc":{"start":{"line":52,"column":13},"end":{"line":52,"column":18}},"type":"cond-expr","locations":[{"start":{"line":52,"column":17},"end":{"line":52,"column":18}},{"start":{"line":52,"column":17},"end":{"line":52,"column":18}}]},"2":{"loc":{"start":{"line":52,"column":13},"end":{"line":52,"column":17}},"type":"binary-expr","locations":[{"start":{"line":52,"column":13},"end":{"line":52,"column":18}},{"start":{"line":52,"column":13},"end":{"line":52,"column":17}}]},"3":{"loc":{"start":{"line":55,"column":13},"end":{"line":55,"column":18}},"type":"cond-expr","locations":[{"start":{"line":55,"column":17},"end":{"line":55,"column":18}},{"start":{"line":55,"column":17},"end":{"line":55,"column":18}}]},"4":{"loc":{"start":{"line":55,"column":13},"end":{"line":55,"column":17}},"type":"binary-expr","locations":[{"start":{"line":55,"column":13},"end":{"line":55,"column":18}},{"start":{"line":55,"column":13},"end":{"line":55,"column":17}}]},"5":{"loc":{"start":{"line":58,"column":13},"end":{"line":58,"column":18}},"type":"cond-expr","locations":[{"start":{"line":58,"column":17},"end":{"line":58,"column":18}},{"start":{"line":58,"column":17},"end":{"line":58,"column":18}}]},"6":{"loc":{"start":{"line":58,"column":13},"end":{"line":58,"column":17}},"type":"binary-expr","locations":[{"start":{"line":58,"column":13},"end":{"line":58,"column":18}},{"start":{"line":58,"column":13},"end":{"line":58,"column":17}}]},"7":{"loc":{"start":{"line":65,"column":8},"end":{"line":65,"column":14}},"type":"cond-expr","locations":[{"start":{"line":65,"column":13},"end":{"line":65,"column":14}},{"start":{"line":65,"column":13},"end":{"line":65,"column":14}}]},"8":{"loc":{"start":{"line":65,"column":8},"end":{"line":65,"column":13}},"type":"binary-expr","locations":[{"start":{"line":65,"column":8},"end":{"line":65,"column":14}},{"start":{"line":65,"column":8},"end":{"line":65,"column":13}}]}},"s":{"0":2,"1":2,"2":2,"3":2,"4":2,"5":2,"6":2,"7":2,"8":2,"9":2,"10":2,"11":2,"12":2,"13":2,"14":2,"15":2,"16":2,"17":0,"18":2,"19":0,"20":2,"21":2,"22":0,"23":0,"24":2},"f":{"0":2,"1":0,"2":0,"3":0,"4":0},"b":{"0":[2,2],"1":[2,0],"2":[2,2],"3":[2,0],"4":[2,2],"5":[2,0],"6":[2,2],"7":[0,2],"8":[2,0]}}
,"/home/blackohma/Epitech/msc2026/T9/remindy_esp/backend/src/infrastructure/database/entities/user-session.entity.ts": {"path":"/home/blackohma/Epitech/msc2026/T9/remindy_esp/backend/src/infrastructure/database/entities/user-session.entity.ts","statementMap":{"0":{"start":{"line":1,"column":0},"end":{"line":1,"column":null}},"1":{"start":{"line":11,"column":0},"end":{"line":11,"column":38}},"2":{"start":{"line":25,"column":7},"end":{"line":65,"column":null}},"3":{"start":{"line":25,"column":13},"end":{"line":25,"column":30}},"4":{"start":{"line":27,"column":2},"end":{"line":27,"column":null}},"5":{"start":{"line":30,"column":2},"end":{"line":30,"column":null}},"6":{"start":{"line":33,"column":2},"end":{"line":33,"column":null}},"7":{"start":{"line":36,"column":2},"end":{"line":36,"column":null}},"8":{"start":{"line":39,"column":2},"end":{"line":39,"column":null}},"9":{"start":{"line":42,"column":2},"end":{"line":42,"column":null}},"10":{"start":{"line":45,"column":2},"end":{"line":45,"column":null}},"11":{"start":{"line":44,"column":48},"end":{"line":44,"column":55}},"12":{"start":{"line":48,"column":2},"end":{"line":48,"column":null}},"13":{"start":{"line":51,"column":2},"end":{"line":51,"column":null}},"14":{"start":{"line":54,"column":2},"end":{"line":54,"column":null}},"15":{"start":{"line":53,"column":58},"end":{"line":53,"column":65}},"16":{"start":{"line":57,"column":2},"end":{"line":57,"column":null}},"17":{"start":{"line":64,"column":2},"end":{"line":64,"column":null}},"18":{"start":{"line":60,"column":19},"end":{"line":60,"column":24}},"19":{"start":{"line":60,"column":34},"end":{"line":60,"column":47}},"20":{"start":{"line":25,"column":13},"end":{"line":65,"column":null}}},"fnMap":{"0":{"name":"(anonymous_2)","decl":{"start":{"line":44,"column":42},"end":{"line":44,"column":45}},"loc":{"start":{"line":44,"column":48},"end":{"line":44,"column":55}}},"1":{"name":"(anonymous_3)","decl":{"start":{"line":53,"column":52},"end":{"line":53,"column":55}},"loc":{"start":{"line":53,"column":58},"end":{"line":53,"column":65}}},"2":{"name":"(anonymous_4)","decl":{"start":{"line":60,"column":13},"end":{"line":60,"column":16}},"loc":{"start":{"line":60,"column":19},"end":{"line":60,"column":24}}},"3":{"name":"(anonymous_5)","decl":{"start":{"line":60,"column":26},"end":{"line":60,"column":30}},"loc":{"start":{"line":60,"column":34},"end":{"line":60,"column":47}}}},"branchMap":{"0":{"loc":{"start":{"line":45,"column":16},"end":{"line":45,"column":21}},"type":"cond-expr","locations":[{"start":{"line":45,"column":20},"end":{"line":45,"column":21}},{"start":{"line":45,"column":20},"end":{"line":45,"column":21}}]},"1":{"loc":{"start":{"line":45,"column":16},"end":{"line":45,"column":20}},"type":"binary-expr","locations":[{"start":{"line":45,"column":16},"end":{"line":45,"column":21}},{"start":{"line":45,"column":16},"end":{"line":45,"column":20}}]},"2":{"loc":{"start":{"line":48,"column":13},"end":{"line":48,"column":18}},"type":"cond-expr","locations":[{"start":{"line":48,"column":17},"end":{"line":48,"column":18}},{"start":{"line":48,"column":17},"end":{"line":48,"column":18}}]},"3":{"loc":{"start":{"line":48,"column":13},"end":{"line":48,"column":17}},"type":"binary-expr","locations":[{"start":{"line":48,"column":13},"end":{"line":48,"column":18}},{"start":{"line":48,"column":13},"end":{"line":48,"column":17}}]},"4":{"loc":{"start":{"line":54,"column":13},"end":{"line":54,"column":18}},"type":"cond-expr","locations":[{"start":{"line":54,"column":17},"end":{"line":54,"column":18}},{"start":{"line":54,"column":17},"end":{"line":54,"column":18}}]},"5":{"loc":{"start":{"line":54,"column":13},"end":{"line":54,"column":17}},"type":"binary-expr","locations":[{"start":{"line":54,"column":13},"end":{"line":54,"column":18}},{"start":{"line":54,"column":13},"end":{"line":54,"column":17}}]},"6":{"loc":{"start":{"line":57,"column":13},"end":{"line":57,"column":18}},"type":"cond-expr","locations":[{"start":{"line":57,"column":17},"end":{"line":57,"column":18}},{"start":{"line":57,"column":17},"end":{"line":57,"column":18}}]},"7":{"loc":{"start":{"line":57,"column":13},"end":{"line":57,"column":17}},"type":"binary-expr","locations":[{"start":{"line":57,"column":13},"end":{"line":57,"column":18}},{"start":{"line":57,"column":13},"end":{"line":57,"column":17}}]},"8":{"loc":{"start":{"line":64,"column":8},"end":{"line":64,"column":14}},"type":"cond-expr","locations":[{"start":{"line":64,"column":13},"end":{"line":64,"column":14}},{"start":{"line":64,"column":13},"end":{"line":64,"column":14}}]},"9":{"loc":{"start":{"line":64,"column":8},"end":{"line":64,"column":13}},"type":"binary-expr","locations":[{"start":{"line":64,"column":8},"end":{"line":64,"column":14}},{"start":{"line":64,"column":8},"end":{"line":64,"column":13}}]}},"s":{"0":2,"1":2,"2":2,"3":2,"4":2,"5":2,"6":2,"7":2,"8":2,"9":2,"10":2,"11":0,"12":2,"13":2,"14":2,"15":0,"16":2,"17":2,"18":0,"19":0,"20":2},"f":{"0":0,"1":0,"2":0,"3":0},"b":{"0":[2,0],"1":[2,2],"2":[2,0],"3":[2,2],"4":[2,0],"5":[2,2],"6":[2,0],"7":[2,2],"8":[0,2],"9":[2,0]}}
,"/home/blackohma/Epitech/msc2026/T9/remindy_esp/backend/src/infrastructure/database/entities/user.entity.ts": {"path":"/home/blackohma/Epitech/msc2026/T9/remindy_esp/backend/src/infrastructure/database/entities/user.entity.ts","statementMap":{"0":{"start":{"line":1,"column":0},"end":{"line":1,"column":null}},"1":{"start":{"line":14,"column":0},"end":{"line":14,"column":43}},"2":{"start":{"line":15,"column":0},"end":{"line":15,"column":58}},"3":{"start":{"line":16,"column":0},"end":{"line":16,"column":64}},"4":{"start":{"line":17,"column":0},"end":{"line":17,"column":76}},"5":{"start":{"line":19,"column":0},"end":{"line":19,"column":null}},"6":{"start":{"line":20,"column":2},"end":{"line":20,"column":null}},"7":{"start":{"line":21,"column":2},"end":{"line":21,"column":null}},"8":{"start":{"line":22,"column":2},"end":{"line":22,"column":null}},"9":{"start":{"line":23,"column":2},"end":{"line":23,"column":null}},"10":{"start":{"line":33,"column":7},"end":{"line":108,"column":null}},"11":{"start":{"line":33,"column":13},"end":{"line":33,"column":18}},"12":{"start":{"line":35,"column":2},"end":{"line":35,"column":null}},"13":{"start":{"line":38,"column":2},"end":{"line":38,"column":null}},"14":{"start":{"line":41,"column":2},"end":{"line":41,"column":null}},"15":{"start":{"line":44,"column":2},"end":{"line":44,"column":null}},"16":{"start":{"line":47,"column":2},"end":{"line":47,"column":null}},"17":{"start":{"line":50,"column":2},"end":{"line":50,"column":null}},"18":{"start":{"line":53,"column":2},"end":{"line":53,"column":null}},"19":{"start":{"line":56,"column":2},"end":{"line":56,"column":null}},"20":{"start":{"line":63,"column":2},"end":{"line":63,"column":null}},"21":{"start":{"line":66,"column":2},"end":{"line":66,"column":null}},"22":{"start":{"line":69,"column":2},"end":{"line":69,"column":null}},"23":{"start":{"line":72,"column":2},"end":{"line":72,"column":null}},"24":{"start":{"line":75,"column":2},"end":{"line":75,"column":null}},"25":{"start":{"line":78,"column":2},"end":{"line":78,"column":null}},"26":{"start":{"line":81,"column":2},"end":{"line":81,"column":null}},"27":{"start":{"line":84,"column":2},"end":{"line":84,"column":null}},"28":{"start":{"line":87,"column":2},"end":{"line":87,"column":null}},"29":{"start":{"line":90,"column":2},"end":{"line":90,"column":null}},"30":{"start":{"line":89,"column":58},"end":{"line":89,"column":65}},"31":{"start":{"line":93,"column":2},"end":{"line":93,"column":null}},"32":{"start":{"line":92,"column":58},"end":{"line":92,"column":65}},"33":{"start":{"line":96,"column":2},"end":{"line":96,"column":null}},"34":{"start":{"line":101,"column":2},"end":{"line":101,"column":null}},"35":{"start":{"line":99,"column":19},"end":{"line":99,"column":29}},"36":{"start":{"line":99,"column":39},"end":{"line":99,"column":49}},"37":{"start":{"line":104,"column":2},"end":{"line":104,"column":null}},"38":{"start":{"line":103,"column":19},"end":{"line":103,"column":36}},"39":{"start":{"line":103,"column":49},"end":{"line":103,"column":61}},"40":{"start":{"line":107,"column":2},"end":{"line":107,"column":null}},"41":{"start":{"line":106,"column":18},"end":{"line":106,"column":38}},"42":{"start":{"line":106,"column":54},"end":{"line":106,"column":69}},"43":{"start":{"line":33,"column":13},"end":{"line":108,"column":null}}},"fnMap":{"0":{"name":"(anonymous_2)","decl":{"start":{"line":19,"column":0},"end":{"line":19,"column":12}},"loc":{"start":{"line":19,"column":22},"end":{"line":24,"column":1}}},"1":{"name":"(anonymous_3)","decl":{"start":{"line":89,"column":52},"end":{"line":89,"column":55}},"loc":{"start":{"line":89,"column":58},"end":{"line":89,"column":65}}},"2":{"name":"(anonymous_4)","decl":{"start":{"line":92,"column":52},"end":{"line":92,"column":55}},"loc":{"start":{"line":92,"column":58},"end":{"line":92,"column":65}}},"3":{"name":"(anonymous_5)","decl":{"start":{"line":99,"column":13},"end":{"line":99,"column":16}},"loc":{"start":{"line":99,"column":19},"end":{"line":99,"column":29}}},"4":{"name":"(anonymous_6)","decl":{"start":{"line":99,"column":31},"end":{"line":99,"column":35}},"loc":{"start":{"line":99,"column":39},"end":{"line":99,"column":49}}},"5":{"name":"(anonymous_7)","decl":{"start":{"line":103,"column":13},"end":{"line":103,"column":16}},"loc":{"start":{"line":103,"column":19},"end":{"line":103,"column":36}}},"6":{"name":"(anonymous_8)","decl":{"start":{"line":103,"column":38},"end":{"line":103,"column":45}},"loc":{"start":{"line":103,"column":49},"end":{"line":103,"column":61}}},"7":{"name":"(anonymous_9)","decl":{"start":{"line":106,"column":12},"end":{"line":106,"column":15}},"loc":{"start":{"line":106,"column":18},"end":{"line":106,"column":38}}},"8":{"name":"(anonymous_10)","decl":{"start":{"line":106,"column":40},"end":{"line":106,"column":50}},"loc":{"start":{"line":106,"column":54},"end":{"line":106,"column":69}}}},"branchMap":{"0":{"loc":{"start":{"line":19,"column":12},"end":{"line":19,"column":null}},"type":"binary-expr","locations":[{"start":{"line":19,"column":12},"end":{"line":19,"column":22}},{"start":{"line":19,"column":22},"end":{"line":19,"column":null}}]},"1":{"loc":{"start":{"line":56,"column":12},"end":{"line":56,"column":17}},"type":"cond-expr","locations":[{"start":{"line":56,"column":16},"end":{"line":56,"column":17}},{"start":{"line":56,"column":16},"end":{"line":56,"column":17}}]},"2":{"loc":{"start":{"line":56,"column":12},"end":{"line":56,"column":16}},"type":"binary-expr","locations":[{"start":{"line":56,"column":12},"end":{"line":56,"column":17}},{"start":{"line":56,"column":12},"end":{"line":56,"column":16}}]},"3":{"loc":{"start":{"line":81,"column":15},"end":{"line":81,"column":20}},"type":"cond-expr","locations":[{"start":{"line":81,"column":19},"end":{"line":81,"column":20}},{"start":{"line":81,"column":19},"end":{"line":81,"column":20}}]},"4":{"loc":{"start":{"line":81,"column":15},"end":{"line":81,"column":19}},"type":"binary-expr","locations":[{"start":{"line":81,"column":15},"end":{"line":81,"column":20}},{"start":{"line":81,"column":15},"end":{"line":81,"column":19}}]},"5":{"loc":{"start":{"line":87,"column":21},"end":{"line":87,"column":26}},"type":"cond-expr","locations":[{"start":{"line":87,"column":25},"end":{"line":87,"column":26}},{"start":{"line":87,"column":25},"end":{"line":87,"column":26}}]},"6":{"loc":{"start":{"line":87,"column":21},"end":{"line":87,"column":25}},"type":"binary-expr","locations":[{"start":{"line":87,"column":21},"end":{"line":87,"column":26}},{"start":{"line":87,"column":21},"end":{"line":87,"column":25}}]},"7":{"loc":{"start":{"line":90,"column":13},"end":{"line":90,"column":18}},"type":"cond-expr","locations":[{"start":{"line":90,"column":17},"end":{"line":90,"column":18}},{"start":{"line":90,"column":17},"end":{"line":90,"column":18}}]},"8":{"loc":{"start":{"line":90,"column":13},"end":{"line":90,"column":17}},"type":"binary-expr","locations":[{"start":{"line":90,"column":13},"end":{"line":90,"column":18}},{"start":{"line":90,"column":13},"end":{"line":90,"column":17}}]},"9":{"loc":{"start":{"line":93,"column":13},"end":{"line":93,"column":18}},"type":"cond-expr","locations":[{"start":{"line":93,"column":17},"end":{"line":93,"column":18}},{"start":{"line":93,"column":17},"end":{"line":93,"column":18}}]},"10":{"loc":{"start":{"line":93,"column":13},"end":{"line":93,"column":17}},"type":"binary-expr","locations":[{"start":{"line":93,"column":13},"end":{"line":93,"column":18}},{"start":{"line":93,"column":13},"end":{"line":93,"column":17}}]},"11":{"loc":{"start":{"line":96,"column":13},"end":{"line":96,"column":18}},"type":"cond-expr","locations":[{"start":{"line":96,"column":17},"end":{"line":96,"column":18}},{"start":{"line":96,"column":17},"end":{"line":96,"column":18}}]},"12":{"loc":{"start":{"line":96,"column":13},"end":{"line":96,"column":17}},"type":"binary-expr","locations":[{"start":{"line":96,"column":13},"end":{"line":96,"column":18}},{"start":{"line":96,"column":13},"end":{"line":96,"column":17}}]},"13":{"loc":{"start":{"line":101,"column":14},"end":{"line":101,"column":25}},"type":"cond-expr","locations":[{"start":{"line":101,"column":24},"end":{"line":101,"column":25}},{"start":{"line":101,"column":24},"end":{"line":101,"column":25}}]},"14":{"loc":{"start":{"line":101,"column":14},"end":{"line":101,"column":24}},"type":"binary-expr","locations":[{"start":{"line":101,"column":14},"end":{"line":101,"column":25}},{"start":{"line":101,"column":14},"end":{"line":101,"column":24}}]},"15":{"loc":{"start":{"line":107,"column":15},"end":{"line":107,"column":36}},"type":"cond-expr","locations":[{"start":{"line":107,"column":35},"end":{"line":107,"column":36}},{"start":{"line":107,"column":35},"end":{"line":107,"column":36}}]},"16":{"loc":{"start":{"line":107,"column":15},"end":{"line":107,"column":35}},"type":"binary-expr","locations":[{"start":{"line":107,"column":15},"end":{"line":107,"column":36}},{"start":{"line":107,"column":15},"end":{"line":107,"column":35}}]}},"s":{"0":2,"1":2,"2":2,"3":2,"4":2,"5":2,"6":2,"7":2,"8":2,"9":2,"10":2,"11":2,"12":2,"13":2,"14":2,"15":2,"16":2,"17":2,"18":2,"19":2,"20":2,"21":2,"22":2,"23":2,"24":2,"25":2,"26":2,"27":2,"28":2,"29":2,"30":0,"31":2,"32":0,"33":2,"34":2,"35":0,"36":0,"37":2,"38":0,"39":0,"40":2,"41":0,"42":0,"43":2},"f":{"0":2,"1":0,"2":0,"3":0,"4":0,"5":0,"6":0,"7":0,"8":0},"b":{"0":[2,2],"1":[0,2],"2":[2,2],"3":[2,0],"4":[2,2],"5":[2,0],"6":[2,2],"7":[2,0],"8":[2,2],"9":[2,0],"10":[2,2],"11":[2,0],"12":[2,2],"13":[2,0],"14":[2,2],"15":[2,0],"16":[2,2]}}
,"/home/blackohma/Epitech/msc2026/T9/remindy_esp/backend/src/infrastructure/database/migrations/1731700000000-InitialSchema.ts": {"path":"/home/blackohma/Epitech/msc2026/T9/remindy_esp/backend/src/infrastructure/database/migrations/1731700000000-InitialSchema.ts","statementMap":{"0":{"start":{"line":4,"column":9},"end":{"line":4,"column":37}},"1":{"start":{"line":10,"column":4},"end":{"line":18,"column":7}},"2":{"start":{"line":21,"column":4},"end":{"line":34,"column":7}},"3":{"start":{"line":37,"column":4},"end":{"line":62,"column":7}},"4":{"start":{"line":65,"column":4},"end":{"line":79,"column":7}},"5":{"start":{"line":82,"column":4},"end":{"line":97,"column":7}},"6":{"start":{"line":100,"column":4},"end":{"line":112,"column":7}},"7":{"start":{"line":115,"column":4},"end":{"line":128,"column":7}},"8":{"start":{"line":131,"column":4},"end":{"line":160,"column":7}},"9":{"start":{"line":163,"column":4},"end":{"line":178,"column":7}},"10":{"start":{"line":181,"column":4},"end":{"line":202,"column":7}},"11":{"start":{"line":205,"column":4},"end":{"line":222,"column":7}},"12":{"start":{"line":225,"column":4},"end":{"line":253,"column":7}},"13":{"start":{"line":256,"column":4},"end":{"line":275,"column":7}},"14":{"start":{"line":280,"column":4},"end":{"line":285,"column":7}},"15":{"start":{"line":288,"column":4},"end":{"line":293,"column":7}},"16":{"start":{"line":296,"column":4},"end":{"line":301,"column":7}},"17":{"start":{"line":304,"column":4},"end":{"line":309,"column":7}},"18":{"start":{"line":312,"column":4},"end":{"line":317,"column":7}},"19":{"start":{"line":320,"column":4},"end":{"line":325,"column":7}},"20":{"start":{"line":327,"column":4},"end":{"line":332,"column":7}},"21":{"start":{"line":335,"column":4},"end":{"line":340,"column":7}},"22":{"start":{"line":343,"column":4},"end":{"line":348,"column":7}},"23":{"start":{"line":350,"column":4},"end":{"line":355,"column":7}},"24":{"start":{"line":358,"column":4},"end":{"line":363,"column":7}},"25":{"start":{"line":365,"column":4},"end":{"line":370,"column":7}},"26":{"start":{"line":373,"column":4},"end":{"line":378,"column":7}},"27":{"start":{"line":380,"column":4},"end":{"line":385,"column":7}},"28":{"start":{"line":387,"column":4},"end":{"line":392,"column":7}},"29":{"start":{"line":395,"column":4},"end":{"line":400,"column":7}},"30":{"start":{"line":402,"column":4},"end":{"line":407,"column":7}},"31":{"start":{"line":409,"column":4},"end":{"line":414,"column":7}},"32":{"start":{"line":419,"column":4},"end":{"line":419,"column":82}},"33":{"start":{"line":420,"column":4},"end":{"line":420,"column":84}},"34":{"start":{"line":421,"column":4},"end":{"line":421,"column":84}},"35":{"start":{"line":422,"column":4},"end":{"line":422,"column":92}},"36":{"start":{"line":423,"column":4},"end":{"line":423,"column":95}},"37":{"start":{"line":424,"column":4},"end":{"line":426,"column":6}},"38":{"start":{"line":429,"column":4},"end":{"line":431,"column":6}},"39":{"start":{"line":432,"column":4},"end":{"line":434,"column":6}},"40":{"start":{"line":435,"column":4},"end":{"line":437,"column":6}},"41":{"start":{"line":438,"column":4},"end":{"line":440,"column":6}},"42":{"start":{"line":441,"column":4},"end":{"line":443,"column":6}},"43":{"start":{"line":446,"column":4},"end":{"line":446,"column":100}},"44":{"start":{"line":449,"column":4},"end":{"line":451,"column":6}},"45":{"start":{"line":452,"column":4},"end":{"line":454,"column":6}},"46":{"start":{"line":455,"column":4},"end":{"line":455,"column":100}},"47":{"start":{"line":456,"column":4},"end":{"line":458,"column":6}},"48":{"start":{"line":459,"column":4},"end":{"line":461,"column":6}},"49":{"start":{"line":462,"column":4},"end":{"line":464,"column":6}},"50":{"start":{"line":465,"column":4},"end":{"line":467,"column":6}},"51":{"start":{"line":468,"column":4},"end":{"line":470,"column":6}},"52":{"start":{"line":471,"column":4},"end":{"line":475,"column":7}},"53":{"start":{"line":478,"column":4},"end":{"line":480,"column":6}},"54":{"start":{"line":481,"column":4},"end":{"line":481,"column":100}},"55":{"start":{"line":482,"column":4},"end":{"line":486,"column":7}},"56":{"start":{"line":489,"column":4},"end":{"line":491,"column":6}},"57":{"start":{"line":492,"column":4},"end":{"line":496,"column":7}},"58":{"start":{"line":497,"column":4},"end":{"line":497,"column":92}},"59":{"start":{"line":498,"column":4},"end":{"line":498,"column":86}},"60":{"start":{"line":499,"column":4},"end":{"line":501,"column":6}},"61":{"start":{"line":502,"column":4},"end":{"line":506,"column":7}},"62":{"start":{"line":509,"column":4},"end":{"line":509,"column":94}},"63":{"start":{"line":510,"column":4},"end":{"line":514,"column":7}},"64":{"start":{"line":515,"column":4},"end":{"line":515,"column":88}},"65":{"start":{"line":516,"column":4},"end":{"line":516,"column":94}},"66":{"start":{"line":517,"column":4},"end":{"line":521,"column":7}},"67":{"start":{"line":524,"column":4},"end":{"line":526,"column":6}},"68":{"start":{"line":527,"column":4},"end":{"line":531,"column":7}},"69":{"start":{"line":532,"column":4},"end":{"line":536,"column":7}},"70":{"start":{"line":537,"column":4},"end":{"line":537,"column":96}},"71":{"start":{"line":538,"column":4},"end":{"line":538,"column":100}},"72":{"start":{"line":539,"column":4},"end":{"line":541,"column":6}},"73":{"start":{"line":542,"column":4},"end":{"line":544,"column":6}},"74":{"start":{"line":545,"column":4},"end":{"line":549,"column":7}},"75":{"start":{"line":550,"column":4},"end":{"line":554,"column":7}},"76":{"start":{"line":555,"column":4},"end":{"line":559,"column":7}},"77":{"start":{"line":560,"column":4},"end":{"line":562,"column":6}},"78":{"start":{"line":563,"column":4},"end":{"line":567,"column":7}},"79":{"start":{"line":570,"column":4},"end":{"line":570,"column":94}},"80":{"start":{"line":571,"column":4},"end":{"line":573,"column":6}},"81":{"start":{"line":574,"column":4},"end":{"line":576,"column":6}},"82":{"start":{"line":577,"column":4},"end":{"line":577,"column":100}},"83":{"start":{"line":578,"column":4},"end":{"line":582,"column":7}},"84":{"start":{"line":587,"column":4},"end":{"line":587,"column":72}},"85":{"start":{"line":588,"column":4},"end":{"line":588,"column":76}},"86":{"start":{"line":589,"column":4},"end":{"line":589,"column":72}},"87":{"start":{"line":590,"column":4},"end":{"line":590,"column":69}},"88":{"start":{"line":591,"column":4},"end":{"line":591,"column":75}},"89":{"start":{"line":592,"column":4},"end":{"line":592,"column":76}},"90":{"start":{"line":593,"column":4},"end":{"line":593,"column":75}},"91":{"start":{"line":594,"column":4},"end":{"line":594,"column":74}},"92":{"start":{"line":595,"column":4},"end":{"line":595,"column":76}},"93":{"start":{"line":596,"column":4},"end":{"line":596,"column":79}},"94":{"start":{"line":597,"column":4},"end":{"line":597,"column":68}},"95":{"start":{"line":598,"column":4},"end":{"line":598,"column":72}},"96":{"start":{"line":599,"column":4},"end":{"line":599,"column":68}},"97":{"start":{"line":3,"column":0},"end":{"line":3,"column":13}}},"fnMap":{"0":{"name":"(anonymous_0)","decl":{"start":{"line":6,"column":9},"end":{"line":6,"column":14}},"loc":{"start":{"line":6,"column":42},"end":{"line":583,"column":3}}},"1":{"name":"(anonymous_1)","decl":{"start":{"line":585,"column":9},"end":{"line":585,"column":14}},"loc":{"start":{"line":585,"column":44},"end":{"line":600,"column":3}}}},"branchMap":{},"s":{"0":0,"1":0,"2":0,"3":0,"4":0,"5":0,"6":0,"7":0,"8":0,"9":0,"10":0,"11":0,"12":0,"13":0,"14":0,"15":0,"16":0,"17":0,"18":0,"19":0,"20":0,"21":0,"22":0,"23":0,"24":0,"25":0,"26":0,"27":0,"28":0,"29":0,"30":0,"31":0,"32":0,"33":0,"34":0,"35":0,"36":0,"37":0,"38":0,"39":0,"40":0,"41":0,"42":0,"43":0,"44":0,"45":0,"46":0,"47":0,"48":0,"49":0,"50":0,"51":0,"52":0,"53":0,"54":0,"55":0,"56":0,"57":0,"58":0,"59":0,"60":0,"61":0,"62":0,"63":0,"64":0,"65":0,"66":0,"67":0,"68":0,"69":0,"70":0,"71":0,"72":0,"73":0,"74":0,"75":0,"76":0,"77":0,"78":0,"79":0,"80":0,"81":0,"82":0,"83":0,"84":0,"85":0,"86":0,"87":0,"88":0,"89":0,"90":0,"91":0,"92":0,"93":0,"94":0,"95":0,"96":0,"97":0},"f":{"0":0,"1":0},"b":{}}
,"/home/blackohma/Epitech/msc2026/T9/remindy_esp/backend/src/infrastructure/database/migrations/1734000000000-AddCategories.ts": {"path":"/home/blackohma/Epitech/msc2026/T9/remindy_esp/backend/src/infrastructure/database/migrations/1734000000000-AddCategories.ts","statementMap":{"0":{"start":{"line":4,"column":9},"end":{"line":4,"column":37}},"1":{"start":{"line":8,"column":4},"end":{"line":21,"column":7}},"2":{"start":{"line":24,"column":4},"end":{"line":26,"column":7}},"3":{"start":{"line":29,"column":4},"end":{"line":31,"column":7}},"4":{"start":{"line":34,"column":4},"end":{"line":41,"column":7}},"5":{"start":{"line":44,"column":4},"end":{"line":47,"column":7}},"6":{"start":{"line":50,"column":4},"end":{"line":52,"column":7}},"7":{"start":{"line":55,"column":4},"end":{"line":62,"column":7}},"8":{"start":{"line":65,"column":4},"end":{"line":75,"column":7}},"9":{"start":{"line":80,"column":4},"end":{"line":83,"column":7}},"10":{"start":{"line":86,"column":4},"end":{"line":88,"column":7}},"11":{"start":{"line":91,"column":4},"end":{"line":94,"column":7}},"12":{"start":{"line":97,"column":4},"end":{"line":100,"column":7}},"13":{"start":{"line":103,"column":4},"end":{"line":105,"column":7}},"14":{"start":{"line":107,"column":4},"end":{"line":109,"column":7}},"15":{"start":{"line":112,"column":4},"end":{"line":114,"column":7}},"16":{"start":{"line":3,"column":0},"end":{"line":3,"column":13}}},"fnMap":{"0":{"name":"(anonymous_0)","decl":{"start":{"line":6,"column":9},"end":{"line":6,"column":14}},"loc":{"start":{"line":6,"column":42},"end":{"line":76,"column":3}}},"1":{"name":"(anonymous_1)","decl":{"start":{"line":78,"column":9},"end":{"line":78,"column":14}},"loc":{"start":{"line":78,"column":44},"end":{"line":115,"column":3}}}},"branchMap":{},"s":{"0":0,"1":0,"2":0,"3":0,"4":0,"5":0,"6":0,"7":0,"8":0,"9":0,"10":0,"11":0,"12":0,"13":0,"14":0,"15":0,"16":0},"f":{"0":0,"1":0},"b":{}}
,"/home/blackohma/Epitech/msc2026/T9/remindy_esp/backend/src/infrastructure/database/migrations/1735700000000-CreateAdminAuditLog.ts": {"path":"/home/blackohma/Epitech/msc2026/T9/remindy_esp/backend/src/infrastructure/database/migrations/1735700000000-CreateAdminAuditLog.ts","statementMap":{"0":{"start":{"line":4,"column":9},"end":{"line":4,"column":43}},"1":{"start":{"line":8,"column":4},"end":{"line":26,"column":7}},"2":{"start":{"line":29,"column":4},"end":{"line":34,"column":7}},"3":{"start":{"line":37,"column":4},"end":{"line":39,"column":6}},"4":{"start":{"line":40,"column":4},"end":{"line":42,"column":6}},"5":{"start":{"line":43,"column":4},"end":{"line":45,"column":6}},"6":{"start":{"line":46,"column":4},"end":{"line":48,"column":6}},"7":{"start":{"line":49,"column":4},"end":{"line":51,"column":6}},"8":{"start":{"line":52,"column":4},"end":{"line":54,"column":6}},"9":{"start":{"line":57,"column":4},"end":{"line":59,"column":6}},"10":{"start":{"line":60,"column":4},"end":{"line":62,"column":6}},"11":{"start":{"line":65,"column":4},"end":{"line":67,"column":6}},"12":{"start":{"line":68,"column":4},"end":{"line":70,"column":6}},"13":{"start":{"line":75,"column":4},"end":{"line":75,"column":84}},"14":{"start":{"line":76,"column":4},"end":{"line":76,"column":85}},"15":{"start":{"line":77,"column":4},"end":{"line":77,"column":83}},"16":{"start":{"line":78,"column":4},"end":{"line":78,"column":88}},"17":{"start":{"line":79,"column":4},"end":{"line":79,"column":85}},"18":{"start":{"line":80,"column":4},"end":{"line":80,"column":82}},"19":{"start":{"line":81,"column":4},"end":{"line":81,"column":83}},"20":{"start":{"line":82,"column":4},"end":{"line":82,"column":88}},"21":{"start":{"line":83,"column":4},"end":{"line":83,"column":81}},"22":{"start":{"line":84,"column":4},"end":{"line":84,"column":88}},"23":{"start":{"line":87,"column":4},"end":{"line":87,"column":78}},"24":{"start":{"line":3,"column":0},"end":{"line":3,"column":13}}},"fnMap":{"0":{"name":"(anonymous_0)","decl":{"start":{"line":6,"column":9},"end":{"line":6,"column":14}},"loc":{"start":{"line":6,"column":42},"end":{"line":71,"column":3}}},"1":{"name":"(anonymous_1)","decl":{"start":{"line":73,"column":9},"end":{"line":73,"column":14}},"loc":{"start":{"line":73,"column":44},"end":{"line":88,"column":3}}}},"branchMap":{},"s":{"0":0,"1":0,"2":0,"3":0,"4":0,"5":0,"6":0,"7":0,"8":0,"9":0,"10":0,"11":0,"12":0,"13":0,"14":0,"15":0,"16":0,"17":0,"18":0,"19":0,"20":0,"21":0,"22":0,"23":0,"24":0},"f":{"0":0,"1":0},"b":{}}
,"/home/blackohma/Epitech/msc2026/T9/remindy_esp/backend/src/infrastructure/database/migrations/1767527759769-AddOneTimeFrequency.ts": {"path":"/home/blackohma/Epitech/msc2026/T9/remindy_esp/backend/src/infrastructure/database/migrations/1767527759769-AddOneTimeFrequency.ts","statementMap":{"0":{"start":{"line":4,"column":9},"end":{"line":4,"column":43}},"1":{"start":{"line":8,"column":4},"end":{"line":10,"column":7}},"2":{"start":{"line":13,"column":4},"end":{"line":16,"column":7}},"3":{"start":{"line":21,"column":4},"end":{"line":23,"column":7}},"4":{"start":{"line":26,"column":4},"end":{"line":29,"column":7}},"5":{"start":{"line":3,"column":0},"end":{"line":3,"column":13}}},"fnMap":{"0":{"name":"(anonymous_0)","decl":{"start":{"line":6,"column":9},"end":{"line":6,"column":14}},"loc":{"start":{"line":6,"column":42},"end":{"line":17,"column":3}}},"1":{"name":"(anonymous_1)","decl":{"start":{"line":19,"column":9},"end":{"line":19,"column":14}},"loc":{"start":{"line":19,"column":44},"end":{"line":30,"column":3}}}},"branchMap":{},"s":{"0":0,"1":0,"2":0,"3":0,"4":0,"5":0},"f":{"0":0,"1":0},"b":{}}
,"/home/blackohma/Epitech/msc2026/T9/remindy_esp/backend/src/infrastructure/database/seeds/seed-categories.ts": {"path":"/home/blackohma/Epitech/msc2026/T9/remindy_esp/backend/src/infrastructure/database/seeds/seed-categories.ts","statementMap":{"0":{"start":{"line":1,"column":0},"end":{"line":1,"column":37}},"1":{"start":{"line":2,"column":0},"end":{"line":2,"column":33}},"2":{"start":{"line":4,"column":0},"end":{"line":4,"column":40}},"3":{"start":{"line":6,"column":19},"end":{"line":10,"column":2}},"4":{"start":{"line":13,"column":2},"end":{"line":74,"column":3}},"5":{"start":{"line":14,"column":4},"end":{"line":14,"column":34}},"6":{"start":{"line":15,"column":4},"end":{"line":15,"column":38}},"7":{"start":{"line":18,"column":30},"end":{"line":34,"column":6}},"8":{"start":{"line":36,"column":24},"end":{"line":36,"column":25}},"9":{"start":{"line":37,"column":23},"end":{"line":37,"column":24}},"10":{"start":{"line":39,"column":4},"end":{"line":58,"column":5}},"11":{"start":{"line":41,"column":23},"end":{"line":43,"column":null}},"12":{"start":{"line":46,"column":6},"end":{"line":57,"column":7}},"13":{"start":{"line":48,"column":8},"end":{"line":51,"column":10}},"14":{"start":{"line":52,"column":8},"end":{"line":52,"column":68}},"15":{"start":{"line":53,"column":8},"end":{"line":53,"column":24}},"16":{"start":{"line":55,"column":8},"end":{"line":55,"column":87}},"17":{"start":{"line":56,"column":8},"end":{"line":56,"column":23}},"18":{"start":{"line":60,"column":4},"end":{"line":60,"column":49}},"19":{"start":{"line":61,"column":4},"end":{"line":61,"column":58}},"20":{"start":{"line":62,"column":4},"end":{"line":62,"column":59}},"21":{"start":{"line":65,"column":23},"end":{"line":66,"column":null}},"22":{"start":{"line":68,"column":4},"end":{"line":68,"column":70}},"23":{"start":{"line":70,"column":4},"end":{"line":70,"column":31}},"24":{"start":{"line":72,"column":4},"end":{"line":72,"column":56}},"25":{"start":{"line":73,"column":4},"end":{"line":73,"column":20}},"26":{"start":{"line":77,"column":0},"end":{"line":80,"column":3}},"27":{"start":{"line":78,"column":2},"end":{"line":78,"column":53}},"28":{"start":{"line":79,"column":2},"end":{"line":79,"column":18}}},"fnMap":{"0":{"name":"seedCategories","decl":{"start":{"line":12,"column":15},"end":{"line":12,"column":29}},"loc":{"start":{"line":12,"column":29},"end":{"line":75,"column":1}}},"1":{"name":"(anonymous_10)","decl":{"start":{"line":77,"column":23},"end":{"line":77,"column":28}},"loc":{"start":{"line":77,"column":31},"end":{"line":80,"column":1}}}},"branchMap":{"0":{"loc":{"start":{"line":46,"column":6},"end":{"line":57,"column":7}},"type":"if","locations":[{"start":{"line":46,"column":6},"end":{"line":57,"column":7}},{"start":{"line":54,"column":13},"end":{"line":57,"column":7}}]}},"s":{"0":0,"1":0,"2":0,"3":0,"4":0,"5":0,"6":0,"7":0,"8":0,"9":0,"10":0,"11":0,"12":0,"13":0,"14":0,"15":0,"16":0,"17":0,"18":0,"19":0,"20":0,"21":0,"22":0,"23":0,"24":0,"25":0,"26":0,"27":0,"28":0},"f":{"0":0,"1":0},"b":{"0":[0,0]}}
,"/home/blackohma/Epitech/msc2026/T9/remindy_esp/backend/src/infrastructure/database/seeds/seed-roles.ts": {"path":"/home/blackohma/Epitech/msc2026/T9/remindy_esp/backend/src/infrastructure/database/seeds/seed-roles.ts","statementMap":{"0":{"start":{"line":1,"column":0},"end":{"line":1,"column":37}},"1":{"start":{"line":2,"column":0},"end":{"line":2,"column":33}},"2":{"start":{"line":4,"column":0},"end":{"line":4,"column":40}},"3":{"start":{"line":6,"column":19},"end":{"line":10,"column":2}},"4":{"start":{"line":13,"column":2},"end":{"line":37,"column":3}},"5":{"start":{"line":14,"column":4},"end":{"line":14,"column":34}},"6":{"start":{"line":15,"column":4},"end":{"line":15,"column":38}},"7":{"start":{"line":18,"column":4},"end":{"line":25,"column":7}},"8":{"start":{"line":27,"column":4},"end":{"line":27,"column":47}},"9":{"start":{"line":30,"column":18},"end":{"line":30,"column":63}},"10":{"start":{"line":31,"column":4},"end":{"line":31,"column":45}},"11":{"start":{"line":33,"column":4},"end":{"line":33,"column":31}},"12":{"start":{"line":35,"column":4},"end":{"line":35,"column":51}},"13":{"start":{"line":36,"column":4},"end":{"line":36,"column":20}},"14":{"start":{"line":40,"column":0},"end":{"line":43,"column":3}},"15":{"start":{"line":41,"column":2},"end":{"line":41,"column":48}},"16":{"start":{"line":42,"column":2},"end":{"line":42,"column":18}}},"fnMap":{"0":{"name":"seedRoles","decl":{"start":{"line":12,"column":15},"end":{"line":12,"column":24}},"loc":{"start":{"line":12,"column":24},"end":{"line":38,"column":1}}},"1":{"name":"(anonymous_10)","decl":{"start":{"line":40,"column":18},"end":{"line":40,"column":23}},"loc":{"start":{"line":40,"column":26},"end":{"line":43,"column":1}}}},"branchMap":{},"s":{"0":0,"1":0,"2":0,"3":0,"4":0,"5":0,"6":0,"7":0,"8":0,"9":0,"10":0,"11":0,"12":0,"13":0,"14":0,"15":0,"16":0},"f":{"0":0,"1":0},"b":{}}
,"/home/blackohma/Epitech/msc2026/T9/remindy_esp/backend/src/modules/audit/audit.module.ts": {"path":"/home/blackohma/Epitech/msc2026/T9/remindy_esp/backend/src/modules/audit/audit.module.ts","statementMap":{"0":{"start":{"line":1,"column":0},"end":{"line":1,"column":52}},"1":{"start":{"line":2,"column":0},"end":{"line":2,"column":48}},"2":{"start":{"line":3,"column":0},"end":{"line":3,"column":98}},"3":{"start":{"line":4,"column":0},"end":{"line":4,"column":73}},"4":{"start":{"line":5,"column":0},"end":{"line":5,"column":78}},"5":{"start":{"line":8,"column":0},"end":{"line":8,"column":81}},"6":{"start":{"line":11,"column":0},"end":{"line":11,"column":79}},"7":{"start":{"line":12,"column":0},"end":{"line":12,"column":90}},"8":{"start":{"line":13,"column":0},"end":{"line":13,"column":95}},"9":{"start":{"line":14,"column":0},"end":{"line":14,"column":96}},"10":{"start":{"line":15,"column":0},"end":{"line":15,"column":88}},"11":{"start":{"line":16,"column":0},"end":{"line":16,"column":92}},"12":{"start":{"line":19,"column":0},"end":{"line":19,"column":103}},"13":{"start":{"line":20,"column":0},"end":{"line":20,"column":75}},"14":{"start":{"line":21,"column":0},"end":{"line":21,"column":84}},"15":{"start":{"line":24,"column":0},"end":{"line":24,"column":81}},"16":{"start":{"line":25,"column":0},"end":{"line":25,"column":76}},"17":{"start":{"line":27,"column":0},"end":{"line":27,"column":49}},"18":{"start":{"line":64,"column":7},"end":{"line":64,"column":null}},"19":{"start":{"line":64,"column":13},"end":{"line":64,"column":24}},"20":{"start":{"line":64,"column":13},"end":{"line":64,"column":null}},"21":{"start":{"line":32,"column":21},"end":{"line":32,"column":31}}},"fnMap":{"0":{"name":"(anonymous_1)","decl":{"start":{"line":32,"column":15},"end":{"line":32,"column":18}},"loc":{"start":{"line":32,"column":21},"end":{"line":32,"column":31}}}},"branchMap":{},"s":{"0":0,"1":0,"2":0,"3":0,"4":0,"5":0,"6":0,"7":0,"8":0,"9":0,"10":0,"11":0,"12":0,"13":0,"14":0,"15":0,"16":0,"17":0,"18":0,"19":0,"20":0,"21":0},"f":{"0":0},"b":{}}
,"/home/blackohma/Epitech/msc2026/T9/remindy_esp/backend/src/modules/audit/application/dto/audit-log-filter.dto.ts": {"path":"/home/blackohma/Epitech/msc2026/T9/remindy_esp/backend/src/modules/audit/application/dto/audit-log-filter.dto.ts","statementMap":{"0":{"start":{"line":3,"column":0},"end":{"line":3,"column":13}},"1":{"start":{"line":19,"column":0},"end":{"line":19,"column":13}}},"fnMap":{},"branchMap":{},"s":{"0":0,"1":0},"f":{},"b":{}}
,"/home/blackohma/Epitech/msc2026/T9/remindy_esp/backend/src/modules/audit/application/dto/audit-log-response.dto.ts": {"path":"/home/blackohma/Epitech/msc2026/T9/remindy_esp/backend/src/modules/audit/application/dto/audit-log-response.dto.ts","statementMap":{"0":{"start":{"line":3,"column":0},"end":{"line":3,"column":13}},"1":{"start":{"line":19,"column":0},"end":{"line":19,"column":13}}},"fnMap":{},"branchMap":{},"s":{"0":0,"1":0},"f":{},"b":{}}
,"/home/blackohma/Epitech/msc2026/T9/remindy_esp/backend/src/modules/audit/application/dto/audit-stats.dto.ts": {"path":"/home/blackohma/Epitech/msc2026/T9/remindy_esp/backend/src/modules/audit/application/dto/audit-stats.dto.ts","statementMap":{"0":{"start":{"line":3,"column":0},"end":{"line":3,"column":13}},"1":{"start":{"line":8,"column":0},"end":{"line":8,"column":13}},"2":{"start":{"line":13,"column":0},"end":{"line":13,"column":13}},"3":{"start":{"line":18,"column":0},"end":{"line":18,"column":13}},"4":{"start":{"line":23,"column":0},"end":{"line":23,"column":13}},"5":{"start":{"line":28,"column":0},"end":{"line":28,"column":13}}},"fnMap":{},"branchMap":{},"s":{"0":0,"1":0,"2":0,"3":0,"4":0,"5":0},"f":{},"b":{}}
,"/home/blackohma/Epitech/msc2026/T9/remindy_esp/backend/src/modules/audit/application/dto/create-audit-log.dto.ts": {"path":"/home/blackohma/Epitech/msc2026/T9/remindy_esp/backend/src/modules/audit/application/dto/create-audit-log.dto.ts","statementMap":{"0":{"start":{"line":3,"column":0},"end":{"line":3,"column":13}}},"fnMap":{},"branchMap":{},"s":{"0":0},"f":{},"b":{}}
,"/home/blackohma/Epitech/msc2026/T9/remindy_esp/backend/src/modules/audit/application/dto/index.ts": {"path":"/home/blackohma/Epitech/msc2026/T9/remindy_esp/backend/src/modules/audit/application/dto/index.ts","statementMap":{"0":{"start":{"line":1,"column":0},"end":{"line":1,"column":39}},"1":{"start":{"line":2,"column":0},"end":{"line":2,"column":39}},"2":{"start":{"line":3,"column":0},"end":{"line":3,"column":41}},"3":{"start":{"line":4,"column":0},"end":{"line":4,"column":34}}},"fnMap":{},"branchMap":{},"s":{"0":0,"1":0,"2":0,"3":0},"f":{},"b":{}}
,"/home/blackohma/Epitech/msc2026/T9/remindy_esp/backend/src/modules/audit/application/mappers/audit-log-response.mapper.ts": {"path":"/home/blackohma/Epitech/msc2026/T9/remindy_esp/backend/src/modules/audit/application/mappers/audit-log-response.mapper.ts","statementMap":{"0":{"start":{"line":6,"column":4},"end":{"line":20,"column":6}},"1":{"start":{"line":24,"column":4},"end":{"line":24,"column":49}},"2":{"start":{"line":24,"column":32},"end":{"line":24,"column":47}},"3":{"start":{"line":4,"column":0},"end":{"line":4,"column":13}}},"fnMap":{"0":{"name":"(anonymous_0)","decl":{"start":{"line":5,"column":2},"end":{"line":5,"column":8}},"loc":{"start":{"line":5,"column":33},"end":{"line":21,"column":3}}},"1":{"name":"(anonymous_1)","decl":{"start":{"line":23,"column":2},"end":{"line":23,"column":8}},"loc":{"start":{"line":23,"column":41},"end":{"line":25,"column":3}}},"2":{"name":"(anonymous_2)","decl":{"start":{"line":24,"column":25},"end":{"line":24,"column":28}},"loc":{"start":{"line":24,"column":32},"end":{"line":24,"column":47}}}},"branchMap":{},"s":{"0":0,"1":0,"2":0,"3":0},"f":{"0":0,"1":0,"2":0},"b":{}}
,"/home/blackohma/Epitech/msc2026/T9/remindy_esp/backend/src/modules/audit/application/ports/audit-export.service.ts": {"path":"/home/blackohma/Epitech/msc2026/T9/remindy_esp/backend/src/modules/audit/application/ports/audit-export.service.ts","statementMap":{"0":{"start":{"line":3,"column":0},"end":{"line":3,"column":22}}},"fnMap":{},"branchMap":{},"s":{"0":0},"f":{},"b":{}}
,"/home/blackohma/Epitech/msc2026/T9/remindy_esp/backend/src/modules/audit/application/use-cases/create-audit-log.use-case.ts": {"path":"/home/blackohma/Epitech/msc2026/T9/remindy_esp/backend/src/modules/audit/application/use-cases/create-audit-log.use-case.ts","statementMap":{"0":{"start":{"line":1,"column":0},"end":{"line":1,"column":44}},"1":{"start":{"line":2,"column":0},"end":{"line":2,"column":66}},"2":{"start":{"line":3,"column":0},"end":{"line":3,"column":85}},"3":{"start":{"line":6,"column":0},"end":{"line":6,"column":78}},"4":{"start":{"line":9,"column":7},"end":{"line":31,"column":null}},"5":{"start":{"line":10,"column":31},"end":{"line":10,"column":51}},"6":{"start":{"line":13,"column":21},"end":{"line":25,"column":6}},"7":{"start":{"line":27,"column":21},"end":{"line":27,"column":67}},"8":{"start":{"line":29,"column":4},"end":{"line":29,"column":50}},"9":{"start":{"line":9,"column":13},"end":{"line":9,"column":34}},"10":{"start":{"line":9,"column":13},"end":{"line":31,"column":null}}},"fnMap":{"0":{"name":"(anonymous_2)","decl":{"start":{"line":10,"column":2},"end":{"line":10,"column":31}},"loc":{"start":{"line":10,"column":70},"end":{"line":10,"column":74}}},"1":{"name":"(anonymous_3)","decl":{"start":{"line":12,"column":2},"end":{"line":12,"column":7}},"loc":{"start":{"line":12,"column":38},"end":{"line":30,"column":3}}}},"branchMap":{"0":{"loc":{"start":{"line":10,"column":51},"end":{"line":10,"column":73}},"type":"cond-expr","locations":[{"start":{"line":10,"column":70},"end":{"line":10,"column":73}},{"start":{"line":10,"column":70},"end":{"line":10,"column":73}}]},"1":{"loc":{"start":{"line":10,"column":51},"end":{"line":10,"column":70}},"type":"binary-expr","locations":[{"start":{"line":10,"column":51},"end":{"line":10,"column":73}},{"start":{"line":10,"column":51},"end":{"line":10,"column":70}}]}},"s":{"0":0,"1":0,"2":0,"3":0,"4":0,"5":0,"6":0,"7":0,"8":0,"9":0,"10":0},"f":{"0":0,"1":0},"b":{"0":[0,0],"1":[0,0]}}
,"/home/blackohma/Epitech/msc2026/T9/remindy_esp/backend/src/modules/audit/application/use-cases/export-audit-logs.use-case.ts": {"path":"/home/blackohma/Epitech/msc2026/T9/remindy_esp/backend/src/modules/audit/application/use-cases/export-audit-logs.use-case.ts","statementMap":{"0":{"start":{"line":1,"column":0},"end":{"line":1,"column":44}},"1":{"start":{"line":2,"column":0},"end":{"line":2,"column":85}},"2":{"start":{"line":4,"column":0},"end":{"line":4,"column":68}},"3":{"start":{"line":7,"column":7},"end":{"line":37,"column":null}},"4":{"start":{"line":9,"column":21},"end":{"line":9,"column":41}},"5":{"start":{"line":10,"column":21},"end":{"line":10,"column":36}},"6":{"start":{"line":14,"column":17},"end":{"line":23,"column":6}},"7":{"start":{"line":25,"column":4},"end":{"line":30,"column":5}},"8":{"start":{"line":26,"column":6},"end":{"line":29,"column":8}},"9":{"start":{"line":32,"column":4},"end":{"line":35,"column":6}},"10":{"start":{"line":7,"column":13},"end":{"line":7,"column":35}},"11":{"start":{"line":7,"column":13},"end":{"line":37,"column":null}}},"fnMap":{"0":{"name":"(anonymous_2)","decl":{"start":{"line":8,"column":2},"end":{"line":8,"column":null}},"loc":{"start":{"line":10,"column":55},"end":{"line":11,"column":6}}},"1":{"name":"(anonymous_3)","decl":{"start":{"line":13,"column":2},"end":{"line":13,"column":7}},"loc":{"start":{"line":13,"column":39},"end":{"line":36,"column":3}}}},"branchMap":{"0":{"loc":{"start":{"line":25,"column":4},"end":{"line":30,"column":5}},"type":"if","locations":[{"start":{"line":25,"column":4},"end":{"line":30,"column":5}},{"start":{},"end":{}}]},"1":{"loc":{"start":{"line":9,"column":41},"end":{"line":9,"column":null}},"type":"cond-expr","locations":[{"start":{"line":9,"column":60},"end":{"line":9,"column":null}},{"start":{"line":9,"column":60},"end":{"line":9,"column":null}}]},"2":{"loc":{"start":{"line":9,"column":41},"end":{"line":9,"column":60}},"type":"binary-expr","locations":[{"start":{"line":9,"column":41},"end":{"line":9,"column":null}},{"start":{"line":9,"column":41},"end":{"line":9,"column":60}}]},"3":{"loc":{"start":{"line":9,"column":60},"end":{"line":10,"column":null}},"type":"cond-expr","locations":[{"start":{"line":10,"column":55},"end":{"line":10,"column":null}},{"start":{"line":10,"column":55},"end":{"line":10,"column":null}}]},"4":{"loc":{"start":{"line":9,"column":60},"end":{"line":10,"column":55}},"type":"binary-expr","locations":[{"start":{"line":9,"column":60},"end":{"line":10,"column":null}},{"start":{"line":10,"column":36},"end":{"line":10,"column":55}}]}},"s":{"0":0,"1":0,"2":0,"3":0,"4":0,"5":0,"6":0,"7":0,"8":0,"9":0,"10":0,"11":0},"f":{"0":0,"1":0},"b":{"0":[0,0],"1":[0,0],"2":[0,0],"3":[0,0],"4":[0,0]}}
[...]
,"/home/blackohma/Epitech/msc2026/T9/remindy_esp/backend/src/modules/user/presentation/dto/index.ts": {"path":"/home/blackohma/Epitech/msc2026/T9/remindy_esp/backend/src/modules/user/presentation/dto/index.ts","statementMap":{"0":{"start":{"line":2,"column":0},"end":{"line":2,"column":35}},"1":{"start":{"line":3,"column":0},"end":{"line":3,"column":39}},"2":{"start":{"line":4,"column":0},"end":{"line":4,"column":34}}},"fnMap":{},"branchMap":{},"s":{"0":0,"1":0,"2":0},"f":{},"b":{}}
,"/home/blackohma/Epitech/msc2026/T9/remindy_esp/backend/src/modules/user/presentation/dto/rgpd-export.dto.ts": {"path":"/home/blackohma/Epitech/msc2026/T9/remindy_esp/backend/src/modules/user/presentation/dto/rgpd-export.dto.ts","statementMap":{"0":{"start":{"line":1,"column":0},"end":{"line":1,"column":67}},"1":{"start":{"line":2,"column":0},"end":{"line":2,"column":51}},"2":{"start":{"line":4,"column":0},"end":{"line":4,"column":13}},"3":{"start":{"line":13,"column":2},"end":{"line":13,"column":null}},"4":{"start":{"line":16,"column":0},"end":{"line":16,"column":13}},"5":{"start":{"line":18,"column":2},"end":{"line":18,"column":null}},"6":{"start":{"line":21,"column":2},"end":{"line":21,"column":null}},"7":{"start":{"line":27,"column":2},"end":{"line":27,"column":null}},"8":{"start":{"line":33,"column":2},"end":{"line":33,"column":null}},"9":{"start":{"line":36,"column":2},"end":{"line":36,"column":null}},"10":{"start":{"line":39,"column":2},"end":{"line":39,"column":null}},"11":{"start":{"line":42,"column":2},"end":{"line":42,"column":null}},"12":{"start":{"line":45,"column":2},"end":{"line":45,"column":null}},"13":{"start":{"line":48,"column":2},"end":{"line":48,"column":null}},"14":{"start":{"line":54,"column":2},"end":{"line":54,"column":null}},"15":{"start":{"line":57,"column":2},"end":{"line":57,"column":null}},"16":{"start":{"line":60,"column":2},"end":{"line":60,"column":null}}},"fnMap":{},"branchMap":{"0":{"loc":{"start":{"line":45,"column":14},"end":{"line":45,"column":19}},"type":"cond-expr","locations":[{"start":{"line":45,"column":18},"end":{"line":45,"column":19}},{"start":{"line":45,"column":18},"end":{"line":45,"column":19}}]},"1":{"loc":{"start":{"line":45,"column":14},"end":{"line":45,"column":18}},"type":"binary-expr","locations":[{"start":{"line":45,"column":14},"end":{"line":45,"column":19}},{"start":{"line":45,"column":14},"end":{"line":45,"column":18}}]},"2":{"loc":{"start":{"line":57,"column":13},"end":{"line":57,"column":18}},"type":"cond-expr","locations":[{"start":{"line":57,"column":17},"end":{"line":57,"column":18}},{"start":{"line":57,"column":17},"end":{"line":57,"column":18}}]},"3":{"loc":{"start":{"line":57,"column":13},"end":{"line":57,"column":17}},"type":"binary-expr","locations":[{"start":{"line":57,"column":13},"end":{"line":57,"column":18}},{"start":{"line":57,"column":13},"end":{"line":57,"column":17}}]},"4":{"loc":{"start":{"line":60,"column":16},"end":{"line":60,"column":21}},"type":"cond-expr","locations":[{"start":{"line":60,"column":20},"end":{"line":60,"column":21}},{"start":{"line":60,"column":20},"end":{"line":60,"column":21}}]},"5":{"loc":{"start":{"line":60,"column":16},"end":{"line":60,"column":20}},"type":"binary-expr","locations":[{"start":{"line":60,"column":16},"end":{"line":60,"column":21}},{"start":{"line":60,"column":16},"end":{"line":60,"column":20}}]}},"s":{"0":0,"1":0,"2":0,"3":0,"4":0,"5":0,"6":0,"7":0,"8":0,"9":0,"10":0,"11":0,"12":0,"13":0,"14":0,"15":0,"16":0},"f":{},"b":{"0":[0,0],"1":[0,0],"2":[0,0],"3":[0,0],"4":[0,0],"5":[0,0]}}
,"/home/blackohma/Epitech/msc2026/T9/remindy_esp/backend/src/modules/user/presentation/dto/user-me.response.dto.ts": {"path":"/home/blackohma/Epitech/msc2026/T9/remindy_esp/backend/src/modules/user/presentation/dto/user-me.response.dto.ts","statementMap":{"0":{"start":{"line":1,"column":0},"end":{"line":1,"column":46}},"1":{"start":{"line":3,"column":0},"end":{"line":3,"column":13}},"2":{"start":{"line":5,"column":2},"end":{"line":5,"column":null}},"3":{"start":{"line":8,"column":2},"end":{"line":8,"column":null}},"4":{"start":{"line":11,"column":2},"end":{"line":11,"column":null}},"5":{"start":{"line":14,"column":2},"end":{"line":14,"column":null}},"6":{"start":{"line":17,"column":2},"end":{"line":17,"column":null}},"7":{"start":{"line":20,"column":2},"end":{"line":20,"column":null}},"8":{"start":{"line":23,"column":2},"end":{"line":23,"column":null}},"9":{"start":{"line":26,"column":2},"end":{"line":26,"column":null}},"10":{"start":{"line":29,"column":2},"end":{"line":29,"column":null}},"11":{"start":{"line":32,"column":2},"end":{"line":32,"column":null}},"12":{"start":{"line":35,"column":2},"end":{"line":35,"column":null}}},"fnMap":{},"branchMap":{"0":{"loc":{"start":{"line":35,"column":13},"end":{"line":35,"column":18}},"type":"cond-expr","locations":[{"start":{"line":35,"column":17},"end":{"line":35,"column":18}},{"start":{"line":35,"column":17},"end":{"line":35,"column":18}}]},"1":{"loc":{"start":{"line":35,"column":13},"end":{"line":35,"column":17}},"type":"binary-expr","locations":[{"start":{"line":35,"column":13},"end":{"line":35,"column":18}},{"start":{"line":35,"column":13},"end":{"line":35,"column":17}}]}},"s":{"0":0,"1":0,"2":0,"3":0,"4":0,"5":0,"6":0,"7":0,"8":0,"9":0,"10":0,"11":0,"12":0},"f":{},"b":{"0":[0,0],"1":[0,0]}}
,"/home/blackohma/Epitech/msc2026/T9/remindy_esp/backend/src/modules/user/presentation/dto/user-preferences.dto.ts": {"path":"/home/blackohma/Epitech/msc2026/T9/remindy_esp/backend/src/modules/user/presentation/dto/user-preferences.dto.ts","statementMap":{"0":{"start":{"line":1,"column":0},"end":{"line":1,"column":67}},"1":{"start":{"line":2,"column":0},"end":{"line":2,"column":100}},"2":{"start":{"line":37,"column":4},"end":{"line":48,"column":6}},"3":{"start":{"line":5,"column":0},"end":{"line":5,"column":13}},"4":{"start":{"line":7,"column":2},"end":{"line":7,"column":null}},"5":{"start":{"line":10,"column":2},"end":{"line":10,"column":null}},"6":{"start":{"line":13,"column":2},"end":{"line":13,"column":null}},"7":{"start":{"line":16,"column":2},"end":{"line":16,"column":null}},"8":{"start":{"line":19,"column":2},"end":{"line":19,"column":null}},"9":{"start":{"line":22,"column":2},"end":{"line":22,"column":null}},"10":{"start":{"line":25,"column":2},"end":{"line":25,"column":null}},"11":{"start":{"line":28,"column":2},"end":{"line":28,"column":null}},"12":{"start":{"line":31,"column":2},"end":{"line":31,"column":null}},"13":{"start":{"line":34,"column":2},"end":{"line":34,"column":null}},"14":{"start":{"line":52,"column":0},"end":{"line":52,"column":13}},"15":{"start":{"line":60,"column":2},"end":{"line":60,"column":null}},"16":{"start":{"line":65,"column":2},"end":{"line":65,"column":null}},"17":{"start":{"line":70,"column":2},"end":{"line":70,"column":null}},"18":{"start":{"line":75,"column":2},"end":{"line":75,"column":null}},"19":{"start":{"line":87,"column":2},"end":{"line":87,"column":null}},"20":{"start":{"line":97,"column":2},"end":{"line":97,"column":null}},"21":{"start":{"line":102,"column":2},"end":{"line":102,"column":null}}},"fnMap":{"0":{"name":"(anonymous_2)","decl":{"start":{"line":36,"column":2},"end":{"line":36,"column":8}},"loc":{"start":{"line":36,"column":48},"end":{"line":49,"column":3}}}},"branchMap":{"0":{"loc":{"start":{"line":31,"column":13},"end":{"line":31,"column":18}},"type":"cond-expr","locations":[{"start":{"line":31,"column":17},"end":{"line":31,"column":18}},{"start":{"line":31,"column":17},"end":{"line":31,"column":18}}]},"1":{"loc":{"start":{"line":31,"column":13},"end":{"line":31,"column":17}},"type":"binary-expr","locations":[{"start":{"line":31,"column":13},"end":{"line":31,"column":18}},{"start":{"line":31,"column":13},"end":{"line":31,"column":17}}]},"2":{"loc":{"start":{"line":34,"column":13},"end":{"line":34,"column":18}},"type":"cond-expr","locations":[{"start":{"line":34,"column":17},"end":{"line":34,"column":18}},{"start":{"line":34,"column":17},"end":{"line":34,"column":18}}]},"3":{"loc":{"start":{"line":34,"column":13},"end":{"line":34,"column":17}},"type":"binary-expr","locations":[{"start":{"line":34,"column":13},"end":{"line":34,"column":18}},{"start":{"line":34,"column":13},"end":{"line":34,"column":17}}]}},"s":{"0":0,"1":0,"2":0,"3":0,"4":0,"5":0,"6":0,"7":0,"8":0,"9":0,"10":0,"11":0,"12":0,"13":0,"14":0,"15":0,"16":0,"17":0,"18":0,"19":0,"20":0,"21":0},"f":{"0":0},"b":{"0":[0,0],"1":[0,0],"2":[0,0],"3":[0,0]}}
,"/home/blackohma/Epitech/msc2026/T9/remindy_esp/backend/src/modules/user/presentation/dto/user-profile.dto.ts": {"path":"/home/blackohma/Epitech/msc2026/T9/remindy_esp/backend/src/modules/user/presentation/dto/user-profile.dto.ts","statementMap":{"0":{"start":{"line":1,"column":0},"end":{"line":1,"column":67}},"1":{"start":{"line":2,"column":0},"end":{"line":2,"column":75}},"2":{"start":{"line":4,"column":0},"end":{"line":4,"column":13}},"3":{"start":{"line":6,"column":2},"end":{"line":6,"column":null}},"4":{"start":{"line":9,"column":2},"end":{"line":9,"column":null}},"5":{"start":{"line":12,"column":2},"end":{"line":12,"column":null}},"6":{"start":{"line":15,"column":2},"end":{"line":15,"column":null}},"7":{"start":{"line":18,"column":2},"end":{"line":18,"column":null}},"8":{"start":{"line":21,"column":2},"end":{"line":21,"column":null}},"9":{"start":{"line":24,"column":2},"end":{"line":24,"column":null}},"10":{"start":{"line":27,"column":2},"end":{"line":27,"column":null}},"11":{"start":{"line":30,"column":2},"end":{"line":30,"column":null}},"12":{"start":{"line":33,"column":2},"end":{"line":33,"column":null}},"13":{"start":{"line":36,"column":2},"end":{"line":36,"column":null}},"14":{"start":{"line":39,"column":2},"end":{"line":39,"column":null}},"15":{"start":{"line":42,"column":2},"end":{"line":42,"column":null}},"16":{"start":{"line":45,"column":2},"end":{"line":45,"column":null}},"17":{"start":{"line":48,"column":2},"end":{"line":48,"column":null}},"18":{"start":{"line":51,"column":0},"end":{"line":51,"column":13}},"19":{"start":{"line":56,"column":2},"end":{"line":56,"column":null}},"20":{"start":{"line":62,"column":2},"end":{"line":62,"column":null}},"21":{"start":{"line":70,"column":2},"end":{"line":70,"column":null}},"22":{"start":{"line":76,"column":2},"end":{"line":76,"column":null}},"23":{"start":{"line":82,"column":2},"end":{"line":82,"column":null}}},"fnMap":{},"branchMap":{"0":{"loc":{"start":{"line":42,"column":16},"end":{"line":42,"column":21}},"type":"cond-expr","locations":[{"start":{"line":42,"column":20},"end":{"line":42,"column":21}},{"start":{"line":42,"column":20},"end":{"line":42,"column":21}}]},"1":{"loc":{"start":{"line":42,"column":16},"end":{"line":42,"column":20}},"type":"binary-expr","locations":[{"start":{"line":42,"column":16},"end":{"line":42,"column":21}},{"start":{"line":42,"column":16},"end":{"line":42,"column":20}}]},"2":{"loc":{"start":{"line":45,"column":13},"end":{"line":45,"column":18}},"type":"cond-expr","locations":[{"start":{"line":45,"column":17},"end":{"line":45,"column":18}},{"start":{"line":45,"column":17},"end":{"line":45,"column":18}}]},"3":{"loc":{"start":{"line":45,"column":13},"end":{"line":45,"column":17}},"type":"binary-expr","locations":[{"start":{"line":45,"column":13},"end":{"line":45,"column":18}},{"start":{"line":45,"column":13},"end":{"line":45,"column":17}}]},"4":{"loc":{"start":{"line":48,"column":13},"end":{"line":48,"column":18}},"type":"cond-expr","locations":[{"start":{"line":48,"column":17},"end":{"line":48,"column":18}},{"start":{"line":48,"column":17},"end":{"line":48,"column":18}}]},"5":{"loc":{"start":{"line":48,"column":13},"end":{"line":48,"column":17}},"type":"binary-expr","locations":[{"start":{"line":48,"column":13},"end":{"line":48,"column":18}},{"start":{"line":48,"column":13},"end":{"line":48,"column":17}}]}},"s":{"0":0,"1":0,"2":0,"3":0,"4":0,"5":0,"6":0,"7":0,"8":0,"9":0,"10":0,"11":0,"12":0,"13":0,"14":0,"15":0,"16":0,"17":0,"18":0,"19":0,"20":0,"21":0,"22":0,"23":0},"f":{},"b":{"0":[0,0],"1":[0,0],"2":[0,0],"3":[0,0],"4":[0,0],"5":[0,0]}}
,"/home/blackohma/Epitech/msc2026/T9/remindy_esp/backend/src/modules/user/presentation/mappers/user-preferences.mapper.ts": {"path":"/home/blackohma/Epitech/msc2026/T9/remindy_esp/backend/src/modules/user/presentation/mappers/user-preferences.mapper.ts","statementMap":{"0":{"start":{"line":7,"column":4},"end":{"line":15,"column":6}},"1":{"start":{"line":5,"column":0},"end":{"line":5,"column":13}}},"fnMap":{"0":{"name":"(anonymous_0)","decl":{"start":{"line":6,"column":2},"end":{"line":6,"column":8}},"loc":{"start":{"line":6,"column":46},"end":{"line":16,"column":3}}}},"branchMap":{},"s":{"0":0,"1":0},"f":{"0":0},"b":{}}
,"/home/blackohma/Epitech/msc2026/T9/remindy_esp/backend/src/modules/user/presentation/mappers/user.presenter.ts": {"path":"/home/blackohma/Epitech/msc2026/T9/remindy_esp/backend/src/modules/user/presentation/mappers/user.presenter.ts","statementMap":{"0":{"start":{"line":6,"column":4},"end":{"line":18,"column":6}},"1":{"start":{"line":4,"column":0},"end":{"line":4,"column":13}}},"fnMap":{"0":{"name":"(anonymous_0)","decl":{"start":{"line":5,"column":2},"end":{"line":5,"column":8}},"loc":{"start":{"line":5,"column":25},"end":{"line":19,"column":3}}}},"branchMap":{"0":{"loc":{"start":{"line":9,"column":17},"end":{"line":9,"column":44}},"type":"binary-expr","locations":[{"start":{"line":9,"column":17},"end":{"line":9,"column":31}},{"start":{"line":9,"column":35},"end":{"line":9,"column":44}}]},"1":{"loc":{"start":{"line":10,"column":16},"end":{"line":10,"column":42}},"type":"binary-expr","locations":[{"start":{"line":10,"column":16},"end":{"line":10,"column":29}},{"start":{"line":10,"column":33},"end":{"line":10,"column":42}}]},"2":{"loc":{"start":{"line":11,"column":13},"end":{"line":11,"column":36}},"type":"binary-expr","locations":[{"start":{"line":11,"column":13},"end":{"line":11,"column":23}},{"start":{"line":11,"column":27},"end":{"line":11,"column":36}}]}},"s":{"0":0,"1":0},"f":{"0":0},"b":{"0":[0,0],"1":[0,0],"2":[0,0]}}
,"/home/blackohma/Epitech/msc2026/T9/remindy_esp/backend/src/utils/date.utils.ts": {"path":"/home/blackohma/Epitech/msc2026/T9/remindy_esp/backend/src/utils/date.utils.ts","statementMap":{"0":{"start":{"line":6,"column":0},"end":{"line":6,"column":16}},"1":{"start":{"line":23,"column":0},"end":{"line":23,"column":16}},"2":{"start":{"line":34,"column":0},"end":{"line":34,"column":16}},"3":{"start":{"line":56,"column":0},"end":{"line":56,"column":16}},"4":{"start":{"line":75,"column":0},"end":{"line":75,"column":16}},"5":{"start":{"line":87,"column":0},"end":{"line":87,"column":16}},"6":{"start":{"line":100,"column":0},"end":{"line":100,"column":16}},"7":{"start":{"line":7,"column":2},"end":{"line":9,"column":3}},"8":{"start":{"line":8,"column":4},"end":{"line":8,"column":17}},"9":{"start":{"line":10,"column":16},"end":{"line":10,"column":26}},"10":{"start":{"line":11,"column":2},"end":{"line":11,"column":29}},"11":{"start":{"line":12,"column":19},"end":{"line":12,"column":41}},"12":{"start":{"line":13,"column":2},"end":{"line":13,"column":32}},"13":{"start":{"line":14,"column":2},"end":{"line":14,"column":27}},"14":{"start":{"line":24,"column":17},"end":{"line":24,"column":31}},"15":{"start":{"line":25,"column":2},"end":{"line":25,"column":48}},"16":{"start":{"line":26,"column":2},"end":{"line":26,"column":16}},"17":{"start":{"line":35,"column":17},"end":{"line":35,"column":31}},"18":{"start":{"line":36,"column":22},"end":{"line":36,"column":51}},"19":{"start":{"line":37,"column":22},"end":{"line":37,"column":41}},"20":{"start":{"line":39,"column":2},"end":{"line":39,"column":34}},"21":{"start":{"line":42,"column":2},"end":{"line":45,"column":3}},"22":{"start":{"line":44,"column":4},"end":{"line":44,"column":25}},"23":{"start":{"line":47,"column":2},"end":{"line":47,"column":16}},"24":{"start":{"line":57,"column":17},"end":{"line":57,"column":31}},"25":{"start":{"line":58,"column":22},"end":{"line":58,"column":41}},"26":{"start":{"line":60,"column":2},"end":{"line":60,"column":57}},"27":{"start":{"line":63,"column":2},"end":{"line":65,"column":3}},"28":{"start":{"line":64,"column":4},"end":{"line":64,"column":25}},"29":{"start":{"line":67,"column":2},"end":{"line":67,"column":16}},"30":{"start":{"line":76,"column":2},"end":{"line":78,"column":4}},"31":{"start":{"line":88,"column":2},"end":{"line":92,"column":4}},"32":{"start":{"line":101,"column":2},"end":{"line":101,"column":42}}},"fnMap":{"0":{"name":"isTrialActive","decl":{"start":{"line":6,"column":16},"end":{"line":6,"column":29}},"loc":{"start":{"line":6,"column":56},"end":{"line":15,"column":1}}},"1":{"name":"addDaysUTC","decl":{"start":{"line":23,"column":16},"end":{"line":23,"column":26}},"loc":{"start":{"line":23,"column":51},"end":{"line":27,"column":1}}},"2":{"name":"addMonthsUTC","decl":{"start":{"line":34,"column":16},"end":{"line":34,"column":28}},"loc":{"start":{"line":34,"column":55},"end":{"line":48,"column":1}}},"3":{"name":"addYearsUTC","decl":{"start":{"line":56,"column":16},"end":{"line":56,"column":27}},"loc":{"start":{"line":56,"column":53},"end":{"line":68,"column":1}}},"4":{"name":"toUTCMidnight","decl":{"start":{"line":75,"column":16},"end":{"line":75,"column":29}},"loc":{"start":{"line":75,"column":40},"end":{"line":79,"column":1}}},"5":{"name":"isSameUTCDay","decl":{"start":{"line":87,"column":16},"end":{"line":87,"column":28}},"loc":{"start":{"line":87,"column":53},"end":{"line":93,"column":1}}},"6":{"name":"toUTCDateString","decl":{"start":{"line":100,"column":16},"end":{"line":100,"column":31}},"loc":{"start":{"line":100,"column":42},"end":{"line":102,"column":1}}}},"branchMap":{"0":{"loc":{"start":{"line":7,"column":2},"end":{"line":9,"column":3}},"type":"if","locations":[{"start":{"line":7,"column":2},"end":{"line":9,"column":3}},{"start":{},"end":{}}]},"1":{"loc":{"start":{"line":42,"column":2},"end":{"line":45,"column":3}},"type":"if","locations":[{"start":{"line":42,"column":2},"end":{"line":45,"column":3}},{"start":{},"end":{}}]},"2":{"loc":{"start":{"line":63,"column":2},"end":{"line":65,"column":3}},"type":"if","locations":[{"start":{"line":63,"column":2},"end":{"line":65,"column":3}},{"start":{},"end":{}}]},"3":{"loc":{"start":{"line":89,"column":4},"end":{"line":91,"column":45}},"type":"binary-expr","locations":[{"start":{"line":89,"column":4},"end":{"line":89,"column":53}},{"start":{"line":90,"column":4},"end":{"line":90,"column":47}},{"start":{"line":91,"column":4},"end":{"line":91,"column":45}}]}},"s":{"0":0,"1":0,"2":0,"3":0,"4":0,"5":0,"6":0,"7":0,"8":0,"9":0,"10":0,"11":0,"12":0,"13":0,"14":0,"15":0,"16":0,"17":0,"18":0,"19":0,"20":0,"21":0,"22":0,"23":0,"24":0,"25":0,"26":0,"27":0,"28":0,"29":0,"30":0,"31":0,"32":0},"f":{"0":0,"1":0,"2":0,"3":0,"4":0,"5":0,"6":0},"b":{"0":[0,0],"1":[0,0],"2":[0,0],"3":[0,0,0]}}
,"/home/blackohma/Epitech/msc2026/T9/remindy_esp/backend/src/utils/regex.ts": {"path":"/home/blackohma/Epitech/msc2026/T9/remindy_esp/backend/src/utils/regex.ts","statementMap":{"0":{"start":{"line":1,"column":13},"end":{"line":1,"column":78}},"1":{"start":{"line":3,"column":13},"end":{"line":3,"column":47}},"2":{"start":{"line":4,"column":13},"end":{"line":4,"column":51}},"3":{"start":{"line":5,"column":13},"end":{"line":5,"column":35}}},"fnMap":{},"branchMap":{},"s":{"0":0,"1":0,"2":0,"3":0},"f":{},"b":{}}
}
