TN:
SF:src/app.controller.ts
FN:6,(anonymous_2)
FN:9,(anonymous_3)
FNF:2
FNH:0
FNDA:0,(anonymous_2)
FNDA:0,(anonymous_3)
DA:1,0
DA:2,0
DA:5,0
DA:6,0
DA:9,0
DA:10,0
LF:6
LH:0
BRDA:6,0,0,0
BRDA:6,0,1,0
BRDA:6,1,0,0
BRDA:6,1,1,0
BRF:4
BRH:0
end_of_record
TN:
SF:src/app.module.ts
FNF:0
FNH:0
DA:1,0
DA:2,0
DA:3,0
DA:4,0
DA:5,0
DA:6,0
DA:7,0
DA:8,0
DA:9,0
DA:10,0
DA:11,0
DA:12,0
DA:13,0
DA:14,0
DA:15,0
DA:16,0
DA:17,0
DA:18,0
DA:19,0
DA:20,0
DA:21,0
DA:54,0
LF:22
LH:0
BRF:0
BRH:0
end_of_record
TN:
SF:src/app.service.ts
FN:5,(anonymous_1)
FNF:1
FNH:0
FNDA:0,(anonymous_1)
DA:1,0
DA:4,0
DA:6,0
LF:3
LH:0
BRF:0
BRH:0
end_of_record
TN:
SF:src/main.ts
FN:8,bootstrap
FN:52,(anonymous_2)
FNF:2
FNH:0
FNDA:0,bootstrap
FNDA:0,(anonymous_2)
DA:1,0
DA:2,0
DA:3,0
DA:5,0
DA:6,0
DA:9,0
DA:12,0
DA:19,0
DA:21,0
DA:29,0
DA:42,0
DA:44,0
DA:46,0
DA:48,0
DA:49,0
DA:52,0
DA:53,0
DA:54,0
LF:18
LH:0
BRF:0
BRH:0
end_of_record
TN:
SF:src/infrastructure/infrastructure.module.ts
FNF:0
FNH:0
DA:1,0
DA:2,0
DA:3,0
DA:4,0
DA:5,0
DA:6,0
DA:7,0
DA:8,0
DA:9,0
DA:25,0
LF:10
LH:0
BRF:0
BRH:0
end_of_record
TN:
SF:src/infrastructure/config/database.config.ts
FN:7,(anonymous_0)
FNF:1
FNH:0
FNDA:0,(anonymous_0)
DA:2,0
DA:4,0
DA:8,0
DA:9,0
DA:10,0
DA:12,0
DA:15,0
DA:17,0
DA:22,0
LF:9
LH:0
BRDA:8,0,0,0
BRDA:8,0,1,0
BRDA:17,1,0,0
BRDA:17,1,1,0
BRDA:17,1,2,0
BRDA:17,1,3,0
BRF:6
BRH:0
end_of_record
TN:
SF:src/infrastructure/config/typeorm.config.ts
FNF:0
FNH:0
DA:1,0
DA:2,0
DA:4,0
DA:6,0
DA:7,0
DA:9,0
DA:14,0
DA:16,0
LF:8
LH:0
BRDA:4,0,0,0
BRDA:4,0,1,0
BRDA:6,1,0,0
BRDA:6,1,1,0
BRDA:6,2,0,0
BRDA:6,2,1,0
BRDA:9,3,0,0
BRDA:9,3,1,0
BRDA:9,3,2,0
BRDA:9,3,3,0
BRF:10
BRH:0
end_of_record
TN:
SF:src/infrastructure/database/entities/admin-audit-log.entity.ts
FN:62,(anonymous_2)
FN:66,(anonymous_3)
FNF:2
FNH:0
FNDA:0,(anonymous_2)
FNDA:0,(anonymous_3)
DA:1,0
DA:10,0
DA:11,0
DA:20,0
DA:22,0
DA:25,0
DA:28,0
DA:31,0
DA:34,0
DA:37,0
DA:40,0
DA:43,0
DA:46,0
DA:54,0
DA:57,0
DA:60,0
DA:62,0
DA:63,0
DA:66,0
DA:68,0
LF:20
LH:0
BRDA:54,0,0,0
BRDA:54,0,1,0
BRDA:54,1,0,0
BRDA:54,1,1,0
BRDA:63,2,0,0
BRDA:63,2,1,0
BRDA:63,3,0,0
BRDA:63,3,1,0
BRF:8
BRH:0
end_of_record
TN:
SF:src/infrastructure/database/entities/contract.entity.ts
FNF:0
FNH:0
DA:1,0
DA:10,0
DA:12,0
DA:15,0
DA:18,0
DA:21,0
DA:24,0
DA:27,0
DA:30,0
DA:33,0
LF:10
LH:0
BRDA:30,0,0,0
BRDA:30,0,1,0
BRDA:30,1,0,0
BRDA:30,1,1,0
BRDA:33,2,0,0
BRDA:33,2,1,0
BRDA:33,3,0,0
BRDA:33,3,1,0
BRF:8
BRH:0
end_of_record
TN:
SF:src/infrastructure/database/entities/index.ts
FN:2,(anonymous_0)
FN:5,(anonymous_1)
FN:7,(anonymous_2)
FN:9,(anonymous_3)
FN:17,(anonymous_4)
FN:18,(anonymous_5)
FN:21,(anonymous_6)
FNF:7
FNH:0
FNDA:0,(anonymous_0)
FNDA:0,(anonymous_1)
FNDA:0,(anonymous_2)
FNDA:0,(anonymous_3)
FNDA:0,(anonymous_4)
FNDA:0,(anonymous_5)
FNDA:0,(anonymous_6)
DA:2,0
DA:5,0
DA:7,0
DA:9,0
DA:17,0
DA:18,0
DA:21,0
LF:7
LH:0
BRF:0
BRH:0
end_of_record
TN:
SF:src/infrastructure/database/entities/rgpd-export.entity.ts
FN:23,(anonymous_2)
FNF:1
FNH:0
FNDA:0,(anonymous_2)
DA:1,0
DA:9,0
DA:16,0
DA:18,0
DA:21,0
DA:23,0
DA:25,0
DA:28,0
DA:31,0
DA:34,0
DA:37,0
DA:40,0
DA:43,0
DA:46,0
DA:49,0
DA:52,0
DA:55,0
DA:58,0
LF:18
LH:0
BRDA:25,0,0,0
BRDA:25,0,1,0
BRDA:25,1,0,0
BRDA:25,1,1,0
BRDA:43,2,0,0
BRDA:43,2,1,0
BRDA:43,3,0,0
BRDA:43,3,1,0
BRDA:55,4,0,0
BRDA:55,4,1,0
BRDA:55,5,0,0
BRDA:55,5,1,0
BRDA:58,6,0,0
BRDA:58,6,1,0
BRDA:58,7,0,0
BRDA:58,7,1,0
BRF:16
BRH:0
end_of_record
TN:
SF:src/infrastructure/database/entities/role-limit.entity.ts
FN:42,(anonymous_2)
FN:45,(anonymous_3)
FN:49,(anonymous_4)
FN:49,(anonymous_5)
FNF:4
FNH:0
FNDA:0,(anonymous_2)
FNDA:0,(anonymous_3)
FNDA:0,(anonymous_4)
FNDA:0,(anonymous_5)
DA:1,2
DA:11,2
DA:20,2
DA:22,2
DA:25,2
DA:28,2
DA:31,2
DA:34,2
DA:37,2
DA:40,2
DA:42,0
DA:43,2
DA:45,0
DA:46,2
DA:49,0
DA:53,2
LF:16
LH:13
BRDA:43,0,0,2
BRDA:43,0,1,0
BRDA:43,1,0,2
BRDA:43,1,1,2
BRDA:46,2,0,2
BRDA:46,2,1,0
BRDA:46,3,0,2
BRDA:46,3,1,2
BRDA:53,4,0,0
BRDA:53,4,1,2
BRDA:53,5,0,2
BRDA:53,5,1,0
BRF:12
BRH:8
end_of_record
TN:
SF:src/infrastructure/database/entities/role.entity.ts
FN:16,(anonymous_2)
FN:20,(anonymous_3)
FN:20,(anonymous_4)
FN:23,(anonymous_5)
FN:23,(anonymous_6)
FNF:5
FNH:0
FNDA:0,(anonymous_2)
FNDA:0,(anonymous_3)
FNDA:0,(anonymous_4)
FNDA:0,(anonymous_5)
FNDA:0,(anonymous_6)
DA:1,2
DA:2,2
DA:3,2
DA:6,2
DA:8,2
DA:11,2
DA:14,2
DA:16,0
DA:17,2
DA:20,0
DA:21,2
DA:23,0
DA:24,2
LF:13
LH:10
BRDA:17,0,0,2
BRDA:17,0,1,0
BRDA:17,1,0,2
BRDA:17,1,1,2
BRDA:24,2,0,2
BRDA:24,2,1,0
BRDA:24,3,0,2
BRDA:24,3,1,2
BRF:8
BRH:6
end_of_record
TN:
SF:src/infrastructure/database/entities/user-preference.entity.ts
FN:14,(anonymous_2)
FN:51,(anonymous_3)
FN:54,(anonymous_4)
FN:61,(anonymous_5)
FN:61,(anonymous_6)
FNF:5
FNH:1
FNDA:2,(anonymous_2)
FNDA:0,(anonymous_3)
FNDA:0,(anonymous_4)
FNDA:0,(anonymous_5)
FNDA:0,(anonymous_6)
DA:1,2
DA:12,2
DA:14,2
DA:15,2
DA:16,2
DA:17,2
DA:22,2
DA:24,2
DA:31,2
DA:34,2
DA:37,2
DA:40,2
DA:43,2
DA:46,2
DA:49,2
DA:51,0
DA:52,2
DA:54,0
DA:55,2
DA:58,2
DA:61,0
DA:65,2
LF:22
LH:19
BRDA:14,0,0,2
BRDA:14,0,1,2
BRDA:52,1,0,2
BRDA:52,1,1,0
BRDA:52,2,0,2
BRDA:52,2,1,2
BRDA:55,3,0,2
BRDA:55,3,1,0
BRDA:55,4,0,2
BRDA:55,4,1,2
BRDA:58,5,0,2
BRDA:58,5,1,0
BRDA:58,6,0,2
BRDA:58,6,1,2
BRDA:65,7,0,0
BRDA:65,7,1,2
BRDA:65,8,0,2
BRDA:65,8,1,0
BRF:18
BRH:13
end_of_record
TN:
SF:src/infrastructure/database/entities/user-session.entity.ts
FN:44,(anonymous_2)
FN:53,(anonymous_3)
FN:60,(anonymous_4)
FN:60,(anonymous_5)
FNF:4
FNH:0
FNDA:0,(anonymous_2)
FNDA:0,(anonymous_3)
FNDA:0,(anonymous_4)
FNDA:0,(anonymous_5)
DA:1,2
DA:11,2
DA:25,2
DA:27,2
DA:30,2
DA:33,2
DA:36,2
DA:39,2
DA:42,2
DA:44,0
DA:45,2
DA:48,2
DA:51,2
DA:53,0
DA:54,2
DA:57,2
DA:60,0
DA:64,2
LF:18
LH:15
BRDA:45,0,0,2
BRDA:45,0,1,0
BRDA:45,1,0,2
BRDA:45,1,1,2
BRDA:48,2,0,2
BRDA:48,2,1,0
BRDA:48,3,0,2
BRDA:48,3,1,2
BRDA:54,4,0,2
BRDA:54,4,1,0
BRDA:54,5,0,2
BRDA:54,5,1,2
BRDA:57,6,0,2
BRDA:57,6,1,0
BRDA:57,7,0,2
BRDA:57,7,1,2
BRDA:64,8,0,0
BRDA:64,8,1,2
BRDA:64,9,0,2
BRDA:64,9,1,0
BRF:20
BRH:14
end_of_record
TN:
SF:src/infrastructure/database/entities/user.entity.ts
FN:19,(anonymous_2)
FN:89,(anonymous_3)
FN:92,(anonymous_4)
FN:99,(anonymous_5)
FN:99,(anonymous_6)
FN:103,(anonymous_7)
FN:103,(anonymous_8)
FN:106,(anonymous_9)
FN:106,(anonymous_10)
FNF:9
FNH:1
FNDA:2,(anonymous_2)
FNDA:0,(anonymous_3)
FNDA:0,(anonymous_4)
FNDA:0,(anonymous_5)
FNDA:0,(anonymous_6)
FNDA:0,(anonymous_7)
FNDA:0,(anonymous_8)
FNDA:0,(anonymous_9)
FNDA:0,(anonymous_10)
DA:1,2
DA:14,2
DA:15,2
DA:16,2
DA:17,2
DA:19,2
DA:20,2
DA:21,2
DA:22,2
DA:23,2
DA:33,2
DA:35,2
DA:38,2
DA:41,2
DA:44,2
DA:47,2
DA:50,2
DA:53,2
DA:56,2
DA:63,2
DA:66,2
DA:69,2
DA:72,2
DA:75,2
DA:78,2
DA:81,2
DA:84,2
DA:87,2
DA:89,0
DA:90,2
DA:92,0
DA:93,2
DA:96,2
DA:99,0
DA:101,2
DA:103,0
DA:104,2
DA:106,0
DA:107,2
LF:39
LH:34
BRDA:19,0,0,2
BRDA:19,0,1,2
BRDA:56,1,0,0
BRDA:56,1,1,2
BRDA:56,2,0,2
BRDA:56,2,1,2
BRDA:81,3,0,2
BRDA:81,3,1,0
BRDA:81,4,0,2
BRDA:81,4,1,2
BRDA:87,5,0,2
BRDA:87,5,1,0
BRDA:87,6,0,2
BRDA:87,6,1,2
BRDA:90,7,0,2
BRDA:90,7,1,0
BRDA:90,8,0,2
BRDA:90,8,1,2
BRDA:93,9,0,2
BRDA:93,9,1,0
BRDA:93,10,0,2
BRDA:93,10,1,2
BRDA:96,11,0,2
BRDA:96,11,1,0
BRDA:96,12,0,2
BRDA:96,12,1,2
BRDA:101,13,0,2
BRDA:101,13,1,0
BRDA:101,14,0,2
BRDA:101,14,1,2
BRDA:107,15,0,2
BRDA:107,15,1,0
BRDA:107,16,0,2
BRDA:107,16,1,2
BRF:34
BRH:26
end_of_record
TN:
SF:src/infrastructure/database/migrations/1731700000000-InitialSchema.ts
FN:6,(anonymous_0)
FN:585,(anonymous_1)
FNF:2
FNH:0
FNDA:0,(anonymous_0)
FNDA:0,(anonymous_1)
DA:3,0
DA:4,0
DA:10,0
DA:21,0
DA:37,0
DA:65,0
DA:82,0
DA:100,0
DA:115,0
DA:131,0
DA:163,0
DA:181,0
DA:205,0
DA:225,0
DA:256,0
DA:280,0
DA:288,0
DA:296,0
DA:304,0
DA:312,0
DA:320,0
DA:327,0
DA:335,0
DA:343,0
DA:350,0
DA:358,0
DA:365,0
DA:373,0
DA:380,0
DA:387,0
DA:395,0
DA:402,0
DA:409,0
DA:419,0
DA:420,0
DA:421,0
DA:422,0
DA:423,0
DA:424,0
DA:429,0
DA:432,0
DA:435,0
DA:438,0
DA:441,0
DA:446,0
DA:449,0
DA:452,0
DA:455,0
DA:456,0
DA:459,0
DA:462,0
DA:465,0
DA:468,0
DA:471,0
DA:478,0
DA:481,0
DA:482,0
DA:489,0
DA:492,0
DA:497,0
DA:498,0
DA:499,0
DA:502,0
DA:509,0
DA:510,0
DA:515,0
DA:516,0
DA:517,0
DA:524,0
DA:527,0
DA:532,0
DA:537,0
DA:538,0
DA:539,0
DA:542,0
DA:545,0
DA:550,0
DA:555,0
DA:560,0
DA:563,0
DA:570,0
DA:571,0
DA:574,0
DA:577,0
DA:578,0
DA:587,0
DA:588,0
DA:589,0
DA:590,0
DA:591,0
DA:592,0
DA:593,0
DA:594,0
DA:595,0
DA:596,0
DA:597,0
DA:598,0
DA:599,0
LF:98
LH:0
BRF:0
BRH:0
end_of_record
TN:
SF:src/infrastructure/database/migrations/1734000000000-AddCategories.ts
FN:6,(anonymous_0)
FN:78,(anonymous_1)
FNF:2
FNH:0
FNDA:0,(anonymous_0)
FNDA:0,(anonymous_1)
DA:3,0
DA:4,0
DA:8,0
DA:24,0
DA:29,0
DA:34,0
DA:44,0
DA:50,0
DA:55,0
DA:65,0
DA:80,0
DA:86,0
DA:91,0
DA:97,0
DA:103,0
DA:107,0
DA:112,0
LF:17
LH:0
BRF:0
BRH:0
end_of_record
TN:
SF:src/infrastructure/database/migrations/1735700000000-CreateAdminAuditLog.ts
FN:6,(anonymous_0)
FN:73,(anonymous_1)
FNF:2
FNH:0
FNDA:0,(anonymous_0)
FNDA:0,(anonymous_1)
DA:3,0
DA:4,0
DA:8,0
DA:29,0
DA:37,0
DA:40,0
DA:43,0
DA:46,0
DA:49,0
DA:52,0
DA:57,0
DA:60,0
DA:65,0
DA:68,0
DA:75,0
DA:76,0
DA:77,0
DA:78,0
DA:79,0
DA:80,0
DA:81,0
DA:82,0
DA:83,0
DA:84,0
DA:87,0
LF:25
LH:0
BRF:0
BRH:0
end_of_record
TN:
SF:src/infrastructure/database/migrations/1767527759769-AddOneTimeFrequency.ts
FN:6,(anonymous_0)
FN:19,(anonymous_1)
FNF:2
FNH:0
FNDA:0,(anonymous_0)
FNDA:0,(anonymous_1)
DA:3,0
DA:4,0
DA:8,0
DA:13,0
DA:21,0
DA:26,0
LF:6
LH:0
BRF:0
BRH:0
end_of_record
TN:
SF:src/infrastructure/database/seeds/seed-categories.ts
FN:12,seedCategories
FN:77,(anonymous_10)
FNF:2
FNH:0
FNDA:0,seedCategories
FNDA:0,(anonymous_10)
DA:1,0
DA:2,0
DA:4,0
DA:6,0
DA:13,0
DA:14,0
DA:15,0
DA:18,0
DA:36,0
DA:37,0
DA:39,0
DA:41,0
DA:46,0
DA:48,0
DA:52,0
DA:53,0
DA:55,0
DA:56,0
DA:60,0
DA:61,0
DA:62,0
DA:65,0
DA:68,0
DA:70,0
DA:72,0
DA:73,0
DA:77,0
DA:78,0
DA:79,0
LF:29
LH:0
BRDA:46,0,0,0
BRDA:46,0,1,0
BRF:2
BRH:0
end_of_record
TN:
SF:src/infrastructure/database/seeds/seed-roles.ts
FN:12,seedRoles
FN:40,(anonymous_10)
FNF:2
FNH:0
FNDA:0,seedRoles
FNDA:0,(anonymous_10)
DA:1,0
DA:2,0
DA:4,0
DA:6,0
DA:13,0
DA:14,0
DA:15,0
DA:18,0
DA:27,0
DA:30,0
DA:31,0
DA:33,0
DA:35,0
DA:36,0
DA:40,0
DA:41,0
DA:42,0
LF:17
LH:0
BRF:0
BRH:0
end_of_record
TN:
SF:src/modules/audit/audit.module.ts
FN:32,(anonymous_1)
FNF:1
FNH:0
FNDA:0,(anonymous_1)
DA:1,0
DA:2,0
DA:3,0
DA:4,0
DA:5,0
DA:8,0
DA:11,0
DA:12,0
DA:13,0
DA:14,0
DA:15,0
DA:16,0
DA:19,0
DA:20,0
DA:21,0
DA:24,0
DA:25,0
DA:27,0
DA:32,0
DA:64,0
LF:20
LH:0
BRF:0
BRH:0
end_of_record
TN:
SF:src/modules/audit/application/dto/audit-log-filter.dto.ts
FNF:0
FNH:0
DA:3,0
DA:19,0
LF:2
LH:0
BRF:0
BRH:0
end_of_record
TN:
SF:src/modules/audit/application/dto/audit-log-response.dto.ts
FNF:0
FNH:0
DA:3,0
DA:19,0
LF:2
LH:0
BRF:0
BRH:0
end_of_record
TN:
SF:src/modules/audit/application/dto/audit-stats.dto.ts
FNF:0
FNH:0
DA:3,0
DA:8,0
DA:13,0
DA:18,0
DA:23,0
DA:28,0
LF:6
LH:0
BRF:0
BRH:0
end_of_record
TN:
SF:src/modules/audit/application/dto/create-audit-log.dto.ts
FNF:0
FNH:0
DA:3,0
LF:1
LH:0
BRF:0
BRH:0
end_of_record
TN:
SF:src/modules/audit/application/dto/index.ts
FNF:0
FNH:0
DA:1,0
DA:2,0
DA:3,0
DA:4,0
LF:4
LH:0
BRF:0
BRH:0
end_of_record
TN:
SF:src/modules/audit/application/mappers/audit-log-response.mapper.ts
FN:5,(anonymous_0)
FN:23,(anonymous_1)
FN:24,(anonymous_2)
FNF:3
FNH:0
FNDA:0,(anonymous_0)
FNDA:0,(anonymous_1)
FNDA:0,(anonymous_2)
DA:4,0
DA:6,0
DA:24,0
LF:3
LH:0
BRF:0
BRH:0
end_of_record
TN:
SF:src/modules/audit/application/ports/audit-export.service.ts
FNF:0
FNH:0
DA:3,0
LF:1
LH:0
BRF:0
BRH:0
end_of_record
TN:
SF:src/modules/audit/application/use-cases/create-audit-log.use-case.ts
FN:10,(anonymous_2)
FN:12,(anonymous_3)
FNF:2
FNH:0
FNDA:0,(anonymous_2)
FNDA:0,(anonymous_3)
DA:1,0
DA:2,0
DA:3,0
DA:6,0
DA:9,0
DA:10,0
DA:13,0
DA:27,0
DA:29,0
LF:9
LH:0
BRDA:10,0,0,0
BRDA:10,0,1,0
BRDA:10,1,0,0
BRDA:10,1,1,0
BRF:4
BRH:0
end_of_record
TN:
SF:src/modules/audit/application/use-cases/export-audit-logs.use-case.ts
FN:8,(anonymous_2)
FN:13,(anonymous_3)
FNF:2
FNH:0
FNDA:0,(anonymous_2)
FNDA:0,(anonymous_3)
DA:1,0
DA:2,0
DA:4,0
DA:7,0
DA:9,0
DA:10,0
DA:14,0
DA:25,0
DA:26,0
DA:32,0
LF:10
LH:0
BRDA:25,0,0,0
BRDA:25,0,1,0
BRDA:9,1,0,0
BRDA:9,1,1,0
BRDA:9,2,0,0
BRDA:9,2,1,0
BRDA:9,3,0,0
BRDA:9,3,1,0
BRDA:9,4,0,0
BRDA:9,4,1,0
BRF:10
BRH:0
end_of_record
TN:
SF:src/modules/audit/application/use-cases/find-all-audit-logs.use-case.ts
FN:9,(anonymous_2)
FN:11,(anonymous_3)
FNF:2
FNH:0
FNDA:0,(anonymous_2)
FNDA:0,(anonymous_3)
DA:1,0
DA:2,0
DA:5,0
DA:8,0
DA:9,0
DA:12,0
DA:28,0
LF:7
LH:0
BRDA:22,0,0,0
BRDA:22,0,1,0
BRDA:23,1,0,0
BRDA:23,1,1,0
BRDA:24,2,0,0
BRDA:24,2,1,0
BRDA:25,3,0,0
BRDA:25,3,1,0
BRDA:9,4,0,0
BRDA:9,4,1,0
BRDA:9,5,0,0
BRDA:9,5,1,0
BRF:12
BRH:0
end_of_record
TN:
SF:src/modules/audit/application/use-cases/find-audit-log-by-id.use-case.ts
FN:8,(anonymous_2)
FN:10,(anonymous_3)
FNF:2
FNH:0
FNDA:0,(anonymous_2)
FNDA:0,(anonymous_3)
DA:1,0
DA:2,0
DA:4,0
DA:7,0
DA:8,0
DA:11,0
DA:13,0
DA:14,0
DA:17,0
LF:9
LH:0
BRDA:13,0,0,0
BRDA:13,0,1,0
BRDA:8,1,0,0
BRDA:8,1,1,0
BRDA:8,2,0,0
BRDA:8,2,1,0
BRF:6
BRH:0
end_of_record
TN:
SF:src/modules/audit/application/use-cases/get-audit-stats.use-case.ts
FN:7,(anonymous_2)
FN:9,(anonymous_3)
FNF:2
FNH:0
FNDA:0,(anonymous_2)
FNDA:0,(anonymous_3)
DA:1,0
DA:2,0
DA:6,0
DA:7,0
DA:10,0
DA:15,0
LF:6
LH:0
BRDA:7,0,0,0
BRDA:7,0,1,0
BRDA:7,1,0,0
BRDA:7,1,1,0
BRF:4
BRH:0
end_of_record
TN:
SF:src/modules/audit/application/use-cases/index.ts
FNF:0
FNH:0
DA:1,0
DA:2,0
DA:3,0
DA:4,0
DA:5,0
LF:5
LH:0
BRF:0
BRH:0
end_of_record
TN:
SF:src/modules/audit/domain/entities/audit-log.entity.ts
FN:20,(anonymous_0)
FN:23,(anonymous_1)
FN:53,(anonymous_2)
FN:58,(anonymous_3)
FN:65,(anonymous_4)
FN:69,(anonymous_5)
FN:73,(anonymous_6)
FN:77,(anonymous_7)
FN:81,(anonymous_8)
FN:85,(anonymous_9)
FN:89,(anonymous_10)
FN:93,(anonymous_11)
FN:97,(anonymous_12)
FN:101,(anonymous_13)
FN:105,(anonymous_14)
FN:109,(anonymous_15)
FN:113,(anonymous_16)
FN:118,(anonymous_17)
FNF:18
FNH:0
FNDA:0,(anonymous_0)
FNDA:0,(anonymous_1)
FNDA:0,(anonymous_2)
FNDA:0,(anonymous_3)
FNDA:0,(anonymous_4)
FNDA:0,(anonymous_5)
FNDA:0,(anonymous_6)
FNDA:0,(anonymous_7)
FNDA:0,(anonymous_8)
FNDA:0,(anonymous_9)
FNDA:0,(anonymous_10)
FNDA:0,(anonymous_11)
FNDA:0,(anonymous_12)
FNDA:0,(anonymous_13)
FNDA:0,(anonymous_14)
FNDA:0,(anonymous_15)
FNDA:0,(anonymous_16)
FNDA:0,(anonymous_17)
DA:1,0
DA:19,0
DA:20,0
DA:36,0
DA:54,0
DA:59,0
DA:60,0
DA:62,0
DA:66,0
DA:70,0
DA:74,0
DA:78,0
DA:82,0
DA:86,0
DA:90,0
DA:94,0
DA:98,0
DA:102,0
DA:106,0
DA:110,0
DA:114,0
DA:119,0
LF:22
LH:0
BRDA:40,0,0,0
BRDA:40,0,1,0
BRDA:41,1,0,0
BRDA:41,1,1,0
BRDA:42,2,0,0
BRDA:42,2,1,0
BRDA:43,3,0,0
BRDA:43,3,1,0
BRDA:44,4,0,0
BRDA:44,4,1,0
BRDA:45,5,0,0
BRDA:45,5,1,0
BRDA:46,6,0,0
BRDA:46,6,1,0
BRDA:47,7,0,0
BRDA:47,7,1,0
BRDA:59,8,0,0
BRDA:59,8,1,0
BRF:18
BRH:0
end_of_record
TN:
SF:src/modules/audit/domain/enums/severity.enum.ts
FN:1,(anonymous_0)
FNF:1
FNH:0
FNDA:0,(anonymous_0)
DA:1,0
DA:2,0
DA:3,0
DA:4,0
LF:4
LH:0
BRDA:1,0,0,0
BRDA:1,0,1,0
BRF:2
BRH:0
end_of_record
TN:
SF:src/modules/audit/domain/repositories/audit-log.repository.ts
FNF:0
FNH:0
DA:42,0
LF:1
LH:0
BRF:0
BRH:0
end_of_record
TN:
SF:src/modules/audit/infrastructure/mappers/audit-log.mapper.ts
FN:7,(anonymous_1)
FN:25,(anonymous_2)
FNF:2
FNH:0
FNDA:0,(anonymous_1)
FNDA:0,(anonymous_2)
DA:1,0
DA:2,0
DA:3,0
DA:6,0
DA:8,0
DA:26,0
DA:27,0
DA:29,0
DA:30,0
DA:32,0
DA:33,0
DA:34,0
DA:35,0
DA:36,0
DA:37,0
DA:38,0
DA:39,0
DA:40,0
DA:41,0
DA:42,0
DA:43,0
DA:45,0
LF:22
LH:0
BRDA:29,0,0,0
BRDA:29,0,1,0
BRF:2
BRH:0
end_of_record
TN:
SF:src/modules/audit/infrastructure/repositories/audit-log-typeorm.repository.ts
FN:18,(anonymous_4)
FN:26,(anonymous_5)
FN:32,(anonymous_6)
FN:40,(anonymous_7)
FN:59,(anonymous_8)
FN:70,(anonymous_9)
FN:78,(anonymous_10)
FN:81,(anonymous_11)
FN:102,(anonymous_12)
FN:119,(anonymous_13)
FN:144,(anonymous_14)
FN:161,(anonymous_15)
FN:176,(anonymous_16)
FN:187,(anonymous_17)
FNF:14
FNH:0
FNDA:0,(anonymous_4)
FNDA:0,(anonymous_5)
FNDA:0,(anonymous_6)
FNDA:0,(anonymous_7)
FNDA:0,(anonymous_8)
FNDA:0,(anonymous_9)
FNDA:0,(anonymous_10)
FNDA:0,(anonymous_11)
FNDA:0,(anonymous_12)
FNDA:0,(anonymous_13)
FNDA:0,(anonymous_14)
FNDA:0,(anonymous_15)
FNDA:0,(anonymous_16)
FNDA:0,(anonymous_17)
DA:1,0
DA:2,0
DA:3,0
DA:4,0
DA:6,0
DA:13,0
DA:17,0
DA:20,0
DA:21,0
DA:23,0
DA:27,0
DA:28,0
DA:29,0
DA:33,0
DA:34,0
DA:35,0
DA:37,0
DA:41,0
DA:42,0
DA:43,0
DA:45,0
DA:48,0
DA:49,0
DA:50,0
DA:53,0
DA:56,0
DA:58,0
DA:59,0
DA:61,0
DA:71,0
DA:72,0
DA:75,0
DA:77,0
DA:78,0
DA:82,0
DA:85,0
DA:92,0
DA:102,0
DA:108,0
DA:119,0
DA:125,0
DA:132,0
DA:135,0
DA:144,0
DA:150,0
DA:161,0
DA:166,0
DA:177,0
DA:184,0
DA:188,0
DA:190,0
DA:191,0
DA:196,0
DA:197,0
DA:200,0
DA:201,0
DA:206,0
DA:207,0
DA:212,0
DA:213,0
DA:216,0
DA:217,0
DA:220,0
DA:221,0
DA:224,0
DA:225,0
DA:229,0
DA:230,0
DA:236,0
LF:69
LH:0
BRDA:34,0,0,0
BRDA:34,0,1,0
BRDA:41,1,0,0
BRDA:41,1,1,0
BRDA:42,2,0,0
BRDA:42,2,1,0
BRDA:48,3,0,0
BRDA:48,3,1,0
BRDA:49,4,0,0
BRDA:49,4,1,0
BRDA:132,5,0,0
BRDA:132,5,1,0
BRDA:184,6,0,0
BRDA:184,6,1,0
BRDA:190,7,0,0
BRDA:190,7,1,0
BRDA:196,8,0,0
BRDA:196,8,1,0
BRDA:200,9,0,0
BRDA:200,9,1,0
BRDA:206,10,0,0
BRDA:206,10,1,0
BRDA:212,11,0,0
BRDA:212,11,1,0
BRDA:216,12,0,0
BRDA:216,12,1,0
BRDA:220,13,0,0
BRDA:220,13,1,0
BRDA:224,14,0,0
BRDA:224,14,1,0
BRDA:229,15,0,0
BRDA:229,15,1,0
BRDA:20,16,0,0
BRDA:20,16,1,0
BRDA:20,17,0,0
BRDA:20,17,1,0
BRDA:20,18,0,0
BRDA:20,18,1,0
BRDA:20,19,0,0
BRDA:20,19,1,0
BRF:40
BRH:0
end_of_record
TN:
SF:src/modules/audit/infrastructure/services/audit-export.service.ts
FN:7,(anonymous_1)
FN:24,(anonymous_2)
FN:43,(anonymous_3)
FN:57,(anonymous_4)
FN:58,(anonymous_5)
FNF:5
FNH:0
FNDA:0,(anonymous_1)
FNDA:0,(anonymous_2)
FNDA:0,(anonymous_3)
FNDA:0,(anonymous_4)
FNDA:0,(anonymous_5)
DA:1,0
DA:2,0
DA:6,0
DA:8,0
DA:24,0
DA:40,0
DA:42,0
DA:43,0
DA:44,0
DA:46,0
DA:47,0
DA:49,0
DA:51,0
DA:54,0
DA:58,0
DA:74,0
LF:16
LH:0
BRDA:26,0,0,0
BRDA:26,0,1,0
BRDA:29,1,0,0
BRDA:29,1,1,0
BRDA:30,2,0,0
BRDA:30,2,1,0
BRDA:31,3,0,0
BRDA:31,3,1,0
BRDA:32,4,0,0
BRDA:32,4,1,0
BRDA:33,5,0,0
BRDA:33,5,1,0
BRDA:36,6,0,0
BRDA:36,6,1,0
BRDA:46,7,0,0
BRDA:46,7,1,0
BRDA:46,8,0,0
BRDA:46,8,1,0
BRDA:46,8,2,0
BRF:19
BRH:0
end_of_record
TN:
SF:src/modules/audit/presentation/controllers/audit.controller.ts
FN:59,(anonymous_4)
FN:86,(anonymous_5)
FN:125,(anonymous_6)
FN:159,(anonymous_7)
FN:186,(anonymous_8)
FN:232,(anonymous_9)
FN:236,(anonymous_10)
FNF:7
FNH:0
FNDA:0,(anonymous_4)
FNDA:0,(anonymous_5)
FNDA:0,(anonymous_6)
FNDA:0,(anonymous_7)
FNDA:0,(anonymous_8)
FNDA:0,(anonymous_9)
FNDA:0,(anonymous_10)
DA:1,0
DA:14,0
DA:23,0
DA:24,0
DA:25,0
DA:26,0
DA:27,0
DA:30,0
DA:31,0
DA:32,0
DA:33,0
DA:34,0
DA:37,0
DA:38,0
DA:43,0
DA:44,0
DA:58,0
DA:60,0
DA:61,0
DA:62,0
DA:63,0
DA:64,0
DA:86,0
DA:90,0
DA:91,0
DA:92,0
DA:94,0
DA:125,0
DA:126,0
DA:159,0
DA:161,0
DA:162,0
DA:164,0
DA:186,0
DA:187,0
DA:199,0
DA:200,0
DA:202,0
DA:203,0
DA:204,0
DA:232,0
DA:233,0
DA:237,0
DA:238,0
DA:239,0
DA:240,0
DA:243,0
DA:244,0
DA:245,0
DA:248,0
LF:50
LH:0
BRDA:90,0,0,0
BRDA:90,0,1,0
BRDA:92,1,0,0
BRDA:92,1,1,0
BRDA:133,2,0,0
BRDA:133,2,1,0
BRDA:134,3,0,0
BRDA:134,3,1,0
BRDA:165,4,0,0
BRDA:165,4,1,0
BRDA:166,5,0,0
BRDA:166,5,1,0
BRDA:188,6,0,0
BRDA:188,6,1,0
BRDA:194,7,0,0
BRDA:194,7,1,0
BRDA:195,8,0,0
BRDA:195,8,1,0
BRDA:200,9,0,0
BRDA:200,9,1,0
BRDA:238,10,0,0
BRDA:238,10,1,0
BRDA:239,11,0,0
BRDA:239,11,1,0
BRDA:244,12,0,0
BRDA:244,12,1,0
BRDA:245,13,0,0
BRDA:245,13,1,0
BRDA:248,14,0,0
BRDA:248,14,1,0
BRDA:248,14,2,0
BRDA:88,15,0,0
BRDA:88,15,1,0
BRDA:88,16,0,0
BRDA:88,16,1,0
BRDA:89,17,0,0
BRDA:89,17,1,0
BRDA:89,18,0,0
BRDA:89,18,1,0
BRDA:125,19,0,0
BRDA:125,19,1,0
BRDA:125,20,0,0
BRDA:125,20,1,0
BRDA:125,21,0,0
BRDA:125,21,1,0
BRDA:125,22,0,0
BRDA:125,22,1,0
BRDA:159,23,0,0
BRDA:159,23,1,0
BRDA:159,24,0,0
BRDA:159,24,1,0
BRDA:159,25,0,0
BRDA:159,25,1,0
BRDA:159,26,0,0
BRDA:159,26,1,0
BRDA:186,27,0,0
BRDA:186,27,1,0
BRDA:186,28,0,0
BRDA:186,28,1,0
BRDA:186,29,0,0
BRDA:186,29,1,0
BRDA:186,30,0,0
BRDA:186,30,1,0
BRDA:232,31,0,0
BRDA:232,31,1,0
BRDA:232,32,0,0
BRDA:232,32,1,0
BRDA:60,33,0,0
BRDA:60,33,1,0
BRDA:60,34,0,0
BRDA:60,34,1,0
BRDA:60,35,0,0
BRDA:60,35,1,0
BRDA:60,36,0,0
BRDA:60,36,1,0
BRDA:61,37,0,0
BRDA:61,37,1,0
BRDA:61,38,0,0
BRDA:61,38,1,0
BRDA:62,39,0,0
BRDA:62,39,1,0
BRDA:62,40,0,0
BRDA:62,40,1,0
BRDA:63,41,0,0
BRDA:63,41,1,0
BRDA:63,42,0,0
BRDA:63,42,1,0
BRF:87
BRH:0
end_of_record
TN:
SF:src/modules/audit/presentation/decorators/audit.decorator.ts
FN:32,(anonymous_0)
FNF:1
FNH:0
FNDA:0,(anonymous_0)
DA:1,0
DA:4,0
DA:32,0
LF:3
LH:0
BRF:0
BRH:0
end_of_record
TN:
SF:src/modules/audit/presentation/dto/audit-log-filter.request.dto.ts
FN:62,(anonymous_2)
FN:96,(anonymous_3)
FN:108,(anonymous_4)
FN:176,(anonymous_5)
FNF:4
FNH:0
FNDA:0,(anonymous_2)
FNDA:0,(anonymous_3)
FNDA:0,(anonymous_4)
FNDA:0,(anonymous_5)
DA:1,0
DA:2,0
DA:13,0
DA:14,0
DA:16,0
DA:23,0
DA:31,0
DA:39,0
DA:47,0
DA:55,0
DA:62,0
DA:64,0
DA:72,0
DA:80,0
DA:88,0
DA:96,0
DA:99,0
DA:108,0
DA:112,0
DA:121,0
DA:130,0
DA:133,0
DA:141,0
DA:148,0
DA:155,0
DA:162,0
DA:170,0
DA:176,0
DA:178,0
DA:185,0
DA:192,0
DA:199,0
DA:202,0
DA:209,0
DA:217,0
LF:35
LH:0
BRDA:55,0,0,0
BRDA:55,0,1,0
BRDA:55,1,0,0
BRDA:55,1,1,0
BRDA:62,2,0,0
BRDA:62,2,1,0
BRDA:170,3,0,0
BRDA:170,3,1,0
BRDA:170,4,0,0
BRDA:170,4,1,0
BRDA:176,5,0,0
BRDA:176,5,1,0
BRF:12
BRH:0
end_of_record
TN:
SF:src/modules/audit/presentation/dto/audit-log.response.dto.ts
FNF:0
FNH:0
DA:1,0
DA:2,0
DA:4,0
DA:9,0
DA:16,0
DA:22,0
DA:28,0
DA:35,0
DA:42,0
DA:49,0
DA:56,0
DA:63,0
DA:70,0
DA:76,0
DA:82,0
DA:88,0
DA:91,0
DA:96,0
DA:102,0
DA:108,0
DA:114,0
DA:120,0
LF:22
LH:0
BRDA:70,0,0,0
BRDA:70,0,1,0
BRDA:70,1,0,0
BRDA:70,1,1,0
BRDA:88,2,0,0
BRDA:88,2,1,0
BRDA:88,3,0,0
BRDA:88,3,1,0
BRF:8
BRH:0
end_of_record
TN:
SF:src/modules/audit/presentation/dto/audit-stats.response.dto.ts
FNF:0
FNH:0
DA:1,0
DA:2,0
DA:4,0
DA:9,0
DA:15,0
DA:18,0
DA:23,0
DA:29,0
DA:32,0
DA:38,0
DA:44,0
DA:47,0
DA:52,0
DA:58,0
DA:61,0
DA:66,0
DA:72,0
DA:78,0
DA:84,0
DA:90,0
DA:96,0
LF:21
LH:0
BRDA:38,0,0,0
BRDA:38,0,1,0
BRDA:38,1,0,0
BRDA:38,1,1,0
BRF:4
BRH:0
end_of_record
TN:
SF:src/modules/audit/presentation/dto/create-audit-log.request.dto.ts
FNF:0
FNH:0
DA:1,0
DA:2,0
DA:3,0
DA:5,0
DA:13,0
DA:22,0
DA:31,0
DA:39,0
DA:47,0
DA:56,0
DA:64,0
DA:71,0
LF:12
LH:0
BRDA:39,0,0,0
BRDA:39,0,1,0
BRDA:39,1,0,0
BRDA:39,1,1,0
BRDA:47,2,0,0
BRDA:47,2,1,0
BRDA:47,3,0,0
BRDA:47,3,1,0
BRDA:56,4,0,0
BRDA:56,4,1,0
BRDA:56,5,0,0
BRDA:56,5,1,0
BRF:12
BRH:0
end_of_record
TN:
SF:src/modules/audit/presentation/dto/index.ts
FNF:0
FNH:0
DA:1,0
DA:2,0
DA:3,0
DA:4,0
LF:4
LH:0
BRF:0
BRH:0
end_of_record
TN:
SF:src/modules/audit/presentation/guards/mfa-required.guard.ts
FN:19,(anonymous_4)
FN:24,(anonymous_5)
FNF:2
FNH:0
FNDA:0,(anonymous_4)
FNDA:0,(anonymous_5)
DA:1,0
DA:2,0
DA:3,0
DA:4,0
DA:18,0
DA:21,0
DA:25,0
DA:26,0
DA:28,0
DA:29,0
DA:32,0
DA:37,0
DA:38,0
DA:41,0
DA:42,0
DA:47,0
LF:16
LH:0
BRDA:28,0,0,0
BRDA:28,0,1,0
BRDA:37,1,0,0
BRDA:37,1,1,0
BRDA:41,2,0,0
BRDA:41,2,1,0
BRDA:21,3,0,0
BRDA:21,3,1,0
BRDA:21,4,0,0
BRDA:21,4,1,0
BRF:10
BRH:0
end_of_record
TN:
SF:src/modules/audit/presentation/interceptors/audit.interceptor.ts
FN:18,(anonymous_2)
FN:23,(anonymous_3)
FN:45,(anonymous_4)
FN:63,(anonymous_5)
FN:79,(anonymous_6)
FN:84,(anonymous_7)
FN:98,(anonymous_8)
FN:116,(anonymous_9)
FN:130,(anonymous_10)
FN:142,(anonymous_11)
FN:157,(anonymous_12)
FN:169,(anonymous_13)
FN:183,(anonymous_14)
FNF:13
FNH:0
FNDA:0,(anonymous_2)
FNDA:0,(anonymous_3)
FNDA:0,(anonymous_4)
FNDA:0,(anonymous_5)
FNDA:0,(anonymous_6)
FNDA:0,(anonymous_7)
FNDA:0,(anonymous_8)
FNDA:0,(anonymous_9)
FNDA:0,(anonymous_10)
FNDA:0,(anonymous_11)
FNDA:0,(anonymous_12)
FNDA:0,(anonymous_13)
FNDA:0,(anonymous_14)
DA:1,0
DA:2,0
DA:3,0
DA:5,0
DA:6,0
DA:7,0
DA:17,0
DA:19,0
DA:20,0
DA:24,0
DA:27,0
DA:28,0
DA:31,0
DA:32,0
DA:35,0
DA:38,0
DA:39,0
DA:42,0
DA:44,0
DA:47,0
DA:49,0
DA:65,0
DA:79,0
DA:86,0
DA:87,0
DA:91,0
DA:92,0
DA:95,0
DA:100,0
DA:101,0
DA:102,0
DA:103,0
DA:107,0
DA:108,0
DA:109,0
DA:113,0
DA:118,0
DA:119,0
DA:123,0
DA:124,0
DA:127,0
DA:131,0
DA:132,0
DA:135,0
DA:136,0
DA:139,0
DA:143,0
DA:154,0
DA:156,0
DA:157,0
DA:158,0
DA:159,0
DA:160,0
DA:162,0
DA:166,0
DA:183,0
DA:185,0
LF:57
LH:0
BRDA:27,0,0,0
BRDA:27,0,1,0
BRDA:32,1,0,0
BRDA:32,1,1,0
BRDA:39,2,0,0
BRDA:39,2,1,0
BRDA:58,3,0,0
BRDA:58,3,1,0
BRDA:74,4,0,0
BRDA:74,4,1,0
BRDA:76,5,0,0
BRDA:76,5,1,0
BRDA:86,6,0,0
BRDA:86,6,1,0
BRDA:86,7,0,0
BRDA:86,7,1,0
BRDA:91,8,0,0
BRDA:91,8,1,0
BRDA:91,9,0,0
BRDA:91,9,1,0
BRDA:101,10,0,0
BRDA:101,10,1,0
BRDA:102,11,0,0
BRDA:102,11,1,0
BRDA:108,12,0,0
BRDA:108,12,1,0
BRDA:109,13,0,0
BRDA:109,13,1,0
BRDA:113,14,0,0
BRDA:113,14,1,0
BRDA:113,14,2,0
BRDA:118,15,0,0
BRDA:118,15,1,0
BRDA:118,16,0,0
BRDA:118,16,1,0
BRDA:123,17,0,0
BRDA:123,17,1,0
BRDA:123,18,0,0
BRDA:123,18,1,0
BRDA:131,19,0,0
BRDA:131,19,1,0
BRDA:135,20,0,0
BRDA:135,20,1,0
BRDA:157,21,0,0
BRDA:157,21,1,0
BRDA:159,22,0,0
BRDA:159,22,1,0
BRDA:159,23,0,0
BRDA:159,23,1,0
BRDA:159,23,2,0
BRDA:19,24,0,0
BRDA:19,24,1,0
BRDA:19,25,0,0
BRDA:19,25,1,0
BRDA:19,26,0,0
BRDA:19,26,1,0
BRDA:19,27,0,0
BRDA:19,27,1,0
BRF:58
BRH:0
end_of_record
TN:
SF:src/modules/audit/test/audit-log.factory.ts
FN:22,mergeWithDefaults
FN:26,createMockAuditLog
FN:30,createMockAuditLogResponse
FNF:3
FNH:0
FNDA:0,mergeWithDefaults
FNDA:0,createMockAuditLog
FNDA:0,createMockAuditLogResponse
DA:1,0
DA:2,0
DA:6,0
DA:23,0
DA:26,0
DA:27,0
DA:30,0
DA:31,0
LF:8
LH:0
BRDA:26,0,0,0
BRDA:30,1,0,0
BRF:2
BRH:0
end_of_record
TN:
SF:src/modules/auth/auth.module.ts
FN:33,(anonymous_1)
FNF:1
FNH:0
FNDA:0,(anonymous_1)
DA:1,0
DA:2,0
DA:3,0
DA:4,0
DA:5,0
DA:6,0
DA:7,0
DA:8,0
DA:9,0
DA:10,0
DA:11,0
DA:12,0
DA:13,0
DA:14,0
DA:15,0
DA:16,0
DA:17,0
DA:18,0
DA:19,0
DA:20,0
DA:21,0
DA:22,0
DA:23,0
DA:24,0
DA:25,0
DA:26,0
DA:27,0
DA:28,0
DA:29,0
DA:30,0
DA:33,0
DA:82,0
LF:32
LH:0
BRF:0
BRH:0
end_of_record
TN:
SF:src/modules/auth/application/dto/forgot-password-request.dto.ts
FNF:0
FNH:0
DA:1,0
DA:2,0
DA:4,0
DA:7,0
LF:4
LH:0
BRF:0
BRH:0
end_of_record
TN:
SF:src/modules/auth/application/dto/login-request.dto.ts
FNF:0
FNH:0
DA:1,0
DA:2,0
DA:4,0
DA:7,0
DA:12,0
LF:5
LH:0
BRF:0
BRH:0
end_of_record
TN:
SF:src/modules/auth/application/dto/register-request.dto.ts
FNF:0
FNH:0
DA:1,0
DA:2,0
DA:4,0
DA:7,0
DA:12,0
DA:17,0
DA:22,0
DA:27,0
LF:8
LH:0
BRF:0
BRH:0
end_of_record
TN:
SF:src/modules/auth/application/dto/reset-password-request.dto.ts
FNF:0
FNH:0
DA:1,0
DA:2,0
DA:4,0
DA:7,0
DA:12,0
LF:5
LH:0
BRF:0
BRH:0
end_of_record
TN:
SF:src/modules/auth/application/use-cases/forgot-password.use-case.ts
FN:8,(anonymous_2)
FN:14,(anonymous_3)
FNF:2
FNH:0
FNDA:0,(anonymous_2)
FNDA:0,(anonymous_3)
DA:1,0
DA:2,0
DA:3,0
DA:4,0
DA:7,0
DA:9,0
DA:10,0
DA:11,0
DA:15,0
DA:17,0
DA:18,0
DA:21,0
DA:25,0
DA:27,0
LF:14
LH:0
BRDA:17,0,0,0
BRDA:17,0,1,0
BRDA:9,1,0,0
BRDA:9,1,1,0
BRDA:9,2,0,0
BRDA:9,2,1,0
BRDA:9,3,0,0
BRDA:9,3,1,0
BRDA:9,4,0,0
BRDA:9,4,1,0
BRDA:10,5,0,0
BRDA:10,5,1,0
BRDA:10,6,0,0
BRDA:10,6,1,0
BRF:14
BRH:0
end_of_record
TN:
SF:src/modules/auth/application/use-cases/login.use-case.ts
FN:11,(anonymous_2)
FN:18,(anonymous_3)
FNF:2
FNH:0
FNDA:0,(anonymous_2)
FNDA:0,(anonymous_3)
DA:1,0
DA:2,0
DA:3,0
DA:4,0
DA:5,0
DA:6,0
DA:10,0
DA:12,0
DA:13,0
DA:14,0
DA:15,0
DA:25,0
DA:26,0
DA:27,0
DA:30,0
DA:35,0
DA:36,0
DA:39,0
DA:41,0
DA:46,0
DA:48,0
DA:49,0
DA:51,0
DA:63,0
DA:68,0
LF:25
LH:0
BRDA:26,0,0,0
BRDA:26,0,1,0
BRDA:35,1,0,0
BRDA:35,1,1,0
BRDA:57,2,0,0
BRDA:57,2,1,0
BRDA:12,3,0,0
BRDA:12,3,1,0
BRDA:12,4,0,0
BRDA:12,4,1,0
BRDA:12,5,0,0
BRDA:12,5,1,0
BRDA:12,6,0,0
BRDA:12,6,1,0
BRDA:13,7,0,0
BRDA:13,7,1,0
BRDA:13,8,0,0
BRDA:13,8,1,0
BRDA:14,9,0,0
BRDA:14,9,1,0
BRDA:14,10,0,0
BRDA:14,10,1,0
BRF:22
BRH:0
end_of_record
TN:
SF:src/modules/auth/application/use-cases/logout.use-case.ts
FN:7,(anonymous_2)
FN:12,(anonymous_3)
FNF:2
FNH:0
FNDA:0,(anonymous_2)
FNDA:0,(anonymous_3)
DA:1,0
DA:2,0
DA:3,0
DA:6,0
DA:8,0
DA:9,0
DA:13,0
DA:15,0
DA:17,0
DA:18,0
DA:21,0
LF:11
LH:0
BRDA:17,0,0,0
BRDA:17,0,1,0
BRDA:8,1,0,0
BRDA:8,1,1,0
BRDA:8,2,0,0
BRDA:8,2,1,0
BRDA:8,3,0,0
BRDA:8,3,1,0
BRDA:8,4,0,0
BRDA:8,4,1,0
BRF:10
BRH:0
end_of_record
TN:
SF:src/modules/auth/application/use-cases/refresh-token.use-case.ts
FN:9,(anonymous_2)
FN:16,(anonymous_3)
FNF:2
FNH:0
FNDA:0,(anonymous_2)
FNDA:0,(anonymous_3)
DA:1,0
DA:2,0
DA:3,0
DA:4,0
DA:5,0
DA:8,0
DA:10,0
DA:11,0
DA:12,0
DA:13,0
DA:20,0
DA:22,0
DA:23,0
DA:26,0
DA:28,0
DA:30,0
DA:31,0
DA:34,0
DA:39,0
DA:40,0
DA:42,0
DA:44,0
DA:45,0
DA:48,0
DA:53,0
DA:58,0
DA:60,0
DA:65,0
LF:28
LH:0
BRDA:22,0,0,0
BRDA:22,0,1,0
BRDA:30,1,0,0
BRDA:30,1,1,0
BRDA:30,2,0,0
BRDA:30,2,1,0
BRDA:30,2,2,0
BRDA:39,3,0,0
BRDA:39,3,1,0
BRDA:44,4,0,0
BRDA:44,4,1,0
BRDA:10,5,0,0
BRDA:10,5,1,0
BRDA:10,6,0,0
BRDA:10,6,1,0
BRDA:10,7,0,0
BRDA:10,7,1,0
BRDA:10,8,0,0
BRDA:10,8,1,0
BRDA:11,9,0,0
BRDA:11,9,1,0
BRDA:11,10,0,0
BRDA:11,10,1,0
BRDA:12,11,0,0
BRDA:12,11,1,0
BRDA:12,12,0,0
BRDA:12,12,1,0
BRF:27
BRH:0
end_of_record
TN:
SF:src/modules/auth/application/use-cases/register-user.use-case.ts
FN:10,(anonymous_2)
FN:16,(anonymous_3)
FNF:2
FNH:0
FNDA:0,(anonymous_2)
FNDA:0,(anonymous_3)
DA:1,0
DA:2,0
DA:4,0
DA:5,0
DA:6,0
DA:7,0
DA:9,0
DA:11,0
DA:12,0
DA:13,0
DA:17,0
DA:18,0
DA:19,0
DA:22,0
DA:24,0
DA:33,0
DA:35,0
DA:37,0
LF:18
LH:0
BRDA:18,0,0,0
BRDA:18,0,1,0
BRDA:27,1,0,0
BRDA:27,1,1,0
BRDA:28,2,0,0
BRDA:28,2,1,0
BRDA:29,3,0,0
BRDA:29,3,1,0
BRDA:11,4,0,0
BRDA:11,4,1,0
BRDA:11,5,0,0
BRDA:11,5,1,0
BRDA:11,6,0,0
BRDA:11,6,1,0
BRDA:11,7,0,0
BRDA:11,7,1,0
BRDA:12,8,0,0
BRDA:12,8,1,0
BRDA:12,9,0,0
BRDA:12,9,1,0
BRF:20
BRH:0
end_of_record
TN:
SF:src/modules/auth/application/use-cases/reset-password.use-case.ts
FN:8,(anonymous_11)
FN:13,(anonymous_12)
FNF:2
FNH:0
FNDA:0,(anonymous_11)
FNDA:0,(anonymous_12)
DA:1,0
DA:2,0
DA:3,0
DA:4,0
DA:7,0
DA:9,0
DA:10,0
DA:14,0
DA:16,0
DA:17,0
DA:22,0
DA:23,0
DA:25,0
DA:28,0
DA:29,0
DA:32,0
DA:34,0
DA:35,0
DA:38,0
DA:39,0
LF:20
LH:0
BRDA:16,0,0,0
BRDA:16,0,1,0
BRDA:28,1,0,0
BRDA:28,1,1,0
BRDA:28,2,0,0
BRDA:28,2,1,0
BRDA:34,3,0,0
BRDA:34,3,1,0
BRDA:9,4,0,0
BRDA:9,4,1,0
BRDA:9,5,0,0
BRDA:9,5,1,0
BRDA:9,6,0,0
BRDA:9,6,1,0
BRDA:9,7,0,0
BRDA:9,7,1,0
BRF:16
BRH:0
end_of_record
TN:
SF:src/modules/auth/domain/entities/auth-session.entity.ts
FNF:0
FNH:0
DA:1,0
LF:1
LH:0
BRF:0
BRH:0
end_of_record
TN:
SF:src/modules/auth/domain/entities/auth-user.entity.ts
FN:5,(anonymous_0)
FN:24,(anonymous_1)
FN:47,(anonymous_2)
FN:54,(anonymous_3)
FN:58,(anonymous_4)
FN:62,(anonymous_5)
FN:65,(anonymous_6)
FN:68,(anonymous_7)
FN:72,(anonymous_8)
FN:76,(anonymous_9)
FN:80,(anonymous_10)
FN:84,(anonymous_11)
FN:88,(anonymous_12)
FN:92,(anonymous_13)
FN:96,(anonymous_14)
FNF:15
FNH:0
FNDA:0,(anonymous_0)
FNDA:0,(anonymous_1)
FNDA:0,(anonymous_2)
FNDA:0,(anonymous_3)
FNDA:0,(anonymous_4)
FNDA:0,(anonymous_5)
FNDA:0,(anonymous_6)
FNDA:0,(anonymous_7)
FNDA:0,(anonymous_8)
FNDA:0,(anonymous_9)
FNDA:0,(anonymous_10)
FNDA:0,(anonymous_11)
FNDA:0,(anonymous_12)
FNDA:0,(anonymous_13)
FNDA:0,(anonymous_14)
DA:1,0
DA:2,0
DA:4,0
DA:6,0
DA:32,0
DA:48,0
DA:49,0
DA:51,0
DA:55,0
DA:59,0
DA:63,0
DA:66,0
DA:69,0
DA:73,0
DA:77,0
DA:81,0
DA:85,0
DA:89,0
DA:93,0
DA:97,0
LF:20
LH:0
BRDA:38,0,0,0
BRDA:38,0,1,0
BRDA:48,1,0,0
BRDA:48,1,1,0
BRF:4
BRH:0
end_of_record
TN:
SF:src/modules/auth/domain/repositories/user-auth.repository.ts
FNF:0
FNH:0
DA:3,0
LF:1
LH:0
BRF:0
BRH:0
end_of_record
TN:
SF:src/modules/auth/domain/repositories/user-session.repository.ts
FNF:0
FNH:0
DA:1,0
LF:1
LH:0
BRF:0
BRH:0
end_of_record
TN:
SF:src/modules/auth/domain/services/password.service.ts
FNF:0
FNH:0
DA:1,0
LF:1
LH:0
BRF:0
BRH:0
end_of_record
TN:
SF:src/modules/auth/domain/services/token.service.ts
FNF:0
FNH:0
DA:13,0
LF:1
LH:0
BRF:0
BRH:0
end_of_record
TN:
SF:src/modules/auth/domain/value-objects/email.vo.ts
FN:6,(anonymous_0)
FN:14,(anonymous_1)
FNF:2
FNH:0
FNDA:0,(anonymous_0)
FNDA:0,(anonymous_1)
DA:1,0
DA:3,0
DA:7,0
DA:8,0
DA:11,0
DA:15,0
LF:6
LH:0
BRDA:7,0,0,0
BRDA:7,0,1,0
BRF:2
BRH:0
end_of_record
TN:
SF:src/modules/auth/domain/value-objects/role.enum.ts
FN:1,(anonymous_0)
FNF:1
FNH:1
FNDA:2,(anonymous_0)
DA:1,2
DA:2,2
DA:3,2
DA:4,2
DA:5,2
LF:5
LH:5
BRDA:1,0,0,2
BRDA:1,0,1,2
BRF:2
BRH:2
end_of_record
TN:
SF:src/modules/auth/infrastructure/database/repositories/user-auth-typeorm.repository.ts
FN:10,(anonymous_4)
FN:16,(anonymous_5)
FN:21,(anonymous_6)
FN:26,(anonymous_7)
FN:39,(anonymous_8)
FNF:5
FNH:0
FNDA:0,(anonymous_4)
FNDA:0,(anonymous_5)
FNDA:0,(anonymous_6)
FNDA:0,(anonymous_7)
FNDA:0,(anonymous_8)
DA:1,0
DA:2,0
DA:3,0
DA:4,0
DA:5,0
DA:9,0
DA:12,0
DA:13,0
DA:17,0
DA:18,0
DA:22,0
DA:23,0
DA:24,0
DA:27,0
DA:34,0
DA:36,0
DA:40,0
LF:17
LH:0
BRDA:18,0,0,0
BRDA:18,0,1,0
BRDA:34,1,0,0
BRDA:34,1,1,0
BRDA:12,2,0,0
BRDA:12,2,1,0
BRDA:12,3,0,0
BRDA:12,3,1,0
BRDA:12,4,0,0
BRDA:12,4,1,0
BRDA:12,5,0,0
BRDA:12,5,1,0
BRF:12
BRH:0
end_of_record
TN:
SF:src/modules/auth/infrastructure/database/repositories/user-session-typeorm.repository.ts
FN:9,(anonymous_4)
FN:13,(anonymous_5)
FN:37,(anonymous_6)
FN:64,(anonymous_7)
FN:79,(anonymous_8)
FN:87,(anonymous_9)
FNF:6
FNH:0
FNDA:0,(anonymous_4)
FNDA:0,(anonymous_5)
FNDA:0,(anonymous_6)
FNDA:0,(anonymous_7)
FNDA:0,(anonymous_8)
FNDA:0,(anonymous_9)
DA:1,0
DA:2,0
DA:3,0
DA:5,0
DA:8,0
DA:11,0
DA:22,0
DA:34,0
DA:35,0
DA:44,0
DA:51,0
DA:52,0
DA:55,0
DA:71,0
DA:80,0
DA:88,0
DA:95,0
DA:97,0
LF:18
LH:0
BRDA:27,0,0,0
BRDA:27,0,1,0
BRDA:28,1,0,0
BRDA:28,1,1,0
BRDA:51,2,0,0
BRDA:51,2,1,0
BRDA:95,3,0,0
BRDA:95,3,1,0
BRDA:11,4,0,0
BRDA:11,4,1,0
BRDA:11,5,0,0
BRDA:11,5,1,0
BRF:12
BRH:0
end_of_record
TN:
SF:src/modules/auth/infrastructure/mappers/user-orm.mapper.ts
FN:7,(anonymous_1)
FN:25,(anonymous_2)
FNF:2
FNH:0
FNDA:0,(anonymous_1)
FNDA:0,(anonymous_2)
DA:1,0
DA:2,0
DA:6,0
DA:8,0
DA:26,0
LF:5
LH:0
BRF:0
BRH:0
end_of_record
TN:
SF:src/modules/auth/infrastructure/services/bcrypt-password.service.ts
FN:7,(anonymous_10)
FN:11,(anonymous_11)
FNF:2
FNH:0
FNDA:0,(anonymous_10)
FNDA:0,(anonymous_11)
DA:1,0
DA:2,0
DA:6,0
DA:8,0
DA:12,0
LF:5
LH:0
BRF:0
BRH:0
end_of_record
TN:
SF:src/modules/auth/infrastructure/services/email.service.ts
FNF:0
FNH:0
DA:1,0
LF:1
LH:0
BRF:0
BRH:0
end_of_record
TN:
SF:src/modules/auth/infrastructure/services/jwt-token.service.ts
FN:9,(anonymous_2)
FN:14,(anonymous_3)
FN:25,(anonymous_4)
FN:34,(anonymous_5)
FN:40,(anonymous_6)
FN:49,(anonymous_7)
FNF:6
FNH:0
FNDA:0,(anonymous_2)
FNDA:0,(anonymous_3)
FNDA:0,(anonymous_4)
FNDA:0,(anonymous_5)
FNDA:0,(anonymous_6)
FNDA:0,(anonymous_7)
DA:1,0
DA:2,0
DA:3,0
DA:8,0
DA:10,0
DA:11,0
DA:15,0
DA:26,0
DA:31,0
DA:35,0
DA:41,0
DA:46,0
DA:50,0
LF:13
LH:0
BRDA:10,0,0,0
BRDA:10,0,1,0
BRDA:10,1,0,0
BRDA:10,1,1,0
BRDA:10,2,0,0
BRDA:10,2,1,0
BRDA:10,3,0,0
BRDA:10,3,1,0
BRF:8
BRH:0
end_of_record
TN:
SF:src/modules/auth/infrastructure/services/sendgrid-email.service.ts
FN:9,(anonymous_3)
FN:17,(anonymous_4)
FNF:2
FNH:0
FNDA:0,(anonymous_3)
FNDA:0,(anonymous_4)
DA:1,0
DA:2,0
DA:6,0
DA:7,0
DA:10,0
DA:11,0
DA:14,0
DA:18,0
DA:20,0
DA:21,0
DA:42,0
DA:47,0
LF:12
LH:0
BRDA:10,0,0,0
BRDA:10,0,1,0
BRDA:44,1,0,0
BRDA:44,1,1,0
BRF:4
BRH:0
end_of_record
TN:
SF:src/modules/auth/infrastructure/strategies/jwt-refresh.strategy.ts
FN:10,(anonymous_2)
FN:13,(anonymous_3)
FN:22,(anonymous_4)
FNF:3
FNH:0
FNDA:0,(anonymous_2)
FNDA:0,(anonymous_3)
FNDA:0,(anonymous_4)
DA:1,0
DA:2,0
DA:3,0
DA:5,0
DA:9,0
DA:11,0
DA:14,0
DA:15,0
DA:26,0
LF:9
LH:0
BRDA:15,0,0,0
BRDA:15,0,1,0
BRDA:10,1,0,0
BRDA:10,1,1,0
BRDA:10,2,0,0
BRDA:10,2,1,0
BRF:6
BRH:0
end_of_record
TN:
SF:src/modules/auth/infrastructure/strategies/jwt.strategy.ts
FN:8,(anonymous_2)
FN:15,(anonymous_3)
FNF:2
FNH:0
FNDA:0,(anonymous_2)
FNDA:0,(anonymous_3)
DA:1,0
DA:2,0
DA:3,0
DA:4,0
DA:7,0
DA:9,0
DA:16,0
LF:7
LH:0
BRDA:8,0,0,0
BRDA:8,0,1,0
BRDA:8,1,0,0
BRDA:8,1,1,0
BRF:4
BRH:0
end_of_record
TN:
SF:src/modules/auth/presentation/controllers/auth.controller.ts
FN:31,(anonymous_4)
FN:55,(anonymous_5)
FN:100,(anonymous_6)
FN:125,(anonymous_7)
FN:158,(anonymous_8)
FN:172,(anonymous_9)
FN:182,(anonymous_10)
FNF:7
FNH:0
FNDA:0,(anonymous_4)
FNDA:0,(anonymous_5)
FNDA:0,(anonymous_6)
FNDA:0,(anonymous_7)
FNDA:0,(anonymous_8)
FNDA:0,(anonymous_9)
FNDA:0,(anonymous_10)
DA:1,0
DA:11,0
DA:13,0
DA:14,0
DA:15,0
DA:16,0
DA:17,0
DA:18,0
DA:19,0
DA:20,0
DA:21,0
DA:22,0
DA:23,0
DA:24,0
DA:25,0
DA:26,0
DA:30,0
DA:32,0
DA:33,0
DA:34,0
DA:35,0
DA:36,0
DA:37,0
DA:55,0
DA:60,0
DA:63,0
DA:72,0
DA:78,0
DA:100,0
DA:105,0
DA:113,0
DA:120,0
DA:125,0
DA:131,0
DA:133,0
DA:134,0
DA:137,0
DA:144,0
DA:153,0
DA:158,0
DA:159,0
DA:161,0
DA:163,0
DA:165,0
DA:167,0
DA:172,0
DA:173,0
DA:175,0
DA:182,0
DA:183,0
DA:188,0
LF:51
LH:0
BRDA:66,0,0,0
BRDA:66,0,1,0
BRDA:67,1,0,0
BRDA:67,1,1,0
BRDA:108,2,0,0
BRDA:108,2,1,0
BRDA:109,3,0,0
BRDA:109,3,1,0
BRDA:131,4,0,0
BRDA:131,4,1,0
BRDA:133,5,0,0
BRDA:133,5,1,0
BRDA:57,6,0,0
BRDA:57,6,1,0
BRDA:57,7,0,0
BRDA:57,7,1,0
BRDA:102,8,0,0
BRDA:102,8,1,0
BRDA:102,9,0,0
BRDA:102,9,1,0
BRDA:172,10,0,0
BRDA:172,10,1,0
BRDA:172,11,0,0
BRDA:172,11,1,0
BRDA:182,12,0,0
BRDA:182,12,1,0
BRDA:182,13,0,0
BRDA:182,13,1,0
BRDA:32,14,0,0
BRDA:32,14,1,0
BRDA:32,15,0,0
BRDA:32,15,1,0
BRDA:32,16,0,0
BRDA:32,16,1,0
BRDA:32,17,0,0
BRDA:32,17,1,0
BRDA:33,18,0,0
BRDA:33,18,1,0
BRDA:33,19,0,0
BRDA:33,19,1,0
BRDA:34,20,0,0
BRDA:34,20,1,0
BRDA:34,21,0,0
BRDA:34,21,1,0
BRDA:35,22,0,0
BRDA:35,22,1,0
BRDA:35,23,0,0
BRDA:35,23,1,0
BRDA:36,24,0,0
BRDA:36,24,1,0
BRDA:36,25,0,0
BRDA:36,25,1,0
BRF:52
BRH:0
end_of_record
TN:
SF:src/modules/auth/presentation/decorators/public.decorator.ts
FN:4,(anonymous_0)
FNF:1
FNH:1
FNDA:1,(anonymous_0)
DA:1,1
DA:3,1
DA:4,1
LF:3
LH:3
BRF:0
BRH:0
end_of_record
TN:
SF:src/modules/auth/presentation/decorators/roles.decorator.ts
FN:5,(anonymous_0)
FNF:1
FNH:0
FNDA:0,(anonymous_0)
DA:1,0
DA:3,0
DA:5,0
LF:3
LH:0
BRF:0
BRH:0
end_of_record
TN:
SF:src/modules/auth/presentation/dto/login-response.dto.ts
FNF:0
FNH:0
DA:1,0
DA:2,0
DA:4,0
DA:10,0
DA:17,0
DA:24,0
LF:6
LH:0
BRF:0
BRH:0
end_of_record
TN:
SF:src/modules/auth/presentation/dto/register-response.dto.ts
FNF:0
FNH:0
DA:1,0
DA:2,0
DA:4,0
DA:8,0
DA:13,0
DA:18,0
DA:23,0
DA:28,0
LF:8
LH:0
BRF:0
BRH:0
end_of_record
TN:
SF:src/modules/auth/presentation/dto/reset-password-request.dto.ts
FNF:0
FNH:0
DA:1,0
DA:3,0
DA:5,0
DA:9,0
LF:4
LH:0
BRF:0
BRH:0
end_of_record
TN:
SF:src/modules/auth/presentation/guards/jwt-auth.guard.ts
FN:14,(anonymous_2)
FN:19,(anonymous_3)
FNF:2
FNH:0
FNDA:0,(anonymous_2)
FNDA:0,(anonymous_3)
DA:1,0
DA:3,0
DA:4,0
DA:5,0
DA:13,0
DA:15,0
DA:16,0
DA:20,0
DA:25,0
DA:26,0
DA:29,0
DA:31,0
DA:32,0
DA:33,0
DA:36,0
DA:37,0
DA:38,0
DA:41,0
DA:42,0
DA:44,0
DA:49,0
DA:51,0
LF:22
LH:0
BRDA:25,0,0,0
BRDA:25,0,1,0
BRDA:32,1,0,0
BRDA:32,1,1,0
BRDA:37,2,0,0
BRDA:37,2,1,0
BRDA:37,3,0,0
BRDA:37,3,1,0
BRDA:15,4,0,0
BRDA:15,4,1,0
BRDA:15,5,0,0
BRDA:15,5,1,0
BRDA:15,6,0,0
BRDA:15,6,1,0
BRDA:15,7,0,0
BRDA:15,7,1,0
BRF:16
BRH:0
end_of_record
TN:
SF:src/modules/auth/presentation/guards/jwt-refresh.guard.ts
FNF:0
FNH:0
DA:1,0
DA:2,0
DA:5,0
LF:3
LH:0
BRF:0
BRH:0
end_of_record
TN:
SF:src/modules/auth/presentation/guards/roles.guard.ts
FN:8,(anonymous_2)
FN:10,(anonymous_3)
FNF:2
FNH:0
FNDA:0,(anonymous_2)
FNDA:0,(anonymous_3)
DA:1,0
DA:2,0
DA:3,0
DA:7,0
DA:8,0
DA:11,0
DA:16,0
DA:17,0
DA:20,0
DA:21,0
DA:23,0
DA:24,0
DA:27,0
LF:13
LH:0
BRDA:16,0,0,0
BRDA:16,0,1,0
BRDA:16,1,0,0
BRDA:16,1,1,0
BRDA:23,2,0,0
BRDA:23,2,1,0
BRDA:8,3,0,0
BRDA:8,3,1,0
BRDA:8,4,0,0
BRDA:8,4,1,0
BRF:10
BRH:0
end_of_record
TN:
SF:src/modules/category/category.module.ts
FNF:0
FNH:0
DA:1,0
DA:2,0
DA:3,0
DA:4,0
DA:5,0
DA:6,0
DA:7,0
DA:8,0
DA:9,0
DA:10,0
DA:11,0
DA:36,0
LF:12
LH:0
BRF:0
BRH:0
end_of_record
TN:
SF:src/modules/category/application/ports/category.repository.interface.ts
FNF:0
FNH:0
DA:13,6
LF:1
LH:1
BRF:0
BRH:0
end_of_record
TN:
SF:src/modules/category/application/use-cases/create-category.use-case.ts
FN:9,(anonymous_4)
FN:14,(anonymous_5)
FNF:2
FNH:2
FNDA:13,(anonymous_4)
FNDA:12,(anonymous_5)
DA:1,2
DA:3,2
DA:4,2
DA:8,2
DA:11,13
DA:15,12
DA:23,6
LF:7
LH:7
BRDA:20,0,0,12
BRDA:20,0,1,8
BRF:2
BRH:2
end_of_record
TN:
SF:src/modules/category/application/use-cases/delete-category.use-case.ts
FN:7,(anonymous_4)
FN:12,(anonymous_5)
FNF:2
FNH:2
FNDA:7,(anonymous_4)
FNDA:10,(anonymous_5)
DA:1,2
DA:3,2
DA:6,2
DA:9,7
DA:13,10
DA:15,10
DA:16,2
DA:20,8
DA:21,2
DA:25,6
DA:26,2
DA:29,4
DA:31,4
DA:32,2
LF:14
LH:14
BRDA:15,0,0,2
BRDA:15,0,1,8
BRDA:20,1,0,2
BRDA:20,1,1,6
BRDA:25,2,0,2
BRDA:25,2,1,4
BRDA:25,3,0,6
BRDA:25,3,1,5
BRDA:31,4,0,2
BRDA:31,4,1,2
BRF:10
BRH:10
end_of_record
TN:
SF:src/modules/category/application/use-cases/find-all-categories.use-case.ts
FN:9,(anonymous_4)
FN:14,(anonymous_5)
FNF:2
FNH:2
FNDA:9,(anonymous_4)
FNDA:8,(anonymous_5)
DA:1,2
DA:3,2
DA:8,2
DA:11,9
DA:15,8
LF:5
LH:5
BRF:0
BRH:0
end_of_record
TN:
SF:src/modules/category/application/use-cases/find-category-by-id.use-case.ts
FN:8,(anonymous_4)
FN:13,(anonymous_5)
FNF:2
FNH:2
FNDA:5,(anonymous_4)
FNDA:5,(anonymous_5)
DA:1,2
DA:3,2
DA:7,2
DA:10,5
DA:14,5
DA:16,5
DA:17,2
DA:20,3
LF:8
LH:8
BRDA:16,0,0,2
BRDA:16,0,1,3
BRF:2
BRH:2
end_of_record
TN:
SF:src/modules/category/application/use-cases/update-category.use-case.ts
FN:9,(anonymous_4)
FN:14,(anonymous_5)
FNF:2
FNH:2
FNDA:13,(anonymous_4)
FNDA:16,(anonymous_5)
DA:1,2
DA:3,2
DA:8,2
DA:11,13
DA:15,16
DA:17,16
DA:18,2
DA:22,14
DA:23,2
DA:27,12
DA:28,2
DA:32,10
DA:33,6
DA:36,9
DA:37,6
DA:40,8
DA:41,6
DA:44,7
DA:46,7
DA:47,2
DA:50,5
LF:21
LH:21
BRDA:17,0,0,2
BRDA:17,0,1,14
BRDA:22,1,0,2
BRDA:22,1,1,12
BRDA:27,2,0,2
BRDA:27,2,1,10
BRDA:27,3,0,12
BRDA:27,3,1,11
BRDA:32,4,0,6
BRDA:32,4,1,4
BRDA:36,5,0,6
BRDA:36,5,1,3
BRDA:40,6,0,6
BRDA:40,6,1,2
BRDA:46,7,0,2
BRDA:46,7,1,5
BRF:16
BRH:16
end_of_record
TN:
SF:src/modules/category/domain/category.entity.ts
FN:24,(anonymous_0)
FN:39,(anonymous_1)
FN:43,(anonymous_2)
FN:47,(anonymous_3)
FN:51,(anonymous_4)
FN:55,(anonymous_5)
FN:59,(anonymous_6)
FN:63,(anonymous_7)
FN:67,(anonymous_8)
FN:71,(anonymous_9)
FN:76,(anonymous_10)
FN:98,(anonymous_11)
FN:108,(anonymous_12)
FN:118,(anonymous_13)
FN:125,(anonymous_14)
FN:129,(anonymous_15)
FN:133,(anonymous_16)
FN:140,(anonymous_17)
FN:144,(anonymous_18)
FNF:19
FNH:17
FNDA:88,(anonymous_0)
FNDA:35,(anonymous_1)
FNDA:42,(anonymous_2)
FNDA:38,(anonymous_3)
FNDA:39,(anonymous_4)
FNDA:32,(anonymous_5)
FNDA:39,(anonymous_6)
FNDA:36,(anonymous_7)
FNDA:32,(anonymous_8)
FNDA:10,(anonymous_9)
FNDA:88,(anonymous_10)
FNDA:6,(anonymous_11)
FNDA:6,(anonymous_12)
FNDA:6,(anonymous_13)
FNDA:14,(anonymous_14)
FNDA:8,(anonymous_15)
FNDA:16,(anonymous_16)
FNDA:0,(anonymous_17)
FNDA:0,(anonymous_18)
DA:13,9
DA:25,88
DA:26,88
DA:27,88
DA:28,88
DA:29,88
DA:30,88
DA:31,88
DA:32,88
DA:33,88
DA:35,88
DA:40,35
DA:44,42
DA:48,38
DA:52,39
DA:56,32
DA:60,39
DA:64,36
DA:68,32
DA:72,10
DA:77,88
DA:78,1
DA:81,87
DA:82,1
DA:85,86
DA:86,1
DA:89,85
DA:90,1
DA:93,84
DA:94,2
DA:99,6
DA:100,1
DA:102,5
DA:103,0
DA:105,5
DA:109,6
DA:110,1
DA:112,5
DA:113,0
DA:115,5
DA:119,6
DA:120,1
DA:122,5
DA:126,14
DA:130,8
DA:134,16
DA:135,0
DA:137,16
DA:141,0
DA:145,0
LF:50
LH:45
BRDA:30,0,0,88
BRDA:30,0,1,0
BRDA:77,1,0,1
BRDA:77,1,1,87
BRDA:77,2,0,88
BRDA:77,2,1,87
BRDA:81,3,0,1
BRDA:81,3,1,86
BRDA:85,4,0,1
BRDA:85,4,1,85
BRDA:85,5,0,86
BRDA:85,5,1,85
BRDA:89,6,0,1
BRDA:89,6,1,84
BRDA:93,7,0,2
BRDA:93,7,1,82
BRDA:93,8,0,84
BRDA:93,8,1,84
BRDA:99,9,0,1
BRDA:99,9,1,5
BRDA:99,10,0,6
BRDA:99,10,1,5
BRDA:102,11,0,0
BRDA:102,11,1,5
BRDA:109,12,0,1
BRDA:109,12,1,5
BRDA:109,13,0,6
BRDA:109,13,1,5
BRDA:112,14,0,0
BRDA:112,14,1,5
BRDA:119,15,0,1
BRDA:119,15,1,5
BRDA:119,16,0,6
BRDA:119,16,1,6
BRDA:134,17,0,0
BRDA:134,17,1,16
BRF:36
BRH:32
end_of_record
TN:
SF:src/modules/category/infrastructure/mappers/category.mapper.ts
FN:5,(anonymous_0)
FN:19,(anonymous_1)
FN:45,(anonymous_2)
FN:46,(anonymous_3)
FNF:4
FNH:4
FNDA:12,(anonymous_0)
FNDA:7,(anonymous_1)
FNDA:10,(anonymous_2)
FNDA:6,(anonymous_3)
DA:1,2
DA:2,2
DA:4,2
DA:6,12
DA:20,7
DA:22,7
DA:23,3
DA:26,7
DA:27,7
DA:28,7
DA:29,7
DA:30,7
DA:32,7
DA:33,3
DA:35,7
DA:36,3
DA:38,7
DA:39,1
DA:42,7
DA:46,10
LF:20
LH:20
BRDA:15,0,0,12
BRDA:15,0,1,11
BRDA:22,1,0,3
BRDA:22,1,1,4
BRDA:29,2,0,7
BRDA:29,2,1,1
BRDA:32,3,0,3
BRDA:32,3,1,4
BRDA:35,4,0,3
BRDA:35,4,1,4
BRDA:38,5,0,1
BRDA:38,5,1,6
BRF:12
BRH:12
end_of_record
TN:
SF:src/modules/category/infrastructure/persistence/category.entity.ts
FN:30,(anonymous_2)
FNF:1
FNH:0
FNDA:0,(anonymous_2)
DA:1,2
DA:11,2
DA:14,2
DA:16,2
DA:19,2
DA:22,2
DA:25,2
DA:28,2
DA:30,0
DA:32,2
DA:35,2
DA:38,2
DA:41,2
DA:44,2
LF:14
LH:13
BRDA:32,0,0,2
BRDA:32,0,1,0
BRDA:32,1,0,2
BRDA:32,1,1,2
BRDA:38,2,0,2
BRDA:38,2,1,0
BRDA:38,3,0,2
BRDA:38,3,1,2
BRDA:41,4,0,2
BRDA:41,4,1,0
BRDA:41,5,0,2
BRDA:41,5,1,2
BRF:12
BRH:9
end_of_record
TN:
SF:src/modules/category/infrastructure/repositories/category.repository.ts
FN:12,(anonymous_4)
FN:17,(anonymous_5)
FN:23,(anonymous_6)
FN:35,(anonymous_7)
FN:64,(anonymous_8)
FN:78,(anonymous_9)
FN:83,(anonymous_10)
FNF:7
FNH:7
FNDA:19,(anonymous_4)
FNDA:1,(anonymous_5)
FNDA:2,(anonymous_6)
FNDA:7,(anonymous_7)
FNDA:2,(anonymous_8)
FNDA:3,(anonymous_9)
FNDA:3,(anonymous_10)
DA:1,1
DA:2,1
DA:3,1
DA:6,1
DA:7,1
DA:11,1
DA:14,19
DA:18,1
DA:19,1
DA:20,1
DA:24,2
DA:28,2
DA:29,1
DA:32,1
DA:36,7
DA:38,7
DA:39,6
DA:40,3
DA:41,1
DA:43,2
DA:49,6
DA:50,2
DA:53,6
DA:54,3
DA:58,7
DA:60,7
DA:61,7
DA:65,2
DA:67,2
DA:68,1
DA:71,1
DA:72,1
DA:74,1
DA:75,1
DA:79,3
DA:80,3
DA:84,3
DA:85,3
LF:38
LH:38
BRDA:28,0,0,1
BRDA:28,0,1,1
BRDA:38,1,0,6
BRDA:38,1,1,1
BRDA:39,2,0,3
BRDA:39,2,1,3
BRDA:40,3,0,1
BRDA:40,3,1,2
BRDA:49,4,0,2
BRDA:49,4,1,4
BRDA:53,5,0,3
BRDA:53,5,1,3
BRDA:67,6,0,1
BRDA:67,6,1,1
BRDA:80,7,0,3
BRDA:80,7,1,1
BRDA:85,8,0,3
BRDA:85,8,1,1
BRDA:14,9,0,1
BRDA:14,9,1,0
BRDA:14,10,0,1
BRDA:14,10,1,1
BRF:22
BRH:21
end_of_record
TN:
SF:src/modules/category/presentation/controllers/category.controller.ts
FN:42,(anonymous_4)
FN:59,(anonymous_5)
FN:99,(anonymous_6)
FN:114,(anonymous_7)
FN:133,(anonymous_8)
FN:157,(anonymous_9)
FNF:6
FNH:6
FNDA:12,(anonymous_4)
FNDA:2,(anonymous_5)
FNDA:4,(anonymous_6)
FNDA:1,(anonymous_7)
FNDA:2,(anonymous_8)
FNDA:2,(anonymous_9)
DA:1,1
DA:16,1
DA:24,1
DA:25,1
DA:26,1
DA:27,1
DA:28,1
DA:29,1
DA:30,1
DA:31,1
DA:32,1
DA:33,1
DA:34,1
DA:35,1
DA:41,1
DA:43,12
DA:44,12
DA:45,12
DA:46,12
DA:47,12
DA:59,1
DA:64,2
DA:65,2
DA:68,2
DA:70,2
DA:71,2
DA:72,2
DA:99,1
DA:100,4
DA:101,4
DA:102,4
DA:114,1
DA:115,1
DA:116,1
DA:133,1
DA:139,2
DA:140,2
DA:142,2
DA:143,2
DA:144,2
DA:157,1
DA:159,2
DA:160,2
DA:162,2
LF:44
LH:44
BRDA:61,0,0,1
BRDA:61,0,1,0
BRDA:61,1,0,1
BRDA:61,1,1,1
BRDA:62,2,0,1
BRDA:62,2,1,0
BRDA:62,3,0,1
BRDA:62,3,1,1
BRDA:99,4,0,1
BRDA:99,4,1,0
BRDA:99,5,0,1
BRDA:99,5,1,1
BRDA:99,6,0,1
BRDA:99,6,1,0
BRDA:99,7,0,1
BRDA:99,7,1,1
BRDA:114,8,0,1
BRDA:114,8,1,0
BRDA:114,9,0,1
BRDA:114,9,1,1
BRDA:136,10,0,1
BRDA:136,10,1,0
BRDA:136,11,0,1
BRDA:136,11,1,1
BRDA:137,12,0,1
BRDA:137,12,1,0
BRDA:137,13,0,1
BRDA:137,13,1,1
BRDA:157,14,0,1
BRDA:157,14,1,0
BRDA:157,15,0,1
BRDA:157,15,1,1
BRDA:43,16,0,1
BRDA:43,16,1,0
BRDA:43,17,0,1
BRDA:43,17,1,1
BRDA:43,18,0,1
BRDA:43,18,1,0
BRDA:43,19,0,1
BRDA:43,19,1,1
BRDA:44,20,0,1
BRDA:44,20,1,0
BRDA:44,21,0,1
BRDA:44,21,1,1
BRDA:45,22,0,1
BRDA:45,22,1,0
BRDA:45,23,0,1
BRDA:45,23,1,1
BRDA:46,24,0,1
BRDA:46,24,1,0
BRDA:46,25,0,1
BRDA:46,25,1,1
BRF:52
BRH:39
end_of_record
TN:
SF:src/modules/category/presentation/dto/category-filter.dto.ts
FN:31,(anonymous_2)
FNF:1
FNH:0
FNDA:0,(anonymous_2)
DA:1,1
DA:2,1
DA:3,1
DA:5,1
DA:13,1
DA:22,1
DA:31,0
DA:32,1
LF:8
LH:7
BRDA:31,0,0,0
BRDA:31,0,1,0
BRF:2
BRH:0
end_of_record
TN:
SF:src/modules/category/presentation/dto/category-response.dto.ts
FNF:0
FNH:0
DA:1,2
DA:3,2
DA:8,2
DA:14,2
DA:20,2
DA:26,2
DA:34,2
DA:40,2
DA:47,2
DA:54,2
LF:10
LH:10
BRDA:47,0,0,2
BRDA:47,0,1,0
BRDA:47,1,0,2
BRDA:47,1,1,2
BRDA:54,2,0,2
BRDA:54,2,1,0
BRDA:54,3,0,2
BRDA:54,3,1,2
BRF:8
BRH:6
end_of_record
TN:
SF:src/modules/category/presentation/dto/create-category.dto.ts
FNF:0
FNH:0
DA:1,1
DA:2,1
DA:4,1
DA:12,1
DA:21,1
DA:31,1
DA:40,1
LF:7
LH:7
BRF:0
BRH:0
end_of_record
TN:
SF:src/modules/category/presentation/dto/update-category.dto.ts
FNF:0
FNH:0
DA:1,1
DA:2,1
DA:4,1
DA:14,1
DA:25,1
DA:37,1
LF:6
LH:6
BRF:0
BRH:0
end_of_record
TN:
SF:src/modules/category/presentation/mappers/category-presentation.mapper.ts
FN:11,(anonymous_0)
FN:21,(anonymous_1)
FN:29,(anonymous_2)
FN:37,(anonymous_3)
FN:50,(anonymous_4)
FN:51,(anonymous_5)
FNF:6
FNH:6
FNDA:5,(anonymous_0)
FNDA:5,(anonymous_1)
FNDA:7,(anonymous_2)
FNDA:17,(anonymous_3)
FNDA:7,(anonymous_4)
FNDA:9,(anonymous_5)
DA:4,2
DA:10,2
DA:12,5
DA:22,5
DA:30,7
DA:38,17
DA:39,17
DA:40,17
DA:41,17
DA:42,17
DA:43,17
DA:44,17
DA:45,17
DA:46,17
DA:47,17
DA:51,9
LF:16
LH:16
BRDA:43,0,0,17
BRDA:43,0,1,4
BRF:2
BRH:2
end_of_record
TN:
SF:src/modules/document/document.module.ts
FNF:0
FNH:0
DA:1,0
DA:2,0
DA:3,0
DA:4,0
DA:5,0
DA:6,0
DA:7,0
DA:8,0
DA:9,0
DA:10,0
DA:27,0
LF:11
LH:0
BRF:0
BRH:0
end_of_record
TN:
SF:src/modules/document/application/ports/document-repository.interface.ts
FNF:0
FNH:0
DA:13,0
LF:1
LH:0
BRF:0
BRH:0
end_of_record
TN:
SF:src/modules/document/application/use-cases/delete-document.use-case.ts
FN:7,(anonymous_4)
FN:12,(anonymous_5)
FNF:2
FNH:0
FNDA:0,(anonymous_4)
FNDA:0,(anonymous_5)
DA:1,0
DA:3,0
DA:6,0
DA:9,0
DA:14,0
DA:16,0
DA:17,0
DA:20,0
DA:21,0
DA:25,0
DA:27,0
DA:28,0
LF:12
LH:0
BRDA:16,0,0,0
BRDA:16,0,1,0
BRDA:20,1,0,0
BRDA:20,1,1,0
BRDA:27,2,0,0
BRDA:27,2,1,0
BRF:6
BRH:0
end_of_record
TN:
SF:src/modules/document/application/use-cases/find-all-documents.use-case.ts
FN:9,(anonymous_4)
FN:14,(anonymous_5)
FNF:2
FNH:0
FNDA:0,(anonymous_4)
FNDA:0,(anonymous_5)
DA:1,0
DA:3,0
DA:8,0
DA:11,0
DA:15,0
LF:5
LH:0
BRF:0
BRH:0
end_of_record
TN:
SF:src/modules/document/application/use-cases/reprocess-ocr.use-case.ts
FN:9,(anonymous_4)
FN:14,(anonymous_5)
FNF:2
FNH:0
FNDA:0,(anonymous_4)
FNDA:0,(anonymous_5)
DA:1,0
DA:3,0
DA:8,0
DA:11,0
DA:16,0
DA:18,0
DA:19,0
DA:22,0
DA:23,0
DA:27,0
DA:28,0
DA:32,0
DA:33,0
DA:37,0
DA:40,0
DA:42,0
DA:43,0
DA:48,0
LF:18
LH:0
BRDA:18,0,0,0
BRDA:18,0,1,0
BRDA:22,1,0,0
BRDA:22,1,1,0
BRDA:27,2,0,0
BRDA:27,2,1,0
BRDA:27,3,0,0
BRDA:27,3,1,0
BRDA:32,4,0,0
BRDA:32,4,1,0
BRDA:42,5,0,0
BRDA:42,5,1,0
BRF:12
BRH:0
end_of_record
TN:
SF:src/modules/document/application/use-cases/upload-document.use-case.ts
FN:10,(anonymous_4)
FN:15,(anonymous_5)
FNF:2
FNH:0
FNDA:0,(anonymous_4)
FNDA:0,(anonymous_5)
DA:1,0
DA:2,0
DA:4,0
DA:5,0
DA:9,0
DA:12,0
DA:17,0
DA:20,0
DA:21,0
DA:24,0
DA:38,0
DA:43,0
LF:12
LH:0
BRF:0
BRH:0
end_of_record
TN:
SF:src/modules/document/domain/document.entity.ts
FN:40,(anonymous_0)
FN:62,(anonymous_1)
FN:66,(anonymous_2)
FN:70,(anonymous_3)
FN:74,(anonymous_4)
FN:78,(anonymous_5)
FN:82,(anonymous_6)
FN:86,(anonymous_7)
FN:90,(anonymous_8)
FN:94,(anonymous_9)
FN:98,(anonymous_10)
FN:102,(anonymous_11)
FN:106,(anonymous_12)
FN:110,(anonymous_13)
FN:114,(anonymous_14)
FN:118,(anonymous_15)
FN:122,(anonymous_16)
FN:127,(anonymous_17)
FN:151,(anonymous_18)
FN:159,(anonymous_19)
FN:165,(anonymous_20)
FN:170,(anonymous_21)
FN:175,(anonymous_22)
FN:181,(anonymous_23)
FN:185,(anonymous_24)
FN:189,(anonymous_25)
FN:193,(anonymous_26)
FNF:27
FNH:0
FNDA:0,(anonymous_0)
FNDA:0,(anonymous_1)
FNDA:0,(anonymous_2)
FNDA:0,(anonymous_3)
FNDA:0,(anonymous_4)
FNDA:0,(anonymous_5)
FNDA:0,(anonymous_6)
FNDA:0,(anonymous_7)
FNDA:0,(anonymous_8)
FNDA:0,(anonymous_9)
FNDA:0,(anonymous_10)
FNDA:0,(anonymous_11)
FNDA:0,(anonymous_12)
FNDA:0,(anonymous_13)
FNDA:0,(anonymous_14)
FNDA:0,(anonymous_15)
FNDA:0,(anonymous_16)
FNDA:0,(anonymous_17)
FNDA:0,(anonymous_18)
FNDA:0,(anonymous_19)
FNDA:0,(anonymous_20)
FNDA:0,(anonymous_21)
FNDA:0,(anonymous_22)
FNDA:0,(anonymous_23)
FNDA:0,(anonymous_24)
FNDA:0,(anonymous_25)
FNDA:0,(anonymous_26)
DA:22,0
DA:41,0
DA:42,0
DA:43,0
DA:44,0
DA:45,0
DA:46,0
DA:47,0
DA:48,0
DA:49,0
DA:50,0
DA:51,0
DA:52,0
DA:53,0
DA:54,0
DA:55,0
DA:56,0
DA:58,0
DA:63,0
DA:67,0
DA:71,0
DA:75,0
DA:79,0
DA:83,0
DA:87,0
DA:91,0
DA:95,0
DA:99,0
DA:103,0
DA:107,0
DA:111,0
DA:115,0
DA:119,0
DA:123,0
DA:128,0
DA:129,0
DA:132,0
DA:133,0
DA:136,0
DA:137,0
DA:140,0
DA:141,0
DA:144,0
DA:145,0
DA:146,0
DA:152,0
DA:153,0
DA:154,0
DA:156,0
DA:160,0
DA:161,0
DA:162,0
DA:166,0
DA:167,0
DA:171,0
DA:172,0
DA:176,0
DA:177,0
DA:178,0
DA:182,0
DA:186,0
DA:190,0
DA:194,0
LF:63
LH:0
BRDA:128,0,0,0
BRDA:128,0,1,0
BRDA:128,1,0,0
BRDA:128,1,1,0
BRDA:132,2,0,0
BRDA:132,2,1,0
BRDA:136,3,0,0
BRDA:136,3,1,0
BRDA:136,4,0,0
BRDA:136,4,1,0
BRDA:140,5,0,0
BRDA:140,5,1,0
BRDA:140,6,0,0
BRDA:140,6,1,0
BRDA:145,7,0,0
BRDA:145,7,1,0
BRDA:153,8,0,0
BRDA:153,8,1,0
BRF:18
BRH:0
end_of_record
TN:
SF:src/modules/document/infrastructure/mappers/document.mapper.ts
FN:5,(anonymous_0)
FN:28,(anonymous_1)
FN:59,(anonymous_2)
FN:60,(anonymous_3)
FNF:4
FNH:0
FNDA:0,(anonymous_0)
FNDA:0,(anonymous_1)
FNDA:0,(anonymous_2)
FNDA:0,(anonymous_3)
DA:1,0
DA:2,0
DA:4,0
DA:6,0
DA:25,0
DA:29,0
DA:31,0
DA:32,0
DA:34,0
DA:35,0
DA:36,0
DA:37,0
DA:38,0
DA:39,0
DA:40,0
DA:41,0
DA:42,0
DA:43,0
DA:44,0
DA:45,0
DA:46,0
DA:47,0
DA:49,0
DA:50,0
DA:52,0
DA:53,0
DA:56,0
DA:60,0
LF:28
LH:0
BRDA:31,0,0,0
BRDA:31,0,1,0
BRDA:46,1,0,0
BRDA:46,1,1,0
BRDA:49,2,0,0
BRDA:49,2,1,0
BRDA:52,3,0,0
BRDA:52,3,1,0
BRF:8
BRH:0
end_of_record
TN:
SF:src/modules/document/infrastructure/persistence/document.entity.ts
FN:27,(anonymous_2)
FN:34,(anonymous_3)
FNF:2
FNH:0
FNDA:0,(anonymous_2)
FNDA:0,(anonymous_3)
DA:1,0
DA:11,0
DA:12,0
DA:17,0
DA:19,0
DA:22,0
DA:25,0
DA:27,0
DA:29,0
DA:32,0
DA:34,0
DA:36,0
DA:39,0
DA:42,0
DA:45,0
DA:48,0
DA:51,0
DA:54,0
DA:57,0
DA:60,0
DA:63,0
DA:66,0
DA:69,0
DA:72,0
LF:24
LH:0
BRDA:29,0,0,0
BRDA:29,0,1,0
BRDA:29,1,0,0
BRDA:29,1,1,0
BRDA:36,2,0,0
BRDA:36,2,1,0
BRDA:36,3,0,0
BRDA:36,3,1,0
BRDA:66,4,0,0
BRDA:66,4,1,0
BRDA:66,5,0,0
BRDA:66,5,1,0
BRDA:69,6,0,0
BRDA:69,6,1,0
BRDA:69,7,0,0
BRDA:69,7,1,0
BRDA:72,8,0,0
BRDA:72,8,1,0
BRDA:72,9,0,0
BRDA:72,9,1,0
BRF:20
BRH:0
end_of_record
TN:
SF:src/modules/document/infrastructure/repositories/document.repository.ts
FN:12,(anonymous_4)
FN:17,(anonymous_5)
FN:23,(anonymous_6)
FN:35,(anonymous_7)
FN:81,(anonymous_8)
FN:95,(anonymous_9)
FN:100,(anonymous_10)
FNF:7
FNH:0
FNDA:0,(anonymous_4)
FNDA:0,(anonymous_5)
FNDA:0,(anonymous_6)
FNDA:0,(anonymous_7)
FNDA:0,(anonymous_8)
FNDA:0,(anonymous_9)
FNDA:0,(anonymous_10)
DA:1,0
DA:2,0
DA:3,0
DA:6,0
DA:7,0
DA:11,0
DA:14,0
DA:18,0
DA:19,0
DA:20,0
DA:24,0
DA:28,0
DA:29,0
DA:32,0
DA:36,0
DA:39,0
DA:41,0
DA:42,0
DA:47,0
DA:48,0
DA:53,0
DA:54,0
DA:59,0
DA:60,0
DA:66,0
DA:67,0
DA:68,0
DA:69,0
DA:70,0
DA:73,0
DA:74,0
DA:77,0
DA:78,0
DA:82,0
DA:84,0
DA:85,0
DA:88,0
DA:89,0
DA:91,0
DA:92,0
DA:96,0
DA:97,0
DA:101,0
DA:102,0
LF:44
LH:0
BRDA:28,0,0,0
BRDA:28,0,1,0
BRDA:41,1,0,0
BRDA:41,1,1,0
BRDA:47,2,0,0
BRDA:47,2,1,0
BRDA:53,3,0,0
BRDA:53,3,1,0
BRDA:59,4,0,0
BRDA:59,4,1,0
BRDA:66,5,0,0
BRDA:66,5,1,0
BRDA:68,6,0,0
BRDA:68,6,1,0
BRDA:73,7,0,0
BRDA:73,7,1,0
BRDA:84,8,0,0
BRDA:84,8,1,0
BRDA:97,9,0,0
BRDA:97,9,1,0
BRDA:102,10,0,0
BRDA:102,10,1,0
BRDA:14,11,0,0
BRDA:14,11,1,0
BRDA:14,12,0,0
BRDA:14,12,1,0
BRF:26
BRH:0
end_of_record
TN:
SF:src/modules/document/presentation/controllers/document.controller.ts
FN:46,(anonymous_4)
FN:86,(anonymous_5)
FN:156,(anonymous_6)
FN:175,(anonymous_7)
FN:194,(anonymous_8)
FNF:5
FNH:0
FNDA:0,(anonymous_4)
FNDA:0,(anonymous_5)
FNDA:0,(anonymous_6)
FNDA:0,(anonymous_7)
FNDA:0,(anonymous_8)
DA:1,0
DA:21,0
DA:22,0
DA:31,0
DA:32,0
DA:33,0
DA:34,0
DA:35,0
DA:36,0
DA:37,0
DA:38,0
DA:39,0
DA:45,0
DA:47,0
DA:48,0
DA:49,0
DA:50,0
DA:86,0
DA:103,0
DA:104,0
DA:106,0
DA:107,0
DA:110,0
DA:120,0
DA:121,0
DA:156,0
DA:161,0
DA:162,0
DA:164,0
DA:165,0
DA:166,0
DA:175,0
DA:177,0
DA:178,0
DA:180,0
DA:194,0
DA:200,0
DA:201,0
DA:203,0
DA:204,0
DA:205,0
LF:41
LH:0
BRDA:106,0,0,0
BRDA:106,0,1,0
BRDA:117,1,0,0
BRDA:117,1,1,0
BRDA:98,2,0,0
BRDA:98,2,1,0
BRDA:98,3,0,0
BRDA:98,3,1,0
BRDA:98,3,2,0
BRDA:101,4,0,0
BRDA:101,4,1,0
BRDA:101,5,0,0
BRDA:101,5,1,0
BRDA:158,6,0,0
BRDA:158,6,1,0
BRDA:158,7,0,0
BRDA:158,7,1,0
BRDA:159,8,0,0
BRDA:159,8,1,0
BRDA:159,9,0,0
BRDA:159,9,1,0
BRDA:175,10,0,0
BRDA:175,10,1,0
BRDA:175,11,0,0
BRDA:175,11,1,0
BRDA:197,12,0,0
BRDA:197,12,1,0
BRDA:197,13,0,0
BRDA:197,13,1,0
BRDA:198,14,0,0
BRDA:198,14,1,0
BRDA:198,15,0,0
BRDA:198,15,1,0
BRDA:47,16,0,0
BRDA:47,16,1,0
BRDA:47,17,0,0
BRDA:47,17,1,0
BRDA:47,18,0,0
BRDA:47,18,1,0
BRDA:47,19,0,0
BRDA:47,19,1,0
BRDA:48,20,0,0
BRDA:48,20,1,0
BRDA:48,21,0,0
BRDA:48,21,1,0
BRDA:49,22,0,0
BRDA:49,22,1,0
BRDA:49,23,0,0
BRDA:49,23,1,0
BRF:49
BRH:0
end_of_record
TN:
SF:src/modules/document/presentation/dto/document-filter.dto.ts
FN:19,(anonymous_2)
FN:46,(anonymous_3)
FNF:2
FNH:0
FNDA:0,(anonymous_2)
FNDA:0,(anonymous_3)
DA:1,0
DA:2,0
DA:3,0
DA:5,0
DA:12,0
DA:19,0
DA:21,0
DA:30,0
DA:38,0
DA:46,0
DA:50,0
DA:58,0
LF:12
LH:0
BRF:0
BRH:0
end_of_record
TN:
SF:src/modules/document/presentation/dto/document-response.dto.ts
FNF:0
FNH:0
DA:1,0
DA:3,0
DA:8,0
DA:14,0
DA:20,0
DA:26,0
DA:32,0
DA:38,0
DA:44,0
DA:50,0
DA:56,0
DA:62,0
DA:68,0
DA:75,0
DA:81,0
DA:87,0
DA:93,0
DA:99,0
LF:18
LH:0
BRF:0
BRH:0
end_of_record
TN:
SF:src/modules/document/presentation/dto/reprocess-ocr.dto.ts
FNF:0
FNH:0
DA:1,0
DA:2,0
DA:4,0
DA:12,0
LF:4
LH:0
BRF:0
BRH:0
end_of_record
TN:
SF:src/modules/document/presentation/dto/upload-document.dto.ts
FN:26,(anonymous_2)
FNF:1
FNH:0
FNDA:0,(anonymous_2)
DA:1,0
DA:2,0
DA:3,0
DA:5,0
DA:11,0
DA:19,0
DA:26,0
DA:28,0
LF:8
LH:0
BRDA:11,0,0,0
BRDA:11,0,1,0
BRDA:11,1,0,0
BRDA:11,1,1,0
BRDA:11,1,2,0
BRF:5
BRH:0
end_of_record
TN:
SF:src/modules/document/presentation/mappers/document-presentation.mapper.ts
FN:9,(anonymous_0)
FN:30,(anonymous_1)
FN:31,(anonymous_2)
FN:34,(anonymous_3)
FN:46,(anonymous_4)
FNF:5
FNH:0
FNDA:0,(anonymous_0)
FNDA:0,(anonymous_1)
FNDA:0,(anonymous_2)
FNDA:0,(anonymous_3)
FNDA:0,(anonymous_4)
DA:8,0
DA:10,0
DA:31,0
DA:35,0
DA:47,0
LF:5
LH:0
BRDA:41,0,0,0
BRDA:41,0,1,0
BRDA:42,1,0,0
BRDA:42,1,1,0
BRDA:48,2,0,0
BRDA:48,2,1,0
BRF:6
BRH:0
end_of_record
TN:
SF:src/modules/event/event.module.ts
FN:24,(anonymous_1)
FN:25,(anonymous_2)
FNF:2
FNH:0
FNDA:0,(anonymous_1)
FNDA:0,(anonymous_2)
DA:1,0
DA:2,0
DA:3,0
DA:4,0
DA:5,0
DA:6,0
DA:7,0
DA:8,0
DA:9,0
DA:10,0
DA:11,0
DA:12,0
DA:13,0
DA:14,0
DA:15,0
DA:16,0
DA:17,0
DA:18,0
DA:19,0
DA:24,0
DA:25,0
DA:47,0
LF:22
LH:0
BRF:0
BRH:0
end_of_record
TN:
SF:src/modules/event-series/event-series.module.ts
FN:16,(anonymous_1)
FN:17,(anonymous_2)
FNF:2
FNH:0
FNDA:0,(anonymous_1)
FNDA:0,(anonymous_2)
DA:1,0
DA:2,0
DA:3,0
DA:4,0
DA:5,0
DA:6,0
DA:7,0
DA:8,0
DA:9,0
DA:10,0
DA:11,0
DA:16,0
DA:17,0
DA:36,0
LF:14
LH:0
BRF:0
BRH:0
end_of_record
TN:
SF:src/modules/event-series/application/dto/create-event-series-app.dto.ts
FNF:0
FNH:0
DA:1,0
LF:1
LH:0
BRF:0
BRH:0
end_of_record
TN:
SF:src/modules/event-series/application/dto/update-event-series-app.dto.ts
FNF:0
FNH:0
DA:1,0
LF:1
LH:0
BRF:0
BRH:0
end_of_record
TN:
SF:src/modules/event-series/application/ports/event-series-repository.interface.ts
FNF:0
FNH:0
DA:12,0
LF:1
LH:0
BRF:0
BRH:0
end_of_record
TN:
SF:src/modules/event-series/application/use-cases/create-event-series.use-case.ts
FN:9,(anonymous_4)
FN:14,(anonymous_5)
FNF:2
FNH:0
FNDA:0,(anonymous_4)
FNDA:0,(anonymous_5)
DA:1,0
DA:2,0
DA:5,0
DA:8,0
DA:11,0
DA:15,0
DA:24,0
LF:7
LH:0
BRDA:19,0,0,0
BRDA:19,0,1,0
BRF:2
BRH:0
end_of_record
TN:
SF:src/modules/event-series/application/use-cases/find-event-series-by-subscription.use-case.ts
FN:8,(anonymous_4)
FN:13,(anonymous_5)
FNF:2
FNH:0
FNDA:0,(anonymous_4)
FNDA:0,(anonymous_5)
DA:1,0
DA:4,0
DA:7,0
DA:10,0
DA:14,0
DA:16,0
DA:17,0
DA:20,0
LF:8
LH:0
BRDA:16,0,0,0
BRDA:16,0,1,0
BRF:2
BRH:0
end_of_record
TN:
SF:src/modules/event-series/application/use-cases/generate-events-from-series.use-case.ts
FN:14,(anonymous_4)
FN:27,(anonymous_5)
FN:51,(anonymous_6)
FN:59,(anonymous_7)
FN:66,(anonymous_8)
FN:78,(anonymous_9)
FN:91,(anonymous_10)
FN:112,(anonymous_11)
FN:119,(anonymous_12)
FN:126,(anonymous_13)
FN:135,(anonymous_14)
FN:139,(anonymous_15)
FNF:12
FNH:0
FNDA:0,(anonymous_4)
FNDA:0,(anonymous_5)
FNDA:0,(anonymous_6)
FNDA:0,(anonymous_7)
FNDA:0,(anonymous_8)
FNDA:0,(anonymous_9)
FNDA:0,(anonymous_10)
FNDA:0,(anonymous_11)
FNDA:0,(anonymous_12)
FNDA:0,(anonymous_13)
FNDA:0,(anonymous_14)
FNDA:0,(anonymous_15)
DA:1,0
DA:2,0
DA:4,0
DA:13,0
DA:16,0
DA:33,0
DA:35,0
DA:36,0
DA:40,0
DA:46,0
DA:49,0
DA:51,0
DA:54,0
DA:58,0
DA:59,0
DA:60,0
DA:65,0
DA:66,0
DA:67,0
DA:72,0
DA:75,0
DA:78,0
DA:95,0
DA:97,0
DA:98,0
DA:102,0
DA:108,0
DA:111,0
DA:112,0
DA:114,0
DA:118,0
DA:119,0
DA:120,0
DA:125,0
DA:126,0
DA:127,0
DA:132,0
DA:135,0
DA:136,0
DA:139,0
LF:40
LH:0
BRDA:31,0,0,0
BRDA:35,1,0,0
BRDA:35,1,1,0
BRDA:49,2,0,0
BRDA:49,2,1,0
BRDA:58,3,0,0
BRDA:58,3,1,0
BRDA:58,4,0,0
BRDA:58,4,1,0
BRDA:65,5,0,0
BRDA:65,5,1,0
BRDA:65,6,0,0
BRDA:65,6,1,0
BRDA:93,7,0,0
BRDA:97,8,0,0
BRDA:97,8,1,0
BRDA:111,9,0,0
BRDA:111,9,1,0
BRDA:118,10,0,0
BRDA:118,10,1,0
BRDA:118,11,0,0
BRDA:118,11,1,0
BRDA:125,12,0,0
BRDA:125,12,1,0
BRDA:125,13,0,0
BRDA:125,13,1,0
BRDA:136,14,0,0
BRDA:136,14,1,0
BRF:28
BRH:0
end_of_record
TN:
SF:src/modules/event-series/domain/event-series.entity.ts
FN:26,(anonymous_0)
FN:42,(anonymous_1)
FN:46,(anonymous_2)
FN:50,(anonymous_3)
FN:54,(anonymous_4)
FN:58,(anonymous_5)
FN:62,(anonymous_6)
FN:66,(anonymous_7)
FN:70,(anonymous_8)
FN:74,(anonymous_9)
FN:78,(anonymous_10)
FN:83,(anonymous_11)
FN:108,(anonymous_12)
FN:113,(anonymous_13)
FN:121,(anonymous_14)
FN:128,(anonymous_15)
FN:135,(anonymous_16)
FN:140,(anonymous_17)
FN:145,(anonymous_18)
FN:147,(anonymous_19)
FN:151,(anonymous_20)
FN:156,(anonymous_21)
FN:161,(anonymous_22)
FN:163,(anonymous_23)
FN:167,(anonymous_24)
FNF:25
FNH:0
FNDA:0,(anonymous_0)
FNDA:0,(anonymous_1)
FNDA:0,(anonymous_2)
FNDA:0,(anonymous_3)
FNDA:0,(anonymous_4)
FNDA:0,(anonymous_5)
FNDA:0,(anonymous_6)
FNDA:0,(anonymous_7)
FNDA:0,(anonymous_8)
FNDA:0,(anonymous_9)
FNDA:0,(anonymous_10)
FNDA:0,(anonymous_11)
FNDA:0,(anonymous_12)
FNDA:0,(anonymous_13)
FNDA:0,(anonymous_14)
FNDA:0,(anonymous_15)
FNDA:0,(anonymous_16)
FNDA:0,(anonymous_17)
FNDA:0,(anonymous_18)
FNDA:0,(anonymous_19)
FNDA:0,(anonymous_20)
FNDA:0,(anonymous_21)
FNDA:0,(anonymous_22)
FNDA:0,(anonymous_23)
FNDA:0,(anonymous_24)
DA:14,0
DA:27,0
DA:28,0
DA:29,0
DA:30,0
DA:31,0
DA:32,0
DA:33,0
DA:34,0
DA:35,0
DA:36,0
DA:38,0
DA:43,0
DA:47,0
DA:51,0
DA:55,0
DA:59,0
DA:63,0
DA:67,0
DA:71,0
DA:75,0
DA:79,0
DA:84,0
DA:85,0
DA:88,0
DA:89,0
DA:92,0
DA:93,0
DA:97,0
DA:98,0
DA:102,0
DA:103,0
DA:109,0
DA:114,0
DA:115,0
DA:117,0
DA:118,0
DA:122,0
DA:123,0
DA:125,0
DA:129,0
DA:130,0
DA:132,0
DA:136,0
DA:137,0
DA:140,0
DA:141,0
DA:146,0
DA:147,0
DA:152,0
DA:153,0
DA:156,0
DA:157,0
DA:162,0
DA:163,0
DA:168,0
LF:56
LH:0
BRDA:31,0,0,0
BRDA:31,0,1,0
BRDA:84,1,0,0
BRDA:84,1,1,0
BRDA:84,2,0,0
BRDA:84,2,1,0
BRDA:88,3,0,0
BRDA:88,3,1,0
BRDA:88,4,0,0
BRDA:88,4,1,0
BRDA:92,5,0,0
BRDA:92,5,1,0
BRDA:97,6,0,0
BRDA:97,6,1,0
BRDA:102,7,0,0
BRDA:102,7,1,0
BRDA:102,8,0,0
BRDA:102,8,1,0
BRDA:114,9,0,0
BRDA:114,9,1,0
BRDA:114,10,0,0
BRDA:114,10,1,0
BRDA:122,11,0,0
BRDA:122,11,1,0
BRDA:129,12,0,0
BRDA:129,12,1,0
BRDA:129,13,0,0
BRDA:129,13,1,0
BRDA:136,14,0,0
BRDA:136,14,1,0
BRDA:140,15,0,0
BRDA:140,15,1,0
BRDA:146,16,0,0
BRDA:146,16,1,0
BRDA:152,17,0,0
BRDA:152,17,1,0
BRDA:156,18,0,0
BRDA:156,18,1,0
BRDA:162,19,0,0
BRDA:162,19,1,0
BRF:40
BRH:0
end_of_record
TN:
SF:src/modules/event-series/infrastructure/mappers/event-series.mapper.ts
FN:5,(anonymous_0)
FN:20,(anonymous_1)
FN:49,(anonymous_2)
FN:50,(anonymous_3)
FNF:4
FNH:0
FNDA:0,(anonymous_0)
FNDA:0,(anonymous_1)
FNDA:0,(anonymous_2)
FNDA:0,(anonymous_3)
DA:1,0
DA:2,0
DA:4,0
DA:6,0
DA:21,0
DA:23,0
DA:24,0
DA:27,0
DA:28,0
DA:29,0
DA:30,0
DA:31,0
DA:32,0
DA:34,0
DA:35,0
DA:38,0
DA:39,0
DA:42,0
DA:43,0
DA:46,0
DA:50,0
LF:21
LH:0
BRDA:23,0,0,0
BRDA:23,0,1,0
BRDA:34,1,0,0
BRDA:34,1,1,0
BRDA:38,2,0,0
BRDA:38,2,1,0
BRDA:42,3,0,0
BRDA:42,3,1,0
BRF:8
BRH:0
end_of_record
TN:
SF:src/modules/event-series/infrastructure/persistence/event-series.entity.ts
FN:21,(anonymous_2)
FNF:1
FNH:0
FNDA:0,(anonymous_2)
DA:1,0
DA:11,0
DA:14,0
DA:16,0
DA:19,0
DA:21,0
DA:23,0
DA:26,0
DA:29,0
DA:32,0
DA:35,0
DA:38,0
DA:41,0
DA:44,0
DA:47,0
LF:15
LH:0
BRDA:23,0,0,0
BRDA:23,0,1,0
BRDA:23,1,0,0
BRDA:23,1,1,0
BRDA:29,2,0,0
BRDA:29,2,1,0
BRDA:29,3,0,0
BRDA:29,3,1,0
BRDA:41,4,0,0
BRDA:41,4,1,0
BRDA:41,5,0,0
BRDA:41,5,1,0
BRDA:44,6,0,0
BRDA:44,6,1,0
BRDA:44,7,0,0
BRDA:44,7,1,0
BRDA:47,8,0,0
BRDA:47,8,1,0
BRDA:47,9,0,0
BRDA:47,9,1,0
BRF:20
BRH:0
end_of_record
TN:
SF:src/modules/event-series/infrastructure/repositories/event-series.repository.ts
FN:11,(anonymous_4)
FN:16,(anonymous_5)
FN:22,(anonymous_6)
FN:27,(anonymous_7)
FN:32,(anonymous_8)
FN:45,(anonymous_9)
FN:50,(anonymous_10)
FNF:7
FNH:0
FNDA:0,(anonymous_4)
FNDA:0,(anonymous_5)
FNDA:0,(anonymous_6)
FNDA:0,(anonymous_7)
FNDA:0,(anonymous_8)
FNDA:0,(anonymous_9)
FNDA:0,(anonymous_10)
DA:1,0
DA:2,0
DA:3,0
DA:5,0
DA:6,0
DA:10,0
DA:13,0
DA:17,0
DA:18,0
DA:19,0
DA:23,0
DA:24,0
DA:28,0
DA:29,0
DA:33,0
DA:34,0
DA:35,0
DA:38,0
DA:39,0
DA:41,0
DA:42,0
DA:46,0
DA:47,0
DA:51,0
DA:52,0
LF:25
LH:0
BRDA:24,0,0,0
BRDA:24,0,1,0
BRDA:29,1,0,0
BRDA:29,1,1,0
BRDA:34,2,0,0
BRDA:34,2,1,0
BRDA:47,3,0,0
BRDA:47,3,1,0
BRDA:47,3,2,0
BRDA:52,4,0,0
BRDA:52,4,1,0
BRDA:52,4,2,0
BRDA:13,5,0,0
BRDA:13,5,1,0
BRDA:13,6,0,0
BRDA:13,6,1,0
BRF:16
BRH:0
end_of_record
TN:
SF:src/modules/event-series/presentation/controllers/event-series.controller.ts
FN:38,(anonymous_4)
FN:54,(anonymous_5)
FN:79,(anonymous_6)
FN:131,(anonymous_7)
FNF:4
FNH:0
FNDA:0,(anonymous_4)
FNDA:0,(anonymous_5)
FNDA:0,(anonymous_6)
FNDA:0,(anonymous_7)
DA:1,0
DA:14,0
DA:23,0
DA:24,0
DA:25,0
DA:26,0
DA:27,0
DA:28,0
DA:29,0
DA:30,0
DA:31,0
DA:37,0
DA:39,0
DA:40,0
DA:41,0
DA:42,0
DA:54,0
DA:58,0
DA:60,0
DA:61,0
DA:62,0
DA:65,0
DA:66,0
DA:67,0
DA:79,0
DA:83,0
DA:85,0
DA:86,0
DA:87,0
DA:90,0
DA:91,0
DA:131,0
DA:138,0
DA:140,0
DA:141,0
DA:142,0
DA:144,0
DA:151,0
DA:152,0
DA:155,0
DA:156,0
DA:160,0
LF:42
LH:0
BRDA:61,0,0,0
BRDA:61,0,1,0
BRDA:86,1,0,0
BRDA:86,1,1,0
BRDA:140,2,0,0
BRDA:140,2,1,0
BRDA:141,3,0,0
BRDA:141,3,1,0
BRDA:142,4,0,0
BRDA:142,4,1,0
BRDA:151,5,0,0
BRDA:151,5,1,0
BRDA:155,6,0,0
BRDA:155,6,1,0
BRDA:56,7,0,0
BRDA:56,7,1,0
BRDA:56,8,0,0
BRDA:56,8,1,0
BRDA:57,9,0,0
BRDA:57,9,1,0
BRDA:57,10,0,0
BRDA:57,10,1,0
BRDA:82,11,0,0
BRDA:82,11,1,0
BRDA:82,12,0,0
BRDA:82,12,1,0
BRDA:39,13,0,0
BRDA:39,13,1,0
BRDA:39,14,0,0
BRDA:39,14,1,0
BRDA:39,15,0,0
BRDA:39,15,1,0
BRDA:39,16,0,0
BRDA:39,16,1,0
BRDA:40,17,0,0
BRDA:40,17,1,0
BRDA:40,18,0,0
BRDA:40,18,1,0
BRDA:41,19,0,0
BRDA:41,19,1,0
BRDA:41,20,0,0
BRDA:41,20,1,0
BRF:42
BRH:0
end_of_record
TN:
SF:src/modules/event-series/presentation/dto/create-event-series.dto.ts
FNF:0
FNH:0
DA:1,0
DA:2,0
DA:4,0
DA:11,0
DA:19,0
DA:27,0
DA:36,0
DA:46,0
DA:56,0
LF:9
LH:0
BRF:0
BRH:0
end_of_record
TN:
SF:src/modules/event-series/presentation/dto/event-series-response.dto.ts
FNF:0
FNH:0
DA:1,0
DA:3,0
DA:5,0
DA:8,0
DA:11,0
DA:14,0
DA:17,0
DA:20,0
DA:23,0
DA:26,0
DA:29,0
LF:11
LH:0
BRDA:14,0,0,0
BRDA:14,0,1,0
BRDA:14,1,0,0
BRDA:14,1,1,0
BRDA:26,2,0,0
BRDA:26,2,1,0
BRDA:26,3,0,0
BRDA:26,3,1,0
BRDA:29,4,0,0
BRDA:29,4,1,0
BRDA:29,5,0,0
BRDA:29,5,1,0
BRF:12
BRH:0
end_of_record
TN:
SF:src/modules/event-series/presentation/mappers/event-series-presentation.mapper.ts
FN:7,(anonymous_0)
FN:13,(anonymous_1)
FN:14,(anonymous_2)
FN:18,(anonymous_3)
FNF:4
FNH:0
FNDA:0,(anonymous_0)
FNDA:0,(anonymous_1)
FNDA:0,(anonymous_2)
FNDA:0,(anonymous_3)
DA:6,0
DA:8,0
DA:13,0
DA:14,0
DA:19,0
LF:5
LH:0
BRDA:12,0,0,0
BRDA:12,0,1,0
BRF:2
BRH:0
end_of_record
TN:
SF:src/modules/event/application/ports/event-repository.interface.ts
FNF:0
FNH:0
DA:16,0
LF:1
LH:0
BRF:0
BRH:0
end_of_record
TN:
SF:src/modules/event/application/services/event-generation.service.ts
FN:14,(anonymous_4)
FN:28,(anonymous_5)
FN:100,(anonymous_6)
FNF:3
FNH:0
FNDA:0,(anonymous_4)
FNDA:0,(anonymous_5)
FNDA:0,(anonymous_6)
DA:1,0
DA:2,0
DA:4,0
DA:6,0
DA:7,0
DA:8,0
DA:11,0
DA:12,0
DA:16,0
DA:18,0
DA:19,0
DA:20,0
DA:28,0
DA:29,0
DA:31,0
DA:33,0
DA:37,0
DA:39,0
DA:41,0
DA:42,0
DA:44,0
DA:48,0
DA:49,0
DA:50,0
DA:54,0
DA:55,0
DA:56,0
DA:58,0
DA:66,0
DA:74,0
DA:76,0
DA:77,0
DA:82,0
DA:88,0
DA:92,0
DA:101,0
DA:103,0
DA:105,0
DA:106,0
DA:109,0
DA:111,0
DA:112,0
DA:116,0
DA:117,0
DA:118,0
DA:120,0
DA:127,0
DA:135,0
DA:137,0
LF:49
LH:0
BRDA:48,0,0,0
BRDA:48,0,1,0
BRDA:76,1,0,0
BRDA:76,1,1,0
BRDA:105,2,0,0
BRDA:105,2,1,0
BRDA:111,3,0,0
BRDA:111,3,1,0
BRDA:19,4,0,0
BRDA:19,4,1,0
BRDA:19,5,0,0
BRDA:19,5,1,0
BRDA:19,6,0,0
BRDA:19,6,1,0
BRDA:19,7,0,0
BRDA:19,7,1,0
BRF:16
BRH:0
end_of_record
TN:
SF:src/modules/event/application/use-cases/create-event.use-case.ts
FN:20,(anonymous_4)
FN:25,(anonymous_5)
FN:41,(anonymous_6)
FN:43,(anonymous_7)
FNF:4
FNH:0
FNDA:0,(anonymous_4)
FNDA:0,(anonymous_5)
FNDA:0,(anonymous_6)
FNDA:0,(anonymous_7)
DA:1,0
DA:2,0
DA:4,0
DA:19,0
DA:22,0
DA:26,0
DA:38,0
DA:42,0
DA:44,0
DA:57,0
LF:10
LH:0
BRDA:33,0,0,0
BRDA:33,0,1,0
BRDA:51,1,0,0
BRDA:51,1,1,0
BRF:4
BRH:0
end_of_record
TN:
SF:src/modules/event/application/use-cases/delete-event.use-case.ts
FN:7,(anonymous_4)
FN:12,(anonymous_5)
FNF:2
FNH:0
FNDA:0,(anonymous_4)
FNDA:0,(anonymous_5)
DA:1,0
DA:3,0
DA:6,0
DA:9,0
DA:13,0
DA:15,0
DA:16,0
DA:19,0
LF:8
LH:0
BRDA:15,0,0,0
BRDA:15,0,1,0
BRF:2
BRH:0
end_of_record
TN:
SF:src/modules/event/application/use-cases/find-all-events.use-case.ts
FN:9,(anonymous_4)
FN:14,(anonymous_5)
FNF:2
FNH:0
FNDA:0,(anonymous_4)
FNDA:0,(anonymous_5)
DA:1,0
DA:3,0
DA:8,0
DA:11,0
DA:15,0
LF:5
LH:0
BRF:0
BRH:0
end_of_record
TN:
SF:src/modules/event/application/use-cases/generate-events-for-subscription.use-case.ts
FN:16,(anonymous_4)
FN:21,(anonymous_5)
FN:24,(anonymous_6)
FN:27,(anonymous_7)
FN:38,(anonymous_8)
FNF:5
FNH:0
FNDA:0,(anonymous_4)
FNDA:0,(anonymous_5)
FNDA:0,(anonymous_6)
FNDA:0,(anonymous_7)
FNDA:0,(anonymous_8)
DA:1,0
DA:2,0
DA:4,0
DA:15,0
DA:18,0
DA:23,0
DA:24,0
DA:27,0
DA:28,0
DA:29,0
DA:32,0
DA:33,0
DA:37,0
DA:39,0
DA:50,0
LF:15
LH:0
BRDA:32,0,0,0
BRDA:32,0,1,0
BRF:2
BRH:0
end_of_record
TN:
SF:src/modules/event/application/use-cases/get-event-by-id.use-case.ts
FN:8,(anonymous_4)
FN:13,(anonymous_5)
FNF:2
FNH:0
FNDA:0,(anonymous_4)
FNDA:0,(anonymous_5)
DA:1,0
DA:3,0
DA:7,0
DA:10,0
DA:14,0
DA:16,0
DA:17,0
DA:20,0
LF:8
LH:0
BRDA:16,0,0,0
BRDA:16,0,1,0
BRF:2
BRH:0
end_of_record
TN:
SF:src/modules/event/application/use-cases/reschedule-event.use-case.ts
FN:9,(anonymous_4)
FN:14,(anonymous_5)
FNF:2
FNH:0
FNDA:0,(anonymous_4)
FNDA:0,(anonymous_5)
DA:1,0
DA:3,0
DA:8,0
DA:11,0
DA:15,0
DA:17,0
DA:18,0
DA:22,0
DA:25,0
DA:26,0
DA:29,0
DA:31,0
DA:32,0
DA:35,0
LF:14
LH:0
BRDA:17,0,0,0
BRDA:17,0,1,0
BRDA:25,1,0,0
BRDA:25,1,1,0
BRDA:31,2,0,0
BRDA:31,2,1,0
BRF:6
BRH:0
end_of_record
TN:
SF:src/modules/event/application/use-cases/update-event-payment-status.use-case.ts
FN:9,(anonymous_4)
FN:14,(anonymous_5)
FNF:2
FNH:0
FNDA:0,(anonymous_4)
FNDA:0,(anonymous_5)
DA:1,0
DA:3,0
DA:8,0
DA:11,0
DA:15,0
DA:17,0
DA:18,0
DA:22,0
DA:24,0
DA:26,0
DA:27,0
DA:30,0
LF:12
LH:0
BRDA:17,0,0,0
BRDA:17,0,1,0
BRDA:26,1,0,0
BRDA:26,1,1,0
BRF:4
BRH:0
end_of_record
TN:
SF:src/modules/event/application/use-cases/update-event-status.use-case.ts
FN:9,(anonymous_4)
FN:14,(anonymous_5)
FN:36,(anonymous_6)
FNF:3
FNH:0
FNDA:0,(anonymous_4)
FNDA:0,(anonymous_5)
FNDA:0,(anonymous_6)
DA:1,0
DA:3,0
DA:8,0
DA:11,0
DA:15,0
DA:17,0
DA:18,0
DA:22,0
DA:25,0
DA:27,0
DA:29,0
DA:30,0
DA:33,0
DA:38,0
DA:45,0
DA:47,0
DA:48,0
LF:17
LH:0
BRDA:17,0,0,0
BRDA:17,0,1,0
BRDA:29,1,0,0
BRDA:29,1,1,0
BRDA:47,2,0,0
BRDA:47,2,1,0
BRF:6
BRH:0
end_of_record
TN:
SF:src/modules/event/application/use-cases/update-future-events-status.use-case.ts
FN:8,(anonymous_4)
FN:19,(anonymous_5)
FNF:2
FNH:0
FNDA:0,(anonymous_4)
FNDA:0,(anonymous_5)
DA:1,0
DA:3,0
DA:7,0
DA:10,0
DA:20,0
LF:5
LH:0
BRF:0
BRH:0
end_of_record
TN:
SF:src/modules/event/domain/event.entity.ts
FN:35,(anonymous_0)
FN:54,(anonymous_1)
FN:58,(anonymous_2)
FN:62,(anonymous_3)
FN:66,(anonymous_4)
FN:70,(anonymous_5)
FN:74,(anonymous_6)
FN:78,(anonymous_7)
FN:82,(anonymous_8)
FN:86,(anonymous_9)
FN:90,(anonymous_10)
FN:94,(anonymous_11)
FN:98,(anonymous_12)
FN:102,(anonymous_13)
FN:107,(anonymous_14)
FN:138,(anonymous_15)
FN:148,(anonymous_16)
FN:155,(anonymous_17)
FN:163,(anonymous_18)
FN:171,(anonymous_19)
FN:181,(anonymous_20)
FN:185,(anonymous_21)
FN:189,(anonymous_22)
FN:193,(anonymous_23)
FN:198,(anonymous_24)
FN:203,(anonymous_25)
FNF:26
FNH:0
FNDA:0,(anonymous_0)
FNDA:0,(anonymous_1)
FNDA:0,(anonymous_2)
FNDA:0,(anonymous_3)
FNDA:0,(anonymous_4)
FNDA:0,(anonymous_5)
FNDA:0,(anonymous_6)
FNDA:0,(anonymous_7)
FNDA:0,(anonymous_8)
FNDA:0,(anonymous_9)
FNDA:0,(anonymous_10)
FNDA:0,(anonymous_11)
FNDA:0,(anonymous_12)
FNDA:0,(anonymous_13)
FNDA:0,(anonymous_14)
FNDA:0,(anonymous_15)
FNDA:0,(anonymous_16)
FNDA:0,(anonymous_17)
FNDA:0,(anonymous_18)
FNDA:0,(anonymous_19)
FNDA:0,(anonymous_20)
FNDA:0,(anonymous_21)
FNDA:0,(anonymous_22)
FNDA:0,(anonymous_23)
FNDA:0,(anonymous_24)
FNDA:0,(anonymous_25)
DA:20,0
DA:36,0
DA:37,0
DA:38,0
DA:39,0
DA:40,0
DA:41,0
DA:42,0
DA:43,0
DA:44,0
DA:45,0
DA:46,0
DA:47,0
DA:48,0
DA:50,0
DA:55,0
DA:59,0
DA:63,0
DA:67,0
DA:71,0
DA:75,0
DA:79,0
DA:83,0
DA:87,0
DA:91,0
DA:95,0
DA:99,0
DA:103,0
DA:108,0
DA:109,0
DA:112,0
DA:113,0
DA:116,0
DA:117,0
DA:120,0
DA:121,0
DA:122,0
DA:125,0
DA:126,0
DA:127,0
DA:128,0
DA:132,0
DA:133,0
DA:139,0
DA:140,0
DA:142,0
DA:143,0
DA:145,0
DA:149,0
DA:150,0
DA:152,0
DA:156,0
DA:157,0
DA:159,0
DA:160,0
DA:164,0
DA:165,0
DA:166,0
DA:168,0
DA:172,0
DA:173,0
DA:174,0
DA:175,0
DA:178,0
DA:182,0
DA:186,0
DA:190,0
DA:194,0
DA:195,0
DA:199,0
DA:200,0
DA:204,0
LF:72
LH:0
BRDA:108,0,0,0
BRDA:108,0,1,0
BRDA:108,1,0,0
BRDA:108,1,1,0
BRDA:112,2,0,0
BRDA:112,2,1,0
BRDA:116,3,0,0
BRDA:116,3,1,0
BRDA:121,4,0,0
BRDA:121,4,1,0
BRDA:125,5,0,0
BRDA:125,5,1,0
BRDA:127,6,0,0
BRDA:127,6,1,0
BRDA:132,7,0,0
BRDA:132,7,1,0
BRDA:132,8,0,0
BRDA:132,8,1,0
BRDA:139,9,0,0
BRDA:139,9,1,0
BRDA:139,10,0,0
BRDA:139,10,1,0
BRDA:142,11,0,0
BRDA:142,11,1,0
BRDA:149,12,0,0
BRDA:149,12,1,0
BRDA:156,13,0,0
BRDA:156,13,1,0
BRDA:156,14,0,0
BRDA:156,14,1,0
BRDA:165,15,0,0
BRDA:165,15,1,0
BRDA:172,16,0,0
BRDA:172,16,1,0
BRDA:174,17,0,0
BRDA:174,17,1,0
BRDA:204,18,0,0
BRDA:204,18,1,0
BRF:38
BRH:0
end_of_record
TN:
SF:src/modules/event/infrastructure/mappers/event.mapper.ts
FN:5,(anonymous_0)
FN:23,(anonymous_1)
FN:47,(anonymous_2)
FN:48,(anonymous_3)
FNF:4
FNH:0
FNDA:0,(anonymous_0)
FNDA:0,(anonymous_1)
FNDA:0,(anonymous_2)
FNDA:0,(anonymous_3)
DA:1,0
DA:2,0
DA:4,0
DA:6,0
DA:24,0
DA:25,0
DA:26,0
DA:28,0
DA:29,0
DA:30,0
DA:31,0
DA:32,0
DA:33,0
DA:34,0
DA:35,0
DA:36,0
DA:37,0
DA:38,0
DA:40,0
DA:41,0
DA:43,0
DA:44,0
DA:48,0
LF:23
LH:0
BRDA:25,0,0,0
BRDA:25,0,1,0
BRDA:37,1,0,0
BRDA:37,1,1,0
BRDA:40,2,0,0
BRDA:40,2,1,0
BRF:6
BRH:0
end_of_record
TN:
SF:src/modules/event/infrastructure/persistence/event.entity.ts
FN:24,(anonymous_2)
FNF:1
FNH:0
FNDA:0,(anonymous_2)
DA:1,0
DA:11,0
DA:17,0
DA:19,0
DA:22,0
DA:24,0
DA:26,0
DA:29,0
DA:32,0
DA:35,0
DA:38,0
DA:41,0
DA:44,0
DA:47,0
DA:50,0
DA:53,0
DA:56,0
DA:59,0
LF:18
LH:0
BRDA:26,0,0,0
BRDA:26,0,1,0
BRDA:26,1,0,0
BRDA:26,1,1,0
BRDA:38,2,0,0
BRDA:38,2,1,0
BRDA:38,3,0,0
BRDA:38,3,1,0
BRDA:41,4,0,0
BRDA:41,4,1,0
BRDA:41,5,0,0
BRDA:41,5,1,0
BRDA:53,6,0,0
BRDA:53,6,1,0
BRDA:53,7,0,0
BRDA:53,7,1,0
BRDA:56,8,0,0
BRDA:56,8,1,0
BRDA:56,9,0,0
BRDA:56,9,1,0
BRDA:59,10,0,0
BRDA:59,10,1,0
BRDA:59,11,0,0
BRDA:59,11,1,0
BRF:24
BRH:0
end_of_record
TN:
SF:src/modules/event/infrastructure/repositories/event.repository.ts
FN:12,(anonymous_4)
FN:17,(anonymous_5)
FN:23,(anonymous_6)
FN:24,(anonymous_7)
FN:29,(anonymous_8)
FN:41,(anonymous_9)
FN:90,(anonymous_10)
FN:98,(anonymous_11)
FN:112,(anonymous_12)
FN:117,(anonymous_13)
FN:122,(anonymous_14)
FNF:11
FNH:0
FNDA:0,(anonymous_4)
FNDA:0,(anonymous_5)
FNDA:0,(anonymous_6)
FNDA:0,(anonymous_7)
FNDA:0,(anonymous_8)
FNDA:0,(anonymous_9)
FNDA:0,(anonymous_10)
FNDA:0,(anonymous_11)
FNDA:0,(anonymous_12)
FNDA:0,(anonymous_13)
FNDA:0,(anonymous_14)
DA:1,0
DA:2,0
DA:3,0
DA:6,0
DA:7,0
DA:11,0
DA:14,0
DA:18,0
DA:19,0
DA:20,0
DA:24,0
DA:25,0
DA:26,0
DA:30,0
DA:34,0
DA:35,0
DA:38,0
DA:42,0
DA:44,0
DA:45,0
DA:46,0
DA:49,0
DA:50,0
DA:53,0
DA:54,0
DA:59,0
DA:60,0
DA:65,0
DA:66,0
DA:72,0
DA:73,0
DA:74,0
DA:75,0
DA:76,0
DA:79,0
DA:80,0
DA:83,0
DA:86,0
DA:87,0
DA:91,0
DA:95,0
DA:99,0
DA:101,0
DA:102,0
DA:105,0
DA:106,0
DA:108,0
DA:109,0
DA:113,0
DA:114,0
DA:118,0
DA:119,0
DA:123,0
DA:124,0
DA:133,0
LF:55
LH:0
BRDA:34,0,0,0
BRDA:34,0,1,0
BRDA:44,1,0,0
BRDA:44,1,1,0
BRDA:45,2,0,0
BRDA:45,2,1,0
BRDA:49,3,0,0
BRDA:49,3,1,0
BRDA:53,4,0,0
BRDA:53,4,1,0
BRDA:59,5,0,0
BRDA:59,5,1,0
BRDA:65,6,0,0
BRDA:65,6,1,0
BRDA:72,7,0,0
BRDA:72,7,1,0
BRDA:74,8,0,0
BRDA:74,8,1,0
BRDA:79,9,0,0
BRDA:79,9,1,0
BRDA:101,10,0,0
BRDA:101,10,1,0
BRDA:114,11,0,0
BRDA:114,11,1,0
BRDA:119,12,0,0
BRDA:119,12,1,0
BRDA:133,13,0,0
BRDA:133,13,1,0
BRDA:14,14,0,0
BRDA:14,14,1,0
BRDA:14,15,0,0
BRDA:14,15,1,0
BRF:32
BRH:0
end_of_record
TN:
SF:src/modules/event/presentation/controllers/event.controller.ts
FN:47,(anonymous_4)
FN:108,(anonymous_5)
FN:117,(anonymous_6)
FN:118,(anonymous_7)
FN:123,(anonymous_8)
FN:126,(anonymous_9)
FN:146,(anonymous_10)
FN:169,(anonymous_11)
FN:198,(anonymous_12)
FN:225,(anonymous_13)
FN:254,(anonymous_14)
FNF:11
FNH:0
FNDA:0,(anonymous_4)
FNDA:0,(anonymous_5)
FNDA:0,(anonymous_6)
FNDA:0,(anonymous_7)
FNDA:0,(anonymous_8)
FNDA:0,(anonymous_9)
FNDA:0,(anonymous_10)
FNDA:0,(anonymous_11)
FNDA:0,(anonymous_12)
FNDA:0,(anonymous_13)
FNDA:0,(anonymous_14)
DA:1,0
DA:16,0
DA:25,0
DA:26,0
DA:27,0
DA:28,0
DA:29,0
DA:30,0
DA:31,0
DA:32,0
DA:33,0
DA:34,0
DA:35,0
DA:36,0
DA:37,0
DA:38,0
DA:39,0
DA:40,0
DA:46,0
DA:48,0
DA:49,0
DA:50,0
DA:51,0
DA:52,0
DA:53,0
DA:54,0
DA:55,0
DA:108,0
DA:112,0
DA:114,0
DA:117,0
DA:118,0
DA:120,0
DA:121,0
DA:123,0
DA:126,0
DA:127,0
DA:128,0
DA:129,0
DA:146,0
DA:147,0
DA:148,0
DA:150,0
DA:151,0
DA:152,0
DA:155,0
DA:169,0
DA:174,0
DA:175,0
DA:177,0
DA:178,0
DA:179,0
DA:182,0
DA:183,0
DA:184,0
DA:198,0
DA:203,0
DA:204,0
DA:206,0
DA:207,0
DA:208,0
DA:211,0
DA:212,0
DA:225,0
DA:230,0
DA:231,0
DA:233,0
DA:234,0
DA:235,0
DA:238,0
DA:242,0
DA:254,0
DA:255,0
DA:256,0
DA:258,0
DA:259,0
DA:260,0
DA:263,0
LF:78
LH:0
BRDA:131,0,0,0
BRDA:131,0,1,0
BRDA:151,1,0,0
BRDA:151,1,1,0
BRDA:178,2,0,0
BRDA:178,2,1,0
BRDA:207,3,0,0
BRDA:207,3,1,0
BRDA:234,4,0,0
BRDA:234,4,1,0
BRDA:259,5,0,0
BRDA:259,5,1,0
BRDA:110,6,0,0
BRDA:110,6,1,0
BRDA:110,7,0,0
BRDA:110,7,1,0
BRDA:111,8,0,0
BRDA:111,8,1,0
BRDA:111,9,0,0
BRDA:111,9,1,0
BRDA:146,10,0,0
BRDA:146,10,1,0
BRDA:146,11,0,0
BRDA:146,11,1,0
BRDA:172,12,0,0
BRDA:172,12,1,0
BRDA:172,13,0,0
BRDA:172,13,1,0
BRDA:173,14,0,0
BRDA:173,14,1,0
BRDA:173,15,0,0
BRDA:173,15,1,0
BRDA:201,16,0,0
BRDA:201,16,1,0
BRDA:201,17,0,0
BRDA:201,17,1,0
BRDA:202,18,0,0
BRDA:202,18,1,0
BRDA:202,19,0,0
BRDA:202,19,1,0
BRDA:228,20,0,0
BRDA:228,20,1,0
BRDA:228,21,0,0
BRDA:228,21,1,0
BRDA:229,22,0,0
BRDA:229,22,1,0
BRDA:229,23,0,0
BRDA:229,23,1,0
BRDA:254,24,0,0
BRDA:254,24,1,0
BRDA:254,25,0,0
BRDA:254,25,1,0
BRDA:48,26,0,0
BRDA:48,26,1,0
BRDA:48,27,0,0
BRDA:48,27,1,0
BRDA:48,28,0,0
BRDA:48,28,1,0
BRDA:48,29,0,0
BRDA:48,29,1,0
BRDA:49,30,0,0
BRDA:49,30,1,0
BRDA:49,31,0,0
BRDA:49,31,1,0
BRDA:50,32,0,0
BRDA:50,32,1,0
BRDA:50,33,0,0
BRDA:50,33,1,0
BRDA:51,34,0,0
BRDA:51,34,1,0
BRDA:51,35,0,0
BRDA:51,35,1,0
BRDA:52,36,0,0
BRDA:52,36,1,0
BRDA:52,37,0,0
BRDA:52,37,1,0
BRDA:53,38,0,0
BRDA:53,38,1,0
BRDA:53,39,0,0
BRDA:53,39,1,0
BRDA:54,40,0,0
BRDA:54,40,1,0
BRDA:54,41,0,0
BRDA:54,41,1,0
BRF:84
BRH:0
end_of_record
TN:
SF:src/modules/event/presentation/dto/event-filter.dto.ts
FN:55,(anonymous_2)
FNF:1
FNH:0
FNDA:0,(anonymous_2)
DA:1,0
DA:2,0
DA:3,0
DA:5,0
DA:13,0
DA:22,0
DA:27,0
DA:36,0
DA:45,0
DA:55,0
DA:59,0
DA:69,0
LF:12
LH:0
BRF:0
BRH:0
end_of_record
TN:
SF:src/modules/event/presentation/dto/event-response.dto.ts
FNF:0
FNH:0
DA:1,0
DA:3,0
DA:8,0
DA:11,0
DA:14,0
DA:17,0
DA:20,0
DA:23,0
DA:26,0
DA:29,0
DA:32,0
DA:39,0
DA:47,0
DA:50,0
DA:53,0
DA:56,0
DA:59,0
DA:62,0
LF:18
LH:0
BRF:0
BRH:0
end_of_record
TN:
SF:src/modules/event/presentation/dto/reschedule-event.dto.ts
FNF:0
FNH:0
DA:1,0
DA:2,0
DA:4,0
DA:10,0
DA:19,0
DA:24,0
LF:6
LH:0
BRF:0
BRH:0
end_of_record
TN:
SF:src/modules/event/presentation/dto/update-event-payment-status.dto.ts
FN:4,(anonymous_2)
FNF:1
FNH:0
FNDA:0,(anonymous_2)
DA:1,0
DA:2,0
DA:4,0
DA:5,0
DA:6,0
DA:7,0
DA:10,0
DA:18,0
LF:8
LH:0
BRDA:4,0,0,0
BRDA:4,0,1,0
BRF:2
BRH:0
end_of_record
TN:
SF:src/modules/event/presentation/dto/update-event-status.dto.ts
FN:4,(anonymous_2)
FNF:1
FNH:0
FNDA:0,(anonymous_2)
DA:1,0
DA:2,0
DA:4,0
DA:5,0
DA:6,0
DA:7,0
DA:8,0
DA:11,0
DA:19,0
LF:9
LH:0
BRDA:4,0,0,0
BRDA:4,0,1,0
BRF:2
BRH:0
end_of_record
TN:
SF:src/modules/event/presentation/mappers/event-presentation.mapper.ts
FN:9,(anonymous_0)
[...]
BRDA:169,19,0,0
BRDA:169,19,1,0
BRDA:169,20,0,0
BRDA:169,20,1,0
BRDA:185,21,0,0
BRDA:185,21,1,0
BRDA:185,22,0,0
BRDA:185,22,1,0
BRDA:222,23,0,0
BRDA:222,23,1,0
BRDA:222,24,0,0
BRDA:222,24,1,0
BRDA:223,25,0,0
BRDA:223,25,1,0
BRDA:223,26,0,0
BRDA:223,26,1,0
BRDA:242,27,0,0
BRDA:242,27,1,0
BRDA:242,28,0,0
BRDA:242,28,1,0
BRDA:263,29,0,0
BRDA:263,29,1,0
BRDA:263,30,0,0
BRDA:263,30,1,0
BRDA:285,31,0,0
BRDA:285,31,1,0
BRDA:285,32,0,0
BRDA:285,32,1,0
BRDA:53,33,0,0
BRDA:53,33,1,0
BRDA:53,34,0,0
BRDA:53,34,1,0
BRDA:53,35,0,0
BRDA:53,35,1,0
BRDA:53,36,0,0
BRDA:53,36,1,0
BRDA:54,37,0,0
BRDA:54,37,1,0
BRDA:54,38,0,0
BRDA:54,38,1,0
BRDA:55,39,0,0
BRDA:55,39,1,0
BRDA:55,40,0,0
BRDA:55,40,1,0
BRDA:56,41,0,0
BRDA:56,41,1,0
BRDA:56,42,0,0
BRDA:56,42,1,0
BRDA:57,43,0,0
BRDA:57,43,1,0
BRDA:57,44,0,0
BRDA:57,44,1,0
BRDA:58,45,0,0
BRDA:58,45,1,0
BRDA:58,46,0,0
BRDA:58,46,1,0
BRDA:59,47,0,0
BRDA:59,47,1,0
BRDA:59,48,0,0
BRDA:59,48,1,0
BRDA:60,49,0,0
BRDA:60,49,1,0
BRDA:60,50,0,0
BRDA:60,50,1,0
BRDA:61,51,0,0
BRDA:61,51,1,0
BRDA:61,52,0,0
BRDA:61,52,1,0
BRF:106
BRH:0
end_of_record
TN:
SF:src/modules/subscription/presentation/dto/create-subscription.dto.ts
FNF:0
FNH:0
DA:1,0
DA:2,0
DA:17,0
DA:26,0
DA:35,0
DA:44,0
DA:52,0
DA:60,0
DA:70,0
DA:78,0
DA:86,0
DA:96,0
DA:106,0
DA:116,0
DA:126,0
DA:137,0
DA:146,0
DA:156,0
DA:170,0
DA:180,0
LF:20
LH:0
BRF:0
BRH:0
end_of_record
TN:
SF:src/modules/subscription/presentation/dto/subscription-filter.dto.ts
FN:22,(anonymous_2)
FNF:1
FNH:0
FNDA:0,(anonymous_2)
DA:1,0
DA:2,0
DA:3,0
DA:6,0
DA:14,0
DA:22,0
DA:24,0
DA:33,0
DA:42,0
DA:52,0
DA:62,0
DA:71,0
LF:12
LH:0
BRF:0
BRH:0
end_of_record
TN:
SF:src/modules/subscription/presentation/dto/subscription-response.dto.ts
FN:34,(anonymous_2)
FNF:1
FNH:0
FNDA:0,(anonymous_2)
DA:1,0
DA:3,0
DA:5,0
DA:10,0
DA:16,0
DA:23,0
DA:30,0
DA:34,0
DA:37,0
DA:43,0
DA:50,0
DA:56,0
DA:63,0
DA:70,0
DA:77,0
DA:85,0
DA:93,0
DA:100,0
DA:107,0
DA:114,0
DA:121,0
DA:128,0
DA:135,0
DA:142,0
LF:24
LH:0
BRDA:37,0,0,0
BRDA:37,0,1,0
BRDA:37,1,0,0
BRDA:37,1,1,0
BRDA:70,2,0,0
BRDA:70,2,1,0
BRDA:70,3,0,0
BRDA:70,3,1,0
BRDA:77,4,0,0
BRDA:77,4,1,0
BRDA:77,5,0,0
BRDA:77,5,1,0
BRDA:85,6,0,0
BRDA:85,6,1,0
BRDA:85,7,0,0
BRDA:85,7,1,0
BRDA:93,8,0,0
BRDA:93,8,1,0
BRDA:93,9,0,0
BRDA:93,9,1,0
BRDA:128,10,0,0
BRDA:128,10,1,0
BRDA:128,11,0,0
BRDA:128,11,1,0
BRDA:135,12,0,0
BRDA:135,12,1,0
BRDA:135,13,0,0
BRDA:135,13,1,0
BRF:28
BRH:0
end_of_record
TN:
SF:src/modules/subscription/presentation/dto/update-subscription.dto.ts
FNF:0
FNH:0
DA:1,0
DA:2,0
DA:14,0
DA:22,0
DA:31,0
DA:41,0
DA:51,0
DA:61,0
DA:71,0
DA:81,0
DA:91,0
DA:101,0
DA:111,0
DA:121,0
DA:132,0
DA:141,0
LF:16
LH:0
BRF:0
BRH:0
end_of_record
TN:
SF:src/modules/subscription/presentation/mappers/subscription-presentation.mapper.ts
FN:11,(anonymous_0)
FN:43,(anonymous_1)
FN:61,(anonymous_2)
FN:72,(anonymous_3)
FN:95,(anonymous_4)
FN:96,(anonymous_5)
FN:99,(anonymous_6)
FNF:7
FNH:0
FNDA:0,(anonymous_0)
FNDA:0,(anonymous_1)
FNDA:0,(anonymous_2)
FNDA:0,(anonymous_3)
FNDA:0,(anonymous_4)
FNDA:0,(anonymous_5)
FNDA:0,(anonymous_6)
DA:4,0
DA:10,0
DA:13,0
DA:14,0
DA:17,0
DA:18,0
DA:22,0
DA:44,0
DA:62,0
DA:73,0
DA:74,0
DA:75,0
DA:76,0
DA:77,0
DA:78,0
DA:79,0
DA:80,0
DA:81,0
DA:82,0
DA:83,0
DA:84,0
DA:85,0
DA:86,0
DA:87,0
DA:88,0
DA:89,0
DA:90,0
DA:91,0
DA:92,0
DA:96,0
DA:103,0
DA:104,0
DA:106,0
DA:108,0
DA:109,0
DA:111,0
DA:112,0
DA:114,0
DA:115,0
DA:117,0
DA:118,0
DA:120,0
LF:42
LH:0
BRDA:13,0,0,0
BRDA:13,0,1,0
BRDA:18,1,0,0
BRDA:18,1,1,0
BRDA:28,2,0,0
BRDA:28,2,1,0
BRDA:32,3,0,0
BRDA:32,3,1,0
BRDA:33,4,0,0
BRDA:33,4,1,0
BRDA:34,5,0,0
BRDA:34,5,1,0
BRDA:37,6,0,0
BRDA:37,6,1,0
BRDA:38,7,0,0
BRDA:38,7,1,0
BRDA:39,8,0,0
BRDA:39,8,1,0
BRDA:51,9,0,0
BRDA:51,9,1,0
BRDA:52,10,0,0
BRDA:52,10,1,0
BRDA:53,11,0,0
BRDA:53,11,1,0
BRDA:54,12,0,0
BRDA:54,12,1,0
BRDA:104,13,0,0
BRDA:104,13,1,0
BRDA:104,13,2,0
BRDA:104,13,3,0
BRDA:104,13,4,0
BRF:31
BRH:0
end_of_record
TN:
SF:src/modules/user/user.module.ts
FN:37,(anonymous_1)
FNF:1
FNH:0
FNDA:0,(anonymous_1)
DA:1,0
DA:2,0
DA:3,0
DA:4,0
DA:5,0
DA:6,0
DA:7,0
DA:8,0
DA:9,0
DA:10,0
DA:11,0
DA:12,0
DA:13,0
DA:14,0
DA:15,0
DA:16,0
DA:17,0
DA:18,0
DA:19,0
DA:20,0
DA:21,0
DA:22,0
DA:23,0
DA:24,0
DA:25,0
DA:37,0
DA:74,0
LF:27
LH:0
BRF:0
BRH:0
end_of_record
TN:
SF:src/modules/user/application/dto/request-export-rgpd.dto.ts
FNF:0
FNH:0
DA:1,0
DA:2,0
DA:4,0
DA:11,0
LF:4
LH:0
BRF:0
BRH:0
end_of_record
TN:
SF:src/modules/user/application/dto/update-user-preferences.request.ts
FNF:0
FNH:0
DA:3,0
LF:1
LH:0
BRF:0
BRH:0
end_of_record
TN:
SF:src/modules/user/application/dto/update-user-profile.request.dto.ts
FNF:0
FNH:0
DA:1,0
DA:2,0
DA:4,0
DA:12,0
DA:21,0
DA:30,0
DA:40,0
DA:49,0
DA:58,0
LF:9
LH:0
BRF:0
BRH:0
end_of_record
TN:
SF:src/modules/user/application/services/rgpd-export.service.ts
FN:9,(anonymous_2)
FN:14,(anonymous_3)
FN:28,(anonymous_4)
FN:59,(anonymous_5)
FN:74,(anonymous_6)
FN:81,(anonymous_7)
FN:84,(anonymous_8)
FN:102,(anonymous_9)
FNF:8
FNH:0
FNDA:0,(anonymous_2)
FNDA:0,(anonymous_3)
FNDA:0,(anonymous_4)
FNDA:0,(anonymous_5)
FNDA:0,(anonymous_6)
FNDA:0,(anonymous_7)
FNDA:0,(anonymous_8)
FNDA:0,(anonymous_9)
DA:1,0
DA:2,0
DA:3,0
DA:8,0
DA:10,0
DA:11,0
DA:20,0
DA:21,0
DA:22,0
DA:26,0
DA:27,0
DA:28,0
DA:31,0
DA:32,0
DA:38,0
DA:39,0
DA:40,0
DA:44,0
DA:56,0
DA:60,0
DA:62,0
DA:63,0
DA:67,0
DA:68,0
DA:71,0
DA:75,0
DA:76,0
DA:77,0
DA:80,0
DA:81,0
DA:85,0
DA:103,0
DA:105,0
DA:106,0
DA:109,0
DA:111,0
DA:123,0
DA:129,0
LF:38
LH:0
BRDA:21,0,0,0
BRDA:21,0,1,0
BRDA:28,1,0,0
BRDA:28,1,1,0
BRDA:31,2,0,0
BRDA:31,2,1,0
BRDA:38,3,0,0
BRDA:38,3,1,0
BRDA:39,4,0,0
BRDA:39,4,1,0
BRDA:62,5,0,0
BRDA:62,5,1,0
BRDA:67,6,0,0
BRDA:67,6,1,0
BRDA:76,7,0,0
BRDA:76,7,1,0
BRDA:105,8,0,0
BRDA:105,8,1,0
BRDA:131,9,0,0
BRDA:131,9,1,0
BRDA:10,10,0,0
BRDA:10,10,1,0
BRDA:10,11,0,0
BRDA:10,11,1,0
BRDA:10,12,0,0
BRDA:10,12,1,0
BRDA:10,13,0,0
BRDA:10,13,1,0
BRF:28
BRH:0
end_of_record
TN:
SF:src/modules/user/application/use-cases/delete-my-account.use-case.ts
FN:7,(anonymous_2)
FN:12,(anonymous_3)
FNF:2
FNH:0
FNDA:0,(anonymous_2)
FNDA:0,(anonymous_3)
DA:1,0
DA:2,0
DA:3,0
DA:6,0
DA:8,0
DA:9,0
DA:13,0
DA:14,0
DA:17,0
DA:19,0
LF:10
LH:0
BRDA:13,0,0,0
BRDA:13,0,1,0
BRDA:8,1,0,0
BRDA:8,1,1,0
BRDA:8,2,0,0
BRDA:8,2,1,0
BRDA:8,3,0,0
BRDA:8,3,1,0
BRDA:8,4,0,0
BRDA:8,4,1,0
BRF:10
BRH:0
end_of_record
TN:
SF:src/modules/user/application/use-cases/get-my-preferences.use-case.ts
FN:6,(anonymous_2)
FN:8,(anonymous_3)
FNF:2
FNH:0
FNDA:0,(anonymous_2)
FNDA:0,(anonymous_3)
DA:1,0
DA:2,0
DA:5,0
DA:6,0
DA:9,0
DA:11,0
DA:12,0
DA:15,0
LF:8
LH:0
BRDA:11,0,0,0
BRDA:11,0,1,0
BRDA:6,1,0,0
BRDA:6,1,1,0
BRDA:6,2,0,0
BRDA:6,2,1,0
BRF:6
BRH:0
end_of_record
TN:
SF:src/modules/user/application/use-cases/get-my-profile.use-case.ts
FN:7,(anonymous_2)
FN:9,(anonymous_3)
FNF:2
FNH:0
FNDA:0,(anonymous_2)
FNDA:0,(anonymous_3)
DA:1,0
DA:2,0
DA:6,0
DA:7,0
DA:10,0
DA:12,0
DA:13,0
DA:16,0
LF:8
LH:0
BRDA:12,0,0,0
BRDA:12,0,1,0
BRDA:7,1,0,0
BRDA:7,1,1,0
BRDA:7,2,0,0
BRDA:7,2,1,0
BRF:6
BRH:0
end_of_record
TN:
SF:src/modules/user/application/use-cases/request-rgpd-export.use-case.ts
FN:7,(anonymous_2)
FN:9,(anonymous_3)
FNF:2
FNH:0
FNDA:0,(anonymous_2)
FNDA:0,(anonymous_3)
DA:1,0
DA:2,0
DA:6,0
DA:7,0
DA:10,0
DA:12,0
LF:6
LH:0
BRDA:10,0,0,0
BRDA:10,0,1,0
BRDA:7,1,0,0
BRDA:7,1,1,0
BRDA:7,2,0,0
BRDA:7,2,1,0
BRF:6
BRH:0
end_of_record
TN:
SF:src/modules/user/application/use-cases/update-my-profile.use-case.ts
FN:6,(anonymous_2)
FN:7,(anonymous_3)
FNF:2
FNH:0
FNDA:0,(anonymous_2)
FNDA:0,(anonymous_3)
DA:1,0
DA:2,0
DA:5,0
DA:6,0
DA:8,0
DA:9,0
DA:12,0
LF:7
LH:0
BRDA:8,0,0,0
BRDA:8,0,1,0
BRDA:6,1,0,0
BRDA:6,1,1,0
BRDA:6,2,0,0
BRDA:6,2,1,0
BRF:6
BRH:0
end_of_record
TN:
SF:src/modules/user/application/use-cases/update-user-preferences.use-case.ts
FN:8,(anonymous_2)
FN:10,(anonymous_3)
FNF:2
FNH:0
FNDA:0,(anonymous_2)
FNDA:0,(anonymous_3)
DA:1,0
DA:2,0
DA:7,0
DA:8,0
DA:11,0
LF:5
LH:0
BRDA:8,0,0,0
BRDA:8,0,1,0
BRDA:8,1,0,0
BRDA:8,1,1,0
BRF:4
BRH:0
end_of_record
TN:
SF:src/modules/user/domain/repositories/user-session-repository.ts
FNF:0
FNH:0
DA:1,0
LF:1
LH:0
BRF:0
BRH:0
end_of_record
TN:
SF:src/modules/user/domain/repositories/user-user.repository.ts
FNF:0
FNH:0
DA:1,0
LF:1
LH:0
BRF:0
BRH:0
end_of_record
TN:
SF:src/modules/user/domain/services/rgpd-export.service.ts
FN:7,(anonymous_2)
FN:12,(anonymous_3)
FN:30,(anonymous_4)
FN:61,(anonymous_5)
FN:84,(anonymous_6)
FN:92,(anonymous_7)
FN:108,(anonymous_8)
FNF:7
FNH:0
FNDA:0,(anonymous_2)
FNDA:0,(anonymous_3)
FNDA:0,(anonymous_4)
FNDA:0,(anonymous_5)
FNDA:0,(anonymous_6)
FNDA:0,(anonymous_7)
FNDA:0,(anonymous_8)
DA:1,0
DA:2,0
DA:3,0
DA:6,0
DA:8,0
DA:9,0
DA:17,0
DA:18,0
DA:19,0
DA:22,0
DA:24,0
DA:25,0
DA:28,0
DA:29,0
DA:30,0
DA:33,0
DA:34,0
DA:37,0
DA:45,0
DA:62,0
DA:64,0
DA:65,0
DA:68,0
DA:85,0
DA:86,0
DA:87,0
DA:90,0
DA:92,0
DA:109,0
DA:111,0
DA:112,0
DA:115,0
DA:116,0
DA:120,0
DA:125,0
LF:35
LH:0
BRDA:18,0,0,0
BRDA:18,0,1,0
BRDA:22,1,0,0
BRDA:22,1,1,0
BRDA:24,2,0,0
BRDA:24,2,1,0
BRDA:24,3,0,0
BRDA:24,3,1,0
BRDA:30,4,0,0
BRDA:30,4,1,0
BRDA:33,5,0,0
BRDA:33,5,1,0
BRDA:64,6,0,0
BRDA:64,6,1,0
BRDA:64,7,0,0
BRDA:64,7,1,0
BRDA:86,8,0,0
BRDA:86,8,1,0
BRDA:111,9,0,0
BRDA:111,9,1,0
BRDA:8,10,0,0
BRDA:8,10,1,0
BRDA:8,11,0,0
BRDA:8,11,1,0
BRDA:8,12,0,0
BRDA:8,12,1,0
BRDA:8,13,0,0
BRDA:8,13,1,0
BRF:28
BRH:0
end_of_record
TN:
SF:src/modules/user/domain/services/user-preferences.service.ts
FN:12,(anonymous_2)
FN:17,(anonymous_3)
FN:43,(anonymous_4)
FN:102,(anonymous_5)
FNF:4
FNH:0
FNDA:0,(anonymous_2)
FNDA:0,(anonymous_3)
FNDA:0,(anonymous_4)
FNDA:0,(anonymous_5)
DA:1,0
DA:2,0
DA:3,0
DA:9,0
DA:11,0
DA:13,0
DA:14,0
DA:19,0
DA:20,0
DA:21,0
DA:26,0
DA:29,0
DA:48,0
DA:49,0
DA:50,0
DA:54,0
DA:55,0
DA:56,0
DA:61,0
DA:62,0
DA:63,0
DA:68,0
DA:69,0
DA:70,0
DA:74,0
DA:84,0
DA:85,0
DA:88,0
DA:104,0
LF:29
LH:0
BRDA:20,0,0,0
BRDA:20,0,1,0
BRDA:26,1,0,0
BRDA:26,1,1,0
BRDA:49,2,0,0
BRDA:49,2,1,0
BRDA:54,3,0,0
BRDA:54,3,1,0
BRDA:55,4,0,0
BRDA:55,4,1,0
BRDA:55,5,0,0
BRDA:55,5,1,0
BRDA:61,6,0,0
BRDA:61,6,1,0
BRDA:62,7,0,0
BRDA:62,7,1,0
BRDA:62,8,0,0
BRDA:62,8,1,0
BRDA:69,9,0,0
BRDA:69,9,1,0
BRDA:84,10,0,0
BRDA:84,10,1,0
BRDA:13,11,0,0
BRDA:13,11,1,0
BRDA:13,12,0,0
BRDA:13,12,1,0
BRDA:13,13,0,0
BRDA:13,13,1,0
BRDA:13,14,0,0
BRDA:13,14,1,0
BRF:30
BRH:0
end_of_record
TN:
SF:src/modules/user/domain/services/user.service.ts
FN:12,(anonymous_2)
FN:17,(anonymous_3)
FN:27,(anonymous_4)
FN:81,(anonymous_5)
FN:101,(anonymous_6)
FN:106,(anonymous_7)
FN:127,(anonymous_8)
FNF:7
FNH:0
FNDA:0,(anonymous_2)
FNDA:0,(anonymous_3)
FNDA:0,(anonymous_4)
FNDA:0,(anonymous_5)
FNDA:0,(anonymous_6)
FNDA:0,(anonymous_7)
FNDA:0,(anonymous_8)
DA:1,0
DA:2,0
DA:3,0
DA:9,0
DA:11,0
DA:13,0
DA:14,0
DA:18,0
DA:20,0
DA:21,0
DA:24,0
DA:31,0
DA:33,0
DA:34,0
DA:38,0
DA:39,0
DA:40,0
DA:45,0
DA:46,0
DA:47,0
DA:52,0
DA:54,0
DA:55,0
DA:57,0
DA:58,0
DA:60,0
DA:61,0
DA:63,0
DA:64,0
DA:66,0
DA:67,0
DA:70,0
DA:72,0
DA:74,0
DA:75,0
DA:78,0
DA:82,0
DA:102,0
DA:103,0
DA:108,0
DA:109,0
DA:110,0
DA:112,0
DA:128,0
DA:130,0
DA:131,0
DA:135,0
DA:138,0
LF:48
LH:0
BRDA:20,0,0,0
BRDA:20,0,1,0
BRDA:33,1,0,0
BRDA:33,1,1,0
BRDA:38,2,0,0
BRDA:38,2,1,0
BRDA:39,3,0,0
BRDA:39,3,1,0
BRDA:39,4,0,0
BRDA:39,4,1,0
BRDA:45,5,0,0
BRDA:45,5,1,0
BRDA:46,6,0,0
BRDA:46,6,1,0
BRDA:54,7,0,0
BRDA:54,7,1,0
BRDA:57,8,0,0
BRDA:57,8,1,0
BRDA:60,9,0,0
BRDA:60,9,1,0
BRDA:63,10,0,0
BRDA:63,10,1,0
BRDA:66,11,0,0
BRDA:66,11,1,0
BRDA:74,12,0,0
BRDA:74,12,1,0
BRDA:103,13,0,0
BRDA:103,13,1,0
BRDA:130,14,0,0
BRDA:130,14,1,0
BRDA:13,15,0,0
BRDA:13,15,1,0
BRDA:13,16,0,0
BRDA:13,16,1,0
BRDA:13,17,0,0
BRDA:13,17,1,0
BRDA:13,18,0,0
BRDA:13,18,1,0
BRF:38
BRH:0
end_of_record
TN:
SF:src/modules/user/infrastructure/repositories/rgpd-export.repository.ts
FN:8,(anonymous_4)
FN:13,(anonymous_5)
FN:17,(anonymous_6)
FN:24,(anonymous_7)
FN:35,(anonymous_8)
FN:55,(anonymous_9)
FNF:6
FNH:0
FNDA:0,(anonymous_4)
FNDA:0,(anonymous_5)
FNDA:0,(anonymous_6)
FNDA:0,(anonymous_7)
FNDA:0,(anonymous_8)
FNDA:0,(anonymous_9)
DA:1,0
DA:2,0
DA:3,0
DA:4,0
DA:7,0
DA:10,0
DA:14,0
DA:18,0
DA:31,0
DA:32,0
DA:47,0
DA:48,0
DA:49,0
DA:50,0
DA:52,0
DA:56,0
DA:57,0
DA:64,0
LF:18
LH:0
BRDA:49,0,0,0
BRDA:49,0,1,0
BRDA:10,1,0,0
BRDA:10,1,1,0
BRDA:10,2,0,0
BRDA:10,2,1,0
BRF:6
BRH:0
end_of_record
TN:
SF:src/modules/user/infrastructure/repositories/user-preferences.repository.ts
FN:9,(anonymous_4)
FN:14,(anonymous_5)
FN:20,(anonymous_6)
FN:34,(anonymous_7)
FN:53,(anonymous_8)
FN:57,(anonymous_9)
FNF:6
FNH:0
FNDA:0,(anonymous_4)
FNDA:0,(anonymous_5)
FNDA:0,(anonymous_6)
FNDA:0,(anonymous_7)
FNDA:0,(anonymous_8)
FNDA:0,(anonymous_9)
DA:1,0
DA:2,0
DA:3,0
DA:4,0
DA:5,0
DA:8,0
DA:11,0
DA:15,0
DA:21,0
DA:31,0
DA:35,0
DA:37,0
DA:40,0
DA:41,0
DA:42,0
DA:43,0
DA:44,0
DA:45,0
DA:46,0
DA:47,0
DA:49,0
DA:50,0
DA:54,0
DA:58,0
LF:24
LH:0
BRDA:40,0,0,0
BRDA:40,0,1,0
BRDA:41,1,0,0
BRDA:41,1,1,0
BRDA:42,2,0,0
BRDA:42,2,1,0
BRDA:43,3,0,0
BRDA:43,3,1,0
BRDA:44,4,0,0
BRDA:44,4,1,0
BRDA:46,5,0,0
BRDA:46,5,1,0
BRDA:47,6,0,0
BRDA:47,6,1,0
BRDA:11,7,0,0
BRDA:11,7,1,0
BRDA:11,8,0,0
BRDA:11,8,1,0
BRF:18
BRH:0
end_of_record
TN:
SF:src/modules/user/infrastructure/repositories/user-session.repository.ts
FN:8,(anonymous_4)
FN:13,(anonymous_5)
FN:19,(anonymous_6)
FN:29,(anonymous_7)
FN:42,(anonymous_8)
FN:55,(anonymous_9)
FN:71,(anonymous_10)
FN:75,(anonymous_11)
FN:79,(anonymous_12)
FN:94,(anonymous_13)
FN:98,(anonymous_14)
FN:105,(anonymous_15)
FN:115,(anonymous_16)
FNF:13
FNH:0
FNDA:0,(anonymous_4)
FNDA:0,(anonymous_5)
FNDA:0,(anonymous_6)
FNDA:0,(anonymous_7)
FNDA:0,(anonymous_8)
FNDA:0,(anonymous_9)
FNDA:0,(anonymous_10)
FNDA:0,(anonymous_11)
FNDA:0,(anonymous_12)
FNDA:0,(anonymous_13)
FNDA:0,(anonymous_14)
FNDA:0,(anonymous_15)
FNDA:0,(anonymous_16)
DA:1,0
DA:2,0
DA:3,0
DA:4,0
DA:7,0
DA:10,0
DA:14,0
DA:20,0
DA:30,0
DA:43,0
DA:63,0
DA:68,0
DA:72,0
DA:76,0
DA:80,0
DA:87,0
DA:88,0
DA:91,0
DA:95,0
DA:99,0
DA:102,0
DA:106,0
DA:107,0
DA:109,0
DA:113,0
DA:116,0
LF:26
LH:0
BRDA:87,0,0,0
BRDA:87,0,1,0
BRDA:102,1,0,0
BRDA:102,1,1,0
BRDA:105,2,0,0
BRDA:113,3,0,0
BRDA:113,3,1,0
BRDA:10,4,0,0
BRDA:10,4,1,0
BRDA:10,5,0,0
BRDA:10,5,1,0
BRF:11
BRH:0
end_of_record
TN:
SF:src/modules/user/infrastructure/repositories/user-typeorm.repository.ts
FN:9,(anonymous_4)
FN:14,(anonymous_5)
FN:21,(anonymous_6)
FN:30,(anonymous_7)
FN:34,(anonymous_8)
FN:42,(anonymous_9)
FN:46,(anonymous_10)
FN:51,(anonymous_11)
FN:57,(anonymous_12)
FNF:9
FNH:0
FNDA:0,(anonymous_4)
FNDA:0,(anonymous_5)
FNDA:0,(anonymous_6)
FNDA:0,(anonymous_7)
FNDA:0,(anonymous_8)
FNDA:0,(anonymous_9)
FNDA:0,(anonymous_10)
FNDA:0,(anonymous_11)
FNDA:0,(anonymous_12)
DA:1,0
DA:2,0
DA:3,0
DA:4,0
DA:8,0
DA:11,0
DA:15,0
DA:22,0
DA:31,0
DA:35,0
DA:36,0
DA:39,0
DA:43,0
DA:47,0
DA:48,0
DA:52,0
DA:57,0
LF:17
LH:0
BRDA:35,0,0,0
BRDA:35,0,1,0
BRDA:11,1,0,0
BRDA:11,1,1,0
BRDA:11,2,0,0
BRDA:11,2,1,0
BRF:6
BRH:0
end_of_record
TN:
SF:src/modules/user/presentation/controllers/user.controller.ts
FN:44,(anonymous_4)
FN:72,(anonymous_5)
FN:77,(anonymous_6)
FN:100,(anonymous_7)
FN:112,(anonymous_8)
FN:151,(anonymous_9)
FN:161,(anonymous_10)
FN:189,(anonymous_11)
FN:202,(anonymous_12)
FN:231,(anonymous_13)
FN:242,(anonymous_14)
FNF:11
FNH:0
FNDA:0,(anonymous_4)
FNDA:0,(anonymous_5)
FNDA:0,(anonymous_6)
FNDA:0,(anonymous_7)
FNDA:0,(anonymous_8)
FNDA:0,(anonymous_9)
FNDA:0,(anonymous_10)
FNDA:0,(anonymous_11)
FNDA:0,(anonymous_12)
FNDA:0,(anonymous_13)
FNDA:0,(anonymous_14)
DA:1,0
DA:15,0
DA:16,0
DA:18,0
DA:19,0
DA:20,0
DA:21,0
DA:22,0
DA:24,0
DA:25,0
DA:26,0
DA:27,0
DA:28,0
DA:29,0
DA:30,0
DA:32,0
DA:33,0
DA:34,0
DA:35,0
DA:36,0
DA:37,0
DA:43,0
DA:45,0
DA:46,0
DA:47,0
DA:48,0
DA:49,0
DA:50,0
DA:51,0
DA:52,0
DA:53,0
DA:72,0
DA:73,0
DA:74,0
DA:77,0
DA:78,0
DA:80,0
DA:82,0
DA:100,0
DA:101,0
DA:103,0
DA:105,0
DA:107,0
DA:112,0
DA:116,0
DA:118,0
DA:119,0
DA:122,0
DA:124,0
DA:128,0
DA:151,0
DA:156,0
DA:157,0
DA:161,0
DA:162,0
DA:164,0
DA:166,0
DA:189,0
DA:190,0
DA:192,0
DA:194,0
DA:196,0
DA:202,0
DA:206,0
DA:208,0
DA:231,0
DA:232,0
DA:233,0
DA:243,0
DA:245,0
DA:246,0
DA:249,0
LF:72
LH:0
BRDA:118,0,0,0
BRDA:118,0,1,0
BRDA:206,1,0,0
BRDA:206,1,1,0
BRDA:206,1,2,0
BRDA:245,2,0,0
BRDA:245,2,1,0
BRDA:72,3,0,0
BRDA:72,3,1,0
BRDA:72,4,0,0
BRDA:72,4,1,0
BRDA:100,5,0,0
BRDA:100,5,1,0
BRDA:100,6,0,0
BRDA:100,6,1,0
BRDA:153,7,0,0
BRDA:153,7,1,0
BRDA:153,8,0,0
BRDA:153,8,1,0
BRDA:154,9,0,0
BRDA:154,9,1,0
BRDA:154,10,0,0
BRDA:154,10,1,0
BRDA:189,11,0,0
BRDA:189,11,1,0
BRDA:189,12,0,0
BRDA:189,12,1,0
BRDA:204,13,0,0
BRDA:204,13,1,0
BRDA:204,14,0,0
BRDA:204,14,1,0
BRDA:205,15,0,0
BRDA:205,15,1,0
BRDA:205,16,0,0
BRDA:205,16,1,0
BRDA:231,17,0,0
BRDA:231,17,1,0
BRDA:231,18,0,0
BRDA:231,18,1,0
BRDA:45,19,0,0
BRDA:45,19,1,0
BRDA:45,20,0,0
BRDA:45,20,1,0
BRDA:45,21,0,0
BRDA:45,21,1,0
BRDA:45,22,0,0
BRDA:45,22,1,0
BRDA:46,23,0,0
BRDA:46,23,1,0
BRDA:46,24,0,0
BRDA:46,24,1,0
BRDA:47,25,0,0
BRDA:47,25,1,0
BRDA:47,26,0,0
BRDA:47,26,1,0
BRDA:48,27,0,0
BRDA:48,27,1,0
BRDA:48,28,0,0
BRDA:48,28,1,0
BRDA:49,29,0,0
BRDA:49,29,1,0
BRDA:49,30,0,0
BRDA:49,30,1,0
BRDA:50,31,0,0
BRDA:50,31,1,0
BRDA:50,32,0,0
BRDA:50,32,1,0
BRDA:51,33,0,0
BRDA:51,33,1,0
BRDA:51,34,0,0
BRDA:51,34,1,0
BRDA:52,35,0,0
BRDA:52,35,1,0
BRDA:52,36,0,0
BRDA:52,36,1,0
BRF:75
BRH:0
end_of_record
TN:
SF:src/modules/user/presentation/dto/index.ts
FNF:0
FNH:0
DA:2,0
DA:3,0
DA:4,0
LF:3
LH:0
BRF:0
BRH:0
end_of_record
TN:
SF:src/modules/user/presentation/dto/rgpd-export.dto.ts
FNF:0
FNH:0
DA:1,0
DA:2,0
DA:4,0
DA:13,0
DA:16,0
DA:18,0
DA:21,0
DA:27,0
DA:33,0
DA:36,0
DA:39,0
DA:42,0
DA:45,0
DA:48,0
DA:54,0
DA:57,0
DA:60,0
LF:17
LH:0
BRDA:45,0,0,0
BRDA:45,0,1,0
BRDA:45,1,0,0
BRDA:45,1,1,0
BRDA:57,2,0,0
BRDA:57,2,1,0
BRDA:57,3,0,0
BRDA:57,3,1,0
BRDA:60,4,0,0
BRDA:60,4,1,0
BRDA:60,5,0,0
BRDA:60,5,1,0
BRF:12
BRH:0
end_of_record
TN:
SF:src/modules/user/presentation/dto/user-me.response.dto.ts
FNF:0
FNH:0
DA:1,0
DA:3,0
DA:5,0
DA:8,0
DA:11,0
DA:14,0
DA:17,0
DA:20,0
DA:23,0
DA:26,0
DA:29,0
DA:32,0
DA:35,0
LF:13
LH:0
BRDA:35,0,0,0
BRDA:35,0,1,0
BRDA:35,1,0,0
BRDA:35,1,1,0
BRF:4
BRH:0
end_of_record
TN:
SF:src/modules/user/presentation/dto/user-preferences.dto.ts
FN:36,(anonymous_2)
FNF:1
FNH:0
FNDA:0,(anonymous_2)
DA:1,0
DA:2,0
DA:5,0
DA:7,0
DA:10,0
DA:13,0
DA:16,0
DA:19,0
DA:22,0
DA:25,0
DA:28,0
DA:31,0
DA:34,0
DA:37,0
DA:52,0
DA:60,0
DA:65,0
DA:70,0
DA:75,0
DA:87,0
DA:97,0
DA:102,0
LF:22
LH:0
BRDA:31,0,0,0
BRDA:31,0,1,0
BRDA:31,1,0,0
BRDA:31,1,1,0
BRDA:34,2,0,0
BRDA:34,2,1,0
BRDA:34,3,0,0
BRDA:34,3,1,0
BRF:8
BRH:0
end_of_record
TN:
SF:src/modules/user/presentation/dto/user-profile.dto.ts
FNF:0
FNH:0
DA:1,0
DA:2,0
DA:4,0
DA:6,0
DA:9,0
DA:12,0
DA:15,0
DA:18,0
DA:21,0
DA:24,0
DA:27,0
DA:30,0
DA:33,0
DA:36,0
DA:39,0
DA:42,0
DA:45,0
DA:48,0
DA:51,0
DA:56,0
DA:62,0
DA:70,0
DA:76,0
DA:82,0
LF:24
LH:0
BRDA:42,0,0,0
BRDA:42,0,1,0
BRDA:42,1,0,0
BRDA:42,1,1,0
BRDA:45,2,0,0
BRDA:45,2,1,0
BRDA:45,3,0,0
BRDA:45,3,1,0
BRDA:48,4,0,0
BRDA:48,4,1,0
BRDA:48,5,0,0
BRDA:48,5,1,0
BRF:12
BRH:0
end_of_record
TN:
SF:src/modules/user/presentation/mappers/user-preferences.mapper.ts
FN:6,(anonymous_0)
FNF:1
FNH:0
FNDA:0,(anonymous_0)
DA:5,0
DA:7,0
LF:2
LH:0
BRF:0
BRH:0
end_of_record
TN:
SF:src/modules/user/presentation/mappers/user.presenter.ts
FN:5,(anonymous_0)
FNF:1
FNH:0
FNDA:0,(anonymous_0)
DA:4,0
DA:6,0
LF:2
LH:0
BRDA:9,0,0,0
BRDA:9,0,1,0
BRDA:10,1,0,0
BRDA:10,1,1,0
BRDA:11,2,0,0
BRDA:11,2,1,0
BRF:6
BRH:0
end_of_record
TN:
SF:src/utils/date.utils.ts
FN:6,isTrialActive
FN:23,addDaysUTC
FN:34,addMonthsUTC
FN:56,addYearsUTC
FN:75,toUTCMidnight
FN:87,isSameUTCDay
FN:100,toUTCDateString
FNF:7
FNH:0
FNDA:0,isTrialActive
FNDA:0,addDaysUTC
FNDA:0,addMonthsUTC
FNDA:0,addYearsUTC
FNDA:0,toUTCMidnight
FNDA:0,isSameUTCDay
FNDA:0,toUTCDateString
DA:6,0
DA:7,0
DA:8,0
DA:10,0
DA:11,0
DA:12,0
DA:13,0
DA:14,0
DA:23,0
DA:24,0
DA:25,0
DA:26,0
DA:34,0
DA:35,0
DA:36,0
DA:37,0
DA:39,0
DA:42,0
DA:44,0
DA:47,0
DA:56,0
DA:57,0
DA:58,0
DA:60,0
DA:63,0
DA:64,0
DA:67,0
DA:75,0
DA:76,0
DA:87,0
DA:88,0
DA:100,0
DA:101,0
LF:33
LH:0
BRDA:7,0,0,0
BRDA:7,0,1,0
BRDA:42,1,0,0
BRDA:42,1,1,0
BRDA:63,2,0,0
BRDA:63,2,1,0
BRDA:89,3,0,0
BRDA:89,3,1,0
BRDA:89,3,2,0
BRF:9
BRH:0
end_of_record
TN:
SF:src/utils/regex.ts
FNF:0
FNH:0
DA:1,0
DA:3,0
DA:4,0
DA:5,0
LF:4
LH:0
BRF:0
BRH:0
end_of_record
